Copyright 1986-2022 Xilinx, Inc. All Rights Reserved. Copyright 2022-2025 Advanced Micro Devices, Inc. All Rights Reserved.
---------------------------------------------------------------------------------------------------------------------------------------------
| Tool Version : Vivado v.2025.2 (win64) Build 6299465 Fri Nov 14 19:35:11 GMT 2025
| Date         : Wed Jun 17 02:24:23 2026
| Host         : Saksham running 64-bit major release  (build 9200)
| Command      : report_control_sets -verbose -file FPU_control_sets_placed.rpt
| Design       : FPU
| Device       : xc7k70t
---------------------------------------------------------------------------------------------------------------------------------------------

Control Set Information

Table of Contents
-----------------
1. Summary
2. Histogram
3. Flip-Flop Distribution
4. Detailed Control Set Information

1. Summary
----------

+----------------------------------------------------------+-------+
|                          Status                          | Count |
+----------------------------------------------------------+-------+
| Total control sets                                       |     9 |
|    Minimum number of control sets                        |     9 |
|    Addition due to synthesis replication                 |     0 |
|    Addition due to physical synthesis replication        |     0 |
| Unused register locations in slices containing registers |    23 |
+----------------------------------------------------------+-------+
* Control sets can be merged at opt_design using control_set_merge or merge_equivalent_drivers
** Run report_qor_suggestions for automated merging and remapping suggestions


2. Histogram
------------

+--------------------+-------+
|       Fanout       | Count |
+--------------------+-------+
| Total control sets |     9 |
| >= 0 to < 4        |     0 |
| >= 4 to < 6        |     0 |
| >= 6 to < 8        |     0 |
| >= 8 to < 10       |     1 |
| >= 10 to < 12      |     0 |
| >= 12 to < 14      |     0 |
| >= 14 to < 16      |     0 |
| >= 16              |     8 |
+--------------------+-------+
* Control sets can be remapped at either synth_design or opt_design


3. Flip-Flop Distribution
-------------------------

+--------------+-----------------------+------------------------+-----------------+--------------+
| Clock Enable | Synchronous Set/Reset | Asynchronous Set/Reset | Total Registers | Total Slices |
+--------------+-----------------------+------------------------+-----------------+--------------+
| No           | No                    | No                     |               0 |            0 |
| No           | No                    | Yes                    |              17 |            7 |
| No           | Yes                   | No                     |               0 |            0 |
| Yes          | No                    | No                     |               0 |            0 |
| Yes          | No                    | Yes                    |             248 |           80 |
| Yes          | Yes                   | No                     |               0 |            0 |
+--------------+-----------------------+------------------------+-----------------+--------------+


4. Detailed Control Set Information
-----------------------------------

+----------------+---------------------------------+------------------+------------------+----------------+--------------+
|  Clock Signal  |          Enable Signal          | Set/Reset Signal | Slice Load Count | Bel Load Count | Bels / Slice |
+----------------+---------------------------------+------------------+------------------+----------------+--------------+
|  clk_IBUF_BUFG | N1/outexp[0]                    | rst_IBUF         |                2 |              8 |         4.00 |
|  clk_IBUF_BUFG |                                 | rst_IBUF         |                7 |             17 |         2.43 |
|  clk_IBUF_BUFG | MULT/m1/p_0_in                  | rst_IBUF         |                9 |             23 |         2.56 |
|  clk_IBUF_BUFG | DIV/ans[23]_i_1_n_0             | rst_IBUF         |                7 |             24 |         3.43 |
|  clk_IBUF_BUFG | N1/outman[0]                    | rst_IBUF         |               10 |             25 |         2.50 |
|  clk_IBUF_BUFG | N1/FSM_onehot_state_reg_n_0_[2] | rst_IBUF         |                9 |             32 |         3.56 |
|  clk_IBUF_BUFG | MULT/m1/E[0]                    | rst_IBUF         |               14 |             34 |         2.43 |
|  clk_IBUF_BUFG | MULT/m1/a[0]                    | rst_IBUF         |               14 |             48 |         3.43 |
|  clk_IBUF_BUFG | DIV/counter[5]_i_1_n_0          | rst_IBUF         |               15 |             54 |         3.60 |
+----------------+---------------------------------+------------------+------------------+----------------+--------------+


