Copyright 1986-2022 Xilinx, Inc. All Rights Reserved. Copyright 2022-2025 Advanced Micro Devices, Inc. All Rights Reserved.
---------------------------------------------------------------------------------------------------------------------------------------------------------------------------------------------------------------------
| Tool Version : Vivado v.2025.2 (win64) Build 6299465 Fri Nov 14 19:35:11 GMT 2025
| Date         : Wed Jun 17 02:24:33 2026
| Host         : Saksham running 64-bit major release  (build 9200)
| Command      : report_timing_summary -max_paths 10 -routable_nets -report_unconstrained -file FPU_timing_summary_routed.rpt -pb FPU_timing_summary_routed.pb -rpx FPU_timing_summary_routed.rpx -warn_on_violation
| Design       : FPU
| Device       : 7k70t-fbv676
| Speed File   : -1  PRODUCTION 1.12 2017-02-17
| Design State : Routed
---------------------------------------------------------------------------------------------------------------------------------------------------------------------------------------------------------------------

Timing Summary Report

------------------------------------------------------------------------------------------------
| Timer Settings
| --------------
------------------------------------------------------------------------------------------------

  Enable Multi Corner Analysis               :  Yes
  Enable Pessimism Removal                   :  Yes
  Pessimism Removal Resolution               :  Nearest Common Node
  Enable Input Delay Default Clock           :  No
  Enable Preset / Clear Arcs                 :  No
  Disable Flight Delays                      :  No
  Ignore I/O Paths                           :  No
  Timing Early Launch at Borrowing Latches   :  No
  Borrow Time for Max Delay Exceptions       :  Yes
  Merge Timing Exceptions                    :  Yes
  Inter-SLR Compensation                     :  Conservative

  Corner  Analyze    Analyze    
  Name    Max Paths  Min Paths  
  ------  ---------  ---------  
  Slow    Yes        Yes        
  Fast    Yes        Yes        


------------------------------------------------------------------------------------------------
| Report Methodology
| ------------------
------------------------------------------------------------------------------------------------

Rule       Severity          Description                  Violations  
---------  ----------------  ---------------------------  ----------  
TIMING-17  Critical Warning  Non-clocked sequential cell  265         

Note: This report is based on the most recent report_methodology run and may not be up-to-date. Run report_methodology on the current design for the latest report.



check_timing report

Table of Contents
-----------------
1. checking no_clock (265)
2. checking constant_clock (0)
3. checking pulse_width_clock (0)
4. checking unconstrained_internal_endpoints (778)
5. checking no_input_delay (67)
6. checking no_output_delay (33)
7. checking multiple_clock (0)
8. checking generated_clocks (0)
9. checking loops (0)
10. checking partial_input_delay (0)
11. checking partial_output_delay (0)
12. checking latch_loops (0)

1. checking no_clock (265)
--------------------------
 There are 265 register/latch pins with no clock driven by root clock pin: clk (HIGH)


2. checking constant_clock (0)
------------------------------
 There are 0 register/latch pins with constant_clock.


3. checking pulse_width_clock (0)
---------------------------------
 There are 0 register/latch pins which need pulse_width check


4. checking unconstrained_internal_endpoints (778)
--------------------------------------------------
 There are 778 pins that are not constrained for maximum delay. (HIGH)

 There are 0 pins that are not constrained for maximum delay due to constant clock.


5. checking no_input_delay (67)
-------------------------------
 There are 67 input ports with no input delay specified. (HIGH)

 There are 0 input ports with no input delay but user has a false path constraint.


6. checking no_output_delay (33)
--------------------------------
 There are 33 ports with no output delay specified. (HIGH)

 There are 0 ports with no output delay but user has a false path constraint

 There are 0 ports with no output delay but with a timing clock defined on it or propagating through it


7. checking multiple_clock (0)
------------------------------
 There are 0 register/latch pins with multiple clocks.


8. checking generated_clocks (0)
--------------------------------
 There are 0 generated clocks that are not connected to a clock source.


9. checking loops (0)
---------------------
 There are 0 combinational loops in the design.


10. checking partial_input_delay (0)
------------------------------------
 There are 0 input ports with partial input delay specified.


11. checking partial_output_delay (0)
-------------------------------------
 There are 0 ports with partial output delay specified.


12. checking latch_loops (0)
----------------------------
 There are 0 combinational latch loops in the design through latch input



------------------------------------------------------------------------------------------------
| Design Timing Summary
| ---------------------
------------------------------------------------------------------------------------------------

    WNS(ns)      TNS(ns)  TNS Failing Endpoints  TNS Total Endpoints      WHS(ns)      THS(ns)  THS Failing Endpoints  THS Total Endpoints     WPWS(ns)     TPWS(ns)  TPWS Failing Endpoints  TPWS Total Endpoints  
    -------      -------  ---------------------  -------------------      -------      -------  ---------------------  -------------------     --------     --------  ----------------------  --------------------  
        inf        0.000                      0                  811          inf        0.000                      0                  811           NA           NA                      NA                    NA  


There are no user specified timing constraints.


------------------------------------------------------------------------------------------------
| Clock Summary
| -------------
------------------------------------------------------------------------------------------------


------------------------------------------------------------------------------------------------
| Intra Clock Table
| -----------------
------------------------------------------------------------------------------------------------

Clock             WNS(ns)      TNS(ns)  TNS Failing Endpoints  TNS Total Endpoints      WHS(ns)      THS(ns)  THS Failing Endpoints  THS Total Endpoints     WPWS(ns)     TPWS(ns)  TPWS Failing Endpoints  TPWS Total Endpoints  
-----             -------      -------  ---------------------  -------------------      -------      -------  ---------------------  -------------------     --------     --------  ----------------------  --------------------  


------------------------------------------------------------------------------------------------
| Inter Clock Table
| -----------------
------------------------------------------------------------------------------------------------

From Clock    To Clock          WNS(ns)      TNS(ns)  TNS Failing Endpoints  TNS Total Endpoints      WHS(ns)      THS(ns)  THS Failing Endpoints  THS Total Endpoints  
----------    --------          -------      -------  ---------------------  -------------------      -------      -------  ---------------------  -------------------  


------------------------------------------------------------------------------------------------
| Other Path Groups Table
| -----------------------
------------------------------------------------------------------------------------------------

Path Group    From Clock    To Clock          WNS(ns)      TNS(ns)  TNS Failing Endpoints  TNS Total Endpoints      WHS(ns)      THS(ns)  THS Failing Endpoints  THS Total Endpoints  
----------    ----------    --------          -------      -------  ---------------------  -------------------      -------      -------  ---------------------  -------------------  


------------------------------------------------------------------------------------------------
| User Ignored Path Table
| -----------------------
------------------------------------------------------------------------------------------------

Path Group    From Clock    To Clock    
----------    ----------    --------    


------------------------------------------------------------------------------------------------
| Unconstrained Path Table
| ------------------------
------------------------------------------------------------------------------------------------

Path Group    From Clock    To Clock    
----------    ----------    --------    
(none)                                    


------------------------------------------------------------------------------------------------
| Timing Details
| --------------
------------------------------------------------------------------------------------------------


--------------------------------------------------------------------------------------
Path Group:  (none)
From Clock:  
  To Clock:  

Max Delay           811 Endpoints
Min Delay           811 Endpoints
--------------------------------------------------------------------------------------


Max Delay Paths
--------------------------------------------------------------------------------------
Slack:                    inf
  Source:                 in[10]
                            (input port)
  Destination:            N1/outman_reg[24]/D
  Path Group:             (none)
  Path Type:              Max at Slow Process Corner
  Data Path Delay:        15.316ns  (logic 2.827ns (18.456%)  route 12.490ns (81.544%))
  Logic Levels:           20  (CARRY4=7 IBUF=1 LUT3=2 LUT4=3 LUT5=2 LUT6=5)

    Location             Delay type                Incr(ns)  Path(ns)    Netlist Resource(s)
  -------------------------------------------------------------------    -------------------
    B26                                               0.000     0.000 r  in[10] (IN)
                         net (fo=0)                   0.000     0.000    in[10]
    B26                  IBUF (Prop_ibuf_I_O)         0.910     0.910 r  in_IBUF[10]_inst/O
                         net (fo=13, routed)          3.291     4.200    N1/in_IBUF[10]
    SLICE_X3Y35          LUT4 (Prop_lut4_I2_O)        0.053     4.253 r  N1/Q[23]_i_9/O
                         net (fo=1, routed)           0.791     5.045    N1/Q[23]_i_9_n_0
    SLICE_X3Y37          LUT6 (Prop_lut6_I2_O)        0.053     5.098 r  N1/Q[23]_i_4/O
                         net (fo=1, routed)           0.462     5.559    N1/Q[23]_i_4_n_0
    SLICE_X3Y37          LUT3 (Prop_lut3_I1_O)        0.053     5.612 r  N1/Q[23]_i_2/O
                         net (fo=11, routed)          0.476     6.089    N1/Q[23]_i_5_0
    SLICE_X2Y38          LUT4 (Prop_lut4_I3_O)        0.053     6.142 r  N1/sign_big3_carry__1_i_5/O
                         net (fo=1, routed)           0.000     6.142    ADDER/S[3]
    SLICE_X2Y38          CARRY4 (Prop_carry4_S[3]_CO[3])
                                                      0.216     6.358 f  ADDER/sign_big3_carry__1/CO[3]
                         net (fo=11, routed)          0.733     7.091    ADDER/sign_big3__11
    SLICE_X3Y36          LUT6 (Prop_lut6_I4_O)        0.053     7.144 r  ADDER/sign_res4_carry_i_9/O
                         net (fo=105, routed)         1.110     8.254    ADDER/sign_res4_carry_i_9_n_0
    SLICE_X0Y38          LUT3 (Prop_lut3_I1_O)        0.064     8.318 r  ADDER/sign_res4_carry_i_1/O
                         net (fo=1, routed)           0.000     8.318    ADDER/exp_big[3]
    SLICE_X0Y38          CARRY4 (Prop_carry4_DI[3]_CO[3])
                                                      0.204     8.522 r  ADDER/sign_res4_carry/CO[3]
                         net (fo=1, routed)           0.000     8.522    ADDER/sign_res4_carry_n_0
    SLICE_X0Y39          CARRY4 (Prop_carry4_CI_O[0])
                                                      0.139     8.661 r  ADDER/sign_res4_carry__0/O[0]
                         net (fo=43, routed)          1.415    10.076    ADDER/sign_res4__21[4]
    SLICE_X6Y37          LUT5 (Prop_lut5_I4_O)        0.155    10.231 r  ADDER/sign_res1_carry_i_57/O
                         net (fo=4, routed)           1.112    11.343    ADDER/sign_res1_carry_i_57_n_0
    SLICE_X8Y40          LUT6 (Prop_lut6_I3_O)        0.053    11.396 r  ADDER/sign_res1_carry__0_i_40/O
                         net (fo=2, routed)           0.575    11.971    ADDER/sign_res1_carry__0_i_40_n_0
    SLICE_X10Y40         LUT6 (Prop_lut6_I1_O)        0.053    12.024 r  ADDER/sign_res1_carry__0_i_26/O
                         net (fo=3, routed)           0.930    12.954    ADDER/sign_res1_carry__0_i_26_n_0
    SLICE_X4Y42          LUT5 (Prop_lut5_I4_O)        0.053    13.007 r  ADDER/outman[15]_i_6/O
                         net (fo=1, routed)           0.243    13.250    ADDER/outman[15]_i_6_n_0
    SLICE_X5Y41          CARRY4 (Prop_carry4_DI[2]_CO[3])
                                                      0.239    13.489 r  ADDER/outman_reg[15]_i_3/CO[3]
                         net (fo=1, routed)           0.000    13.489    ADDER/outman_reg[15]_i_3_n_0
    SLICE_X5Y42          CARRY4 (Prop_carry4_CI_CO[3])
                                                      0.058    13.547 r  ADDER/outman_reg[19]_i_3/CO[3]
                         net (fo=1, routed)           0.000    13.547    ADDER/outman_reg[19]_i_3_n_0
    SLICE_X5Y43          CARRY4 (Prop_carry4_CI_CO[3])
                                                      0.058    13.605 r  ADDER/outman_reg[23]_i_3/CO[3]
                         net (fo=1, routed)           0.000    13.605    ADDER/outman_reg[23]_i_3_n_0
    SLICE_X5Y44          CARRY4 (Prop_carry4_CI_O[0])
                                                      0.139    13.744 r  ADDER/outman_reg[24]_i_7/O[0]
                         net (fo=1, routed)           0.674    14.418    MULT/m1/add_man[0]
    SLICE_X5Y48          LUT6 (Prop_lut6_I5_O)        0.155    14.573 r  MULT/m1/outman[24]_i_5/O
                         net (fo=1, routed)           0.677    15.250    N1/outman_reg[24]_0
    SLICE_X2Y49          LUT4 (Prop_lut4_I0_O)        0.066    15.316 r  N1/outman[24]_i_2/O
                         net (fo=1, routed)           0.000    15.316    N1/outman[24]_i_2_n_0
    SLICE_X2Y49          FDCE                                         r  N1/outman_reg[24]/D
  -------------------------------------------------------------------    -------------------

Slack:                    inf
  Source:                 in[10]
                            (input port)
  Destination:            N1/outexp_reg[4]/D
  Path Group:             (none)
  Path Type:              Max at Slow Process Corner
  Data Path Delay:        14.687ns  (logic 2.542ns (17.307%)  route 12.145ns (82.693%))
  Logic Levels:           17  (CARRY4=4 IBUF=1 LUT3=2 LUT4=2 LUT5=2 LUT6=6)

    Location             Delay type                Incr(ns)  Path(ns)    Netlist Resource(s)
  -------------------------------------------------------------------    -------------------
    B26                                               0.000     0.000 r  in[10] (IN)
                         net (fo=0)                   0.000     0.000    in[10]
    B26                  IBUF (Prop_ibuf_I_O)         0.910     0.910 r  in_IBUF[10]_inst/O
                         net (fo=13, routed)          3.291     4.200    N1/in_IBUF[10]
    SLICE_X3Y35          LUT4 (Prop_lut4_I2_O)        0.053     4.253 r  N1/Q[23]_i_9/O
                         net (fo=1, routed)           0.791     5.045    N1/Q[23]_i_9_n_0
    SLICE_X3Y37          LUT6 (Prop_lut6_I2_O)        0.053     5.098 r  N1/Q[23]_i_4/O
                         net (fo=1, routed)           0.462     5.559    N1/Q[23]_i_4_n_0
    SLICE_X3Y37          LUT3 (Prop_lut3_I1_O)        0.053     5.612 r  N1/Q[23]_i_2/O
                         net (fo=11, routed)          0.476     6.089    N1/Q[23]_i_5_0
    SLICE_X2Y38          LUT4 (Prop_lut4_I3_O)        0.053     6.142 r  N1/sign_big3_carry__1_i_5/O
                         net (fo=1, routed)           0.000     6.142    ADDER/S[3]
    SLICE_X2Y38          CARRY4 (Prop_carry4_S[3]_CO[3])
                                                      0.216     6.358 f  ADDER/sign_big3_carry__1/CO[3]
                         net (fo=11, routed)          0.733     7.091    ADDER/sign_big3__11
    SLICE_X3Y36          LUT6 (Prop_lut6_I4_O)        0.053     7.144 r  ADDER/sign_res4_carry_i_9/O
                         net (fo=105, routed)         1.110     8.254    ADDER/sign_res4_carry_i_9_n_0
    SLICE_X0Y38          LUT3 (Prop_lut3_I1_O)        0.064     8.318 r  ADDER/sign_res4_carry_i_1/O
                         net (fo=1, routed)           0.000     8.318    ADDER/exp_big[3]
    SLICE_X0Y38          CARRY4 (Prop_carry4_DI[3]_CO[3])
                                                      0.204     8.522 r  ADDER/sign_res4_carry/CO[3]
                         net (fo=1, routed)           0.000     8.522    ADDER/sign_res4_carry_n_0
    SLICE_X0Y39          CARRY4 (Prop_carry4_CI_O[0])
                                                      0.139     8.661 r  ADDER/sign_res4_carry__0/O[0]
                         net (fo=43, routed)          1.415    10.076    ADDER/sign_res4__21[4]
    SLICE_X6Y37          LUT5 (Prop_lut5_I4_O)        0.155    10.231 r  ADDER/sign_res1_carry_i_57/O
                         net (fo=4, routed)           1.032    11.263    ADDER/sign_res1_carry_i_57_n_0
    SLICE_X8Y40          LUT6 (Prop_lut6_I1_O)        0.053    11.316 r  ADDER/sign_res1_carry__0_i_38/O
                         net (fo=2, routed)           0.709    12.025    ADDER/sign_res1_carry__0_i_38_n_0
    SLICE_X6Y41          LUT6 (Prop_lut6_I0_O)        0.053    12.078 r  ADDER/sign_res1_carry__0_i_20/O
                         net (fo=3, routed)           0.573    12.651    ADDER/sign_res1_carry__0_i_20_n_0
    SLICE_X7Y40          LUT6 (Prop_lut6_I3_O)        0.053    12.704 r  ADDER/sign_res1_carry__0_i_3/O
                         net (fo=1, routed)           0.000    12.704    ADDER/sign_res1_carry__0_i_3_n_0
    SLICE_X7Y40          CARRY4 (Prop_carry4_S[1]_CO[3])
                                                      0.324    13.028 f  ADDER/sign_res1_carry__0/CO[3]
                         net (fo=3, routed)           0.797    13.825    ADDER/sign_res1_carry__0_n_0
    SLICE_X4Y43          LUT5 (Prop_lut5_I4_O)        0.053    13.878 f  ADDER/outexp[6]_i_3/O
                         net (fo=7, routed)           0.755    14.634    N1/outexp_reg[6]_1
    SLICE_X0Y44          LUT6 (Prop_lut6_I3_O)        0.053    14.687 r  N1/outexp[4]_i_1/O
                         net (fo=1, routed)           0.000    14.687    N1/outexp[4]_i_1_n_0
    SLICE_X0Y44          FDCE                                         r  N1/outexp_reg[4]/D
  -------------------------------------------------------------------    -------------------

Slack:                    inf
  Source:                 in[10]
                            (input port)
  Destination:            N1/outexp_reg[5]/D
  Path Group:             (none)
  Path Type:              Max at Slow Process Corner
  Data Path Delay:        14.684ns  (logic 2.542ns (17.310%)  route 12.142ns (82.690%))
  Logic Levels:           17  (CARRY4=4 IBUF=1 LUT3=2 LUT4=2 LUT5=2 LUT6=6)

    Location             Delay type                Incr(ns)  Path(ns)    Netlist Resource(s)
  -------------------------------------------------------------------    -------------------
    B26                                               0.000     0.000 r  in[10] (IN)
                         net (fo=0)                   0.000     0.000    in[10]
    B26                  IBUF (Prop_ibuf_I_O)         0.910     0.910 r  in_IBUF[10]_inst/O
                         net (fo=13, routed)          3.291     4.200    N1/in_IBUF[10]
    SLICE_X3Y35          LUT4 (Prop_lut4_I2_O)        0.053     4.253 r  N1/Q[23]_i_9/O
                         net (fo=1, routed)           0.791     5.045    N1/Q[23]_i_9_n_0
    SLICE_X3Y37          LUT6 (Prop_lut6_I2_O)        0.053     5.098 r  N1/Q[23]_i_4/O
                         net (fo=1, routed)           0.462     5.559    N1/Q[23]_i_4_n_0
    SLICE_X3Y37          LUT3 (Prop_lut3_I1_O)        0.053     5.612 r  N1/Q[23]_i_2/O
                         net (fo=11, routed)          0.476     6.089    N1/Q[23]_i_5_0
    SLICE_X2Y38          LUT4 (Prop_lut4_I3_O)        0.053     6.142 r  N1/sign_big3_carry__1_i_5/O
                         net (fo=1, routed)           0.000     6.142    ADDER/S[3]
    SLICE_X2Y38          CARRY4 (Prop_carry4_S[3]_CO[3])
                                                      0.216     6.358 f  ADDER/sign_big3_carry__1/CO[3]
                         net (fo=11, routed)          0.733     7.091    ADDER/sign_big3__11
    SLICE_X3Y36          LUT6 (Prop_lut6_I4_O)        0.053     7.144 r  ADDER/sign_res4_carry_i_9/O
                         net (fo=105, routed)         1.110     8.254    ADDER/sign_res4_carry_i_9_n_0
    SLICE_X0Y38          LUT3 (Prop_lut3_I1_O)        0.064     8.318 r  ADDER/sign_res4_carry_i_1/O
                         net (fo=1, routed)           0.000     8.318    ADDER/exp_big[3]
    SLICE_X0Y38          CARRY4 (Prop_carry4_DI[3]_CO[3])
                                                      0.204     8.522 r  ADDER/sign_res4_carry/CO[3]
                         net (fo=1, routed)           0.000     8.522    ADDER/sign_res4_carry_n_0
    SLICE_X0Y39          CARRY4 (Prop_carry4_CI_O[0])
                                                      0.139     8.661 r  ADDER/sign_res4_carry__0/O[0]
                         net (fo=43, routed)          1.415    10.076    ADDER/sign_res4__21[4]
    SLICE_X6Y37          LUT5 (Prop_lut5_I4_O)        0.155    10.231 r  ADDER/sign_res1_carry_i_57/O
                         net (fo=4, routed)           1.032    11.263    ADDER/sign_res1_carry_i_57_n_0
    SLICE_X8Y40          LUT6 (Prop_lut6_I1_O)        0.053    11.316 r  ADDER/sign_res1_carry__0_i_38/O
                         net (fo=2, routed)           0.709    12.025    ADDER/sign_res1_carry__0_i_38_n_0
    SLICE_X6Y41          LUT6 (Prop_lut6_I0_O)        0.053    12.078 r  ADDER/sign_res1_carry__0_i_20/O
                         net (fo=3, routed)           0.573    12.651    ADDER/sign_res1_carry__0_i_20_n_0
    SLICE_X7Y40          LUT6 (Prop_lut6_I3_O)        0.053    12.704 r  ADDER/sign_res1_carry__0_i_3/O
                         net (fo=1, routed)           0.000    12.704    ADDER/sign_res1_carry__0_i_3_n_0
    SLICE_X7Y40          CARRY4 (Prop_carry4_S[1]_CO[3])
                                                      0.324    13.028 f  ADDER/sign_res1_carry__0/CO[3]
                         net (fo=3, routed)           0.797    13.825    ADDER/sign_res1_carry__0_n_0
    SLICE_X4Y43          LUT5 (Prop_lut5_I4_O)        0.053    13.878 f  ADDER/outexp[6]_i_3/O
                         net (fo=7, routed)           0.752    14.631    N1/outexp_reg[6]_1
    SLICE_X0Y44          LUT6 (Prop_lut6_I3_O)        0.053    14.684 r  N1/outexp[5]_i_1/O
                         net (fo=1, routed)           0.000    14.684    N1/outexp[5]_i_1_n_0
    SLICE_X0Y44          FDCE                                         r  N1/outexp_reg[5]/D
  -------------------------------------------------------------------    -------------------

Slack:                    inf
  Source:                 in[10]
                            (input port)
  Destination:            N1/outman_reg[16]/D
  Path Group:             (none)
  Path Type:              Max at Slow Process Corner
  Data Path Delay:        14.672ns  (logic 2.645ns (18.026%)  route 12.028ns (81.974%))
  Logic Levels:           17  (CARRY4=5 IBUF=1 LUT3=2 LUT4=2 LUT5=3 LUT6=4)

    Location             Delay type                Incr(ns)  Path(ns)    Netlist Resource(s)
  -------------------------------------------------------------------    -------------------
    B26                                               0.000     0.000 r  in[10] (IN)
                         net (fo=0)                   0.000     0.000    in[10]
    B26                  IBUF (Prop_ibuf_I_O)         0.910     0.910 r  in_IBUF[10]_inst/O
                         net (fo=13, routed)          3.291     4.200    N1/in_IBUF[10]
    SLICE_X3Y35          LUT4 (Prop_lut4_I2_O)        0.053     4.253 r  N1/Q[23]_i_9/O
                         net (fo=1, routed)           0.791     5.045    N1/Q[23]_i_9_n_0
    SLICE_X3Y37          LUT6 (Prop_lut6_I2_O)        0.053     5.098 r  N1/Q[23]_i_4/O
                         net (fo=1, routed)           0.462     5.559    N1/Q[23]_i_4_n_0
    SLICE_X3Y37          LUT3 (Prop_lut3_I1_O)        0.053     5.612 r  N1/Q[23]_i_2/O
                         net (fo=11, routed)          0.476     6.089    N1/Q[23]_i_5_0
    SLICE_X2Y38          LUT4 (Prop_lut4_I3_O)        0.053     6.142 r  N1/sign_big3_carry__1_i_5/O
                         net (fo=1, routed)           0.000     6.142    ADDER/S[3]
    SLICE_X2Y38          CARRY4 (Prop_carry4_S[3]_CO[3])
                                                      0.216     6.358 f  ADDER/sign_big3_carry__1/CO[3]
                         net (fo=11, routed)          0.733     7.091    ADDER/sign_big3__11
    SLICE_X3Y36          LUT6 (Prop_lut6_I4_O)        0.053     7.144 r  ADDER/sign_res4_carry_i_9/O
                         net (fo=105, routed)         1.110     8.254    ADDER/sign_res4_carry_i_9_n_0
    SLICE_X0Y38          LUT3 (Prop_lut3_I1_O)        0.064     8.318 r  ADDER/sign_res4_carry_i_1/O
                         net (fo=1, routed)           0.000     8.318    ADDER/exp_big[3]
    SLICE_X0Y38          CARRY4 (Prop_carry4_DI[3]_CO[3])
                                                      0.204     8.522 r  ADDER/sign_res4_carry/CO[3]
                         net (fo=1, routed)           0.000     8.522    ADDER/sign_res4_carry_n_0
    SLICE_X0Y39          CARRY4 (Prop_carry4_CI_O[0])
                                                      0.139     8.661 r  ADDER/sign_res4_carry__0/O[0]
                         net (fo=43, routed)          1.415    10.076    ADDER/sign_res4__21[4]
    SLICE_X6Y37          LUT5 (Prop_lut5_I4_O)        0.155    10.231 r  ADDER/sign_res1_carry_i_57/O
                         net (fo=4, routed)           1.112    11.343    ADDER/sign_res1_carry_i_57_n_0
    SLICE_X8Y40          LUT6 (Prop_lut6_I3_O)        0.053    11.396 r  ADDER/sign_res1_carry__0_i_40/O
                         net (fo=2, routed)           0.575    11.971    ADDER/sign_res1_carry__0_i_40_n_0
    SLICE_X10Y40         LUT6 (Prop_lut6_I1_O)        0.053    12.024 r  ADDER/sign_res1_carry__0_i_26/O
                         net (fo=3, routed)           0.930    12.954    ADDER/sign_res1_carry__0_i_26_n_0
    SLICE_X4Y42          LUT5 (Prop_lut5_I4_O)        0.053    13.007 r  ADDER/outman[15]_i_6/O
                         net (fo=1, routed)           0.243    13.250    ADDER/outman[15]_i_6_n_0
    SLICE_X5Y41          CARRY4 (Prop_carry4_DI[2]_CO[3])
                                                      0.239    13.489 r  ADDER/outman_reg[15]_i_3/CO[3]
                         net (fo=1, routed)           0.000    13.489    ADDER/outman_reg[15]_i_3_n_0
    SLICE_X5Y42          CARRY4 (Prop_carry4_CI_O[0])
                                                      0.139    13.628 r  ADDER/outman_reg[19]_i_3/O[0]
                         net (fo=1, routed)           0.889    14.517    N1/add_man[16]
    SLICE_X5Y48          LUT5 (Prop_lut5_I3_O)        0.155    14.672 r  N1/outman[16]_i_1/O
                         net (fo=1, routed)           0.000    14.672    N1/outman[16]_i_1_n_0
    SLICE_X5Y48          FDCE                                         r  N1/outman_reg[16]/D
  -------------------------------------------------------------------    -------------------

Slack:                    inf
  Source:                 in[10]
                            (input port)
  Destination:            N1/outman_reg[22]/D
  Path Group:             (none)
  Path Type:              Max at Slow Process Corner
  Data Path Delay:        14.671ns  (logic 2.697ns (18.382%)  route 11.974ns (81.618%))
  Logic Levels:           18  (CARRY4=6 IBUF=1 LUT3=2 LUT4=2 LUT5=3 LUT6=4)

    Location             Delay type                Incr(ns)  Path(ns)    Netlist Resource(s)
  -------------------------------------------------------------------    -------------------
    B26                                               0.000     0.000 r  in[10] (IN)
                         net (fo=0)                   0.000     0.000    in[10]
    B26                  IBUF (Prop_ibuf_I_O)         0.910     0.910 r  in_IBUF[10]_inst/O
                         net (fo=13, routed)          3.291     4.200    N1/in_IBUF[10]
    SLICE_X3Y35          LUT4 (Prop_lut4_I2_O)        0.053     4.253 r  N1/Q[23]_i_9/O
                         net (fo=1, routed)           0.791     5.045    N1/Q[23]_i_9_n_0
    SLICE_X3Y37          LUT6 (Prop_lut6_I2_O)        0.053     5.098 r  N1/Q[23]_i_4/O
                         net (fo=1, routed)           0.462     5.559    N1/Q[23]_i_4_n_0
    SLICE_X3Y37          LUT3 (Prop_lut3_I1_O)        0.053     5.612 r  N1/Q[23]_i_2/O
                         net (fo=11, routed)          0.476     6.089    N1/Q[23]_i_5_0
    SLICE_X2Y38          LUT4 (Prop_lut4_I3_O)        0.053     6.142 r  N1/sign_big3_carry__1_i_5/O
                         net (fo=1, routed)           0.000     6.142    ADDER/S[3]
    SLICE_X2Y38          CARRY4 (Prop_carry4_S[3]_CO[3])
                                                      0.216     6.358 f  ADDER/sign_big3_carry__1/CO[3]
                         net (fo=11, routed)          0.733     7.091    ADDER/sign_big3__11
    SLICE_X3Y36          LUT6 (Prop_lut6_I4_O)        0.053     7.144 r  ADDER/sign_res4_carry_i_9/O
                         net (fo=105, routed)         1.110     8.254    ADDER/sign_res4_carry_i_9_n_0
    SLICE_X0Y38          LUT3 (Prop_lut3_I1_O)        0.064     8.318 r  ADDER/sign_res4_carry_i_1/O
                         net (fo=1, routed)           0.000     8.318    ADDER/exp_big[3]
    SLICE_X0Y38          CARRY4 (Prop_carry4_DI[3]_CO[3])
                                                      0.204     8.522 r  ADDER/sign_res4_carry/CO[3]
                         net (fo=1, routed)           0.000     8.522    ADDER/sign_res4_carry_n_0
    SLICE_X0Y39          CARRY4 (Prop_carry4_CI_O[0])
                                                      0.139     8.661 r  ADDER/sign_res4_carry__0/O[0]
                         net (fo=43, routed)          1.415    10.076    ADDER/sign_res4__21[4]
    SLICE_X6Y37          LUT5 (Prop_lut5_I4_O)        0.155    10.231 r  ADDER/sign_res1_carry_i_57/O
                         net (fo=4, routed)           1.112    11.343    ADDER/sign_res1_carry_i_57_n_0
    SLICE_X8Y40          LUT6 (Prop_lut6_I3_O)        0.053    11.396 r  ADDER/sign_res1_carry__0_i_40/O
                         net (fo=2, routed)           0.575    11.971    ADDER/sign_res1_carry__0_i_40_n_0
    SLICE_X10Y40         LUT6 (Prop_lut6_I1_O)        0.053    12.024 r  ADDER/sign_res1_carry__0_i_26/O
                         net (fo=3, routed)           0.930    12.954    ADDER/sign_res1_carry__0_i_26_n_0
    SLICE_X4Y42          LUT5 (Prop_lut5_I4_O)        0.053    13.007 r  ADDER/outman[15]_i_6/O
                         net (fo=1, routed)           0.243    13.250    ADDER/outman[15]_i_6_n_0
    SLICE_X5Y41          CARRY4 (Prop_carry4_DI[2]_CO[3])
                                                      0.239    13.489 r  ADDER/outman_reg[15]_i_3/CO[3]
                         net (fo=1, routed)           0.000    13.489    ADDER/outman_reg[15]_i_3_n_0
    SLICE_X5Y42          CARRY4 (Prop_carry4_CI_CO[3])
                                                      0.058    13.547 r  ADDER/outman_reg[19]_i_3/CO[3]
                         net (fo=1, routed)           0.000    13.547    ADDER/outman_reg[19]_i_3_n_0
    SLICE_X5Y43          CARRY4 (Prop_carry4_CI_O[2])
                                                      0.136    13.683 r  ADDER/outman_reg[23]_i_3/O[2]
                         net (fo=1, routed)           0.836    14.519    N1/add_man[22]
    SLICE_X3Y49          LUT5 (Prop_lut5_I3_O)        0.152    14.671 r  N1/outman[22]_i_1/O
                         net (fo=1, routed)           0.000    14.671    N1/outman[22]_i_1_n_0
    SLICE_X3Y49          FDCE                                         r  N1/outman_reg[22]/D
  -------------------------------------------------------------------    -------------------

Slack:                    inf
  Source:                 in[10]
                            (input port)
  Destination:            N1/outexp_reg[3]/D
  Path Group:             (none)
  Path Type:              Max at Slow Process Corner
  Data Path Delay:        14.627ns  (logic 2.542ns (17.378%)  route 12.085ns (82.622%))
  Logic Levels:           17  (CARRY4=4 IBUF=1 LUT3=2 LUT4=2 LUT5=2 LUT6=6)

    Location             Delay type                Incr(ns)  Path(ns)    Netlist Resource(s)
  -------------------------------------------------------------------    -------------------
    B26                                               0.000     0.000 r  in[10] (IN)
                         net (fo=0)                   0.000     0.000    in[10]
    B26                  IBUF (Prop_ibuf_I_O)         0.910     0.910 r  in_IBUF[10]_inst/O
                         net (fo=13, routed)          3.291     4.200    N1/in_IBUF[10]
    SLICE_X3Y35          LUT4 (Prop_lut4_I2_O)        0.053     4.253 r  N1/Q[23]_i_9/O
                         net (fo=1, routed)           0.791     5.045    N1/Q[23]_i_9_n_0
    SLICE_X3Y37          LUT6 (Prop_lut6_I2_O)        0.053     5.098 r  N1/Q[23]_i_4/O
                         net (fo=1, routed)           0.462     5.559    N1/Q[23]_i_4_n_0
    SLICE_X3Y37          LUT3 (Prop_lut3_I1_O)        0.053     5.612 r  N1/Q[23]_i_2/O
                         net (fo=11, routed)          0.476     6.089    N1/Q[23]_i_5_0
    SLICE_X2Y38          LUT4 (Prop_lut4_I3_O)        0.053     6.142 r  N1/sign_big3_carry__1_i_5/O
                         net (fo=1, routed)           0.000     6.142    ADDER/S[3]
    SLICE_X2Y38          CARRY4 (Prop_carry4_S[3]_CO[3])
                                                      0.216     6.358 f  ADDER/sign_big3_carry__1/CO[3]
                         net (fo=11, routed)          0.733     7.091    ADDER/sign_big3__11
    SLICE_X3Y36          LUT6 (Prop_lut6_I4_O)        0.053     7.144 r  ADDER/sign_res4_carry_i_9/O
                         net (fo=105, routed)         1.110     8.254    ADDER/sign_res4_carry_i_9_n_0
    SLICE_X0Y38          LUT3 (Prop_lut3_I1_O)        0.064     8.318 r  ADDER/sign_res4_carry_i_1/O
                         net (fo=1, routed)           0.000     8.318    ADDER/exp_big[3]
    SLICE_X0Y38          CARRY4 (Prop_carry4_DI[3]_CO[3])
                                                      0.204     8.522 r  ADDER/sign_res4_carry/CO[3]
                         net (fo=1, routed)           0.000     8.522    ADDER/sign_res4_carry_n_0
    SLICE_X0Y39          CARRY4 (Prop_carry4_CI_O[0])
                                                      0.139     8.661 r  ADDER/sign_res4_carry__0/O[0]
                         net (fo=43, routed)          1.415    10.076    ADDER/sign_res4__21[4]
    SLICE_X6Y37          LUT5 (Prop_lut5_I4_O)        0.155    10.231 r  ADDER/sign_res1_carry_i_57/O
                         net (fo=4, routed)           1.032    11.263    ADDER/sign_res1_carry_i_57_n_0
    SLICE_X8Y40          LUT6 (Prop_lut6_I1_O)        0.053    11.316 r  ADDER/sign_res1_carry__0_i_38/O
                         net (fo=2, routed)           0.709    12.025    ADDER/sign_res1_carry__0_i_38_n_0
    SLICE_X6Y41          LUT6 (Prop_lut6_I0_O)        0.053    12.078 r  ADDER/sign_res1_carry__0_i_20/O
                         net (fo=3, routed)           0.573    12.651    ADDER/sign_res1_carry__0_i_20_n_0
    SLICE_X7Y40          LUT6 (Prop_lut6_I3_O)        0.053    12.704 r  ADDER/sign_res1_carry__0_i_3/O
                         net (fo=1, routed)           0.000    12.704    ADDER/sign_res1_carry__0_i_3_n_0
    SLICE_X7Y40          CARRY4 (Prop_carry4_S[1]_CO[3])
                                                      0.324    13.028 f  ADDER/sign_res1_carry__0/CO[3]
                         net (fo=3, routed)           0.797    13.825    ADDER/sign_res1_carry__0_n_0
    SLICE_X4Y43          LUT5 (Prop_lut5_I4_O)        0.053    13.878 f  ADDER/outexp[6]_i_3/O
                         net (fo=7, routed)           0.695    14.574    N1/outexp_reg[6]_1
    SLICE_X0Y44          LUT6 (Prop_lut6_I3_O)        0.053    14.627 r  N1/outexp[3]_i_1/O
                         net (fo=1, routed)           0.000    14.627    N1/outexp[3]_i_1_n_0
    SLICE_X0Y44          FDCE                                         r  N1/outexp_reg[3]/D
  -------------------------------------------------------------------    -------------------

Slack:                    inf
  Source:                 in[10]
                            (input port)
  Destination:            N1/outexp_reg[2]/D
  Path Group:             (none)
  Path Type:              Max at Slow Process Corner
  Data Path Delay:        14.623ns  (logic 2.542ns (17.383%)  route 12.081ns (82.617%))
  Logic Levels:           17  (CARRY4=4 IBUF=1 LUT3=2 LUT4=2 LUT5=2 LUT6=6)

    Location             Delay type                Incr(ns)  Path(ns)    Netlist Resource(s)
  -------------------------------------------------------------------    -------------------
    B26                                               0.000     0.000 r  in[10] (IN)
                         net (fo=0)                   0.000     0.000    in[10]
    B26                  IBUF (Prop_ibuf_I_O)         0.910     0.910 r  in_IBUF[10]_inst/O
                         net (fo=13, routed)          3.291     4.200    N1/in_IBUF[10]
    SLICE_X3Y35          LUT4 (Prop_lut4_I2_O)        0.053     4.253 r  N1/Q[23]_i_9/O
                         net (fo=1, routed)           0.791     5.045    N1/Q[23]_i_9_n_0
    SLICE_X3Y37          LUT6 (Prop_lut6_I2_O)        0.053     5.098 r  N1/Q[23]_i_4/O
                         net (fo=1, routed)           0.462     5.559    N1/Q[23]_i_4_n_0
    SLICE_X3Y37          LUT3 (Prop_lut3_I1_O)        0.053     5.612 r  N1/Q[23]_i_2/O
                         net (fo=11, routed)          0.476     6.089    N1/Q[23]_i_5_0
    SLICE_X2Y38          LUT4 (Prop_lut4_I3_O)        0.053     6.142 r  N1/sign_big3_carry__1_i_5/O
                         net (fo=1, routed)           0.000     6.142    ADDER/S[3]
    SLICE_X2Y38          CARRY4 (Prop_carry4_S[3]_CO[3])
                                                      0.216     6.358 f  ADDER/sign_big3_carry__1/CO[3]
                         net (fo=11, routed)          0.733     7.091    ADDER/sign_big3__11
    SLICE_X3Y36          LUT6 (Prop_lut6_I4_O)        0.053     7.144 r  ADDER/sign_res4_carry_i_9/O
                         net (fo=105, routed)         1.110     8.254    ADDER/sign_res4_carry_i_9_n_0
    SLICE_X0Y38          LUT3 (Prop_lut3_I1_O)        0.064     8.318 r  ADDER/sign_res4_carry_i_1/O
                         net (fo=1, routed)           0.000     8.318    ADDER/exp_big[3]
    SLICE_X0Y38          CARRY4 (Prop_carry4_DI[3]_CO[3])
                                                      0.204     8.522 r  ADDER/sign_res4_carry/CO[3]
                         net (fo=1, routed)           0.000     8.522    ADDER/sign_res4_carry_n_0
    SLICE_X0Y39          CARRY4 (Prop_carry4_CI_O[0])
                                                      0.139     8.661 r  ADDER/sign_res4_carry__0/O[0]
                         net (fo=43, routed)          1.415    10.076    ADDER/sign_res4__21[4]
    SLICE_X6Y37          LUT5 (Prop_lut5_I4_O)        0.155    10.231 r  ADDER/sign_res1_carry_i_57/O
                         net (fo=4, routed)           1.032    11.263    ADDER/sign_res1_carry_i_57_n_0
    SLICE_X8Y40          LUT6 (Prop_lut6_I1_O)        0.053    11.316 r  ADDER/sign_res1_carry__0_i_38/O
                         net (fo=2, routed)           0.709    12.025    ADDER/sign_res1_carry__0_i_38_n_0
    SLICE_X6Y41          LUT6 (Prop_lut6_I0_O)        0.053    12.078 r  ADDER/sign_res1_carry__0_i_20/O
                         net (fo=3, routed)           0.573    12.651    ADDER/sign_res1_carry__0_i_20_n_0
    SLICE_X7Y40          LUT6 (Prop_lut6_I3_O)        0.053    12.704 r  ADDER/sign_res1_carry__0_i_3/O
                         net (fo=1, routed)           0.000    12.704    ADDER/sign_res1_carry__0_i_3_n_0
    SLICE_X7Y40          CARRY4 (Prop_carry4_S[1]_CO[3])
                                                      0.324    13.028 f  ADDER/sign_res1_carry__0/CO[3]
                         net (fo=3, routed)           0.797    13.825    ADDER/sign_res1_carry__0_n_0
    SLICE_X4Y43          LUT5 (Prop_lut5_I4_O)        0.053    13.878 f  ADDER/outexp[6]_i_3/O
                         net (fo=7, routed)           0.691    14.570    N1/outexp_reg[6]_1
    SLICE_X0Y44          LUT6 (Prop_lut6_I3_O)        0.053    14.623 r  N1/outexp[2]_i_1/O
                         net (fo=1, routed)           0.000    14.623    N1/outexp[2]_i_1_n_0
    SLICE_X0Y44          FDCE                                         r  N1/outexp_reg[2]/D
  -------------------------------------------------------------------    -------------------

Slack:                    inf
  Source:                 in[10]
                            (input port)
  Destination:            N1/outman_reg[18]/D
  Path Group:             (none)
  Path Type:              Max at Slow Process Corner
  Data Path Delay:        14.610ns  (logic 2.639ns (18.062%)  route 11.971ns (81.938%))
  Logic Levels:           17  (CARRY4=5 IBUF=1 LUT3=2 LUT4=2 LUT5=3 LUT6=4)

    Location             Delay type                Incr(ns)  Path(ns)    Netlist Resource(s)
  -------------------------------------------------------------------    -------------------
    B26                                               0.000     0.000 r  in[10] (IN)
                         net (fo=0)                   0.000     0.000    in[10]
    B26                  IBUF (Prop_ibuf_I_O)         0.910     0.910 r  in_IBUF[10]_inst/O
                         net (fo=13, routed)          3.291     4.200    N1/in_IBUF[10]
    SLICE_X3Y35          LUT4 (Prop_lut4_I2_O)        0.053     4.253 r  N1/Q[23]_i_9/O
                         net (fo=1, routed)           0.791     5.045    N1/Q[23]_i_9_n_0
    SLICE_X3Y37          LUT6 (Prop_lut6_I2_O)        0.053     5.098 r  N1/Q[23]_i_4/O
                         net (fo=1, routed)           0.462     5.559    N1/Q[23]_i_4_n_0
    SLICE_X3Y37          LUT3 (Prop_lut3_I1_O)        0.053     5.612 r  N1/Q[23]_i_2/O
                         net (fo=11, routed)          0.476     6.089    N1/Q[23]_i_5_0
    SLICE_X2Y38          LUT4 (Prop_lut4_I3_O)        0.053     6.142 r  N1/sign_big3_carry__1_i_5/O
                         net (fo=1, routed)           0.000     6.142    ADDER/S[3]
    SLICE_X2Y38          CARRY4 (Prop_carry4_S[3]_CO[3])
                                                      0.216     6.358 f  ADDER/sign_big3_carry__1/CO[3]
                         net (fo=11, routed)          0.733     7.091    ADDER/sign_big3__11
    SLICE_X3Y36          LUT6 (Prop_lut6_I4_O)        0.053     7.144 r  ADDER/sign_res4_carry_i_9/O
                         net (fo=105, routed)         1.110     8.254    ADDER/sign_res4_carry_i_9_n_0
    SLICE_X0Y38          LUT3 (Prop_lut3_I1_O)        0.064     8.318 r  ADDER/sign_res4_carry_i_1/O
                         net (fo=1, routed)           0.000     8.318    ADDER/exp_big[3]
    SLICE_X0Y38          CARRY4 (Prop_carry4_DI[3]_CO[3])
                                                      0.204     8.522 r  ADDER/sign_res4_carry/CO[3]
                         net (fo=1, routed)           0.000     8.522    ADDER/sign_res4_carry_n_0
    SLICE_X0Y39          CARRY4 (Prop_carry4_CI_O[0])
                                                      0.139     8.661 r  ADDER/sign_res4_carry__0/O[0]
                         net (fo=43, routed)          1.415    10.076    ADDER/sign_res4__21[4]
    SLICE_X6Y37          LUT5 (Prop_lut5_I4_O)        0.155    10.231 r  ADDER/sign_res1_carry_i_57/O
                         net (fo=4, routed)           1.112    11.343    ADDER/sign_res1_carry_i_57_n_0
    SLICE_X8Y40          LUT6 (Prop_lut6_I3_O)        0.053    11.396 r  ADDER/sign_res1_carry__0_i_40/O
                         net (fo=2, routed)           0.575    11.971    ADDER/sign_res1_carry__0_i_40_n_0
    SLICE_X10Y40         LUT6 (Prop_lut6_I1_O)        0.053    12.024 r  ADDER/sign_res1_carry__0_i_26/O
                         net (fo=3, routed)           0.930    12.954    ADDER/sign_res1_carry__0_i_26_n_0
    SLICE_X4Y42          LUT5 (Prop_lut5_I4_O)        0.053    13.007 r  ADDER/outman[15]_i_6/O
                         net (fo=1, routed)           0.243    13.250    ADDER/outman[15]_i_6_n_0
    SLICE_X5Y41          CARRY4 (Prop_carry4_DI[2]_CO[3])
                                                      0.239    13.489 r  ADDER/outman_reg[15]_i_3/CO[3]
                         net (fo=1, routed)           0.000    13.489    ADDER/outman_reg[15]_i_3_n_0
    SLICE_X5Y42          CARRY4 (Prop_carry4_CI_O[2])
                                                      0.136    13.625 r  ADDER/outman_reg[19]_i_3/O[2]
                         net (fo=1, routed)           0.833    14.458    N1/add_man[18]
    SLICE_X3Y48          LUT5 (Prop_lut5_I3_O)        0.152    14.610 r  N1/outman[18]_i_1/O
                         net (fo=1, routed)           0.000    14.610    N1/outman[18]_i_1_n_0
    SLICE_X3Y48          FDCE                                         r  N1/outman_reg[18]/D
  -------------------------------------------------------------------    -------------------

Slack:                    inf
  Source:                 in[10]
                            (input port)
  Destination:            N1/outman_reg[23]/D
  Path Group:             (none)
  Path Type:              Max at Slow Process Corner
  Data Path Delay:        14.575ns  (logic 2.730ns (18.729%)  route 11.845ns (81.271%))
  Logic Levels:           18  (CARRY4=6 IBUF=1 LUT3=2 LUT4=2 LUT5=3 LUT6=4)

    Location             Delay type                Incr(ns)  Path(ns)    Netlist Resource(s)
  -------------------------------------------------------------------    -------------------
    B26                                               0.000     0.000 r  in[10] (IN)
                         net (fo=0)                   0.000     0.000    in[10]
    B26                  IBUF (Prop_ibuf_I_O)         0.910     0.910 r  in_IBUF[10]_inst/O
                         net (fo=13, routed)          3.291     4.200    N1/in_IBUF[10]
    SLICE_X3Y35          LUT4 (Prop_lut4_I2_O)        0.053     4.253 r  N1/Q[23]_i_9/O
                         net (fo=1, routed)           0.791     5.045    N1/Q[23]_i_9_n_0
    SLICE_X3Y37          LUT6 (Prop_lut6_I2_O)        0.053     5.098 r  N1/Q[23]_i_4/O
                         net (fo=1, routed)           0.462     5.559    N1/Q[23]_i_4_n_0
    SLICE_X3Y37          LUT3 (Prop_lut3_I1_O)        0.053     5.612 r  N1/Q[23]_i_2/O
                         net (fo=11, routed)          0.476     6.089    N1/Q[23]_i_5_0
    SLICE_X2Y38          LUT4 (Prop_lut4_I3_O)        0.053     6.142 r  N1/sign_big3_carry__1_i_5/O
                         net (fo=1, routed)           0.000     6.142    ADDER/S[3]
    SLICE_X2Y38          CARRY4 (Prop_carry4_S[3]_CO[3])
                                                      0.216     6.358 f  ADDER/sign_big3_carry__1/CO[3]
                         net (fo=11, routed)          0.733     7.091    ADDER/sign_big3__11
    SLICE_X3Y36          LUT6 (Prop_lut6_I4_O)        0.053     7.144 r  ADDER/sign_res4_carry_i_9/O
                         net (fo=105, routed)         1.110     8.254    ADDER/sign_res4_carry_i_9_n_0
    SLICE_X0Y38          LUT3 (Prop_lut3_I1_O)        0.064     8.318 r  ADDER/sign_res4_carry_i_1/O
                         net (fo=1, routed)           0.000     8.318    ADDER/exp_big[3]
    SLICE_X0Y38          CARRY4 (Prop_carry4_DI[3]_CO[3])
                                                      0.204     8.522 r  ADDER/sign_res4_carry/CO[3]
                         net (fo=1, routed)           0.000     8.522    ADDER/sign_res4_carry_n_0
    SLICE_X0Y39          CARRY4 (Prop_carry4_CI_O[0])
                                                      0.139     8.661 r  ADDER/sign_res4_carry__0/O[0]
                         net (fo=43, routed)          1.415    10.076    ADDER/sign_res4__21[4]
    SLICE_X6Y37          LUT5 (Prop_lut5_I4_O)        0.155    10.231 r  ADDER/sign_res1_carry_i_57/O
                         net (fo=4, routed)           1.112    11.343    ADDER/sign_res1_carry_i_57_n_0
    SLICE_X8Y40          LUT6 (Prop_lut6_I3_O)        0.053    11.396 r  ADDER/sign_res1_carry__0_i_40/O
                         net (fo=2, routed)           0.575    11.971    ADDER/sign_res1_carry__0_i_40_n_0
    SLICE_X10Y40         LUT6 (Prop_lut6_I1_O)        0.053    12.024 r  ADDER/sign_res1_carry__0_i_26/O
                         net (fo=3, routed)           0.930    12.954    ADDER/sign_res1_carry__0_i_26_n_0
    SLICE_X4Y42          LUT5 (Prop_lut5_I4_O)        0.053    13.007 r  ADDER/outman[15]_i_6/O
                         net (fo=1, routed)           0.243    13.250    ADDER/outman[15]_i_6_n_0
    SLICE_X5Y41          CARRY4 (Prop_carry4_DI[2]_CO[3])
                                                      0.239    13.489 r  ADDER/outman_reg[15]_i_3/CO[3]
                         net (fo=1, routed)           0.000    13.489    ADDER/outman_reg[15]_i_3_n_0
    SLICE_X5Y42          CARRY4 (Prop_carry4_CI_CO[3])
                                                      0.058    13.547 r  ADDER/outman_reg[19]_i_3/CO[3]
                         net (fo=1, routed)           0.000    13.547    ADDER/outman_reg[19]_i_3_n_0
    SLICE_X5Y43          CARRY4 (Prop_carry4_CI_O[3])
                                                      0.179    13.726 r  ADDER/outman_reg[23]_i_3/O[3]
                         net (fo=1, routed)           0.707    14.433    N1/add_man[23]
    SLICE_X5Y48          LUT5 (Prop_lut5_I3_O)        0.142    14.575 r  N1/outman[23]_i_1/O
                         net (fo=1, routed)           0.000    14.575    N1/outman[23]_i_1_n_0
    SLICE_X5Y48          FDCE                                         r  N1/outman_reg[23]/D
  -------------------------------------------------------------------    -------------------

Slack:                    inf
  Source:                 in[10]
                            (input port)
  Destination:            N1/outexp_reg[0]/D
  Path Group:             (none)
  Path Type:              Max at Slow Process Corner
  Data Path Delay:        14.535ns  (logic 2.542ns (17.488%)  route 11.993ns (82.512%))
  Logic Levels:           17  (CARRY4=4 IBUF=1 LUT3=2 LUT4=2 LUT5=2 LUT6=6)

    Location             Delay type                Incr(ns)  Path(ns)    Netlist Resource(s)
  -------------------------------------------------------------------    -------------------
    B26                                               0.000     0.000 r  in[10] (IN)
                         net (fo=0)                   0.000     0.000    in[10]
    B26                  IBUF (Prop_ibuf_I_O)         0.910     0.910 r  in_IBUF[10]_inst/O
                         net (fo=13, routed)          3.291     4.200    N1/in_IBUF[10]
    SLICE_X3Y35          LUT4 (Prop_lut4_I2_O)        0.053     4.253 r  N1/Q[23]_i_9/O
                         net (fo=1, routed)           0.791     5.045    N1/Q[23]_i_9_n_0
    SLICE_X3Y37          LUT6 (Prop_lut6_I2_O)        0.053     5.098 r  N1/Q[23]_i_4/O
                         net (fo=1, routed)           0.462     5.559    N1/Q[23]_i_4_n_0
    SLICE_X3Y37          LUT3 (Prop_lut3_I1_O)        0.053     5.612 r  N1/Q[23]_i_2/O
                         net (fo=11, routed)          0.476     6.089    N1/Q[23]_i_5_0
    SLICE_X2Y38          LUT4 (Prop_lut4_I3_O)        0.053     6.142 r  N1/sign_big3_carry__1_i_5/O
                         net (fo=1, routed)           0.000     6.142    ADDER/S[3]
    SLICE_X2Y38          CARRY4 (Prop_carry4_S[3]_CO[3])
                                                      0.216     6.358 f  ADDER/sign_big3_carry__1/CO[3]
                         net (fo=11, routed)          0.733     7.091    ADDER/sign_big3__11
    SLICE_X3Y36          LUT6 (Prop_lut6_I4_O)        0.053     7.144 r  ADDER/sign_res4_carry_i_9/O
                         net (fo=105, routed)         1.110     8.254    ADDER/sign_res4_carry_i_9_n_0
    SLICE_X0Y38          LUT3 (Prop_lut3_I1_O)        0.064     8.318 r  ADDER/sign_res4_carry_i_1/O
                         net (fo=1, routed)           0.000     8.318    ADDER/exp_big[3]
    SLICE_X0Y38          CARRY4 (Prop_carry4_DI[3]_CO[3])
                                                      0.204     8.522 r  ADDER/sign_res4_carry/CO[3]
                         net (fo=1, routed)           0.000     8.522    ADDER/sign_res4_carry_n_0
    SLICE_X0Y39          CARRY4 (Prop_carry4_CI_O[0])
                                                      0.139     8.661 r  ADDER/sign_res4_carry__0/O[0]
                         net (fo=43, routed)          1.415    10.076    ADDER/sign_res4__21[4]
    SLICE_X6Y37          LUT5 (Prop_lut5_I4_O)        0.155    10.231 r  ADDER/sign_res1_carry_i_57/O
                         net (fo=4, routed)           1.032    11.263    ADDER/sign_res1_carry_i_57_n_0
    SLICE_X8Y40          LUT6 (Prop_lut6_I1_O)        0.053    11.316 r  ADDER/sign_res1_carry__0_i_38/O
                         net (fo=2, routed)           0.709    12.025    ADDER/sign_res1_carry__0_i_38_n_0
    SLICE_X6Y41          LUT6 (Prop_lut6_I0_O)        0.053    12.078 r  ADDER/sign_res1_carry__0_i_20/O
                         net (fo=3, routed)           0.573    12.651    ADDER/sign_res1_carry__0_i_20_n_0
    SLICE_X7Y40          LUT6 (Prop_lut6_I3_O)        0.053    12.704 r  ADDER/sign_res1_carry__0_i_3/O
                         net (fo=1, routed)           0.000    12.704    ADDER/sign_res1_carry__0_i_3_n_0
    SLICE_X7Y40          CARRY4 (Prop_carry4_S[1]_CO[3])
                                                      0.324    13.028 f  ADDER/sign_res1_carry__0/CO[3]
                         net (fo=3, routed)           0.797    13.825    ADDER/sign_res1_carry__0_n_0
    SLICE_X4Y43          LUT5 (Prop_lut5_I4_O)        0.053    13.878 f  ADDER/outexp[6]_i_3/O
                         net (fo=7, routed)           0.603    14.482    N1/outexp_reg[6]_1
    SLICE_X1Y44          LUT6 (Prop_lut6_I3_O)        0.053    14.535 r  N1/outexp[0]_i_1/O
                         net (fo=1, routed)           0.000    14.535    N1/outexp[0]_i_1_n_0
    SLICE_X1Y44          FDCE                                         r  N1/outexp_reg[0]/D
  -------------------------------------------------------------------    -------------------





Min Delay Paths
--------------------------------------------------------------------------------------
Slack:                    inf
  Source:                 DIV/X_reg[14]/C
                            (rising edge-triggered cell FDCE)
  Destination:            DIV/ans_reg[14]/D
  Path Group:             (none)
  Path Type:              Min at Fast Process Corner
  Data Path Delay:        0.156ns  (logic 0.091ns (58.413%)  route 0.065ns (41.587%))
  Logic Levels:           1  (FDCE=1)

    Location             Delay type                Incr(ns)  Path(ns)    Netlist Resource(s)
  -------------------------------------------------------------------    -------------------
    SLICE_X13Y47         FDCE                         0.000     0.000 r  DIV/X_reg[14]/C
    SLICE_X13Y47         FDCE (Prop_fdce_C_Q)         0.091     0.091 r  DIV/X_reg[14]/Q
                         net (fo=2, routed)           0.065     0.156    DIV/X_reg_n_0_[14]
    SLICE_X12Y47         FDCE                                         r  DIV/ans_reg[14]/D
  -------------------------------------------------------------------    -------------------

Slack:                    inf
  Source:                 DIV/X_reg[16]/C
                            (rising edge-triggered cell FDCE)
  Destination:            DIV/ans_reg[16]/D
  Path Group:             (none)
  Path Type:              Min at Fast Process Corner
  Data Path Delay:        0.201ns  (logic 0.091ns (45.230%)  route 0.110ns (54.770%))
  Logic Levels:           1  (FDCE=1)

    Location             Delay type                Incr(ns)  Path(ns)    Netlist Resource(s)
  -------------------------------------------------------------------    -------------------
    SLICE_X13Y47         FDCE                         0.000     0.000 r  DIV/X_reg[16]/C
    SLICE_X13Y47         FDCE (Prop_fdce_C_Q)         0.091     0.091 r  DIV/X_reg[16]/Q
                         net (fo=2, routed)           0.110     0.201    DIV/X_reg_n_0_[16]
    SLICE_X12Y47         FDCE                                         r  DIV/ans_reg[16]/D
  -------------------------------------------------------------------    -------------------

Slack:                    inf
  Source:                 MULT/m1/a_reg[7]/C
                            (rising edge-triggered cell FDCE)
  Destination:            MULT/man_res_reg[31]/D
  Path Group:             (none)
  Path Type:              Min at Fast Process Corner
  Data Path Delay:        0.211ns  (logic 0.100ns (47.330%)  route 0.111ns (52.670%))
  Logic Levels:           1  (FDCE=1)

    Location             Delay type                Incr(ns)  Path(ns)    Netlist Resource(s)
  -------------------------------------------------------------------    -------------------
    SLICE_X11Y44         FDCE                         0.000     0.000 r  MULT/m1/a_reg[7]/C
    SLICE_X11Y44         FDCE (Prop_fdce_C_Q)         0.100     0.100 r  MULT/m1/a_reg[7]/Q
                         net (fo=4, routed)           0.111     0.211    MULT/manp[31]
    SLICE_X11Y45         FDCE                                         r  MULT/man_res_reg[31]/D
  -------------------------------------------------------------------    -------------------

Slack:                    inf
  Source:                 DIV/X_reg[0]/C
                            (rising edge-triggered cell FDCE)
  Destination:            DIV/ans_reg[0]/D
  Path Group:             (none)
  Path Type:              Min at Fast Process Corner
  Data Path Delay:        0.212ns  (logic 0.100ns (47.132%)  route 0.112ns (52.868%))
  Logic Levels:           1  (FDCE=1)

    Location             Delay type                Incr(ns)  Path(ns)    Netlist Resource(s)
  -------------------------------------------------------------------    -------------------
    SLICE_X3Y45          FDCE                         0.000     0.000 r  DIV/X_reg[0]/C
    SLICE_X3Y45          FDCE (Prop_fdce_C_Q)         0.100     0.100 r  DIV/X_reg[0]/Q
                         net (fo=2, routed)           0.112     0.212    DIV/X_reg_n_0_[0]
    SLICE_X6Y45          FDCE                                         r  DIV/ans_reg[0]/D
  -------------------------------------------------------------------    -------------------

Slack:                    inf
  Source:                 MULT/m1/Q_reg[21]/C
                            (rising edge-triggered cell FDCE)
  Destination:            MULT/m1/Q_reg[20]/D
  Path Group:             (none)
  Path Type:              Min at Fast Process Corner
  Data Path Delay:        0.215ns  (logic 0.132ns (61.315%)  route 0.083ns (38.685%))
  Logic Levels:           2  (FDCE=1 LUT3=1)

    Location             Delay type                Incr(ns)  Path(ns)    Netlist Resource(s)
  -------------------------------------------------------------------    -------------------
    SLICE_X7Y42          FDCE                         0.000     0.000 r  MULT/m1/Q_reg[21]/C
    SLICE_X7Y42          FDCE (Prop_fdce_C_Q)         0.100     0.100 r  MULT/m1/Q_reg[21]/Q
                         net (fo=1, routed)           0.083     0.183    MULT/m1/manp[21]
    SLICE_X6Y42          LUT3 (Prop_lut3_I2_O)        0.032     0.215 r  MULT/m1/Q[20]_i_1/O
                         net (fo=1, routed)           0.000     0.215    MULT/m1/Q_0[20]
    SLICE_X6Y42          FDCE                                         r  MULT/m1/Q_reg[20]/D
  -------------------------------------------------------------------    -------------------

Slack:                    inf
  Source:                 MULT/m1/a_reg[17]/C
                            (rising edge-triggered cell FDCE)
  Destination:            MULT/man_res_reg[41]/D
  Path Group:             (none)
  Path Type:              Min at Fast Process Corner
  Data Path Delay:        0.219ns  (logic 0.100ns (45.755%)  route 0.119ns (54.245%))
  Logic Levels:           1  (FDCE=1)

    Location             Delay type                Incr(ns)  Path(ns)    Netlist Resource(s)
  -------------------------------------------------------------------    -------------------
    SLICE_X9Y46          FDCE                         0.000     0.000 r  MULT/m1/a_reg[17]/C
    SLICE_X9Y46          FDCE (Prop_fdce_C_Q)         0.100     0.100 r  MULT/m1/a_reg[17]/Q
                         net (fo=4, routed)           0.119     0.219    MULT/manp[41]
    SLICE_X9Y48          FDCE                                         r  MULT/man_res_reg[41]/D
  -------------------------------------------------------------------    -------------------

Slack:                    inf
  Source:                 DIV/X_reg[13]/C
                            (rising edge-triggered cell FDCE)
  Destination:            DIV/ans_reg[13]/D
  Path Group:             (none)
  Path Type:              Min at Fast Process Corner
  Data Path Delay:        0.219ns  (logic 0.100ns (45.733%)  route 0.119ns (54.267%))
  Logic Levels:           1  (FDCE=1)

    Location             Delay type                Incr(ns)  Path(ns)    Netlist Resource(s)
  -------------------------------------------------------------------    -------------------
    SLICE_X13Y47         FDCE                         0.000     0.000 r  DIV/X_reg[13]/C
    SLICE_X13Y47         FDCE (Prop_fdce_C_Q)         0.100     0.100 r  DIV/X_reg[13]/Q
                         net (fo=2, routed)           0.119     0.219    DIV/X_reg_n_0_[13]
    SLICE_X12Y47         FDCE                                         r  DIV/ans_reg[13]/D
  -------------------------------------------------------------------    -------------------

Slack:                    inf
  Source:                 DIV/X_reg[15]/C
                            (rising edge-triggered cell FDCE)
  Destination:            DIV/ans_reg[15]/D
  Path Group:             (none)
  Path Type:              Min at Fast Process Corner
  Data Path Delay:        0.219ns  (logic 0.100ns (45.633%)  route 0.119ns (54.367%))
  Logic Levels:           1  (FDCE=1)

    Location             Delay type                Incr(ns)  Path(ns)    Netlist Resource(s)
  -------------------------------------------------------------------    -------------------
    SLICE_X13Y47         FDCE                         0.000     0.000 r  DIV/X_reg[15]/C
    SLICE_X13Y47         FDCE (Prop_fdce_C_Q)         0.100     0.100 r  DIV/X_reg[15]/Q
                         net (fo=2, routed)           0.119     0.219    DIV/X_reg_n_0_[15]
    SLICE_X12Y47         FDCE                                         r  DIV/ans_reg[15]/D
  -------------------------------------------------------------------    -------------------

Slack:                    inf
  Source:                 MULT/m1/Q_reg[11]/C
                            (rising edge-triggered cell FDCE)
  Destination:            MULT/m1/Q_reg[10]/D
  Path Group:             (none)
  Path Type:              Min at Fast Process Corner
  Data Path Delay:        0.223ns  (logic 0.146ns (65.388%)  route 0.077ns (34.612%))
  Logic Levels:           2  (FDCE=1 LUT3=1)

    Location             Delay type                Incr(ns)  Path(ns)    Netlist Resource(s)
  -------------------------------------------------------------------    -------------------
    SLICE_X6Y46          FDCE                         0.000     0.000 r  MULT/m1/Q_reg[11]/C
    SLICE_X6Y46          FDCE (Prop_fdce_C_Q)         0.118     0.118 r  MULT/m1/Q_reg[11]/Q
                         net (fo=1, routed)           0.077     0.195    MULT/m1/manp[11]
    SLICE_X7Y46          LUT3 (Prop_lut3_I2_O)        0.028     0.223 r  MULT/m1/Q[10]_i_1/O
                         net (fo=1, routed)           0.000     0.223    MULT/m1/Q_0[10]
    SLICE_X7Y46          FDCE                                         r  MULT/m1/Q_reg[10]/D
  -------------------------------------------------------------------    -------------------

Slack:                    inf
  Source:                 DIV/counter_reg[3]/C
                            (rising edge-triggered cell FDCE)
  Destination:            DIV/counter_reg[4]/D
  Path Group:             (none)
  Path Type:              Min at Fast Process Corner
  Data Path Delay:        0.230ns  (logic 0.157ns (68.339%)  route 0.073ns (31.661%))
  Logic Levels:           2  (FDCE=1 LUT6=1)

    Location             Delay type                Incr(ns)  Path(ns)    Netlist Resource(s)
  -------------------------------------------------------------------    -------------------
    SLICE_X11Y49         FDCE                         0.000     0.000 r  DIV/counter_reg[3]/C
    SLICE_X11Y49         FDCE (Prop_fdce_C_Q)         0.091     0.091 r  DIV/counter_reg[3]/Q
                         net (fo=4, routed)           0.073     0.164    DIV/counter_reg_n_0_[3]
    SLICE_X11Y49         LUT6 (Prop_lut6_I3_O)        0.066     0.230 r  DIV/counter[4]_i_1/O
                         net (fo=1, routed)           0.000     0.230    DIV/counter[4]_i_1_n_0
    SLICE_X11Y49         FDCE                                         r  DIV/counter_reg[4]/D
  -------------------------------------------------------------------    -------------------





