Copyright 1986-2022 Xilinx, Inc. All Rights Reserved. Copyright 2022-2025 Advanced Micro Devices, Inc. All Rights Reserved.
---------------------------------------------------------------------------------------------------------------------------------------------------------------------------------------------------------------------
| Tool Version : Vivado v.2025.2 (win64) Build 6299465 Fri Nov 14 19:35:11 GMT 2025
| Date         : Fri Jun 19 12:38:31 2026
| Host         : Saksham running 64-bit major release  (build 9200)
| Command      : report_timing_summary -max_paths 10 -routable_nets -report_unconstrained -file CLA_timing_summary_routed.rpt -pb CLA_timing_summary_routed.pb -rpx CLA_timing_summary_routed.rpx -warn_on_violation
| Design       : CLA
| Device       : 7z020-clg484
| Speed File   : -1  PRODUCTION 1.12 2019-11-22
| Design State : Routed
---------------------------------------------------------------------------------------------------------------------------------------------------------------------------------------------------------------------

Timing Summary Report

------------------------------------------------------------------------------------------------
| Timer Settings
| --------------
------------------------------------------------------------------------------------------------

  Enable Multi Corner Analysis               :  Yes
  Enable Pessimism Removal                   :  Yes
  Pessimism Removal Resolution               :  Nearest Common Node
  Enable Input Delay Default Clock           :  No
  Enable Preset / Clear Arcs                 :  No
  Disable Flight Delays                      :  No
  Ignore I/O Paths                           :  No
  Timing Early Launch at Borrowing Latches   :  No
  Borrow Time for Max Delay Exceptions       :  Yes
  Merge Timing Exceptions                    :  Yes
  Inter-SLR Compensation                     :  Conservative

  Corner  Analyze    Analyze    
  Name    Max Paths  Min Paths  
  ------  ---------  ---------  
  Slow    Yes        Yes        
  Fast    Yes        Yes        


------------------------------------------------------------------------------------------------
| Report Methodology
| ------------------
------------------------------------------------------------------------------------------------

Rule    Severity  Description                               Violations  
------  --------  ----------------------------------------  ----------  
XDCH-2  Warning   Same min and max delay values on IO port  14          

Note: This report is based on the most recent report_methodology run and may not be up-to-date. Run report_methodology on the current design for the latest report.



check_timing report

Table of Contents
-----------------
1. checking no_clock (0)
2. checking constant_clock (0)
3. checking pulse_width_clock (0)
4. checking unconstrained_internal_endpoints (0)
5. checking no_input_delay (0)
6. checking no_output_delay (0)
7. checking multiple_clock (0)
8. checking generated_clocks (0)
9. checking loops (0)
10. checking partial_input_delay (0)
11. checking partial_output_delay (0)
12. checking latch_loops (0)

1. checking no_clock (0)
------------------------
 There are 0 register/latch pins with no clock.


2. checking constant_clock (0)
------------------------------
 There are 0 register/latch pins with constant_clock.


3. checking pulse_width_clock (0)
---------------------------------
 There are 0 register/latch pins which need pulse_width check


4. checking unconstrained_internal_endpoints (0)
------------------------------------------------
 There are 0 pins that are not constrained for maximum delay.

 There are 0 pins that are not constrained for maximum delay due to constant clock.


5. checking no_input_delay (0)
------------------------------
 There are 0 input ports with no input delay specified.

 There are 0 input ports with no input delay but user has a false path constraint.


6. checking no_output_delay (0)
-------------------------------
 There are 0 ports with no output delay specified.

 There are 0 ports with no output delay but user has a false path constraint

 There are 0 ports with no output delay but with a timing clock defined on it or propagating through it


7. checking multiple_clock (0)
------------------------------
 There are 0 register/latch pins with multiple clocks.


8. checking generated_clocks (0)
--------------------------------
 There are 0 generated clocks that are not connected to a clock source.


9. checking loops (0)
---------------------
 There are 0 combinational loops in the design.


10. checking partial_input_delay (0)
------------------------------------
 There are 0 input ports with partial input delay specified.


11. checking partial_output_delay (0)
-------------------------------------
 There are 0 ports with partial output delay specified.


12. checking latch_loops (0)
----------------------------
 There are 0 combinational latch loops in the design through latch input



------------------------------------------------------------------------------------------------
| Design Timing Summary
| ---------------------
------------------------------------------------------------------------------------------------

    WNS(ns)      TNS(ns)  TNS Failing Endpoints  TNS Total Endpoints      WHS(ns)      THS(ns)  THS Failing Endpoints  THS Total Endpoints     WPWS(ns)     TPWS(ns)  TPWS Failing Endpoints  TPWS Total Endpoints  
    -------      -------  ---------------------  -------------------      -------      -------  ---------------------  -------------------     --------     --------  ----------------------  --------------------  
      0.094        0.000                      0                    5        2.453        0.000                      0                    5           NA           NA                      NA                    NA  


All user specified timing constraints are met.


------------------------------------------------------------------------------------------------
| Clock Summary
| -------------
------------------------------------------------------------------------------------------------

Clock        Waveform(ns)       Period(ns)      Frequency(MHz)
-----        ------------       ----------      --------------
virtual_clk  {0.000 5.000}      10.000          100.000         


------------------------------------------------------------------------------------------------
| Intra Clock Table
| -----------------
------------------------------------------------------------------------------------------------

Clock             WNS(ns)      TNS(ns)  TNS Failing Endpoints  TNS Total Endpoints      WHS(ns)      THS(ns)  THS Failing Endpoints  THS Total Endpoints     WPWS(ns)     TPWS(ns)  TPWS Failing Endpoints  TPWS Total Endpoints  
-----             -------      -------  ---------------------  -------------------      -------      -------  ---------------------  -------------------     --------     --------  ----------------------  --------------------  
virtual_clk         0.094        0.000                      0                    5        2.453        0.000                      0                    5                                                                          


------------------------------------------------------------------------------------------------
| Inter Clock Table
| -----------------
------------------------------------------------------------------------------------------------

From Clock    To Clock          WNS(ns)      TNS(ns)  TNS Failing Endpoints  TNS Total Endpoints      WHS(ns)      THS(ns)  THS Failing Endpoints  THS Total Endpoints  
----------    --------          -------      -------  ---------------------  -------------------      -------      -------  ---------------------  -------------------  


------------------------------------------------------------------------------------------------
| Other Path Groups Table
| -----------------------
------------------------------------------------------------------------------------------------

Path Group    From Clock    To Clock          WNS(ns)      TNS(ns)  TNS Failing Endpoints  TNS Total Endpoints      WHS(ns)      THS(ns)  THS Failing Endpoints  THS Total Endpoints  
----------    ----------    --------          -------      -------  ---------------------  -------------------      -------      -------  ---------------------  -------------------  


------------------------------------------------------------------------------------------------
| User Ignored Path Table
| -----------------------
------------------------------------------------------------------------------------------------

Path Group    From Clock    To Clock    
----------    ----------    --------    


------------------------------------------------------------------------------------------------
| Unconstrained Path Table
| ------------------------
------------------------------------------------------------------------------------------------

Path Group    From Clock    To Clock    
----------    ----------    --------    


------------------------------------------------------------------------------------------------
| Timing Details
| --------------
------------------------------------------------------------------------------------------------


---------------------------------------------------------------------------------------------------
From Clock:  virtual_clk
  To Clock:  virtual_clk

Setup :            0  Failing Endpoints,  Worst Slack        0.094ns,  Total Violation        0.000ns
Hold  :            0  Failing Endpoints,  Worst Slack        2.453ns,  Total Violation        0.000ns
PW    :           NA  Failing Endpoints,  Worst Slack           NA  ,  Total Violation           NA
---------------------------------------------------------------------------------------------------


Max Delay Paths
--------------------------------------------------------------------------------------
Slack (MET) :             0.094ns  (required time - arrival time)
  Source:                 B[2]
                            (input port clocked by virtual_clk  {rise@0.000ns fall@5.000ns period=10.000ns})
  Destination:            Sum[2]
                            (output port clocked by virtual_clk  {rise@0.000ns fall@5.000ns period=10.000ns})
  Path Group:             virtual_clk
  Path Type:              Max at Slow Process Corner
  Requirement:            10.000ns  (virtual_clk rise@10.000ns - virtual_clk rise@0.000ns)
  Data Path Delay:        9.881ns  (logic 4.594ns (46.494%)  route 5.287ns (53.506%))
  Logic Levels:           3  (IBUF=1 LUT3=1 OBUF=1)
  Input Delay:            0.000ns
  Output Delay:           0.000ns
  Clock Uncertainty:      0.025ns

    Location             Delay type                Incr(ns)  Path(ns)    Netlist Resource(s)
  -------------------------------------------------------------------    -------------------
                         (clock virtual_clk rise edge)
                                                      0.000     0.000 r  
                         ideal clock network latency
                                                      0.000     0.000    
                         input delay                  0.000     0.000    
    H17                                               0.000     0.000 r  B[2] (IN)
                         net (fo=0)                   0.000     0.000    B[2]
    H17                  IBUF (Prop_ibuf_I_O)         0.939     0.939 r  B_IBUF[2]_inst/O
                         net (fo=3, routed)           3.366     4.306    B_IBUF[2]
    SLICE_X112Y56        LUT3 (Prop_lut3_I2_O)        0.124     4.430 r  Sum_OBUF[2]_inst_i_1/O
                         net (fo=1, routed)           1.921     6.350    Sum_OBUF[2]
    U22                  OBUF (Prop_obuf_I_O)         3.531     9.881 r  Sum_OBUF[2]_inst/O
                         net (fo=0)                   0.000     9.881    Sum[2]
    U22                                                               r  Sum[2] (OUT)
  -------------------------------------------------------------------    -------------------

                         (clock virtual_clk rise edge)
                                                     10.000    10.000 r  
                         ideal clock network latency
                                                      0.000    10.000    
                         clock pessimism              0.000    10.000    
                         clock uncertainty           -0.025     9.975    
                         output delay                -0.000     9.975    
  -------------------------------------------------------------------
                         required time                          9.975    
                         arrival time                          -9.881    
  -------------------------------------------------------------------
                         slack                                  0.094    

Slack (MET) :             0.374ns  (required time - arrival time)
  Source:                 A[0]
                            (input port clocked by virtual_clk  {rise@0.000ns fall@5.000ns period=10.000ns})
  Destination:            Cout
                            (output port clocked by virtual_clk  {rise@0.000ns fall@5.000ns period=10.000ns})
  Path Group:             virtual_clk
  Path Type:              Max at Slow Process Corner
  Requirement:            10.000ns  (virtual_clk rise@10.000ns - virtual_clk rise@0.000ns)
  Data Path Delay:        9.601ns  (logic 4.757ns (49.545%)  route 4.844ns (50.455%))
  Logic Levels:           4  (IBUF=1 LUT5=2 OBUF=1)
  Input Delay:            0.000ns
  Output Delay:           0.000ns
  Clock Uncertainty:      0.025ns

    Location             Delay type                Incr(ns)  Path(ns)    Netlist Resource(s)
  -------------------------------------------------------------------    -------------------
                         (clock virtual_clk rise edge)
                                                      0.000     0.000 r  
                         ideal clock network latency
                                                      0.000     0.000    
                         input delay                  0.000     0.000    
    F22                                               0.000     0.000 r  A[0] (IN)
                         net (fo=0)                   0.000     0.000    A[0]
    F22                  IBUF (Prop_ibuf_I_O)         0.972     0.972 r  A_IBUF[0]_inst/O
                         net (fo=3, routed)           2.475     3.446    A_IBUF[0]
    SLICE_X110Y58        LUT5 (Prop_lut5_I1_O)        0.124     3.570 r  Sum_OBUF[3]_inst_i_2/O
                         net (fo=3, routed)           0.651     4.221    C_2
    SLICE_X113Y50        LUT5 (Prop_lut5_I0_O)        0.124     4.345 r  Cout_OBUF_inst_i_1/O
                         net (fo=1, routed)           1.719     6.064    Cout_OBUF
    V22                  OBUF (Prop_obuf_I_O)         3.537     9.601 r  Cout_OBUF_inst/O
                         net (fo=0)                   0.000     9.601    Cout
    V22                                                               r  Cout (OUT)
  -------------------------------------------------------------------    -------------------

                         (clock virtual_clk rise edge)
                                                     10.000    10.000 r  
                         ideal clock network latency
                                                      0.000    10.000    
                         clock pessimism              0.000    10.000    
                         clock uncertainty           -0.025     9.975    
                         output delay                -0.000     9.975    
  -------------------------------------------------------------------
                         required time                          9.975    
                         arrival time                          -9.601    
  -------------------------------------------------------------------
                         slack                                  0.374    

Slack (MET) :             0.382ns  (required time - arrival time)
  Source:                 A[0]
                            (input port clocked by virtual_clk  {rise@0.000ns fall@5.000ns period=10.000ns})
  Destination:            Sum[3]
                            (output port clocked by virtual_clk  {rise@0.000ns fall@5.000ns period=10.000ns})
  Path Group:             virtual_clk
  Path Type:              Max at Slow Process Corner
  Requirement:            10.000ns  (virtual_clk rise@10.000ns - virtual_clk rise@0.000ns)
  Data Path Delay:        9.593ns  (logic 4.750ns (49.509%)  route 4.844ns (50.491%))
  Logic Levels:           4  (IBUF=1 LUT5=2 OBUF=1)
  Input Delay:            0.000ns
  Output Delay:           0.000ns
  Clock Uncertainty:      0.025ns

    Location             Delay type                Incr(ns)  Path(ns)    Netlist Resource(s)
  -------------------------------------------------------------------    -------------------
                         (clock virtual_clk rise edge)
                                                      0.000     0.000 r  
                         ideal clock network latency
                                                      0.000     0.000    
                         input delay                  0.000     0.000    
    F22                                               0.000     0.000 r  A[0] (IN)
                         net (fo=0)                   0.000     0.000    A[0]
    F22                  IBUF (Prop_ibuf_I_O)         0.972     0.972 r  A_IBUF[0]_inst/O
                         net (fo=3, routed)           2.475     3.446    A_IBUF[0]
    SLICE_X110Y58        LUT5 (Prop_lut5_I1_O)        0.124     3.570 r  Sum_OBUF[3]_inst_i_2/O
                         net (fo=3, routed)           0.650     4.221    C_2
    SLICE_X113Y53        LUT5 (Prop_lut5_I2_O)        0.124     4.345 r  Sum_OBUF[3]_inst_i_1/O
                         net (fo=1, routed)           1.719     6.064    Sum_OBUF[3]
    U21                  OBUF (Prop_obuf_I_O)         3.530     9.593 r  Sum_OBUF[3]_inst/O
                         net (fo=0)                   0.000     9.593    Sum[3]
    U21                                                               r  Sum[3] (OUT)
  -------------------------------------------------------------------    -------------------

                         (clock virtual_clk rise edge)
                                                     10.000    10.000 r  
                         ideal clock network latency
                                                      0.000    10.000    
                         clock pessimism              0.000    10.000    
                         clock uncertainty           -0.025     9.975    
                         output delay                -0.000     9.975    
  -------------------------------------------------------------------
                         required time                          9.975    
                         arrival time                          -9.593    
  -------------------------------------------------------------------
                         slack                                  0.382    

Slack (MET) :             0.900ns  (required time - arrival time)
  Source:                 B[0]
                            (input port clocked by virtual_clk  {rise@0.000ns fall@5.000ns period=10.000ns})
  Destination:            Sum[0]
                            (output port clocked by virtual_clk  {rise@0.000ns fall@5.000ns period=10.000ns})
  Path Group:             virtual_clk
  Path Type:              Max at Slow Process Corner
  Requirement:            10.000ns  (virtual_clk rise@10.000ns - virtual_clk rise@0.000ns)
  Data Path Delay:        9.075ns  (logic 4.565ns (50.305%)  route 4.510ns (49.695%))
  Logic Levels:           3  (IBUF=1 LUT3=1 OBUF=1)
  Input Delay:            0.000ns
  Output Delay:           0.000ns
  Clock Uncertainty:      0.025ns

    Location             Delay type                Incr(ns)  Path(ns)    Netlist Resource(s)
  -------------------------------------------------------------------    -------------------
                         (clock virtual_clk rise edge)
                                                      0.000     0.000 r  
                         ideal clock network latency
                                                      0.000     0.000    
                         input delay                  0.000     0.000    
    H19                                               0.000     0.000 r  B[0] (IN)
                         net (fo=0)                   0.000     0.000    B[0]
    H19                  IBUF (Prop_ibuf_I_O)         0.919     0.919 r  B_IBUF[0]_inst/O
                         net (fo=3, routed)           2.432     3.350    B_IBUF[0]
    SLICE_X113Y59        LUT3 (Prop_lut3_I2_O)        0.124     3.474 r  Sum_OBUF[0]_inst_i_1/O
                         net (fo=1, routed)           2.078     5.553    Sum_OBUF[0]
    T22                  OBUF (Prop_obuf_I_O)         3.522     9.075 r  Sum_OBUF[0]_inst/O
                         net (fo=0)                   0.000     9.075    Sum[0]
    T22                                                               r  Sum[0] (OUT)
  -------------------------------------------------------------------    -------------------

                         (clock virtual_clk rise edge)
                                                     10.000    10.000 r  
                         ideal clock network latency
                                                      0.000    10.000    
                         clock pessimism              0.000    10.000    
                         clock uncertainty           -0.025     9.975    
                         output delay                -0.000     9.975    
  -------------------------------------------------------------------
                         required time                          9.975    
                         arrival time                          -9.075    
  -------------------------------------------------------------------
                         slack                                  0.900    

Slack (MET) :             1.030ns  (required time - arrival time)
  Source:                 B[0]
                            (input port clocked by virtual_clk  {rise@0.000ns fall@5.000ns period=10.000ns})
  Destination:            Sum[1]
                            (output port clocked by virtual_clk  {rise@0.000ns fall@5.000ns period=10.000ns})
  Path Group:             virtual_clk
  Path Type:              Max at Slow Process Corner
  Requirement:            10.000ns  (virtual_clk rise@10.000ns - virtual_clk rise@0.000ns)
  Data Path Delay:        8.945ns  (logic 4.556ns (50.937%)  route 4.389ns (49.063%))
  Logic Levels:           3  (IBUF=1 LUT5=1 OBUF=1)
  Input Delay:            0.000ns
  Output Delay:           0.000ns
  Clock Uncertainty:      0.025ns

    Location             Delay type                Incr(ns)  Path(ns)    Netlist Resource(s)
  -------------------------------------------------------------------    -------------------
                         (clock virtual_clk rise edge)
                                                      0.000     0.000 r  
                         ideal clock network latency
                                                      0.000     0.000    
                         input delay                  0.000     0.000    
    H19                                               0.000     0.000 r  B[0] (IN)
                         net (fo=0)                   0.000     0.000    B[0]
    H19                  IBUF (Prop_ibuf_I_O)         0.919     0.919 r  B_IBUF[0]_inst/O
                         net (fo=3, routed)           2.467     3.386    B_IBUF[0]
    SLICE_X113Y58        LUT5 (Prop_lut5_I2_O)        0.124     3.510 r  Sum_OBUF[1]_inst_i_1/O
                         net (fo=1, routed)           1.921     5.432    Sum_OBUF[1]
    T21                  OBUF (Prop_obuf_I_O)         3.514     8.945 r  Sum_OBUF[1]_inst/O
                         net (fo=0)                   0.000     8.945    Sum[1]
    T21                                                               r  Sum[1] (OUT)
  -------------------------------------------------------------------    -------------------

                         (clock virtual_clk rise edge)
                                                     10.000    10.000 r  
                         ideal clock network latency
                                                      0.000    10.000    
                         clock pessimism              0.000    10.000    
                         clock uncertainty           -0.025     9.975    
                         output delay                -0.000     9.975    
  -------------------------------------------------------------------
                         required time                          9.975    
                         arrival time                          -8.945    
  -------------------------------------------------------------------
                         slack                                  1.030    





Min Delay Paths
--------------------------------------------------------------------------------------
Slack (MET) :             2.453ns  (arrival time - required time)
  Source:                 Cin
                            (input port clocked by virtual_clk  {rise@0.000ns fall@5.000ns period=10.000ns})
  Destination:            Sum[1]
                            (output port clocked by virtual_clk  {rise@0.000ns fall@5.000ns period=10.000ns})
  Path Group:             virtual_clk
  Path Type:              Min at Fast Process Corner
  Requirement:            0.000ns  (virtual_clk rise@0.000ns - virtual_clk rise@0.000ns)
  Data Path Delay:        2.478ns  (logic 1.422ns (57.389%)  route 1.056ns (42.611%))
  Logic Levels:           3  (IBUF=1 LUT5=1 OBUF=1)
  Input Delay:            0.000ns
  Output Delay:           0.000ns
  Clock Uncertainty:      0.025ns

    Location             Delay type                Incr(ns)  Path(ns)    Netlist Resource(s)
  -------------------------------------------------------------------    -------------------
                         (clock virtual_clk rise edge)
                                                      0.000     0.000 r  
                         ideal clock network latency
                                                      0.000     0.000    
                         input delay                  0.000     0.000    
    P16                                               0.000     0.000 r  Cin (IN)
                         net (fo=0)                   0.000     0.000    Cin
    P16                  IBUF (Prop_ibuf_I_O)         0.162     0.162 r  Cin_IBUF_inst/O
                         net (fo=3, routed)           0.612     0.774    Cin_IBUF
    SLICE_X113Y58        LUT5 (Prop_lut5_I0_O)        0.045     0.819 r  Sum_OBUF[1]_inst_i_1/O
                         net (fo=1, routed)           0.443     1.263    Sum_OBUF[1]
    T21                  OBUF (Prop_obuf_I_O)         1.215     2.478 r  Sum_OBUF[1]_inst/O
                         net (fo=0)                   0.000     2.478    Sum[1]
    T21                                                               r  Sum[1] (OUT)
  -------------------------------------------------------------------    -------------------

                         (clock virtual_clk rise edge)
                                                      0.000     0.000 r  
                         ideal clock network latency
                                                      0.000     0.000    
                         clock pessimism              0.000     0.000    
                         clock uncertainty            0.025     0.025    
                         output delay                -0.000     0.025    
  -------------------------------------------------------------------
                         required time                         -0.025    
                         arrival time                           2.478    
  -------------------------------------------------------------------
                         slack                                  2.453    

Slack (MET) :             2.494ns  (arrival time - required time)
  Source:                 Cin
                            (input port clocked by virtual_clk  {rise@0.000ns fall@5.000ns period=10.000ns})
  Destination:            Sum[0]
                            (output port clocked by virtual_clk  {rise@0.000ns fall@5.000ns period=10.000ns})
  Path Group:             virtual_clk
  Path Type:              Min at Fast Process Corner
  Requirement:            0.000ns  (virtual_clk rise@0.000ns - virtual_clk rise@0.000ns)
  Data Path Delay:        2.519ns  (logic 1.431ns (56.790%)  route 1.088ns (43.210%))
  Logic Levels:           3  (IBUF=1 LUT3=1 OBUF=1)
  Input Delay:            0.000ns
  Output Delay:           0.000ns
  Clock Uncertainty:      0.025ns

    Location             Delay type                Incr(ns)  Path(ns)    Netlist Resource(s)
  -------------------------------------------------------------------    -------------------
                         (clock virtual_clk rise edge)
                                                      0.000     0.000 r  
                         ideal clock network latency
                                                      0.000     0.000    
                         input delay                  0.000     0.000    
    P16                                               0.000     0.000 r  Cin (IN)
                         net (fo=0)                   0.000     0.000    Cin
    P16                  IBUF (Prop_ibuf_I_O)         0.162     0.162 r  Cin_IBUF_inst/O
                         net (fo=3, routed)           0.580     0.743    Cin_IBUF
    SLICE_X113Y59        LUT3 (Prop_lut3_I0_O)        0.045     0.788 r  Sum_OBUF[0]_inst_i_1/O
                         net (fo=1, routed)           0.508     1.296    Sum_OBUF[0]
    T22                  OBUF (Prop_obuf_I_O)         1.223     2.519 r  Sum_OBUF[0]_inst/O
                         net (fo=0)                   0.000     2.519    Sum[0]
    T22                                                               r  Sum[0] (OUT)
  -------------------------------------------------------------------    -------------------

                         (clock virtual_clk rise edge)
                                                      0.000     0.000 r  
                         ideal clock network latency
                                                      0.000     0.000    
                         clock pessimism              0.000     0.000    
                         clock uncertainty            0.025     0.025    
                         output delay                -0.000     0.025    
  -------------------------------------------------------------------
                         required time                         -0.025    
                         arrival time                           2.519    
  -------------------------------------------------------------------
                         slack                                  2.494    

Slack (MET) :             2.638ns  (arrival time - required time)
  Source:                 B[3]
                            (input port clocked by virtual_clk  {rise@0.000ns fall@5.000ns period=10.000ns})
  Destination:            Sum[3]
                            (output port clocked by virtual_clk  {rise@0.000ns fall@5.000ns period=10.000ns})
  Path Group:             virtual_clk
  Path Type:              Min at Fast Process Corner
  Requirement:            0.000ns  (virtual_clk rise@0.000ns - virtual_clk rise@0.000ns)
  Data Path Delay:        2.663ns  (logic 1.461ns (54.837%)  route 1.203ns (45.163%))
  Logic Levels:           3  (IBUF=1 LUT5=1 OBUF=1)
  Input Delay:            0.000ns
  Output Delay:           0.000ns
  Clock Uncertainty:      0.025ns

    Location             Delay type                Incr(ns)  Path(ns)    Netlist Resource(s)
  -------------------------------------------------------------------    -------------------
                         (clock virtual_clk rise edge)
                                                      0.000     0.000 r  
                         ideal clock network latency
                                                      0.000     0.000    
                         input delay                  0.000     0.000    
    M15                                               0.000     0.000 r  B[3] (IN)
                         net (fo=0)                   0.000     0.000    B[3]
    M15                  IBUF (Prop_ibuf_I_O)         0.185     0.185 r  B_IBUF[3]_inst/O
                         net (fo=2, routed)           0.838     1.023    B_IBUF[3]
    SLICE_X113Y53        LUT5 (Prop_lut5_I4_O)        0.045     1.068 r  Sum_OBUF[3]_inst_i_1/O
                         net (fo=1, routed)           0.365     1.433    Sum_OBUF[3]
    U21                  OBUF (Prop_obuf_I_O)         1.231     2.663 r  Sum_OBUF[3]_inst/O
                         net (fo=0)                   0.000     2.663    Sum[3]
    U21                                                               r  Sum[3] (OUT)
  -------------------------------------------------------------------    -------------------

                         (clock virtual_clk rise edge)
                                                      0.000     0.000 r  
                         ideal clock network latency
                                                      0.000     0.000    
                         clock pessimism              0.000     0.000    
                         clock uncertainty            0.025     0.025    
                         output delay                -0.000     0.025    
  -------------------------------------------------------------------
                         required time                         -0.025    
                         arrival time                           2.663    
  -------------------------------------------------------------------
                         slack                                  2.638    

Slack (MET) :             2.673ns  (arrival time - required time)
  Source:                 Cin
                            (input port clocked by virtual_clk  {rise@0.000ns fall@5.000ns period=10.000ns})
  Destination:            Sum[2]
                            (output port clocked by virtual_clk  {rise@0.000ns fall@5.000ns period=10.000ns})
  Path Group:             virtual_clk
  Path Type:              Min at Fast Process Corner
  Requirement:            0.000ns  (virtual_clk rise@0.000ns - virtual_clk rise@0.000ns)
  Data Path Delay:        2.698ns  (logic 1.484ns (55.010%)  route 1.214ns (44.990%))
  Logic Levels:           4  (IBUF=1 LUT3=1 LUT5=1 OBUF=1)
  Input Delay:            0.000ns
  Output Delay:           0.000ns
  Clock Uncertainty:      0.025ns

    Location             Delay type                Incr(ns)  Path(ns)    Netlist Resource(s)
  -------------------------------------------------------------------    -------------------
                         (clock virtual_clk rise edge)
                                                      0.000     0.000 r  
                         ideal clock network latency
                                                      0.000     0.000    
                         input delay                  0.000     0.000    
    P16                                               0.000     0.000 r  Cin (IN)
                         net (fo=0)                   0.000     0.000    Cin
    P16                  IBUF (Prop_ibuf_I_O)         0.162     0.162 r  Cin_IBUF_inst/O
                         net (fo=3, routed)           0.600     0.762    Cin_IBUF
    SLICE_X110Y58        LUT5 (Prop_lut5_I2_O)        0.045     0.807 r  Sum_OBUF[3]_inst_i_2/O
                         net (fo=3, routed)           0.169     0.976    C_2
    SLICE_X112Y56        LUT3 (Prop_lut3_I0_O)        0.045     1.021 r  Sum_OBUF[2]_inst_i_1/O
                         net (fo=1, routed)           0.445     1.466    Sum_OBUF[2]
    U22                  OBUF (Prop_obuf_I_O)         1.232     2.698 r  Sum_OBUF[2]_inst/O
                         net (fo=0)                   0.000     2.698    Sum[2]
    U22                                                               r  Sum[2] (OUT)
  -------------------------------------------------------------------    -------------------

                         (clock virtual_clk rise edge)
                                                      0.000     0.000 r  
                         ideal clock network latency
                                                      0.000     0.000    
                         clock pessimism              0.000     0.000    
                         clock uncertainty            0.025     0.025    
                         output delay                -0.000     0.025    
  -------------------------------------------------------------------
                         required time                         -0.025    
                         arrival time                           2.698    
  -------------------------------------------------------------------
                         slack                                  2.673    

Slack (MET) :             2.692ns  (arrival time - required time)
  Source:                 Cin
                            (input port clocked by virtual_clk  {rise@0.000ns fall@5.000ns period=10.000ns})
  Destination:            Cout
                            (output port clocked by virtual_clk  {rise@0.000ns fall@5.000ns period=10.000ns})
  Path Group:             virtual_clk
  Path Type:              Min at Fast Process Corner
  Requirement:            0.000ns  (virtual_clk rise@0.000ns - virtual_clk rise@0.000ns)
  Data Path Delay:        2.717ns  (logic 1.490ns (54.833%)  route 1.227ns (45.167%))
  Logic Levels:           4  (IBUF=1 LUT5=2 OBUF=1)
  Input Delay:            0.000ns
  Output Delay:           0.000ns
  Clock Uncertainty:      0.025ns

    Location             Delay type                Incr(ns)  Path(ns)    Netlist Resource(s)
  -------------------------------------------------------------------    -------------------
                         (clock virtual_clk rise edge)
                                                      0.000     0.000 r  
                         ideal clock network latency
                                                      0.000     0.000    
                         input delay                  0.000     0.000    
    P16                                               0.000     0.000 r  Cin (IN)
                         net (fo=0)                   0.000     0.000    Cin
    P16                  IBUF (Prop_ibuf_I_O)         0.162     0.162 r  Cin_IBUF_inst/O
                         net (fo=3, routed)           0.600     0.762    Cin_IBUF
    SLICE_X110Y58        LUT5 (Prop_lut5_I2_O)        0.045     0.807 r  Sum_OBUF[3]_inst_i_2/O
                         net (fo=3, routed)           0.263     1.070    C_2
    SLICE_X113Y50        LUT5 (Prop_lut5_I0_O)        0.045     1.115 r  Cout_OBUF_inst_i_1/O
                         net (fo=1, routed)           0.365     1.479    Cout_OBUF
    V22                  OBUF (Prop_obuf_I_O)         1.238     2.717 r  Cout_OBUF_inst/O
                         net (fo=0)                   0.000     2.717    Cout
    V22                                                               r  Cout (OUT)
  -------------------------------------------------------------------    -------------------

                         (clock virtual_clk rise edge)
                                                      0.000     0.000 r  
                         ideal clock network latency
                                                      0.000     0.000    
                         clock pessimism              0.000     0.000    
                         clock uncertainty            0.025     0.025    
                         output delay                -0.000     0.025    
  -------------------------------------------------------------------
                         required time                         -0.025    
                         arrival time                           2.717    
  -------------------------------------------------------------------
                         slack                                  2.692    






