Copyright 1986-2022 Xilinx, Inc. All Rights Reserved. Copyright 2022-2025 Advanced Micro Devices, Inc. All Rights Reserved.
---------------------------------------------------------------------------------------------------------------------------------------------------------------------------------------------------------------------------------------------------------------
| Tool Version : Vivado v.2025.2 (win64) Build 6299465 Fri Nov 14 19:35:11 GMT 2025
| Date         : Tue Jun 30 00:52:27 2026
| Host         : Saksham running 64-bit major release  (build 9200)
| Command      : report_timing_summary -max_paths 10 -routable_nets -report_unconstrained -file seq_detector_1011_timing_summary_routed.rpt -pb seq_detector_1011_timing_summary_routed.pb -rpx seq_detector_1011_timing_summary_routed.rpx -warn_on_violation
| Design       : seq_detector_1011
| Device       : 7z020-clg484
| Speed File   : -1  PRODUCTION 1.12 2019-11-22
| Design State : Routed
---------------------------------------------------------------------------------------------------------------------------------------------------------------------------------------------------------------------------------------------------------------

Timing Summary Report

------------------------------------------------------------------------------------------------
| Timer Settings
| --------------
------------------------------------------------------------------------------------------------

  Enable Multi Corner Analysis               :  Yes
  Enable Pessimism Removal                   :  Yes
  Pessimism Removal Resolution               :  Nearest Common Node
  Enable Input Delay Default Clock           :  No
  Enable Preset / Clear Arcs                 :  No
  Disable Flight Delays                      :  No
  Ignore I/O Paths                           :  No
  Timing Early Launch at Borrowing Latches   :  No
  Borrow Time for Max Delay Exceptions       :  Yes
  Merge Timing Exceptions                    :  Yes
  Inter-SLR Compensation                     :  Conservative

  Corner  Analyze    Analyze    
  Name    Max Paths  Min Paths  
  ------  ---------  ---------  
  Slow    Yes        Yes        
  Fast    Yes        Yes        


------------------------------------------------------------------------------------------------
| Report Methodology
| ------------------
------------------------------------------------------------------------------------------------

Rule       Severity  Description               Violations  
---------  --------  ------------------------  ----------  
TIMING-23  Warning   Combinational loop found  3           

Note: This report is based on the most recent report_methodology run and may not be up-to-date. Run report_methodology on the current design for the latest report.



check_timing report

Table of Contents
-----------------
1. checking no_clock (0)
2. checking constant_clock (0)
3. checking pulse_width_clock (0)
4. checking unconstrained_internal_endpoints (0)
5. checking no_input_delay (0)
6. checking no_output_delay (0)
7. checking multiple_clock (0)
8. checking generated_clocks (0)
9. checking loops (5)
10. checking partial_input_delay (0)
11. checking partial_output_delay (0)
12. checking latch_loops (0)

1. checking no_clock (0)
------------------------
 There are 0 register/latch pins with no clock.


2. checking constant_clock (0)
------------------------------
 There are 0 register/latch pins with constant_clock.


3. checking pulse_width_clock (0)
---------------------------------
 There are 0 register/latch pins which need pulse_width check


4. checking unconstrained_internal_endpoints (0)
------------------------------------------------
 There are 0 pins that are not constrained for maximum delay.

 There are 0 pins that are not constrained for maximum delay due to constant clock.


5. checking no_input_delay (0)
------------------------------
 There are 0 input ports with no input delay specified.

 There are 0 input ports with no input delay but user has a false path constraint.


6. checking no_output_delay (0)
-------------------------------
 There are 0 ports with no output delay specified.

 There are 0 ports with no output delay but user has a false path constraint

 There are 0 ports with no output delay but with a timing clock defined on it or propagating through it


7. checking multiple_clock (0)
------------------------------
 There are 0 register/latch pins with multiple clocks.


8. checking generated_clocks (0)
--------------------------------
 There are 0 generated clocks that are not connected to a clock source.


9. checking loops (5)
---------------------
 There are 5 combinational loops in the design. (HIGH)


10. checking partial_input_delay (0)
------------------------------------
 There are 0 input ports with partial input delay specified.


11. checking partial_output_delay (0)
-------------------------------------
 There are 0 ports with partial output delay specified.


12. checking latch_loops (0)
----------------------------
 There are 0 combinational latch loops in the design through latch input



------------------------------------------------------------------------------------------------
| Design Timing Summary
| ---------------------
------------------------------------------------------------------------------------------------

    WNS(ns)      TNS(ns)  TNS Failing Endpoints  TNS Total Endpoints      WHS(ns)      THS(ns)  THS Failing Endpoints  THS Total Endpoints     WPWS(ns)     TPWS(ns)  TPWS Failing Endpoints  TPWS Total Endpoints  
    -------      -------  ---------------------  -------------------      -------      -------  ---------------------  -------------------     --------     --------  ----------------------  --------------------  
        inf        0.000                      0                    1          inf        0.000                      0                    1           NA           NA                      NA                    NA  


All user specified timing constraints are met.


------------------------------------------------------------------------------------------------
| Clock Summary
| -------------
------------------------------------------------------------------------------------------------

Clock        Waveform(ns)       Period(ns)      Frequency(MHz)
-----        ------------       ----------      --------------
sys_clk_pin  {0.000 5.000}      10.000          100.000         


------------------------------------------------------------------------------------------------
| Intra Clock Table
| -----------------
------------------------------------------------------------------------------------------------

Clock             WNS(ns)      TNS(ns)  TNS Failing Endpoints  TNS Total Endpoints      WHS(ns)      THS(ns)  THS Failing Endpoints  THS Total Endpoints     WPWS(ns)     TPWS(ns)  TPWS Failing Endpoints  TPWS Total Endpoints  
-----             -------      -------  ---------------------  -------------------      -------      -------  ---------------------  -------------------     --------     --------  ----------------------  --------------------  


------------------------------------------------------------------------------------------------
| Inter Clock Table
| -----------------
------------------------------------------------------------------------------------------------

From Clock    To Clock          WNS(ns)      TNS(ns)  TNS Failing Endpoints  TNS Total Endpoints      WHS(ns)      THS(ns)  THS Failing Endpoints  THS Total Endpoints  
----------    --------          -------      -------  ---------------------  -------------------      -------      -------  ---------------------  -------------------  


------------------------------------------------------------------------------------------------
| Other Path Groups Table
| -----------------------
------------------------------------------------------------------------------------------------

Path Group    From Clock    To Clock          WNS(ns)      TNS(ns)  TNS Failing Endpoints  TNS Total Endpoints      WHS(ns)      THS(ns)  THS Failing Endpoints  THS Total Endpoints  
----------    ----------    --------          -------      -------  ---------------------  -------------------      -------      -------  ---------------------  -------------------  


------------------------------------------------------------------------------------------------
| User Ignored Path Table
| -----------------------
------------------------------------------------------------------------------------------------

Path Group    From Clock    To Clock    
----------    ----------    --------    


------------------------------------------------------------------------------------------------
| Unconstrained Path Table
| ------------------------
------------------------------------------------------------------------------------------------

Path Group    From Clock    To Clock    
----------    ----------    --------    
(none)                                    
(none)        sys_clk_pin                 


------------------------------------------------------------------------------------------------
| Timing Details
| --------------
------------------------------------------------------------------------------------------------


--------------------------------------------------------------------------------------
Path Group:  (none)
From Clock:  
  To Clock:  

Max Delay             1 Endpoint
Min Delay             1 Endpoint
--------------------------------------------------------------------------------------


Max Delay Paths
--------------------------------------------------------------------------------------
Slack:                    inf
  Source:                 x
                            (input port)
  Destination:            y
                            (output port)
  Path Group:             (none)
  Path Type:              Max at Slow Process Corner
  Data Path Delay:        12.571ns  (logic 5.238ns (41.669%)  route 7.333ns (58.331%))
  Logic Levels:           8  (IBUF=1 LUT3=1 LUT4=3 LUT6=2 OBUF=1)

    Location             Delay type                Incr(ns)  Path(ns)    Netlist Resource(s)
  -------------------------------------------------------------------    -------------------
    F22                                               0.000     0.000 f  x (IN)
                         net (fo=0)                   0.000     0.000    x
    F22                  IBUF (Prop_ibuf_I_O)         0.972     0.972 f  x_IBUF_inst/O
                         net (fo=4, routed)           2.925     3.897    x_IBUF
    SLICE_X112Y51        LUT4 (Prop_lut4_I0_O)        0.124     4.021 f  y_OBUF_inst_i_5/O
                         net (fo=3, routed)           0.474     4.495    FF0/qm
    SLICE_X112Y51        LUT4 (Prop_lut4_I1_O)        0.124     4.619 f  y_OBUF_inst_i_3/O
                         net (fo=4, routed)           0.521     5.140    q0
    SLICE_X113Y51        LUT6 (Prop_lut6_I1_O)        0.124     5.264 r  y_OBUF_inst_i_6/O
                         net (fo=1, routed)           0.433     5.697    a2
    SLICE_X113Y51        LUT6 (Prop_lut6_I2_O)        0.124     5.821 r  y_OBUF_inst_i_4/O
                         net (fo=2, routed)           0.676     6.497    FF1/qm
    SLICE_X113Y51        LUT4 (Prop_lut4_I1_O)        0.124     6.621 r  y_OBUF_inst_i_2/O
                         net (fo=3, routed)           0.445     7.065    q1
    SLICE_X113Y51        LUT3 (Prop_lut3_I1_O)        0.124     7.189 r  y_OBUF_inst_i_1/O
                         net (fo=1, routed)           1.859     9.049    y_OBUF
    T22                  OBUF (Prop_obuf_I_O)         3.522    12.571 r  y_OBUF_inst/O
                         net (fo=0)                   0.000    12.571    y
    T22                                                               r  y (OUT)
  -------------------------------------------------------------------    -------------------





Min Delay Paths
--------------------------------------------------------------------------------------
Slack:                    inf
  Source:                 reset
                            (input port)
  Destination:            y
                            (output port)
  Path Group:             (none)
  Path Type:              Min at Fast Process Corner
  Data Path Delay:        2.481ns  (logic 1.476ns (59.473%)  route 1.005ns (40.527%))
  Logic Levels:           4  (IBUF=1 LUT3=1 LUT4=1 OBUF=1)

    Location             Delay type                Incr(ns)  Path(ns)    Netlist Resource(s)
  -------------------------------------------------------------------    -------------------
    P16                                               0.000     0.000 f  reset (IN)
                         net (fo=0)                   0.000     0.000    reset
    P16                  IBUF (Prop_ibuf_I_O)         0.162     0.162 f  reset_IBUF_inst/O
                         net (fo=5, routed)           0.441     0.604    reset_IBUF
    SLICE_X113Y51        LUT4 (Prop_lut4_I2_O)        0.045     0.649 r  y_OBUF_inst_i_2/O
                         net (fo=3, routed)           0.149     0.797    q1
    SLICE_X113Y51        LUT3 (Prop_lut3_I1_O)        0.045     0.842 r  y_OBUF_inst_i_1/O
                         net (fo=1, routed)           0.415     1.258    y_OBUF
    T22                  OBUF (Prop_obuf_I_O)         1.223     2.481 r  y_OBUF_inst/O
                         net (fo=0)                   0.000     2.481    y
    T22                                                               r  y (OUT)
  -------------------------------------------------------------------    -------------------





--------------------------------------------------------------------------------------
Path Group:  (none)
From Clock:  sys_clk_pin
  To Clock:  

Max Delay             1 Endpoint
Min Delay             1 Endpoint
--------------------------------------------------------------------------------------


Max Delay Paths
--------------------------------------------------------------------------------------
Slack:                    inf
  Source:                 clk
                            (clock source 'sys_clk_pin'  {rise@0.000ns fall@5.000ns period=10.000ns})
  Destination:            y
                            (output port)
  Path Group:             (none)
  Path Type:              Max at Slow Process Corner
  Data Path Delay:        15.642ns  (logic 5.757ns (36.804%)  route 9.885ns (63.196%))
  Logic Levels:           8  (IBUF=1 LUT3=1 LUT4=3 LUT6=2 OBUF=1)
  Clock Uncertainty:      0.025ns  ((TSJ^2 + TIJ^2)^1/2 + DJ) / 2 + PE
    Total System Jitter     (TSJ):    0.050ns
    Total Input Jitter      (TIJ):    0.000ns
    Discrete Jitter          (DJ):    0.000ns
    Phase Error              (PE):    0.000ns

    Location             Delay type                Incr(ns)  Path(ns)    Netlist Resource(s)
  -------------------------------------------------------------------    -------------------
                         (clock sys_clk_pin fall edge)
                                                      5.000     5.000 f  
    Y9                                                0.000     5.000 f  clk (IN)
                         net (fo=0)                   0.000     5.000    clk
    Y9                   IBUF (Prop_ibuf_I_O)         1.490     6.490 f  clk_IBUF_inst/O
                         net (fo=5, routed)           5.478    11.968    clk_IBUF
    SLICE_X112Y51        LUT4 (Prop_lut4_I1_O)        0.124    12.092 f  y_OBUF_inst_i_5/O
                         net (fo=3, routed)           0.474    12.566    FF0/qm
    SLICE_X112Y51        LUT4 (Prop_lut4_I1_O)        0.124    12.690 f  y_OBUF_inst_i_3/O
                         net (fo=4, routed)           0.521    13.211    q0
    SLICE_X113Y51        LUT6 (Prop_lut6_I1_O)        0.124    13.335 r  y_OBUF_inst_i_6/O
                         net (fo=1, routed)           0.433    13.768    a2
    SLICE_X113Y51        LUT6 (Prop_lut6_I2_O)        0.124    13.892 r  y_OBUF_inst_i_4/O
                         net (fo=2, routed)           0.676    14.567    FF1/qm
    SLICE_X113Y51        LUT4 (Prop_lut4_I1_O)        0.124    14.691 r  y_OBUF_inst_i_2/O
                         net (fo=3, routed)           0.445    15.136    q1
    SLICE_X113Y51        LUT3 (Prop_lut3_I1_O)        0.124    15.260 r  y_OBUF_inst_i_1/O
                         net (fo=1, routed)           1.859    17.119    y_OBUF
    T22                  OBUF (Prop_obuf_I_O)         3.522    20.642 r  y_OBUF_inst/O
                         net (fo=0)                   0.000    20.642    y
    T22                                                               r  y (OUT)
  -------------------------------------------------------------------    -------------------





Min Delay Paths
--------------------------------------------------------------------------------------
Slack:                    inf
  Source:                 clk
                            (clock source 'sys_clk_pin'  {rise@0.000ns fall@5.000ns period=10.000ns})
  Destination:            y
                            (output port)
  Path Group:             (none)
  Path Type:              Min at Fast Process Corner
  Data Path Delay:        4.774ns  (logic 1.571ns (32.916%)  route 3.203ns (67.084%))
  Logic Levels:           4  (IBUF=1 LUT3=1 LUT4=1 OBUF=1)
  Clock Uncertainty:      0.025ns  ((TSJ^2 + TIJ^2)^1/2 + DJ) / 2 + PE
    Total System Jitter     (TSJ):    0.050ns
    Total Input Jitter      (TIJ):    0.000ns
    Discrete Jitter          (DJ):    0.000ns
    Phase Error              (PE):    0.000ns

    Location             Delay type                Incr(ns)  Path(ns)    Netlist Resource(s)
  -------------------------------------------------------------------    -------------------
                         (clock sys_clk_pin rise edge)
                                                      0.000     0.000 r  
    Y9                                                0.000     0.000 r  clk (IN)
                         net (fo=0)                   0.000     0.000    clk
    Y9                   IBUF (Prop_ibuf_I_O)         0.258     0.258 r  clk_IBUF_inst/O
                         net (fo=5, routed)           2.639     2.897    clk_IBUF
    SLICE_X113Y51        LUT4 (Prop_lut4_I0_O)        0.045     2.942 r  y_OBUF_inst_i_2/O
                         net (fo=3, routed)           0.149     3.091    q1
    SLICE_X113Y51        LUT3 (Prop_lut3_I1_O)        0.045     3.136 r  y_OBUF_inst_i_1/O
                         net (fo=1, routed)           0.415     3.551    y_OBUF
    T22                  OBUF (Prop_obuf_I_O)         1.223     4.774 r  y_OBUF_inst/O
                         net (fo=0)                   0.000     4.774    y
    T22                                                               r  y (OUT)
  -------------------------------------------------------------------    -------------------





