Copyright 1986-2022 Xilinx, Inc. All Rights Reserved. Copyright 2022-2025 Advanced Micro Devices, Inc. All Rights Reserved.
---------------------------------------------------------------------------------------------------------------------------------------------------------------------------------------------------------------------------------------
| Tool Version : Vivado v.2025.2 (win64) Build 6299465 Fri Nov 14 19:35:11 GMT 2025
| Date         : Sat Jun  6 13:50:02 2026
| Host         : Saksham running 64-bit major release  (build 9200)
| Command      : report_timing_summary -max_paths 10 -routable_nets -report_unconstrained -file pop_count_timing_summary_routed.rpt -pb pop_count_timing_summary_routed.pb -rpx pop_count_timing_summary_routed.rpx -warn_on_violation
| Design       : pop_count
| Device       : 7z020-clg484
| Speed File   : -1  PRODUCTION 1.12 2019-11-22
| Design State : Routed
---------------------------------------------------------------------------------------------------------------------------------------------------------------------------------------------------------------------------------------

Timing Summary Report

------------------------------------------------------------------------------------------------
| Timer Settings
| --------------
------------------------------------------------------------------------------------------------

  Enable Multi Corner Analysis               :  Yes
  Enable Pessimism Removal                   :  Yes
  Pessimism Removal Resolution               :  Nearest Common Node
  Enable Input Delay Default Clock           :  No
  Enable Preset / Clear Arcs                 :  No
  Disable Flight Delays                      :  No
  Ignore I/O Paths                           :  No
  Timing Early Launch at Borrowing Latches   :  No
  Borrow Time for Max Delay Exceptions       :  Yes
  Merge Timing Exceptions                    :  Yes
  Inter-SLR Compensation                     :  Conservative

  Corner  Analyze    Analyze    
  Name    Max Paths  Min Paths  
  ------  ---------  ---------  
  Slow    Yes        Yes        
  Fast    Yes        Yes        


------------------------------------------------------------------------------------------------
| Report Methodology
| ------------------
------------------------------------------------------------------------------------------------

No report available as report_methodology has not been run prior. Run report_methodology on the current design for the summary of methodology violations.



check_timing report

Table of Contents
-----------------
1. checking no_clock (0)
2. checking constant_clock (0)
3. checking pulse_width_clock (0)
4. checking unconstrained_internal_endpoints (0)
5. checking no_input_delay (0)
6. checking no_output_delay (0)
7. checking multiple_clock (0)
8. checking generated_clocks (0)
9. checking loops (0)
10. checking partial_input_delay (0)
11. checking partial_output_delay (0)
12. checking latch_loops (0)

1. checking no_clock (0)
------------------------
 There are 0 register/latch pins with no clock.


2. checking constant_clock (0)
------------------------------
 There are 0 register/latch pins with constant_clock.


3. checking pulse_width_clock (0)
---------------------------------
 There are 0 register/latch pins which need pulse_width check


4. checking unconstrained_internal_endpoints (0)
------------------------------------------------
 There are 0 pins that are not constrained for maximum delay.

 There are 0 pins that are not constrained for maximum delay due to constant clock.


5. checking no_input_delay (0)
------------------------------
 There are 0 input ports with no input delay specified.

 There are 0 input ports with no input delay but user has a false path constraint.


6. checking no_output_delay (0)
-------------------------------
 There are 0 ports with no output delay specified.

 There are 0 ports with no output delay but user has a false path constraint

 There are 0 ports with no output delay but with a timing clock defined on it or propagating through it


7. checking multiple_clock (0)
------------------------------
 There are 0 register/latch pins with multiple clocks.


8. checking generated_clocks (0)
--------------------------------
 There are 0 generated clocks that are not connected to a clock source.


9. checking loops (0)
---------------------
 There are 0 combinational loops in the design.


10. checking partial_input_delay (0)
------------------------------------
 There are 0 input ports with partial input delay specified.


11. checking partial_output_delay (0)
-------------------------------------
 There are 0 ports with partial output delay specified.


12. checking latch_loops (0)
----------------------------
 There are 0 combinational latch loops in the design through latch input



------------------------------------------------------------------------------------------------
| Design Timing Summary
| ---------------------
------------------------------------------------------------------------------------------------

    WNS(ns)      TNS(ns)  TNS Failing Endpoints  TNS Total Endpoints      WHS(ns)      THS(ns)  THS Failing Endpoints  THS Total Endpoints     WPWS(ns)     TPWS(ns)  TPWS Failing Endpoints  TPWS Total Endpoints  
    -------      -------  ---------------------  -------------------      -------      -------  ---------------------  -------------------     --------     --------  ----------------------  --------------------  
      2.367        0.000                      0                    4        4.979        0.000                      0                    4           NA           NA                      NA                    NA  


All user specified timing constraints are met.


------------------------------------------------------------------------------------------------
| Clock Summary
| -------------
------------------------------------------------------------------------------------------------

Clock  Waveform(ns)       Period(ns)      Frequency(MHz)
-----  ------------       ----------      --------------
vclk   {0.000 10.000}     20.000          50.000          


------------------------------------------------------------------------------------------------
| Intra Clock Table
| -----------------
------------------------------------------------------------------------------------------------

Clock             WNS(ns)      TNS(ns)  TNS Failing Endpoints  TNS Total Endpoints      WHS(ns)      THS(ns)  THS Failing Endpoints  THS Total Endpoints     WPWS(ns)     TPWS(ns)  TPWS Failing Endpoints  TPWS Total Endpoints  
-----             -------      -------  ---------------------  -------------------      -------      -------  ---------------------  -------------------     --------     --------  ----------------------  --------------------  
vclk                2.367        0.000                      0                    4        4.979        0.000                      0                    4                                                                          


------------------------------------------------------------------------------------------------
| Inter Clock Table
| -----------------
------------------------------------------------------------------------------------------------

From Clock    To Clock          WNS(ns)      TNS(ns)  TNS Failing Endpoints  TNS Total Endpoints      WHS(ns)      THS(ns)  THS Failing Endpoints  THS Total Endpoints  
----------    --------          -------      -------  ---------------------  -------------------      -------      -------  ---------------------  -------------------  


------------------------------------------------------------------------------------------------
| Other Path Groups Table
| -----------------------
------------------------------------------------------------------------------------------------

Path Group    From Clock    To Clock          WNS(ns)      TNS(ns)  TNS Failing Endpoints  TNS Total Endpoints      WHS(ns)      THS(ns)  THS Failing Endpoints  THS Total Endpoints  
----------    ----------    --------          -------      -------  ---------------------  -------------------      -------      -------  ---------------------  -------------------  


------------------------------------------------------------------------------------------------
| User Ignored Path Table
| -----------------------
------------------------------------------------------------------------------------------------

Path Group    From Clock    To Clock    
----------    ----------    --------    


------------------------------------------------------------------------------------------------
| Unconstrained Path Table
| ------------------------
------------------------------------------------------------------------------------------------

Path Group    From Clock    To Clock    
----------    ----------    --------    


------------------------------------------------------------------------------------------------
| Timing Details
| --------------
------------------------------------------------------------------------------------------------


---------------------------------------------------------------------------------------------------
From Clock:  vclk
  To Clock:  vclk

Setup :            0  Failing Endpoints,  Worst Slack        2.367ns,  Total Violation        0.000ns
Hold  :            0  Failing Endpoints,  Worst Slack        4.979ns,  Total Violation        0.000ns
PW    :           NA  Failing Endpoints,  Worst Slack           NA  ,  Total Violation           NA
---------------------------------------------------------------------------------------------------


Max Delay Paths
--------------------------------------------------------------------------------------
Slack (MET) :             2.367ns  (required time - arrival time)
  Source:                 in[6]
                            (input port clocked by vclk  {rise@0.000ns fall@10.000ns period=20.000ns})
  Destination:            out[1]
                            (output port clocked by vclk  {rise@0.000ns fall@10.000ns period=20.000ns})
  Path Group:             vclk
  Path Type:              Max at Slow Process Corner
  Requirement:            20.000ns  (vclk rise@20.000ns - vclk rise@0.000ns)
  Data Path Delay:        11.608ns  (logic 4.701ns (40.498%)  route 6.907ns (59.502%))
  Logic Levels:           4  (IBUF=1 LUT5=1 LUT6=1 OBUF=1)
  Input Delay:            3.000ns
  Output Delay:           3.000ns
  Clock Uncertainty:      0.025ns

    Location             Delay type                Incr(ns)  Path(ns)    Netlist Resource(s)
  -------------------------------------------------------------------    -------------------
                         (clock vclk rise edge)       0.000     0.000 r  
                         ideal clock network latency
                                                      0.000     0.000    
                         input delay                  3.000     3.000    
    H17                                               0.000     3.000 r  in[6] (IN)
                         net (fo=0)                   0.000     3.000    in[6]
    H17                  IBUF (Prop_ibuf_I_O)         0.939     3.939 r  in_IBUF[6]_inst/O
                         net (fo=5, routed)           3.171     7.110    in_IBUF[6]
    SLICE_X113Y100       LUT6 (Prop_lut6_I0_O)        0.124     7.234 r  out_OBUF[1]_inst_i_3/O
                         net (fo=1, routed)           0.149     7.383    out_OBUF[1]_inst_i_3_n_0
    SLICE_X113Y100       LUT5 (Prop_lut5_I1_O)        0.124     7.507 r  out_OBUF[1]_inst_i_1/O
                         net (fo=1, routed)           3.587    11.094    out_OBUF[1]
    T21                  OBUF (Prop_obuf_I_O)         3.514    14.608 r  out_OBUF[1]_inst/O
                         net (fo=0)                   0.000    14.608    out[1]
    T21                                                               r  out[1] (OUT)
  -------------------------------------------------------------------    -------------------

                         (clock vclk rise edge)      20.000    20.000 r  
                         ideal clock network latency
                                                      0.000    20.000    
                         clock pessimism              0.000    20.000    
                         clock uncertainty           -0.025    19.975    
                         output delay                -3.000    16.975    
  -------------------------------------------------------------------
                         required time                         16.975    
                         arrival time                         -14.608    
  -------------------------------------------------------------------
                         slack                                  2.367    

Slack (MET) :             2.434ns  (required time - arrival time)
  Source:                 in[6]
                            (input port clocked by vclk  {rise@0.000ns fall@10.000ns period=20.000ns})
  Destination:            out[0]
                            (output port clocked by vclk  {rise@0.000ns fall@10.000ns period=20.000ns})
  Path Group:             vclk
  Path Type:              Max at Slow Process Corner
  Requirement:            20.000ns  (vclk rise@20.000ns - vclk rise@0.000ns)
  Data Path Delay:        11.541ns  (logic 4.586ns (39.732%)  route 6.956ns (60.268%))
  Logic Levels:           3  (IBUF=1 LUT6=1 OBUF=1)
  Input Delay:            3.000ns
  Output Delay:           3.000ns
  Clock Uncertainty:      0.025ns

    Location             Delay type                Incr(ns)  Path(ns)    Netlist Resource(s)
  -------------------------------------------------------------------    -------------------
                         (clock vclk rise edge)       0.000     0.000 r  
                         ideal clock network latency
                                                      0.000     0.000    
                         input delay                  3.000     3.000    
    H17                                               0.000     3.000 r  in[6] (IN)
                         net (fo=0)                   0.000     3.000    in[6]
    H17                  IBUF (Prop_ibuf_I_O)         0.939     3.939 r  in_IBUF[6]_inst/O
                         net (fo=5, routed)           3.415     7.354    in_IBUF[6]
    SLICE_X113Y100       LUT6 (Prop_lut6_I5_O)        0.124     7.478 r  out_OBUF[0]_inst_i_1/O
                         net (fo=1, routed)           3.541    11.019    out_OBUF[0]
    T22                  OBUF (Prop_obuf_I_O)         3.522    14.541 r  out_OBUF[0]_inst/O
                         net (fo=0)                   0.000    14.541    out[0]
    T22                                                               r  out[0] (OUT)
  -------------------------------------------------------------------    -------------------

                         (clock vclk rise edge)      20.000    20.000 r  
                         ideal clock network latency
                                                      0.000    20.000    
                         clock pessimism              0.000    20.000    
                         clock uncertainty           -0.025    19.975    
                         output delay                -3.000    16.975    
  -------------------------------------------------------------------
                         required time                         16.975    
                         arrival time                         -14.541    
  -------------------------------------------------------------------
                         slack                                  2.434    

Slack (MET) :             2.467ns  (required time - arrival time)
  Source:                 in[6]
                            (input port clocked by vclk  {rise@0.000ns fall@10.000ns period=20.000ns})
  Destination:            out[2]
                            (output port clocked by vclk  {rise@0.000ns fall@10.000ns period=20.000ns})
  Path Group:             vclk
  Path Type:              Max at Slow Process Corner
  Requirement:            20.000ns  (vclk rise@20.000ns - vclk rise@0.000ns)
  Data Path Delay:        11.508ns  (logic 4.594ns (39.924%)  route 6.913ns (60.076%))
  Logic Levels:           3  (IBUF=1 LUT6=1 OBUF=1)
  Input Delay:            3.000ns
  Output Delay:           3.000ns
  Clock Uncertainty:      0.025ns

    Location             Delay type                Incr(ns)  Path(ns)    Netlist Resource(s)
  -------------------------------------------------------------------    -------------------
                         (clock vclk rise edge)       0.000     0.000 r  
                         ideal clock network latency
                                                      0.000     0.000    
                         input delay                  3.000     3.000    
    H17                                               0.000     3.000 r  in[6] (IN)
                         net (fo=0)                   0.000     3.000    in[6]
    H17                  IBUF (Prop_ibuf_I_O)         0.939     3.939 r  in_IBUF[6]_inst/O
                         net (fo=5, routed)           3.225     7.164    in_IBUF[6]
    SLICE_X112Y100       LUT6 (Prop_lut6_I4_O)        0.124     7.288 r  out_OBUF[2]_inst_i_1/O
                         net (fo=1, routed)           3.689    10.977    out_OBUF[2]
    U22                  OBUF (Prop_obuf_I_O)         3.531    14.508 r  out_OBUF[2]_inst/O
                         net (fo=0)                   0.000    14.508    out[2]
    U22                                                               r  out[2] (OUT)
  -------------------------------------------------------------------    -------------------

                         (clock vclk rise edge)      20.000    20.000 r  
                         ideal clock network latency
                                                      0.000    20.000    
                         clock pessimism              0.000    20.000    
                         clock uncertainty           -0.025    19.975    
                         output delay                -3.000    16.975    
  -------------------------------------------------------------------
                         required time                         16.975    
                         arrival time                         -14.508    
  -------------------------------------------------------------------
                         slack                                  2.467    

Slack (MET) :             2.613ns  (required time - arrival time)
  Source:                 in[6]
                            (input port clocked by vclk  {rise@0.000ns fall@10.000ns period=20.000ns})
  Destination:            out[3]
                            (output port clocked by vclk  {rise@0.000ns fall@10.000ns period=20.000ns})
  Path Group:             vclk
  Path Type:              Max at Slow Process Corner
  Requirement:            20.000ns  (vclk rise@20.000ns - vclk rise@0.000ns)
  Data Path Delay:        11.362ns  (logic 4.593ns (40.425%)  route 6.769ns (59.575%))
  Logic Levels:           3  (IBUF=1 LUT6=1 OBUF=1)
  Input Delay:            3.000ns
  Output Delay:           3.000ns
  Clock Uncertainty:      0.025ns

    Location             Delay type                Incr(ns)  Path(ns)    Netlist Resource(s)
  -------------------------------------------------------------------    -------------------
                         (clock vclk rise edge)       0.000     0.000 r  
                         ideal clock network latency
                                                      0.000     0.000    
                         input delay                  3.000     3.000    
    H17                                               0.000     3.000 r  in[6] (IN)
                         net (fo=0)                   0.000     3.000    in[6]
    H17                  IBUF (Prop_ibuf_I_O)         0.939     3.939 r  in_IBUF[6]_inst/O
                         net (fo=5, routed)           3.239     7.178    in_IBUF[6]
    SLICE_X112Y100       LUT6 (Prop_lut6_I2_O)        0.124     7.302 r  out_OBUF[3]_inst_i_1/O
                         net (fo=1, routed)           3.530    10.832    out_OBUF[3]
    U21                  OBUF (Prop_obuf_I_O)         3.530    14.362 r  out_OBUF[3]_inst/O
                         net (fo=0)                   0.000    14.362    out[3]
    U21                                                               r  out[3] (OUT)
  -------------------------------------------------------------------    -------------------

                         (clock vclk rise edge)      20.000    20.000 r  
                         ideal clock network latency
                                                      0.000    20.000    
                         clock pessimism              0.000    20.000    
                         clock uncertainty           -0.025    19.975    
                         output delay                -3.000    16.975    
  -------------------------------------------------------------------
                         required time                         16.975    
                         arrival time                         -14.362    
  -------------------------------------------------------------------
                         slack                                  2.613    





Min Delay Paths
--------------------------------------------------------------------------------------
Slack (MET) :             4.979ns  (arrival time - required time)
  Source:                 in[5]
                            (input port clocked by vclk  {rise@0.000ns fall@10.000ns period=20.000ns})
  Destination:            out[1]
                            (output port clocked by vclk  {rise@0.000ns fall@10.000ns period=20.000ns})
  Path Group:             vclk
  Path Type:              Min at Fast Process Corner
  Requirement:            0.000ns  (vclk rise@0.000ns - vclk rise@0.000ns)
  Data Path Delay:        3.004ns  (logic 1.468ns (48.867%)  route 1.536ns (51.133%))
  Logic Levels:           4  (IBUF=1 LUT3=1 LUT5=1 OBUF=1)
  Input Delay:            1.000ns
  Output Delay:           1.000ns
  Clock Uncertainty:      0.025ns

    Location             Delay type                Incr(ns)  Path(ns)    Netlist Resource(s)
  -------------------------------------------------------------------    -------------------
                         (clock vclk rise edge)       0.000     0.000 r  
                         ideal clock network latency
                                                      0.000     0.000    
                         input delay                  1.000     1.000    
    H18                                               0.000     1.000 r  in[5] (IN)
                         net (fo=0)                   0.000     1.000    in[5]
    H18                  IBUF (Prop_ibuf_I_O)         0.163     1.163 r  in_IBUF[5]_inst/O
                         net (fo=5, routed)           0.304     1.468    in_IBUF[5]
    SLICE_X113Y100       LUT3 (Prop_lut3_I2_O)        0.045     1.513 r  out_OBUF[1]_inst_i_2/O
                         net (fo=1, routed)           0.082     1.595    out_OBUF[1]_inst_i_2_n_0
    SLICE_X113Y100       LUT5 (Prop_lut5_I0_O)        0.045     1.640 r  out_OBUF[1]_inst_i_1/O
                         net (fo=1, routed)           1.150     2.790    out_OBUF[1]
    T21                  OBUF (Prop_obuf_I_O)         1.215     4.004 r  out_OBUF[1]_inst/O
                         net (fo=0)                   0.000     4.004    out[1]
    T21                                                               r  out[1] (OUT)
  -------------------------------------------------------------------    -------------------

                         (clock vclk rise edge)       0.000     0.000 r  
                         ideal clock network latency
                                                      0.000     0.000    
                         clock pessimism              0.000     0.000    
                         clock uncertainty            0.025     0.025    
                         output delay                -1.000    -0.975    
  -------------------------------------------------------------------
                         required time                          0.975    
                         arrival time                           4.004    
  -------------------------------------------------------------------
                         slack                                  4.979    

Slack (MET) :             5.035ns  (arrival time - required time)
  Source:                 in[4]
                            (input port clocked by vclk  {rise@0.000ns fall@10.000ns period=20.000ns})
  Destination:            out[0]
                            (output port clocked by vclk  {rise@0.000ns fall@10.000ns period=20.000ns})
  Path Group:             vclk
  Path Type:              Min at Fast Process Corner
  Requirement:            0.000ns  (vclk rise@0.000ns - vclk rise@0.000ns)
  Data Path Delay:        3.060ns  (logic 1.416ns (46.282%)  route 1.644ns (53.718%))
  Logic Levels:           3  (IBUF=1 LUT6=1 OBUF=1)
  Input Delay:            1.000ns
  Output Delay:           1.000ns
  Clock Uncertainty:      0.025ns

    Location             Delay type                Incr(ns)  Path(ns)    Netlist Resource(s)
  -------------------------------------------------------------------    -------------------
                         (clock vclk rise edge)       0.000     0.000 r  
                         ideal clock network latency
                                                      0.000     0.000    
                         input delay                  1.000     1.000    
    H19                                               0.000     1.000 r  in[4] (IN)
                         net (fo=0)                   0.000     1.000    in[4]
    H19                  IBUF (Prop_ibuf_I_O)         0.148     1.148 r  in_IBUF[4]_inst/O
                         net (fo=4, routed)           0.507     1.655    in_IBUF[4]
    SLICE_X113Y100       LUT6 (Prop_lut6_I1_O)        0.045     1.700 r  out_OBUF[0]_inst_i_1/O
                         net (fo=1, routed)           1.137     2.837    out_OBUF[0]
    T22                  OBUF (Prop_obuf_I_O)         1.223     4.060 r  out_OBUF[0]_inst/O
                         net (fo=0)                   0.000     4.060    out[0]
    T22                                                               r  out[0] (OUT)
  -------------------------------------------------------------------    -------------------

                         (clock vclk rise edge)       0.000     0.000 r  
                         ideal clock network latency
                                                      0.000     0.000    
                         clock pessimism              0.000     0.000    
                         clock uncertainty            0.025     0.025    
                         output delay                -1.000    -0.975    
  -------------------------------------------------------------------
                         required time                          0.975    
                         arrival time                           4.060    
  -------------------------------------------------------------------
                         slack                                  5.035    

Slack (MET) :             5.044ns  (arrival time - required time)
  Source:                 in[5]
                            (input port clocked by vclk  {rise@0.000ns fall@10.000ns period=20.000ns})
  Destination:            out[3]
                            (output port clocked by vclk  {rise@0.000ns fall@10.000ns period=20.000ns})
  Path Group:             vclk
  Path Type:              Min at Fast Process Corner
  Requirement:            0.000ns  (vclk rise@0.000ns - vclk rise@0.000ns)
  Data Path Delay:        3.069ns  (logic 1.439ns (46.896%)  route 1.630ns (53.104%))
  Logic Levels:           3  (IBUF=1 LUT6=1 OBUF=1)
  Input Delay:            1.000ns
  Output Delay:           1.000ns
  Clock Uncertainty:      0.025ns

    Location             Delay type                Incr(ns)  Path(ns)    Netlist Resource(s)
  -------------------------------------------------------------------    -------------------
                         (clock vclk rise edge)       0.000     0.000 r  
                         ideal clock network latency
                                                      0.000     0.000    
                         input delay                  1.000     1.000    
    H18                                               0.000     1.000 r  in[5] (IN)
                         net (fo=0)                   0.000     1.000    in[5]
    H18                  IBUF (Prop_ibuf_I_O)         0.163     1.163 r  in_IBUF[5]_inst/O
                         net (fo=5, routed)           0.488     1.651    in_IBUF[5]
    SLICE_X112Y100       LUT6 (Prop_lut6_I3_O)        0.045     1.696 r  out_OBUF[3]_inst_i_1/O
                         net (fo=1, routed)           1.142     2.838    out_OBUF[3]
    U21                  OBUF (Prop_obuf_I_O)         1.231     4.069 r  out_OBUF[3]_inst/O
                         net (fo=0)                   0.000     4.069    out[3]
    U21                                                               r  out[3] (OUT)
  -------------------------------------------------------------------    -------------------

                         (clock vclk rise edge)       0.000     0.000 r  
                         ideal clock network latency
                                                      0.000     0.000    
                         clock pessimism              0.000     0.000    
                         clock uncertainty            0.025     0.025    
                         output delay                -1.000    -0.975    
  -------------------------------------------------------------------
                         required time                          0.975    
                         arrival time                           4.069    
  -------------------------------------------------------------------
                         slack                                  5.044    

Slack (MET) :             5.132ns  (arrival time - required time)
  Source:                 in[5]
                            (input port clocked by vclk  {rise@0.000ns fall@10.000ns period=20.000ns})
  Destination:            out[2]
                            (output port clocked by vclk  {rise@0.000ns fall@10.000ns period=20.000ns})
  Path Group:             vclk
  Path Type:              Min at Fast Process Corner
  Requirement:            0.000ns  (vclk rise@0.000ns - vclk rise@0.000ns)
  Data Path Delay:        3.157ns  (logic 1.440ns (45.624%)  route 1.717ns (54.376%))
  Logic Levels:           3  (IBUF=1 LUT6=1 OBUF=1)
  Input Delay:            1.000ns
  Output Delay:           1.000ns
  Clock Uncertainty:      0.025ns

    Location             Delay type                Incr(ns)  Path(ns)    Netlist Resource(s)
  -------------------------------------------------------------------    -------------------
                         (clock vclk rise edge)       0.000     0.000 r  
                         ideal clock network latency
                                                      0.000     0.000    
                         input delay                  1.000     1.000    
    H18                                               0.000     1.000 r  in[5] (IN)
                         net (fo=0)                   0.000     1.000    in[5]
    H18                  IBUF (Prop_ibuf_I_O)         0.163     1.163 r  in_IBUF[5]_inst/O
                         net (fo=5, routed)           0.509     1.673    in_IBUF[5]
    SLICE_X112Y100       LUT6 (Prop_lut6_I3_O)        0.045     1.718 r  out_OBUF[2]_inst_i_1/O
                         net (fo=1, routed)           1.208     2.925    out_OBUF[2]
    U22                  OBUF (Prop_obuf_I_O)         1.232     4.157 r  out_OBUF[2]_inst/O
                         net (fo=0)                   0.000     4.157    out[2]
    U22                                                               r  out[2] (OUT)
  -------------------------------------------------------------------    -------------------

                         (clock vclk rise edge)       0.000     0.000 r  
                         ideal clock network latency
                                                      0.000     0.000    
                         clock pessimism              0.000     0.000    
                         clock uncertainty            0.025     0.025    
                         output delay                -1.000    -0.975    
  -------------------------------------------------------------------
                         required time                          0.975    
                         arrival time                           4.157    
  -------------------------------------------------------------------
                         slack                                  5.132    






