Copyright 1986-2022 Xilinx, Inc. All Rights Reserved. Copyright 2022-2025 Advanced Micro Devices, Inc. All Rights Reserved.
------------------------------------------------------------------------------------------------------------------------------------------------------------------------------------------------------------------------
| Tool Version : Vivado v.2025.2 (win64) Build 6299465 Fri Nov 14 19:35:11 GMT 2025
| Date         : Thu Jun 18 18:10:04 2026
| Host         : Saksham running 64-bit major release  (build 9200)
| Command      : report_timing_summary -max_paths 10 -routable_nets -report_unconstrained -file vend_timing_summary_routed.rpt -pb vend_timing_summary_routed.pb -rpx vend_timing_summary_routed.rpx -warn_on_violation
| Design       : vend
| Device       : 7z020-clg484
| Speed File   : -1  PRODUCTION 1.12 2019-11-22
| Design State : Routed
------------------------------------------------------------------------------------------------------------------------------------------------------------------------------------------------------------------------

Timing Summary Report

------------------------------------------------------------------------------------------------
| Timer Settings
| --------------
------------------------------------------------------------------------------------------------

  Enable Multi Corner Analysis               :  Yes
  Enable Pessimism Removal                   :  Yes
  Pessimism Removal Resolution               :  Nearest Common Node
  Enable Input Delay Default Clock           :  No
  Enable Preset / Clear Arcs                 :  No
  Disable Flight Delays                      :  No
  Ignore I/O Paths                           :  No
  Timing Early Launch at Borrowing Latches   :  No
  Borrow Time for Max Delay Exceptions       :  Yes
  Merge Timing Exceptions                    :  Yes
  Inter-SLR Compensation                     :  Conservative

  Corner  Analyze    Analyze    
  Name    Max Paths  Min Paths  
  ------  ---------  ---------  
  Slow    Yes        Yes        
  Fast    Yes        Yes        


------------------------------------------------------------------------------------------------
| Report Methodology
| ------------------
------------------------------------------------------------------------------------------------

Rule       Severity  Description                    Violations  
---------  --------  -----------------------------  ----------  
TIMING-18  Warning   Missing input or output delay  5           

Note: This report is based on the most recent report_methodology run and may not be up-to-date. Run report_methodology on the current design for the latest report.



check_timing report

Table of Contents
-----------------
1. checking no_clock (0)
2. checking constant_clock (0)
3. checking pulse_width_clock (0)
4. checking unconstrained_internal_endpoints (0)
5. checking no_input_delay (3)
6. checking no_output_delay (2)
7. checking multiple_clock (0)
8. checking generated_clocks (0)
9. checking loops (0)
10. checking partial_input_delay (0)
11. checking partial_output_delay (0)
12. checking latch_loops (0)

1. checking no_clock (0)
------------------------
 There are 0 register/latch pins with no clock.


2. checking constant_clock (0)
------------------------------
 There are 0 register/latch pins with constant_clock.


3. checking pulse_width_clock (0)
---------------------------------
 There are 0 register/latch pins which need pulse_width check


4. checking unconstrained_internal_endpoints (0)
------------------------------------------------
 There are 0 pins that are not constrained for maximum delay.

 There are 0 pins that are not constrained for maximum delay due to constant clock.


5. checking no_input_delay (3)
------------------------------
 There are 3 input ports with no input delay specified. (HIGH)

 There are 0 input ports with no input delay but user has a false path constraint.


6. checking no_output_delay (2)
-------------------------------
 There are 2 ports with no output delay specified. (HIGH)

 There are 0 ports with no output delay but user has a false path constraint

 There are 0 ports with no output delay but with a timing clock defined on it or propagating through it


7. checking multiple_clock (0)
------------------------------
 There are 0 register/latch pins with multiple clocks.


8. checking generated_clocks (0)
--------------------------------
 There are 0 generated clocks that are not connected to a clock source.


9. checking loops (0)
---------------------
 There are 0 combinational loops in the design.


10. checking partial_input_delay (0)
------------------------------------
 There are 0 input ports with partial input delay specified.


11. checking partial_output_delay (0)
-------------------------------------
 There are 0 ports with partial output delay specified.


12. checking latch_loops (0)
----------------------------
 There are 0 combinational latch loops in the design through latch input



------------------------------------------------------------------------------------------------
| Design Timing Summary
| ---------------------
------------------------------------------------------------------------------------------------

    WNS(ns)      TNS(ns)  TNS Failing Endpoints  TNS Total Endpoints      WHS(ns)      THS(ns)  THS Failing Endpoints  THS Total Endpoints     WPWS(ns)     TPWS(ns)  TPWS Failing Endpoints  TPWS Total Endpoints  
    -------      -------  ---------------------  -------------------      -------      -------  ---------------------  -------------------     --------     --------  ----------------------  --------------------  
      7.909        0.000                      0                    4        0.500        0.000                      0                    4        4.500        0.000                       0                     5  


All user specified timing constraints are met.


------------------------------------------------------------------------------------------------
| Clock Summary
| -------------
------------------------------------------------------------------------------------------------

Clock        Waveform(ns)       Period(ns)      Frequency(MHz)
-----        ------------       ----------      --------------
sys_clk_pin  {0.000 5.000}      10.000          100.000         


------------------------------------------------------------------------------------------------
| Intra Clock Table
| -----------------
------------------------------------------------------------------------------------------------

Clock             WNS(ns)      TNS(ns)  TNS Failing Endpoints  TNS Total Endpoints      WHS(ns)      THS(ns)  THS Failing Endpoints  THS Total Endpoints     WPWS(ns)     TPWS(ns)  TPWS Failing Endpoints  TPWS Total Endpoints  
-----             -------      -------  ---------------------  -------------------      -------      -------  ---------------------  -------------------     --------     --------  ----------------------  --------------------  
sys_clk_pin         7.909        0.000                      0                    4        0.500        0.000                      0                    4        4.500        0.000                       0                     5  


------------------------------------------------------------------------------------------------
| Inter Clock Table
| -----------------
------------------------------------------------------------------------------------------------

From Clock    To Clock          WNS(ns)      TNS(ns)  TNS Failing Endpoints  TNS Total Endpoints      WHS(ns)      THS(ns)  THS Failing Endpoints  THS Total Endpoints  
----------    --------          -------      -------  ---------------------  -------------------      -------      -------  ---------------------  -------------------  


------------------------------------------------------------------------------------------------
| Other Path Groups Table
| -----------------------
------------------------------------------------------------------------------------------------

Path Group    From Clock    To Clock          WNS(ns)      TNS(ns)  TNS Failing Endpoints  TNS Total Endpoints      WHS(ns)      THS(ns)  THS Failing Endpoints  THS Total Endpoints  
----------    ----------    --------          -------      -------  ---------------------  -------------------      -------      -------  ---------------------  -------------------  


------------------------------------------------------------------------------------------------
| User Ignored Path Table
| -----------------------
------------------------------------------------------------------------------------------------

Path Group    From Clock    To Clock    
----------    ----------    --------    


------------------------------------------------------------------------------------------------
| Unconstrained Path Table
| ------------------------
------------------------------------------------------------------------------------------------

Path Group    From Clock    To Clock    
----------    ----------    --------    
(none)        sys_clk_pin                 
(none)                      sys_clk_pin   


------------------------------------------------------------------------------------------------
| Timing Details
| --------------
------------------------------------------------------------------------------------------------


---------------------------------------------------------------------------------------------------
From Clock:  sys_clk_pin
  To Clock:  sys_clk_pin

Setup :            0  Failing Endpoints,  Worst Slack        7.909ns,  Total Violation        0.000ns
Hold  :            0  Failing Endpoints,  Worst Slack        0.500ns,  Total Violation        0.000ns
PW    :            0  Failing Endpoints,  Worst Slack        4.500ns,  Total Violation        0.000ns
---------------------------------------------------------------------------------------------------


Max Delay Paths
--------------------------------------------------------------------------------------
Slack (MET) :             7.909ns  (required time - arrival time)
  Source:                 FSM_sequential_curstate_reg[0]/C
                            (rising edge-triggered cell FDCE clocked by sys_clk_pin  {rise@0.000ns fall@5.000ns period=10.000ns})
  Destination:            FSM_sequential_curstate_reg[0]/D
                            (rising edge-triggered cell FDCE clocked by sys_clk_pin  {rise@0.000ns fall@5.000ns period=10.000ns})
  Path Group:             sys_clk_pin
  Path Type:              Setup (Max at Slow Process Corner)
  Requirement:            10.000ns  (sys_clk_pin rise@10.000ns - sys_clk_pin rise@0.000ns)
  Data Path Delay:        2.133ns  (logic 0.642ns (30.097%)  route 1.491ns (69.903%))
  Logic Levels:           1  (LUT4=1)
  Clock Path Skew:        0.000ns (DCD - SCD + CPR)
    Destination Clock Delay (DCD):    5.171ns = ( 15.171 - 10.000 ) 
    Source Clock Delay      (SCD):    5.630ns
    Clock Pessimism Removal (CPR):    0.459ns
  Clock Uncertainty:      0.035ns  ((TSJ^2 + TIJ^2)^1/2 + DJ) / 2 + PE
    Total System Jitter     (TSJ):    0.071ns
    Total Input Jitter      (TIJ):    0.000ns
    Discrete Jitter          (DJ):    0.000ns
    Phase Error              (PE):    0.000ns

    Location             Delay type                Incr(ns)  Path(ns)    Netlist Resource(s)
  -------------------------------------------------------------------    -------------------
                         (clock sys_clk_pin rise edge)
                                                      0.000     0.000 r  
    Y9                                                0.000     0.000 r  clk (IN)
                         net (fo=0)                   0.000     0.000    clk
    Y9                   IBUF (Prop_ibuf_I_O)         1.490     1.490 r  clk_IBUF_inst/O
                         net (fo=1, routed)           2.171     3.661    clk_IBUF
    BUFGCTRL_X0Y0        BUFG (Prop_bufg_I_O)         0.101     3.762 r  clk_IBUF_BUFG_inst/O
                         net (fo=4, routed)           1.868     5.630    clk_IBUF_BUFG
    SLICE_X112Y53        FDCE                                         r  FSM_sequential_curstate_reg[0]/C
  -------------------------------------------------------------------    -------------------
    SLICE_X112Y53        FDCE (Prop_fdce_C_Q)         0.518     6.148 r  FSM_sequential_curstate_reg[0]/Q
                         net (fo=4, routed)           1.491     7.639    curstate[0]
    SLICE_X112Y53        LUT4 (Prop_lut4_I2_O)        0.124     7.763 r  FSM_sequential_curstate[0]_i_1/O
                         net (fo=1, routed)           0.000     7.763    curstate__0[0]
    SLICE_X112Y53        FDCE                                         r  FSM_sequential_curstate_reg[0]/D
  -------------------------------------------------------------------    -------------------

                         (clock sys_clk_pin rise edge)
                                                     10.000    10.000 r  
    Y9                                                0.000    10.000 r  clk (IN)
                         net (fo=0)                   0.000    10.000    clk
    Y9                   IBUF (Prop_ibuf_I_O)         1.420    11.420 r  clk_IBUF_inst/O
                         net (fo=1, routed)           1.972    13.392    clk_IBUF
    BUFGCTRL_X0Y0        BUFG (Prop_bufg_I_O)         0.091    13.483 r  clk_IBUF_BUFG_inst/O
                         net (fo=4, routed)           1.689    15.171    clk_IBUF_BUFG
    SLICE_X112Y53        FDCE                                         r  FSM_sequential_curstate_reg[0]/C
                         clock pessimism              0.459    15.630    
                         clock uncertainty           -0.035    15.595    
    SLICE_X112Y53        FDCE (Setup_fdce_C_D)        0.077    15.672    FSM_sequential_curstate_reg[0]
  -------------------------------------------------------------------
                         required time                         15.672    
                         arrival time                          -7.763    
  -------------------------------------------------------------------
                         slack                                  7.909    

Slack (MET) :             7.923ns  (required time - arrival time)
  Source:                 FSM_sequential_curstate_reg[0]/C
                            (rising edge-triggered cell FDCE clocked by sys_clk_pin  {rise@0.000ns fall@5.000ns period=10.000ns})
  Destination:            change_reg/D
                            (rising edge-triggered cell FDCE clocked by sys_clk_pin  {rise@0.000ns fall@5.000ns period=10.000ns})
  Path Group:             sys_clk_pin
  Path Type:              Setup (Max at Slow Process Corner)
  Requirement:            10.000ns  (sys_clk_pin rise@10.000ns - sys_clk_pin rise@0.000ns)
  Data Path Delay:        2.123ns  (logic 0.642ns (30.239%)  route 1.481ns (69.761%))
  Logic Levels:           1  (LUT4=1)
  Clock Path Skew:        0.000ns (DCD - SCD + CPR)
    Destination Clock Delay (DCD):    5.171ns = ( 15.171 - 10.000 ) 
    Source Clock Delay      (SCD):    5.630ns
    Clock Pessimism Removal (CPR):    0.459ns
  Clock Uncertainty:      0.035ns  ((TSJ^2 + TIJ^2)^1/2 + DJ) / 2 + PE
    Total System Jitter     (TSJ):    0.071ns
    Total Input Jitter      (TIJ):    0.000ns
    Discrete Jitter          (DJ):    0.000ns
    Phase Error              (PE):    0.000ns

    Location             Delay type                Incr(ns)  Path(ns)    Netlist Resource(s)
  -------------------------------------------------------------------    -------------------
                         (clock sys_clk_pin rise edge)
                                                      0.000     0.000 r  
    Y9                                                0.000     0.000 r  clk (IN)
                         net (fo=0)                   0.000     0.000    clk
    Y9                   IBUF (Prop_ibuf_I_O)         1.490     1.490 r  clk_IBUF_inst/O
                         net (fo=1, routed)           2.171     3.661    clk_IBUF
    BUFGCTRL_X0Y0        BUFG (Prop_bufg_I_O)         0.101     3.762 r  clk_IBUF_BUFG_inst/O
                         net (fo=4, routed)           1.868     5.630    clk_IBUF_BUFG
    SLICE_X112Y53        FDCE                                         r  FSM_sequential_curstate_reg[0]/C
  -------------------------------------------------------------------    -------------------
    SLICE_X112Y53        FDCE (Prop_fdce_C_Q)         0.518     6.148 f  FSM_sequential_curstate_reg[0]/Q
                         net (fo=4, routed)           1.481     7.629    curstate[0]
    SLICE_X112Y53        LUT4 (Prop_lut4_I0_O)        0.124     7.753 r  change_i_1/O
                         net (fo=1, routed)           0.000     7.753    change_i_1_n_0
    SLICE_X112Y53        FDCE                                         r  change_reg/D
  -------------------------------------------------------------------    -------------------

                         (clock sys_clk_pin rise edge)
                                                     10.000    10.000 r  
    Y9                                                0.000    10.000 r  clk (IN)
                         net (fo=0)                   0.000    10.000    clk
    Y9                   IBUF (Prop_ibuf_I_O)         1.420    11.420 r  clk_IBUF_inst/O
                         net (fo=1, routed)           1.972    13.392    clk_IBUF
    BUFGCTRL_X0Y0        BUFG (Prop_bufg_I_O)         0.091    13.483 r  clk_IBUF_BUFG_inst/O
                         net (fo=4, routed)           1.689    15.171    clk_IBUF_BUFG
    SLICE_X112Y53        FDCE                                         r  change_reg/C
                         clock pessimism              0.459    15.630    
                         clock uncertainty           -0.035    15.595    
    SLICE_X112Y53        FDCE (Setup_fdce_C_D)        0.081    15.676    change_reg
  -------------------------------------------------------------------
                         required time                         15.676    
                         arrival time                          -7.753    
  -------------------------------------------------------------------
                         slack                                  7.923    

Slack (MET) :             7.924ns  (required time - arrival time)
  Source:                 FSM_sequential_curstate_reg[0]/C
                            (rising edge-triggered cell FDCE clocked by sys_clk_pin  {rise@0.000ns fall@5.000ns period=10.000ns})
  Destination:            FSM_sequential_curstate_reg[1]/D
                            (rising edge-triggered cell FDCE clocked by sys_clk_pin  {rise@0.000ns fall@5.000ns period=10.000ns})
  Path Group:             sys_clk_pin
  Path Type:              Setup (Max at Slow Process Corner)
  Requirement:            10.000ns  (sys_clk_pin rise@10.000ns - sys_clk_pin rise@0.000ns)
  Data Path Delay:        2.159ns  (logic 0.668ns (30.939%)  route 1.491ns (69.061%))
  Logic Levels:           1  (LUT4=1)
  Clock Path Skew:        0.000ns (DCD - SCD + CPR)
    Destination Clock Delay (DCD):    5.171ns = ( 15.171 - 10.000 ) 
    Source Clock Delay      (SCD):    5.630ns
    Clock Pessimism Removal (CPR):    0.459ns
  Clock Uncertainty:      0.035ns  ((TSJ^2 + TIJ^2)^1/2 + DJ) / 2 + PE
    Total System Jitter     (TSJ):    0.071ns
    Total Input Jitter      (TIJ):    0.000ns
    Discrete Jitter          (DJ):    0.000ns
    Phase Error              (PE):    0.000ns

    Location             Delay type                Incr(ns)  Path(ns)    Netlist Resource(s)
  -------------------------------------------------------------------    -------------------
                         (clock sys_clk_pin rise edge)
                                                      0.000     0.000 r  
    Y9                                                0.000     0.000 r  clk (IN)
                         net (fo=0)                   0.000     0.000    clk
    Y9                   IBUF (Prop_ibuf_I_O)         1.490     1.490 r  clk_IBUF_inst/O
                         net (fo=1, routed)           2.171     3.661    clk_IBUF
    BUFGCTRL_X0Y0        BUFG (Prop_bufg_I_O)         0.101     3.762 r  clk_IBUF_BUFG_inst/O
                         net (fo=4, routed)           1.868     5.630    clk_IBUF_BUFG
    SLICE_X112Y53        FDCE                                         r  FSM_sequential_curstate_reg[0]/C
  -------------------------------------------------------------------    -------------------
    SLICE_X112Y53        FDCE (Prop_fdce_C_Q)         0.518     6.148 r  FSM_sequential_curstate_reg[0]/Q
                         net (fo=4, routed)           1.491     7.639    curstate[0]
    SLICE_X112Y53        LUT4 (Prop_lut4_I0_O)        0.150     7.789 r  FSM_sequential_curstate[1]_i_1/O
                         net (fo=1, routed)           0.000     7.789    curstate__0[1]
    SLICE_X112Y53        FDCE                                         r  FSM_sequential_curstate_reg[1]/D
  -------------------------------------------------------------------    -------------------

                         (clock sys_clk_pin rise edge)
                                                     10.000    10.000 r  
    Y9                                                0.000    10.000 r  clk (IN)
                         net (fo=0)                   0.000    10.000    clk
    Y9                   IBUF (Prop_ibuf_I_O)         1.420    11.420 r  clk_IBUF_inst/O
                         net (fo=1, routed)           1.972    13.392    clk_IBUF
    BUFGCTRL_X0Y0        BUFG (Prop_bufg_I_O)         0.091    13.483 r  clk_IBUF_BUFG_inst/O
                         net (fo=4, routed)           1.689    15.171    clk_IBUF_BUFG
    SLICE_X112Y53        FDCE                                         r  FSM_sequential_curstate_reg[1]/C
                         clock pessimism              0.459    15.630    
                         clock uncertainty           -0.035    15.595    
    SLICE_X112Y53        FDCE (Setup_fdce_C_D)        0.118    15.713    FSM_sequential_curstate_reg[1]
  -------------------------------------------------------------------
                         required time                         15.713    
                         arrival time                          -7.789    
  -------------------------------------------------------------------
                         slack                                  7.924    

Slack (MET) :             7.932ns  (required time - arrival time)
  Source:                 FSM_sequential_curstate_reg[0]/C
                            (rising edge-triggered cell FDCE clocked by sys_clk_pin  {rise@0.000ns fall@5.000ns period=10.000ns})
  Destination:            dispense_reg/D
                            (rising edge-triggered cell FDCE clocked by sys_clk_pin  {rise@0.000ns fall@5.000ns period=10.000ns})
  Path Group:             sys_clk_pin
  Path Type:              Setup (Max at Slow Process Corner)
  Requirement:            10.000ns  (sys_clk_pin rise@10.000ns - sys_clk_pin rise@0.000ns)
  Data Path Delay:        2.151ns  (logic 0.670ns (31.147%)  route 1.481ns (68.853%))
  Logic Levels:           1  (LUT4=1)
  Clock Path Skew:        0.000ns (DCD - SCD + CPR)
    Destination Clock Delay (DCD):    5.171ns = ( 15.171 - 10.000 ) 
    Source Clock Delay      (SCD):    5.630ns
    Clock Pessimism Removal (CPR):    0.459ns
  Clock Uncertainty:      0.035ns  ((TSJ^2 + TIJ^2)^1/2 + DJ) / 2 + PE
    Total System Jitter     (TSJ):    0.071ns
    Total Input Jitter      (TIJ):    0.000ns
    Discrete Jitter          (DJ):    0.000ns
    Phase Error              (PE):    0.000ns

    Location             Delay type                Incr(ns)  Path(ns)    Netlist Resource(s)
  -------------------------------------------------------------------    -------------------
                         (clock sys_clk_pin rise edge)
                                                      0.000     0.000 r  
    Y9                                                0.000     0.000 r  clk (IN)
                         net (fo=0)                   0.000     0.000    clk
    Y9                   IBUF (Prop_ibuf_I_O)         1.490     1.490 r  clk_IBUF_inst/O
                         net (fo=1, routed)           2.171     3.661    clk_IBUF
    BUFGCTRL_X0Y0        BUFG (Prop_bufg_I_O)         0.101     3.762 r  clk_IBUF_BUFG_inst/O
                         net (fo=4, routed)           1.868     5.630    clk_IBUF_BUFG
    SLICE_X112Y53        FDCE                                         r  FSM_sequential_curstate_reg[0]/C
  -------------------------------------------------------------------    -------------------
    SLICE_X112Y53        FDCE (Prop_fdce_C_Q)         0.518     6.148 r  FSM_sequential_curstate_reg[0]/Q
                         net (fo=4, routed)           1.481     7.629    curstate[0]
    SLICE_X112Y53        LUT4 (Prop_lut4_I0_O)        0.152     7.781 r  dispense_i_1/O
                         net (fo=1, routed)           0.000     7.781    dispense_i_1_n_0
    SLICE_X112Y53        FDCE                                         r  dispense_reg/D
  -------------------------------------------------------------------    -------------------

                         (clock sys_clk_pin rise edge)
                                                     10.000    10.000 r  
    Y9                                                0.000    10.000 r  clk (IN)
                         net (fo=0)                   0.000    10.000    clk
    Y9                   IBUF (Prop_ibuf_I_O)         1.420    11.420 r  clk_IBUF_inst/O
                         net (fo=1, routed)           1.972    13.392    clk_IBUF
    BUFGCTRL_X0Y0        BUFG (Prop_bufg_I_O)         0.091    13.483 r  clk_IBUF_BUFG_inst/O
                         net (fo=4, routed)           1.689    15.171    clk_IBUF_BUFG
    SLICE_X112Y53        FDCE                                         r  dispense_reg/C
                         clock pessimism              0.459    15.630    
                         clock uncertainty           -0.035    15.595    
    SLICE_X112Y53        FDCE (Setup_fdce_C_D)        0.118    15.713    dispense_reg
  -------------------------------------------------------------------
                         required time                         15.713    
                         arrival time                          -7.781    
  -------------------------------------------------------------------
                         slack                                  7.932    





Min Delay Paths
--------------------------------------------------------------------------------------
Slack (MET) :             0.500ns  (arrival time - required time)
  Source:                 FSM_sequential_curstate_reg[1]/C
                            (rising edge-triggered cell FDCE clocked by sys_clk_pin  {rise@0.000ns fall@5.000ns period=10.000ns})
  Destination:            dispense_reg/D
                            (rising edge-triggered cell FDCE clocked by sys_clk_pin  {rise@0.000ns fall@5.000ns period=10.000ns})
  Path Group:             sys_clk_pin
  Path Type:              Hold (Min at Fast Process Corner)
  Requirement:            0.000ns  (sys_clk_pin rise@0.000ns - sys_clk_pin rise@0.000ns)
  Data Path Delay:        0.631ns  (logic 0.249ns (39.468%)  route 0.382ns (60.532%))
  Logic Levels:           1  (LUT4=1)
  Clock Path Skew:        0.000ns (DCD - SCD - CPR)
    Destination Clock Delay (DCD):    2.104ns
    Source Clock Delay      (SCD):    1.585ns
    Clock Pessimism Removal (CPR):    0.519ns

    Location             Delay type                Incr(ns)  Path(ns)    Netlist Resource(s)
  -------------------------------------------------------------------    -------------------
                         (clock sys_clk_pin rise edge)
                                                      0.000     0.000 r  
    Y9                                                0.000     0.000 r  clk (IN)
                         net (fo=0)                   0.000     0.000    clk
    Y9                   IBUF (Prop_ibuf_I_O)         0.258     0.258 r  clk_IBUF_inst/O
                         net (fo=1, routed)           0.663     0.921    clk_IBUF
    BUFGCTRL_X0Y0        BUFG (Prop_bufg_I_O)         0.026     0.947 r  clk_IBUF_BUFG_inst/O
                         net (fo=4, routed)           0.638     1.585    clk_IBUF_BUFG
    SLICE_X112Y53        FDCE                                         r  FSM_sequential_curstate_reg[1]/C
  -------------------------------------------------------------------    -------------------
    SLICE_X112Y53        FDCE (Prop_fdce_C_Q)         0.148     1.733 r  FSM_sequential_curstate_reg[1]/Q
                         net (fo=4, routed)           0.382     2.115    curstate[1]
    SLICE_X112Y53        LUT4 (Prop_lut4_I1_O)        0.101     2.216 r  dispense_i_1/O
                         net (fo=1, routed)           0.000     2.216    dispense_i_1_n_0
    SLICE_X112Y53        FDCE                                         r  dispense_reg/D
  -------------------------------------------------------------------    -------------------

                         (clock sys_clk_pin rise edge)
                                                      0.000     0.000 r  
    Y9                                                0.000     0.000 r  clk (IN)
                         net (fo=0)                   0.000     0.000    clk
    Y9                   IBUF (Prop_ibuf_I_O)         0.446     0.446 r  clk_IBUF_inst/O
                         net (fo=1, routed)           0.719     1.165    clk_IBUF
    BUFGCTRL_X0Y0        BUFG (Prop_bufg_I_O)         0.029     1.194 r  clk_IBUF_BUFG_inst/O
                         net (fo=4, routed)           0.910     2.104    clk_IBUF_BUFG
    SLICE_X112Y53        FDCE                                         r  dispense_reg/C
                         clock pessimism             -0.519     1.585    
    SLICE_X112Y53        FDCE (Hold_fdce_C_D)         0.131     1.716    dispense_reg
  -------------------------------------------------------------------
                         required time                         -1.716    
                         arrival time                           2.216    
  -------------------------------------------------------------------
                         slack                                  0.500    

Slack (MET) :             0.507ns  (arrival time - required time)
  Source:                 FSM_sequential_curstate_reg[1]/C
                            (rising edge-triggered cell FDCE clocked by sys_clk_pin  {rise@0.000ns fall@5.000ns period=10.000ns})
  Destination:            change_reg/D
                            (rising edge-triggered cell FDCE clocked by sys_clk_pin  {rise@0.000ns fall@5.000ns period=10.000ns})
  Path Group:             sys_clk_pin
  Path Type:              Hold (Min at Fast Process Corner)
  Requirement:            0.000ns  (sys_clk_pin rise@0.000ns - sys_clk_pin rise@0.000ns)
  Data Path Delay:        0.628ns  (logic 0.246ns (39.179%)  route 0.382ns (60.821%))
  Logic Levels:           1  (LUT4=1)
  Clock Path Skew:        0.000ns (DCD - SCD - CPR)
    Destination Clock Delay (DCD):    2.104ns
    Source Clock Delay      (SCD):    1.585ns
    Clock Pessimism Removal (CPR):    0.519ns

    Location             Delay type                Incr(ns)  Path(ns)    Netlist Resource(s)
  -------------------------------------------------------------------    -------------------
                         (clock sys_clk_pin rise edge)
                                                      0.000     0.000 r  
    Y9                                                0.000     0.000 r  clk (IN)
                         net (fo=0)                   0.000     0.000    clk
    Y9                   IBUF (Prop_ibuf_I_O)         0.258     0.258 r  clk_IBUF_inst/O
                         net (fo=1, routed)           0.663     0.921    clk_IBUF
    BUFGCTRL_X0Y0        BUFG (Prop_bufg_I_O)         0.026     0.947 r  clk_IBUF_BUFG_inst/O
                         net (fo=4, routed)           0.638     1.585    clk_IBUF_BUFG
    SLICE_X112Y53        FDCE                                         r  FSM_sequential_curstate_reg[1]/C
  -------------------------------------------------------------------    -------------------
    SLICE_X112Y53        FDCE (Prop_fdce_C_Q)         0.148     1.733 r  FSM_sequential_curstate_reg[1]/Q
                         net (fo=4, routed)           0.382     2.115    curstate[1]
    SLICE_X112Y53        LUT4 (Prop_lut4_I3_O)        0.098     2.213 r  change_i_1/O
                         net (fo=1, routed)           0.000     2.213    change_i_1_n_0
    SLICE_X112Y53        FDCE                                         r  change_reg/D
  -------------------------------------------------------------------    -------------------

                         (clock sys_clk_pin rise edge)
                                                      0.000     0.000 r  
    Y9                                                0.000     0.000 r  clk (IN)
                         net (fo=0)                   0.000     0.000    clk
    Y9                   IBUF (Prop_ibuf_I_O)         0.446     0.446 r  clk_IBUF_inst/O
                         net (fo=1, routed)           0.719     1.165    clk_IBUF
    BUFGCTRL_X0Y0        BUFG (Prop_bufg_I_O)         0.029     1.194 r  clk_IBUF_BUFG_inst/O
                         net (fo=4, routed)           0.910     2.104    clk_IBUF_BUFG
    SLICE_X112Y53        FDCE                                         r  change_reg/C
                         clock pessimism             -0.519     1.585    
    SLICE_X112Y53        FDCE (Hold_fdce_C_D)         0.121     1.706    change_reg
  -------------------------------------------------------------------
                         required time                         -1.706    
                         arrival time                           2.213    
  -------------------------------------------------------------------
                         slack                                  0.507    

Slack (MET) :             0.643ns  (arrival time - required time)
  Source:                 FSM_sequential_curstate_reg[1]/C
                            (rising edge-triggered cell FDCE clocked by sys_clk_pin  {rise@0.000ns fall@5.000ns period=10.000ns})
  Destination:            FSM_sequential_curstate_reg[1]/D
                            (rising edge-triggered cell FDCE clocked by sys_clk_pin  {rise@0.000ns fall@5.000ns period=10.000ns})
  Path Group:             sys_clk_pin
  Path Type:              Hold (Min at Fast Process Corner)
  Requirement:            0.000ns  (sys_clk_pin rise@0.000ns - sys_clk_pin rise@0.000ns)
  Data Path Delay:        0.774ns  (logic 0.247ns (31.895%)  route 0.527ns (68.105%))
  Logic Levels:           1  (LUT4=1)
  Clock Path Skew:        0.000ns (DCD - SCD - CPR)
    Destination Clock Delay (DCD):    2.104ns
    Source Clock Delay      (SCD):    1.585ns
    Clock Pessimism Removal (CPR):    0.519ns

    Location             Delay type                Incr(ns)  Path(ns)    Netlist Resource(s)
  -------------------------------------------------------------------    -------------------
                         (clock sys_clk_pin rise edge)
                                                      0.000     0.000 r  
    Y9                                                0.000     0.000 r  clk (IN)
                         net (fo=0)                   0.000     0.000    clk
    Y9                   IBUF (Prop_ibuf_I_O)         0.258     0.258 r  clk_IBUF_inst/O
                         net (fo=1, routed)           0.663     0.921    clk_IBUF
    BUFGCTRL_X0Y0        BUFG (Prop_bufg_I_O)         0.026     0.947 r  clk_IBUF_BUFG_inst/O
                         net (fo=4, routed)           0.638     1.585    clk_IBUF_BUFG
    SLICE_X112Y53        FDCE                                         r  FSM_sequential_curstate_reg[1]/C
  -------------------------------------------------------------------    -------------------
    SLICE_X112Y53        FDCE (Prop_fdce_C_Q)         0.148     1.733 r  FSM_sequential_curstate_reg[1]/Q
                         net (fo=4, routed)           0.527     2.260    curstate[1]
    SLICE_X112Y53        LUT4 (Prop_lut4_I1_O)        0.099     2.359 r  FSM_sequential_curstate[1]_i_1/O
                         net (fo=1, routed)           0.000     2.359    curstate__0[1]
    SLICE_X112Y53        FDCE                                         r  FSM_sequential_curstate_reg[1]/D
  -------------------------------------------------------------------    -------------------

                         (clock sys_clk_pin rise edge)
                                                      0.000     0.000 r  
    Y9                                                0.000     0.000 r  clk (IN)
                         net (fo=0)                   0.000     0.000    clk
    Y9                   IBUF (Prop_ibuf_I_O)         0.446     0.446 r  clk_IBUF_inst/O
                         net (fo=1, routed)           0.719     1.165    clk_IBUF
    BUFGCTRL_X0Y0        BUFG (Prop_bufg_I_O)         0.029     1.194 r  clk_IBUF_BUFG_inst/O
                         net (fo=4, routed)           0.910     2.104    clk_IBUF_BUFG
    SLICE_X112Y53        FDCE                                         r  FSM_sequential_curstate_reg[1]/C
                         clock pessimism             -0.519     1.585    
    SLICE_X112Y53        FDCE (Hold_fdce_C_D)         0.131     1.716    FSM_sequential_curstate_reg[1]
  -------------------------------------------------------------------
                         required time                         -1.716    
                         arrival time                           2.359    
  -------------------------------------------------------------------
                         slack                                  0.643    

Slack (MET) :             0.653ns  (arrival time - required time)
  Source:                 FSM_sequential_curstate_reg[1]/C
                            (rising edge-triggered cell FDCE clocked by sys_clk_pin  {rise@0.000ns fall@5.000ns period=10.000ns})
  Destination:            FSM_sequential_curstate_reg[0]/D
                            (rising edge-triggered cell FDCE clocked by sys_clk_pin  {rise@0.000ns fall@5.000ns period=10.000ns})
  Path Group:             sys_clk_pin
  Path Type:              Hold (Min at Fast Process Corner)
  Requirement:            0.000ns  (sys_clk_pin rise@0.000ns - sys_clk_pin rise@0.000ns)
  Data Path Delay:        0.773ns  (logic 0.246ns (31.807%)  route 0.527ns (68.193%))
  Logic Levels:           1  (LUT4=1)
  Clock Path Skew:        0.000ns (DCD - SCD - CPR)
    Destination Clock Delay (DCD):    2.104ns
    Source Clock Delay      (SCD):    1.585ns
    Clock Pessimism Removal (CPR):    0.519ns

    Location             Delay type                Incr(ns)  Path(ns)    Netlist Resource(s)
  -------------------------------------------------------------------    -------------------
                         (clock sys_clk_pin rise edge)
                                                      0.000     0.000 r  
    Y9                                                0.000     0.000 r  clk (IN)
                         net (fo=0)                   0.000     0.000    clk
    Y9                   IBUF (Prop_ibuf_I_O)         0.258     0.258 r  clk_IBUF_inst/O
                         net (fo=1, routed)           0.663     0.921    clk_IBUF
    BUFGCTRL_X0Y0        BUFG (Prop_bufg_I_O)         0.026     0.947 r  clk_IBUF_BUFG_inst/O
                         net (fo=4, routed)           0.638     1.585    clk_IBUF_BUFG
    SLICE_X112Y53        FDCE                                         r  FSM_sequential_curstate_reg[1]/C
  -------------------------------------------------------------------    -------------------
    SLICE_X112Y53        FDCE (Prop_fdce_C_Q)         0.148     1.733 f  FSM_sequential_curstate_reg[1]/Q
                         net (fo=4, routed)           0.527     2.260    curstate[1]
    SLICE_X112Y53        LUT4 (Prop_lut4_I3_O)        0.098     2.358 r  FSM_sequential_curstate[0]_i_1/O
                         net (fo=1, routed)           0.000     2.358    curstate__0[0]
    SLICE_X112Y53        FDCE                                         r  FSM_sequential_curstate_reg[0]/D
  -------------------------------------------------------------------    -------------------

                         (clock sys_clk_pin rise edge)
                                                      0.000     0.000 r  
    Y9                                                0.000     0.000 r  clk (IN)
                         net (fo=0)                   0.000     0.000    clk
    Y9                   IBUF (Prop_ibuf_I_O)         0.446     0.446 r  clk_IBUF_inst/O
                         net (fo=1, routed)           0.719     1.165    clk_IBUF
    BUFGCTRL_X0Y0        BUFG (Prop_bufg_I_O)         0.029     1.194 r  clk_IBUF_BUFG_inst/O
                         net (fo=4, routed)           0.910     2.104    clk_IBUF_BUFG
    SLICE_X112Y53        FDCE                                         r  FSM_sequential_curstate_reg[0]/C
                         clock pessimism             -0.519     1.585    
    SLICE_X112Y53        FDCE (Hold_fdce_C_D)         0.120     1.705    FSM_sequential_curstate_reg[0]
  -------------------------------------------------------------------
                         required time                         -1.705    
                         arrival time                           2.358    
  -------------------------------------------------------------------
                         slack                                  0.653    





Pulse Width Checks
--------------------------------------------------------------------------------------
Clock Name:         sys_clk_pin
Waveform(ns):       { 0.000 5.000 }
Period(ns):         10.000
Sources:            { clk }

Check Type        Corner  Lib Pin  Reference Pin  Required(ns)  Actual(ns)  Slack(ns)  Location       Pin
Min Period        n/a     BUFG/I   n/a            2.155         10.000      7.845      BUFGCTRL_X0Y0  clk_IBUF_BUFG_inst/I
Min Period        n/a     FDCE/C   n/a            1.000         10.000      9.000      SLICE_X112Y53  FSM_sequential_curstate_reg[0]/C
Min Period        n/a     FDCE/C   n/a            1.000         10.000      9.000      SLICE_X112Y53  FSM_sequential_curstate_reg[1]/C
Min Period        n/a     FDCE/C   n/a            1.000         10.000      9.000      SLICE_X112Y53  change_reg/C
Min Period        n/a     FDCE/C   n/a            1.000         10.000      9.000      SLICE_X112Y53  dispense_reg/C
Low Pulse Width   Slow    FDCE/C   n/a            0.500         5.000       4.500      SLICE_X112Y53  FSM_sequential_curstate_reg[0]/C
Low Pulse Width   Fast    FDCE/C   n/a            0.500         5.000       4.500      SLICE_X112Y53  FSM_sequential_curstate_reg[0]/C
Low Pulse Width   Slow    FDCE/C   n/a            0.500         5.000       4.500      SLICE_X112Y53  FSM_sequential_curstate_reg[1]/C
Low Pulse Width   Fast    FDCE/C   n/a            0.500         5.000       4.500      SLICE_X112Y53  FSM_sequential_curstate_reg[1]/C
Low Pulse Width   Slow    FDCE/C   n/a            0.500         5.000       4.500      SLICE_X112Y53  change_reg/C
Low Pulse Width   Fast    FDCE/C   n/a            0.500         5.000       4.500      SLICE_X112Y53  change_reg/C
Low Pulse Width   Slow    FDCE/C   n/a            0.500         5.000       4.500      SLICE_X112Y53  dispense_reg/C
Low Pulse Width   Fast    FDCE/C   n/a            0.500         5.000       4.500      SLICE_X112Y53  dispense_reg/C
High Pulse Width  Slow    FDCE/C   n/a            0.500         5.000       4.500      SLICE_X112Y53  FSM_sequential_curstate_reg[0]/C
High Pulse Width  Fast    FDCE/C   n/a            0.500         5.000       4.500      SLICE_X112Y53  FSM_sequential_curstate_reg[0]/C
High Pulse Width  Slow    FDCE/C   n/a            0.500         5.000       4.500      SLICE_X112Y53  FSM_sequential_curstate_reg[1]/C
High Pulse Width  Fast    FDCE/C   n/a            0.500         5.000       4.500      SLICE_X112Y53  FSM_sequential_curstate_reg[1]/C
High Pulse Width  Slow    FDCE/C   n/a            0.500         5.000       4.500      SLICE_X112Y53  change_reg/C
High Pulse Width  Fast    FDCE/C   n/a            0.500         5.000       4.500      SLICE_X112Y53  change_reg/C
High Pulse Width  Slow    FDCE/C   n/a            0.500         5.000       4.500      SLICE_X112Y53  dispense_reg/C
High Pulse Width  Fast    FDCE/C   n/a            0.500         5.000       4.500      SLICE_X112Y53  dispense_reg/C



--------------------------------------------------------------------------------------
Path Group:  (none)
From Clock:  sys_clk_pin
  To Clock:  

Max Delay             2 Endpoints
Min Delay             2 Endpoints
--------------------------------------------------------------------------------------


Max Delay Paths
--------------------------------------------------------------------------------------
Slack:                    inf
  Source:                 dispense_reg/C
                            (rising edge-triggered cell FDCE clocked by sys_clk_pin  {rise@0.000ns fall@5.000ns period=10.000ns})
  Destination:            dispense
                            (output port)
  Path Group:             (none)
  Path Type:              Max at Slow Process Corner
  Data Path Delay:        6.196ns  (logic 4.177ns (67.425%)  route 2.018ns (32.575%))
  Logic Levels:           1  (OBUF=1)
  Clock Uncertainty:      0.025ns  ((TSJ^2 + TIJ^2)^1/2 + DJ) / 2 + PE
    Total System Jitter     (TSJ):    0.050ns
    Total Input Jitter      (TIJ):    0.000ns
    Discrete Jitter          (DJ):    0.000ns
    Phase Error              (PE):    0.000ns

    Location             Delay type                Incr(ns)  Path(ns)    Netlist Resource(s)
  -------------------------------------------------------------------    -------------------
                         (clock sys_clk_pin rise edge)
                                                      0.000     0.000 r  
    Y9                                                0.000     0.000 r  clk (IN)
                         net (fo=0)                   0.000     0.000    clk
    Y9                   IBUF (Prop_ibuf_I_O)         1.490     1.490 r  clk_IBUF_inst/O
                         net (fo=1, routed)           2.171     3.661    clk_IBUF
    BUFGCTRL_X0Y0        BUFG (Prop_bufg_I_O)         0.101     3.762 r  clk_IBUF_BUFG_inst/O
                         net (fo=4, routed)           1.868     5.630    clk_IBUF_BUFG
    SLICE_X112Y53        FDCE                                         r  dispense_reg/C
  -------------------------------------------------------------------    -------------------
    SLICE_X112Y53        FDCE (Prop_fdce_C_Q)         0.478     6.108 r  dispense_reg/Q
                         net (fo=1, routed)           2.018     8.127    dispense_OBUF
    T22                  OBUF (Prop_obuf_I_O)         3.699    11.826 r  dispense_OBUF_inst/O
                         net (fo=0)                   0.000    11.826    dispense
    T22                                                               r  dispense (OUT)
  -------------------------------------------------------------------    -------------------

Slack:                    inf
  Source:                 change_reg/C
                            (rising edge-triggered cell FDCE clocked by sys_clk_pin  {rise@0.000ns fall@5.000ns period=10.000ns})
  Destination:            change
                            (output port)
  Path Group:             (none)
  Path Type:              Max at Slow Process Corner
  Data Path Delay:        5.747ns  (logic 4.032ns (70.148%)  route 1.716ns (29.852%))
  Logic Levels:           1  (OBUF=1)
  Clock Uncertainty:      0.025ns  ((TSJ^2 + TIJ^2)^1/2 + DJ) / 2 + PE
    Total System Jitter     (TSJ):    0.050ns
    Total Input Jitter      (TIJ):    0.000ns
    Discrete Jitter          (DJ):    0.000ns
    Phase Error              (PE):    0.000ns

    Location             Delay type                Incr(ns)  Path(ns)    Netlist Resource(s)
  -------------------------------------------------------------------    -------------------
                         (clock sys_clk_pin rise edge)
                                                      0.000     0.000 r  
    Y9                                                0.000     0.000 r  clk (IN)
                         net (fo=0)                   0.000     0.000    clk
    Y9                   IBUF (Prop_ibuf_I_O)         1.490     1.490 r  clk_IBUF_inst/O
                         net (fo=1, routed)           2.171     3.661    clk_IBUF
    BUFGCTRL_X0Y0        BUFG (Prop_bufg_I_O)         0.101     3.762 r  clk_IBUF_BUFG_inst/O
                         net (fo=4, routed)           1.868     5.630    clk_IBUF_BUFG
    SLICE_X112Y53        FDCE                                         r  change_reg/C
  -------------------------------------------------------------------    -------------------
    SLICE_X112Y53        FDCE (Prop_fdce_C_Q)         0.518     6.148 r  change_reg/Q
                         net (fo=1, routed)           1.716     7.864    change_OBUF
    T21                  OBUF (Prop_obuf_I_O)         3.514    11.378 r  change_OBUF_inst/O
                         net (fo=0)                   0.000    11.378    change
    T21                                                               r  change (OUT)
  -------------------------------------------------------------------    -------------------





Min Delay Paths
--------------------------------------------------------------------------------------
Slack:                    inf
  Source:                 change_reg/C
                            (rising edge-triggered cell FDCE clocked by sys_clk_pin  {rise@0.000ns fall@5.000ns period=10.000ns})
  Destination:            change
                            (output port)
  Path Group:             (none)
  Path Type:              Min at Fast Process Corner
  Data Path Delay:        1.737ns  (logic 1.379ns (79.353%)  route 0.359ns (20.647%))
  Logic Levels:           1  (OBUF=1)
  Clock Uncertainty:      0.025ns  ((TSJ^2 + TIJ^2)^1/2 + DJ) / 2 + PE
    Total System Jitter     (TSJ):    0.050ns
    Total Input Jitter      (TIJ):    0.000ns
    Discrete Jitter          (DJ):    0.000ns
    Phase Error              (PE):    0.000ns

    Location             Delay type                Incr(ns)  Path(ns)    Netlist Resource(s)
  -------------------------------------------------------------------    -------------------
                         (clock sys_clk_pin rise edge)
                                                      0.000     0.000 r  
    Y9                                                0.000     0.000 r  clk (IN)
                         net (fo=0)                   0.000     0.000    clk
    Y9                   IBUF (Prop_ibuf_I_O)         0.258     0.258 r  clk_IBUF_inst/O
                         net (fo=1, routed)           0.663     0.921    clk_IBUF
    BUFGCTRL_X0Y0        BUFG (Prop_bufg_I_O)         0.026     0.947 r  clk_IBUF_BUFG_inst/O
                         net (fo=4, routed)           0.638     1.585    clk_IBUF_BUFG
    SLICE_X112Y53        FDCE                                         r  change_reg/C
  -------------------------------------------------------------------    -------------------
    SLICE_X112Y53        FDCE (Prop_fdce_C_Q)         0.164     1.749 r  change_reg/Q
                         net (fo=1, routed)           0.359     2.108    change_OBUF
    T21                  OBUF (Prop_obuf_I_O)         1.215     3.322 r  change_OBUF_inst/O
                         net (fo=0)                   0.000     3.322    change
    T21                                                               r  change (OUT)
  -------------------------------------------------------------------    -------------------

Slack:                    inf
  Source:                 dispense_reg/C
                            (rising edge-triggered cell FDCE clocked by sys_clk_pin  {rise@0.000ns fall@5.000ns period=10.000ns})
  Destination:            dispense
                            (output port)
  Path Group:             (none)
  Path Type:              Min at Fast Process Corner
  Data Path Delay:        1.889ns  (logic 1.425ns (75.471%)  route 0.463ns (24.529%))
  Logic Levels:           1  (OBUF=1)
  Clock Uncertainty:      0.025ns  ((TSJ^2 + TIJ^2)^1/2 + DJ) / 2 + PE
    Total System Jitter     (TSJ):    0.050ns
    Total Input Jitter      (TIJ):    0.000ns
    Discrete Jitter          (DJ):    0.000ns
    Phase Error              (PE):    0.000ns

    Location             Delay type                Incr(ns)  Path(ns)    Netlist Resource(s)
  -------------------------------------------------------------------    -------------------
                         (clock sys_clk_pin rise edge)
                                                      0.000     0.000 r  
    Y9                                                0.000     0.000 r  clk (IN)
                         net (fo=0)                   0.000     0.000    clk
    Y9                   IBUF (Prop_ibuf_I_O)         0.258     0.258 r  clk_IBUF_inst/O
                         net (fo=1, routed)           0.663     0.921    clk_IBUF
    BUFGCTRL_X0Y0        BUFG (Prop_bufg_I_O)         0.026     0.947 r  clk_IBUF_BUFG_inst/O
                         net (fo=4, routed)           0.638     1.585    clk_IBUF_BUFG
    SLICE_X112Y53        FDCE                                         r  dispense_reg/C
  -------------------------------------------------------------------    -------------------
    SLICE_X112Y53        FDCE (Prop_fdce_C_Q)         0.148     1.733 r  dispense_reg/Q
                         net (fo=1, routed)           0.463     2.196    dispense_OBUF
    T22                  OBUF (Prop_obuf_I_O)         1.277     3.474 r  dispense_OBUF_inst/O
                         net (fo=0)                   0.000     3.474    dispense
    T22                                                               r  dispense (OUT)
  -------------------------------------------------------------------    -------------------





--------------------------------------------------------------------------------------
Path Group:  (none)
From Clock:  
  To Clock:  sys_clk_pin

Max Delay             8 Endpoints
Min Delay             8 Endpoints
--------------------------------------------------------------------------------------


Max Delay Paths
--------------------------------------------------------------------------------------
Slack:                    inf
  Source:                 coin[0]
                            (input port)
  Destination:            dispense_reg/D
                            (rising edge-triggered cell FDCE clocked by sys_clk_pin  {rise@0.000ns fall@5.000ns period=10.000ns})
  Path Group:             (none)
  Path Type:              Setup (Max at Slow Process Corner)
  Data Path Delay:        4.154ns  (logic 1.122ns (27.008%)  route 3.032ns (72.992%))
  Logic Levels:           2  (IBUF=1 LUT4=1)
  Clock Path Skew:        5.171ns (DCD - SCD + CPR)
    Destination Clock Delay (DCD):    5.171ns
    Source Clock Delay      (SCD):    0.000ns
    Clock Pessimism Removal (CPR):    0.000ns
  Clock Uncertainty:      0.025ns  ((TSJ^2 + TIJ^2)^1/2 + DJ) / 2 + PE
    Total System Jitter     (TSJ):    0.050ns
    Total Input Jitter      (TIJ):    0.000ns
    Discrete Jitter          (DJ):    0.000ns
    Phase Error              (PE):    0.000ns

    Location             Delay type                Incr(ns)  Path(ns)    Netlist Resource(s)
  -------------------------------------------------------------------    -------------------
    F22                                               0.000     0.000 r  coin[0] (IN)
                         net (fo=0)                   0.000     0.000    coin[0]
    F22                  IBUF (Prop_ibuf_I_O)         0.972     0.972 r  coin_IBUF[0]_inst/O
                         net (fo=4, routed)           3.032     4.004    coin_IBUF[0]
    SLICE_X112Y53        LUT4 (Prop_lut4_I3_O)        0.150     4.154 r  dispense_i_1/O
                         net (fo=1, routed)           0.000     4.154    dispense_i_1_n_0
    SLICE_X112Y53        FDCE                                         r  dispense_reg/D
  -------------------------------------------------------------------    -------------------

                         (clock sys_clk_pin rise edge)
                                                      0.000     0.000 r  
    Y9                                                0.000     0.000 r  clk (IN)
                         net (fo=0)                   0.000     0.000    clk
    Y9                   IBUF (Prop_ibuf_I_O)         1.420     1.420 r  clk_IBUF_inst/O
                         net (fo=1, routed)           1.972     3.392    clk_IBUF
    BUFGCTRL_X0Y0        BUFG (Prop_bufg_I_O)         0.091     3.483 r  clk_IBUF_BUFG_inst/O
                         net (fo=4, routed)           1.689     5.171    clk_IBUF_BUFG
    SLICE_X112Y53        FDCE                                         r  dispense_reg/C

Slack:                    inf
  Source:                 coin[0]
                            (input port)
  Destination:            change_reg/D
                            (rising edge-triggered cell FDCE clocked by sys_clk_pin  {rise@0.000ns fall@5.000ns period=10.000ns})
  Path Group:             (none)
  Path Type:              Setup (Max at Slow Process Corner)
  Data Path Delay:        4.128ns  (logic 1.096ns (26.549%)  route 3.032ns (73.451%))
  Logic Levels:           2  (IBUF=1 LUT4=1)
  Clock Path Skew:        5.171ns (DCD - SCD + CPR)
    Destination Clock Delay (DCD):    5.171ns
    Source Clock Delay      (SCD):    0.000ns
    Clock Pessimism Removal (CPR):    0.000ns
  Clock Uncertainty:      0.025ns  ((TSJ^2 + TIJ^2)^1/2 + DJ) / 2 + PE
    Total System Jitter     (TSJ):    0.050ns
    Total Input Jitter      (TIJ):    0.000ns
    Discrete Jitter          (DJ):    0.000ns
    Phase Error              (PE):    0.000ns

    Location             Delay type                Incr(ns)  Path(ns)    Netlist Resource(s)
  -------------------------------------------------------------------    -------------------
    F22                                               0.000     0.000 f  coin[0] (IN)
                         net (fo=0)                   0.000     0.000    coin[0]
    F22                  IBUF (Prop_ibuf_I_O)         0.972     0.972 f  coin_IBUF[0]_inst/O
                         net (fo=4, routed)           3.032     4.004    coin_IBUF[0]
    SLICE_X112Y53        LUT4 (Prop_lut4_I2_O)        0.124     4.128 r  change_i_1/O
                         net (fo=1, routed)           0.000     4.128    change_i_1_n_0
    SLICE_X112Y53        FDCE                                         r  change_reg/D
  -------------------------------------------------------------------    -------------------

                         (clock sys_clk_pin rise edge)
                                                      0.000     0.000 r  
    Y9                                                0.000     0.000 r  clk (IN)
                         net (fo=0)                   0.000     0.000    clk
    Y9                   IBUF (Prop_ibuf_I_O)         1.420     1.420 r  clk_IBUF_inst/O
                         net (fo=1, routed)           1.972     3.392    clk_IBUF
    BUFGCTRL_X0Y0        BUFG (Prop_bufg_I_O)         0.091     3.483 r  clk_IBUF_BUFG_inst/O
                         net (fo=4, routed)           1.689     5.171    clk_IBUF_BUFG
    SLICE_X112Y53        FDCE                                         r  change_reg/C

Slack:                    inf
  Source:                 coin[0]
                            (input port)
  Destination:            FSM_sequential_curstate_reg[0]/D
                            (rising edge-triggered cell FDCE clocked by sys_clk_pin  {rise@0.000ns fall@5.000ns period=10.000ns})
  Path Group:             (none)
  Path Type:              Setup (Max at Slow Process Corner)
  Data Path Delay:        3.954ns  (logic 1.096ns (27.717%)  route 2.858ns (72.283%))
  Logic Levels:           2  (IBUF=1 LUT4=1)
  Clock Path Skew:        5.171ns (DCD - SCD + CPR)
    Destination Clock Delay (DCD):    5.171ns
    Source Clock Delay      (SCD):    0.000ns
    Clock Pessimism Removal (CPR):    0.000ns
  Clock Uncertainty:      0.025ns  ((TSJ^2 + TIJ^2)^1/2 + DJ) / 2 + PE
    Total System Jitter     (TSJ):    0.050ns
    Total Input Jitter      (TIJ):    0.000ns
    Discrete Jitter          (DJ):    0.000ns
    Phase Error              (PE):    0.000ns

    Location             Delay type                Incr(ns)  Path(ns)    Netlist Resource(s)
  -------------------------------------------------------------------    -------------------
    F22                                               0.000     0.000 r  coin[0] (IN)
                         net (fo=0)                   0.000     0.000    coin[0]
    F22                  IBUF (Prop_ibuf_I_O)         0.972     0.972 r  coin_IBUF[0]_inst/O
                         net (fo=4, routed)           2.858     3.830    coin_IBUF[0]
    SLICE_X112Y53        LUT4 (Prop_lut4_I1_O)        0.124     3.954 r  FSM_sequential_curstate[0]_i_1/O
                         net (fo=1, routed)           0.000     3.954    curstate__0[0]
    SLICE_X112Y53        FDCE                                         r  FSM_sequential_curstate_reg[0]/D
  -------------------------------------------------------------------    -------------------

                         (clock sys_clk_pin rise edge)
                                                      0.000     0.000 r  
    Y9                                                0.000     0.000 r  clk (IN)
                         net (fo=0)                   0.000     0.000    clk
    Y9                   IBUF (Prop_ibuf_I_O)         1.420     1.420 r  clk_IBUF_inst/O
                         net (fo=1, routed)           1.972     3.392    clk_IBUF
    BUFGCTRL_X0Y0        BUFG (Prop_bufg_I_O)         0.091     3.483 r  clk_IBUF_BUFG_inst/O
                         net (fo=4, routed)           1.689     5.171    clk_IBUF_BUFG
    SLICE_X112Y53        FDCE                                         r  FSM_sequential_curstate_reg[0]/C

Slack:                    inf
  Source:                 coin[0]
                            (input port)
  Destination:            FSM_sequential_curstate_reg[1]/D
                            (rising edge-triggered cell FDCE clocked by sys_clk_pin  {rise@0.000ns fall@5.000ns period=10.000ns})
  Path Group:             (none)
  Path Type:              Setup (Max at Slow Process Corner)
  Data Path Delay:        3.946ns  (logic 1.088ns (27.571%)  route 2.858ns (72.429%))
  Logic Levels:           2  (IBUF=1 LUT4=1)
  Clock Path Skew:        5.171ns (DCD - SCD + CPR)
    Destination Clock Delay (DCD):    5.171ns
    Source Clock Delay      (SCD):    0.000ns
    Clock Pessimism Removal (CPR):    0.000ns
  Clock Uncertainty:      0.025ns  ((TSJ^2 + TIJ^2)^1/2 + DJ) / 2 + PE
    Total System Jitter     (TSJ):    0.050ns
    Total Input Jitter      (TIJ):    0.000ns
    Discrete Jitter          (DJ):    0.000ns
    Phase Error              (PE):    0.000ns

    Location             Delay type                Incr(ns)  Path(ns)    Netlist Resource(s)
  -------------------------------------------------------------------    -------------------
    F22                                               0.000     0.000 r  coin[0] (IN)
                         net (fo=0)                   0.000     0.000    coin[0]
    F22                  IBUF (Prop_ibuf_I_O)         0.972     0.972 r  coin_IBUF[0]_inst/O
                         net (fo=4, routed)           2.858     3.830    coin_IBUF[0]
    SLICE_X112Y53        LUT4 (Prop_lut4_I3_O)        0.116     3.946 r  FSM_sequential_curstate[1]_i_1/O
                         net (fo=1, routed)           0.000     3.946    curstate__0[1]
    SLICE_X112Y53        FDCE                                         r  FSM_sequential_curstate_reg[1]/D
  -------------------------------------------------------------------    -------------------

                         (clock sys_clk_pin rise edge)
                                                      0.000     0.000 r  
    Y9                                                0.000     0.000 r  clk (IN)
                         net (fo=0)                   0.000     0.000    clk
    Y9                   IBUF (Prop_ibuf_I_O)         1.420     1.420 r  clk_IBUF_inst/O
                         net (fo=1, routed)           1.972     3.392    clk_IBUF
    BUFGCTRL_X0Y0        BUFG (Prop_bufg_I_O)         0.091     3.483 r  clk_IBUF_BUFG_inst/O
                         net (fo=4, routed)           1.689     5.171    clk_IBUF_BUFG
    SLICE_X112Y53        FDCE                                         r  FSM_sequential_curstate_reg[1]/C

Slack:                    inf
  Source:                 rst
                            (input port)
  Destination:            FSM_sequential_curstate_reg[0]/CLR
                            (recovery check against rising-edge clock sys_clk_pin  {rise@0.000ns fall@5.000ns period=10.000ns})
  Path Group:             (none)
  Path Type:              Recovery (Max at Slow Process Corner)
  Data Path Delay:        1.972ns  (logic 0.933ns (47.310%)  route 1.039ns (52.690%))
  Logic Levels:           1  (IBUF=1)
  Clock Path Skew:        5.171ns (DCD - SCD + CPR)
    Destination Clock Delay (DCD):    5.171ns
    Source Clock Delay      (SCD):    0.000ns
    Clock Pessimism Removal (CPR):    0.000ns
  Clock Uncertainty:      0.025ns  ((TSJ^2 + TIJ^2)^1/2 + DJ) / 2 + PE
    Total System Jitter     (TSJ):    0.050ns
    Total Input Jitter      (TIJ):    0.000ns
    Discrete Jitter          (DJ):    0.000ns
    Phase Error              (PE):    0.000ns

    Location             Delay type                Incr(ns)  Path(ns)    Netlist Resource(s)
  -------------------------------------------------------------------    -------------------
    P16                                               0.000     0.000 f  rst (IN)
                         net (fo=0)                   0.000     0.000    rst
    P16                  IBUF (Prop_ibuf_I_O)         0.933     0.933 f  rst_IBUF_inst/O
                         net (fo=4, routed)           1.039     1.972    rst_IBUF
    SLICE_X112Y53        FDCE                                         f  FSM_sequential_curstate_reg[0]/CLR
  -------------------------------------------------------------------    -------------------

                         (clock sys_clk_pin rise edge)
                                                      0.000     0.000 r  
    Y9                                                0.000     0.000 r  clk (IN)
                         net (fo=0)                   0.000     0.000    clk
    Y9                   IBUF (Prop_ibuf_I_O)         1.420     1.420 r  clk_IBUF_inst/O
                         net (fo=1, routed)           1.972     3.392    clk_IBUF
    BUFGCTRL_X0Y0        BUFG (Prop_bufg_I_O)         0.091     3.483 r  clk_IBUF_BUFG_inst/O
                         net (fo=4, routed)           1.689     5.171    clk_IBUF_BUFG
    SLICE_X112Y53        FDCE                                         r  FSM_sequential_curstate_reg[0]/C

Slack:                    inf
  Source:                 rst
                            (input port)
  Destination:            FSM_sequential_curstate_reg[1]/CLR
                            (recovery check against rising-edge clock sys_clk_pin  {rise@0.000ns fall@5.000ns period=10.000ns})
  Path Group:             (none)
  Path Type:              Recovery (Max at Slow Process Corner)
  Data Path Delay:        1.972ns  (logic 0.933ns (47.310%)  route 1.039ns (52.690%))
  Logic Levels:           1  (IBUF=1)
  Clock Path Skew:        5.171ns (DCD - SCD + CPR)
    Destination Clock Delay (DCD):    5.171ns
    Source Clock Delay      (SCD):    0.000ns
    Clock Pessimism Removal (CPR):    0.000ns
  Clock Uncertainty:      0.025ns  ((TSJ^2 + TIJ^2)^1/2 + DJ) / 2 + PE
    Total System Jitter     (TSJ):    0.050ns
    Total Input Jitter      (TIJ):    0.000ns
    Discrete Jitter          (DJ):    0.000ns
    Phase Error              (PE):    0.000ns

    Location             Delay type                Incr(ns)  Path(ns)    Netlist Resource(s)
  -------------------------------------------------------------------    -------------------
    P16                                               0.000     0.000 f  rst (IN)
                         net (fo=0)                   0.000     0.000    rst
    P16                  IBUF (Prop_ibuf_I_O)         0.933     0.933 f  rst_IBUF_inst/O
                         net (fo=4, routed)           1.039     1.972    rst_IBUF
    SLICE_X112Y53        FDCE                                         f  FSM_sequential_curstate_reg[1]/CLR
  -------------------------------------------------------------------    -------------------

                         (clock sys_clk_pin rise edge)
                                                      0.000     0.000 r  
    Y9                                                0.000     0.000 r  clk (IN)
                         net (fo=0)                   0.000     0.000    clk
    Y9                   IBUF (Prop_ibuf_I_O)         1.420     1.420 r  clk_IBUF_inst/O
                         net (fo=1, routed)           1.972     3.392    clk_IBUF
    BUFGCTRL_X0Y0        BUFG (Prop_bufg_I_O)         0.091     3.483 r  clk_IBUF_BUFG_inst/O
                         net (fo=4, routed)           1.689     5.171    clk_IBUF_BUFG
    SLICE_X112Y53        FDCE                                         r  FSM_sequential_curstate_reg[1]/C

Slack:                    inf
  Source:                 rst
                            (input port)
  Destination:            change_reg/CLR
                            (recovery check against rising-edge clock sys_clk_pin  {rise@0.000ns fall@5.000ns period=10.000ns})
  Path Group:             (none)
  Path Type:              Recovery (Max at Slow Process Corner)
  Data Path Delay:        1.972ns  (logic 0.933ns (47.310%)  route 1.039ns (52.690%))
  Logic Levels:           1  (IBUF=1)
  Clock Path Skew:        5.171ns (DCD - SCD + CPR)
    Destination Clock Delay (DCD):    5.171ns
    Source Clock Delay      (SCD):    0.000ns
    Clock Pessimism Removal (CPR):    0.000ns
  Clock Uncertainty:      0.025ns  ((TSJ^2 + TIJ^2)^1/2 + DJ) / 2 + PE
    Total System Jitter     (TSJ):    0.050ns
    Total Input Jitter      (TIJ):    0.000ns
    Discrete Jitter          (DJ):    0.000ns
    Phase Error              (PE):    0.000ns

    Location             Delay type                Incr(ns)  Path(ns)    Netlist Resource(s)
  -------------------------------------------------------------------    -------------------
    P16                                               0.000     0.000 f  rst (IN)
                         net (fo=0)                   0.000     0.000    rst
    P16                  IBUF (Prop_ibuf_I_O)         0.933     0.933 f  rst_IBUF_inst/O
                         net (fo=4, routed)           1.039     1.972    rst_IBUF
    SLICE_X112Y53        FDCE                                         f  change_reg/CLR
  -------------------------------------------------------------------    -------------------

                         (clock sys_clk_pin rise edge)
                                                      0.000     0.000 r  
    Y9                                                0.000     0.000 r  clk (IN)
                         net (fo=0)                   0.000     0.000    clk
    Y9                   IBUF (Prop_ibuf_I_O)         1.420     1.420 r  clk_IBUF_inst/O
                         net (fo=1, routed)           1.972     3.392    clk_IBUF
    BUFGCTRL_X0Y0        BUFG (Prop_bufg_I_O)         0.091     3.483 r  clk_IBUF_BUFG_inst/O
                         net (fo=4, routed)           1.689     5.171    clk_IBUF_BUFG
    SLICE_X112Y53        FDCE                                         r  change_reg/C

Slack:                    inf
  Source:                 rst
                            (input port)
  Destination:            dispense_reg/CLR
                            (recovery check against rising-edge clock sys_clk_pin  {rise@0.000ns fall@5.000ns period=10.000ns})
  Path Group:             (none)
  Path Type:              Recovery (Max at Slow Process Corner)
  Data Path Delay:        1.972ns  (logic 0.933ns (47.310%)  route 1.039ns (52.690%))
  Logic Levels:           1  (IBUF=1)
  Clock Path Skew:        5.171ns (DCD - SCD + CPR)
    Destination Clock Delay (DCD):    5.171ns
    Source Clock Delay      (SCD):    0.000ns
    Clock Pessimism Removal (CPR):    0.000ns
  Clock Uncertainty:      0.025ns  ((TSJ^2 + TIJ^2)^1/2 + DJ) / 2 + PE
    Total System Jitter     (TSJ):    0.050ns
    Total Input Jitter      (TIJ):    0.000ns
    Discrete Jitter          (DJ):    0.000ns
    Phase Error              (PE):    0.000ns

    Location             Delay type                Incr(ns)  Path(ns)    Netlist Resource(s)
  -------------------------------------------------------------------    -------------------
    P16                                               0.000     0.000 f  rst (IN)
                         net (fo=0)                   0.000     0.000    rst
    P16                  IBUF (Prop_ibuf_I_O)         0.933     0.933 f  rst_IBUF_inst/O
                         net (fo=4, routed)           1.039     1.972    rst_IBUF
    SLICE_X112Y53        FDCE                                         f  dispense_reg/CLR
  -------------------------------------------------------------------    -------------------

                         (clock sys_clk_pin rise edge)
                                                      0.000     0.000 r  
    Y9                                                0.000     0.000 r  clk (IN)
                         net (fo=0)                   0.000     0.000    clk
    Y9                   IBUF (Prop_ibuf_I_O)         1.420     1.420 r  clk_IBUF_inst/O
                         net (fo=1, routed)           1.972     3.392    clk_IBUF
    BUFGCTRL_X0Y0        BUFG (Prop_bufg_I_O)         0.091     3.483 r  clk_IBUF_BUFG_inst/O
                         net (fo=4, routed)           1.689     5.171    clk_IBUF_BUFG
    SLICE_X112Y53        FDCE                                         r  dispense_reg/C





Min Delay Paths
--------------------------------------------------------------------------------------
Slack:                    inf
  Source:                 rst
                            (input port)
  Destination:            FSM_sequential_curstate_reg[0]/CLR
                            (removal check against rising-edge clock sys_clk_pin  {rise@0.000ns fall@5.000ns period=10.000ns})
  Path Group:             (none)
  Path Type:              Removal (Min at Fast Process Corner)
  Data Path Delay:        0.562ns  (logic 0.162ns (28.843%)  route 0.400ns (71.157%))
  Logic Levels:           1  (IBUF=1)
  Clock Path Skew:        2.104ns (DCD - SCD - CPR)
    Destination Clock Delay (DCD):    2.104ns
    Source Clock Delay      (SCD):    0.000ns
    Clock Pessimism Removal (CPR):    -0.000ns

    Location             Delay type                Incr(ns)  Path(ns)    Netlist Resource(s)
  -------------------------------------------------------------------    -------------------
    P16                                               0.000     0.000 f  rst (IN)
                         net (fo=0)                   0.000     0.000    rst
    P16                  IBUF (Prop_ibuf_I_O)         0.162     0.162 f  rst_IBUF_inst/O
                         net (fo=4, routed)           0.400     0.562    rst_IBUF
    SLICE_X112Y53        FDCE                                         f  FSM_sequential_curstate_reg[0]/CLR
  -------------------------------------------------------------------    -------------------

                         (clock sys_clk_pin rise edge)
                                                      0.000     0.000 r  
    Y9                                                0.000     0.000 r  clk (IN)
                         net (fo=0)                   0.000     0.000    clk
    Y9                   IBUF (Prop_ibuf_I_O)         0.446     0.446 r  clk_IBUF_inst/O
                         net (fo=1, routed)           0.719     1.165    clk_IBUF
    BUFGCTRL_X0Y0        BUFG (Prop_bufg_I_O)         0.029     1.194 r  clk_IBUF_BUFG_inst/O
                         net (fo=4, routed)           0.910     2.104    clk_IBUF_BUFG
    SLICE_X112Y53        FDCE                                         r  FSM_sequential_curstate_reg[0]/C

Slack:                    inf
  Source:                 rst
                            (input port)
  Destination:            FSM_sequential_curstate_reg[1]/CLR
                            (removal check against rising-edge clock sys_clk_pin  {rise@0.000ns fall@5.000ns period=10.000ns})
  Path Group:             (none)
  Path Type:              Removal (Min at Fast Process Corner)
  Data Path Delay:        0.562ns  (logic 0.162ns (28.843%)  route 0.400ns (71.157%))
  Logic Levels:           1  (IBUF=1)
  Clock Path Skew:        2.104ns (DCD - SCD - CPR)
    Destination Clock Delay (DCD):    2.104ns
    Source Clock Delay      (SCD):    0.000ns
    Clock Pessimism Removal (CPR):    -0.000ns

    Location             Delay type                Incr(ns)  Path(ns)    Netlist Resource(s)
  -------------------------------------------------------------------    -------------------
    P16                                               0.000     0.000 f  rst (IN)
                         net (fo=0)                   0.000     0.000    rst
    P16                  IBUF (Prop_ibuf_I_O)         0.162     0.162 f  rst_IBUF_inst/O
                         net (fo=4, routed)           0.400     0.562    rst_IBUF
    SLICE_X112Y53        FDCE                                         f  FSM_sequential_curstate_reg[1]/CLR
  -------------------------------------------------------------------    -------------------

                         (clock sys_clk_pin rise edge)
                                                      0.000     0.000 r  
    Y9                                                0.000     0.000 r  clk (IN)
                         net (fo=0)                   0.000     0.000    clk
    Y9                   IBUF (Prop_ibuf_I_O)         0.446     0.446 r  clk_IBUF_inst/O
                         net (fo=1, routed)           0.719     1.165    clk_IBUF
    BUFGCTRL_X0Y0        BUFG (Prop_bufg_I_O)         0.029     1.194 r  clk_IBUF_BUFG_inst/O
                         net (fo=4, routed)           0.910     2.104    clk_IBUF_BUFG
    SLICE_X112Y53        FDCE                                         r  FSM_sequential_curstate_reg[1]/C

Slack:                    inf
  Source:                 rst
                            (input port)
  Destination:            change_reg/CLR
                            (removal check against rising-edge clock sys_clk_pin  {rise@0.000ns fall@5.000ns period=10.000ns})
  Path Group:             (none)
  Path Type:              Removal (Min at Fast Process Corner)
  Data Path Delay:        0.562ns  (logic 0.162ns (28.843%)  route 0.400ns (71.157%))
  Logic Levels:           1  (IBUF=1)
  Clock Path Skew:        2.104ns (DCD - SCD - CPR)
    Destination Clock Delay (DCD):    2.104ns
    Source Clock Delay      (SCD):    0.000ns
    Clock Pessimism Removal (CPR):    -0.000ns

    Location             Delay type                Incr(ns)  Path(ns)    Netlist Resource(s)
  -------------------------------------------------------------------    -------------------
    P16                                               0.000     0.000 f  rst (IN)
                         net (fo=0)                   0.000     0.000    rst
    P16                  IBUF (Prop_ibuf_I_O)         0.162     0.162 f  rst_IBUF_inst/O
                         net (fo=4, routed)           0.400     0.562    rst_IBUF
    SLICE_X112Y53        FDCE                                         f  change_reg/CLR
  -------------------------------------------------------------------    -------------------

                         (clock sys_clk_pin rise edge)
                                                      0.000     0.000 r  
    Y9                                                0.000     0.000 r  clk (IN)
                         net (fo=0)                   0.000     0.000    clk
    Y9                   IBUF (Prop_ibuf_I_O)         0.446     0.446 r  clk_IBUF_inst/O
                         net (fo=1, routed)           0.719     1.165    clk_IBUF
    BUFGCTRL_X0Y0        BUFG (Prop_bufg_I_O)         0.029     1.194 r  clk_IBUF_BUFG_inst/O
                         net (fo=4, routed)           0.910     2.104    clk_IBUF_BUFG
    SLICE_X112Y53        FDCE                                         r  change_reg/C

Slack:                    inf
  Source:                 rst
                            (input port)
  Destination:            dispense_reg/CLR
                            (removal check against rising-edge clock sys_clk_pin  {rise@0.000ns fall@5.000ns period=10.000ns})
  Path Group:             (none)
  Path Type:              Removal (Min at Fast Process Corner)
  Data Path Delay:        0.562ns  (logic 0.162ns (28.843%)  route 0.400ns (71.157%))
  Logic Levels:           1  (IBUF=1)
  Clock Path Skew:        2.104ns (DCD - SCD - CPR)
    Destination Clock Delay (DCD):    2.104ns
    Source Clock Delay      (SCD):    0.000ns
    Clock Pessimism Removal (CPR):    -0.000ns

    Location             Delay type                Incr(ns)  Path(ns)    Netlist Resource(s)
  -------------------------------------------------------------------    -------------------
    P16                                               0.000     0.000 f  rst (IN)
                         net (fo=0)                   0.000     0.000    rst
    P16                  IBUF (Prop_ibuf_I_O)         0.162     0.162 f  rst_IBUF_inst/O
                         net (fo=4, routed)           0.400     0.562    rst_IBUF
    SLICE_X112Y53        FDCE                                         f  dispense_reg/CLR
  -------------------------------------------------------------------    -------------------

                         (clock sys_clk_pin rise edge)
                                                      0.000     0.000 r  
    Y9                                                0.000     0.000 r  clk (IN)
                         net (fo=0)                   0.000     0.000    clk
    Y9                   IBUF (Prop_ibuf_I_O)         0.446     0.446 r  clk_IBUF_inst/O
                         net (fo=1, routed)           0.719     1.165    clk_IBUF
    BUFGCTRL_X0Y0        BUFG (Prop_bufg_I_O)         0.029     1.194 r  clk_IBUF_BUFG_inst/O
                         net (fo=4, routed)           0.910     2.104    clk_IBUF_BUFG
    SLICE_X112Y53        FDCE                                         r  dispense_reg/C

Slack:                    inf
  Source:                 coin[1]
                            (input port)
  Destination:            dispense_reg/D
                            (rising edge-triggered cell FDCE clocked by sys_clk_pin  {rise@0.000ns fall@5.000ns period=10.000ns})
  Path Group:             (none)
  Path Type:              Hold (Min at Fast Process Corner)
  Data Path Delay:        1.265ns  (logic 0.227ns (17.973%)  route 1.038ns (82.027%))
  Logic Levels:           2  (IBUF=1 LUT4=1)
  Clock Path Skew:        2.104ns (DCD - SCD - CPR)
    Destination Clock Delay (DCD):    2.104ns
    Source Clock Delay      (SCD):    0.000ns
    Clock Pessimism Removal (CPR):    -0.000ns

    Location             Delay type                Incr(ns)  Path(ns)    Netlist Resource(s)
  -------------------------------------------------------------------    -------------------
    G22                                               0.000     0.000 r  coin[1] (IN)
                         net (fo=0)                   0.000     0.000    coin[1]
    G22                  IBUF (Prop_ibuf_I_O)         0.183     0.183 r  coin_IBUF[1]_inst/O
                         net (fo=4, routed)           1.038     1.221    coin_IBUF[1]
    SLICE_X112Y53        LUT4 (Prop_lut4_I2_O)        0.044     1.265 r  dispense_i_1/O
                         net (fo=1, routed)           0.000     1.265    dispense_i_1_n_0
    SLICE_X112Y53        FDCE                                         r  dispense_reg/D
  -------------------------------------------------------------------    -------------------

                         (clock sys_clk_pin rise edge)
                                                      0.000     0.000 r  
    Y9                                                0.000     0.000 r  clk (IN)
                         net (fo=0)                   0.000     0.000    clk
    Y9                   IBUF (Prop_ibuf_I_O)         0.446     0.446 r  clk_IBUF_inst/O
                         net (fo=1, routed)           0.719     1.165    clk_IBUF
    BUFGCTRL_X0Y0        BUFG (Prop_bufg_I_O)         0.029     1.194 r  clk_IBUF_BUFG_inst/O
                         net (fo=4, routed)           0.910     2.104    clk_IBUF_BUFG
    SLICE_X112Y53        FDCE                                         r  dispense_reg/C

Slack:                    inf
  Source:                 coin[1]
                            (input port)
  Destination:            change_reg/D
                            (rising edge-triggered cell FDCE clocked by sys_clk_pin  {rise@0.000ns fall@5.000ns period=10.000ns})
  Path Group:             (none)
  Path Type:              Hold (Min at Fast Process Corner)
  Data Path Delay:        1.266ns  (logic 0.228ns (18.038%)  route 1.038ns (81.962%))
  Logic Levels:           2  (IBUF=1 LUT4=1)
  Clock Path Skew:        2.104ns (DCD - SCD - CPR)
    Destination Clock Delay (DCD):    2.104ns
    Source Clock Delay      (SCD):    0.000ns
    Clock Pessimism Removal (CPR):    -0.000ns

    Location             Delay type                Incr(ns)  Path(ns)    Netlist Resource(s)
  -------------------------------------------------------------------    -------------------
    G22                                               0.000     0.000 r  coin[1] (IN)
                         net (fo=0)                   0.000     0.000    coin[1]
    G22                  IBUF (Prop_ibuf_I_O)         0.183     0.183 r  coin_IBUF[1]_inst/O
                         net (fo=4, routed)           1.038     1.221    coin_IBUF[1]
    SLICE_X112Y53        LUT4 (Prop_lut4_I1_O)        0.045     1.266 r  change_i_1/O
                         net (fo=1, routed)           0.000     1.266    change_i_1_n_0
    SLICE_X112Y53        FDCE                                         r  change_reg/D
  -------------------------------------------------------------------    -------------------

                         (clock sys_clk_pin rise edge)
                                                      0.000     0.000 r  
    Y9                                                0.000     0.000 r  clk (IN)
                         net (fo=0)                   0.000     0.000    clk
    Y9                   IBUF (Prop_ibuf_I_O)         0.446     0.446 r  clk_IBUF_inst/O
                         net (fo=1, routed)           0.719     1.165    clk_IBUF
    BUFGCTRL_X0Y0        BUFG (Prop_bufg_I_O)         0.029     1.194 r  clk_IBUF_BUFG_inst/O
                         net (fo=4, routed)           0.910     2.104    clk_IBUF_BUFG
    SLICE_X112Y53        FDCE                                         r  change_reg/C

Slack:                    inf
  Source:                 coin[1]
                            (input port)
  Destination:            FSM_sequential_curstate_reg[1]/D
                            (rising edge-triggered cell FDCE clocked by sys_clk_pin  {rise@0.000ns fall@5.000ns period=10.000ns})
  Path Group:             (none)
  Path Type:              Hold (Min at Fast Process Corner)
  Data Path Delay:        1.267ns  (logic 0.227ns (17.945%)  route 1.040ns (82.055%))
  Logic Levels:           2  (IBUF=1 LUT4=1)
  Clock Path Skew:        2.104ns (DCD - SCD - CPR)
    Destination Clock Delay (DCD):    2.104ns
    Source Clock Delay      (SCD):    0.000ns
    Clock Pessimism Removal (CPR):    -0.000ns

    Location             Delay type                Incr(ns)  Path(ns)    Netlist Resource(s)
  -------------------------------------------------------------------    -------------------
    G22                                               0.000     0.000 r  coin[1] (IN)
                         net (fo=0)                   0.000     0.000    coin[1]
    G22                  IBUF (Prop_ibuf_I_O)         0.183     0.183 r  coin_IBUF[1]_inst/O
                         net (fo=4, routed)           1.040     1.223    coin_IBUF[1]
    SLICE_X112Y53        LUT4 (Prop_lut4_I2_O)        0.044     1.267 r  FSM_sequential_curstate[1]_i_1/O
                         net (fo=1, routed)           0.000     1.267    curstate__0[1]
    SLICE_X112Y53        FDCE                                         r  FSM_sequential_curstate_reg[1]/D
  -------------------------------------------------------------------    -------------------

                         (clock sys_clk_pin rise edge)
                                                      0.000     0.000 r  
    Y9                                                0.000     0.000 r  clk (IN)
                         net (fo=0)                   0.000     0.000    clk
    Y9                   IBUF (Prop_ibuf_I_O)         0.446     0.446 r  clk_IBUF_inst/O
                         net (fo=1, routed)           0.719     1.165    clk_IBUF
    BUFGCTRL_X0Y0        BUFG (Prop_bufg_I_O)         0.029     1.194 r  clk_IBUF_BUFG_inst/O
                         net (fo=4, routed)           0.910     2.104    clk_IBUF_BUFG
    SLICE_X112Y53        FDCE                                         r  FSM_sequential_curstate_reg[1]/C

Slack:                    inf
  Source:                 coin[1]
                            (input port)
  Destination:            FSM_sequential_curstate_reg[0]/D
                            (rising edge-triggered cell FDCE clocked by sys_clk_pin  {rise@0.000ns fall@5.000ns period=10.000ns})
  Path Group:             (none)
  Path Type:              Hold (Min at Fast Process Corner)
  Data Path Delay:        1.268ns  (logic 0.228ns (18.009%)  route 1.040ns (81.991%))
  Logic Levels:           2  (IBUF=1 LUT4=1)
  Clock Path Skew:        2.104ns (DCD - SCD - CPR)
    Destination Clock Delay (DCD):    2.104ns
    Source Clock Delay      (SCD):    0.000ns
    Clock Pessimism Removal (CPR):    -0.000ns

    Location             Delay type                Incr(ns)  Path(ns)    Netlist Resource(s)
  -------------------------------------------------------------------    -------------------
    G22                                               0.000     0.000 r  coin[1] (IN)
                         net (fo=0)                   0.000     0.000    coin[1]
    G22                  IBUF (Prop_ibuf_I_O)         0.183     0.183 r  coin_IBUF[1]_inst/O
                         net (fo=4, routed)           1.040     1.223    coin_IBUF[1]
    SLICE_X112Y53        LUT4 (Prop_lut4_I0_O)        0.045     1.268 r  FSM_sequential_curstate[0]_i_1/O
                         net (fo=1, routed)           0.000     1.268    curstate__0[0]
    SLICE_X112Y53        FDCE                                         r  FSM_sequential_curstate_reg[0]/D
  -------------------------------------------------------------------    -------------------

                         (clock sys_clk_pin rise edge)
                                                      0.000     0.000 r  
    Y9                                                0.000     0.000 r  clk (IN)
                         net (fo=0)                   0.000     0.000    clk
    Y9                   IBUF (Prop_ibuf_I_O)         0.446     0.446 r  clk_IBUF_inst/O
                         net (fo=1, routed)           0.719     1.165    clk_IBUF
    BUFGCTRL_X0Y0        BUFG (Prop_bufg_I_O)         0.029     1.194 r  clk_IBUF_BUFG_inst/O
                         net (fo=4, routed)           0.910     2.104    clk_IBUF_BUFG
    SLICE_X112Y53        FDCE                                         r  FSM_sequential_curstate_reg[0]/C





