Copyright 1986-2022 Xilinx, Inc. All Rights Reserved. Copyright 2022-2025 Advanced Micro Devices, Inc. All Rights Reserved.
---------------------------------------------------------------------------------------------------------------------------------------------------------------------------------------------------------------------
| Tool Version : Vivado v.2025.2 (win64) Build 6299465 Fri Nov 14 19:35:11 GMT 2025
| Date         : Tue Jun 16 14:04:54 2026
| Host         : Saksham running 64-bit major release  (build 9200)
| Command      : report_timing_summary -max_paths 10 -routable_nets -report_unconstrained -file FPA_timing_summary_routed.rpt -pb FPA_timing_summary_routed.pb -rpx FPA_timing_summary_routed.rpx -warn_on_violation
| Design       : FPA
| Device       : 7k70t-fbv676
| Speed File   : -1  PRODUCTION 1.12 2017-02-17
| Design State : Routed
---------------------------------------------------------------------------------------------------------------------------------------------------------------------------------------------------------------------

Timing Summary Report

------------------------------------------------------------------------------------------------
| Timer Settings
| --------------
------------------------------------------------------------------------------------------------

  Enable Multi Corner Analysis               :  Yes
  Enable Pessimism Removal                   :  Yes
  Pessimism Removal Resolution               :  Nearest Common Node
  Enable Input Delay Default Clock           :  No
  Enable Preset / Clear Arcs                 :  No
  Disable Flight Delays                      :  No
  Ignore I/O Paths                           :  No
  Timing Early Launch at Borrowing Latches   :  No
  Borrow Time for Max Delay Exceptions       :  Yes
  Merge Timing Exceptions                    :  Yes
  Inter-SLR Compensation                     :  Conservative

  Corner  Analyze    Analyze    
  Name    Max Paths  Min Paths  
  ------  ---------  ---------  
  Slow    Yes        Yes        
  Fast    Yes        Yes        


------------------------------------------------------------------------------------------------
| Report Methodology
| ------------------
------------------------------------------------------------------------------------------------

Rule       Severity          Description                  Violations  
---------  ----------------  ---------------------------  ----------  
TIMING-17  Critical Warning  Non-clocked sequential cell  70          

Note: This report is based on the most recent report_methodology run and may not be up-to-date. Run report_methodology on the current design for the latest report.



check_timing report

Table of Contents
-----------------
1. checking no_clock (70)
2. checking constant_clock (0)
3. checking pulse_width_clock (0)
4. checking unconstrained_internal_endpoints (206)
5. checking no_input_delay (68)
6. checking no_output_delay (33)
7. checking multiple_clock (0)
8. checking generated_clocks (0)
9. checking loops (0)
10. checking partial_input_delay (0)
11. checking partial_output_delay (0)
12. checking latch_loops (0)

1. checking no_clock (70)
-------------------------
 There are 70 register/latch pins with no clock driven by root clock pin: clk (HIGH)


2. checking constant_clock (0)
------------------------------
 There are 0 register/latch pins with constant_clock.


3. checking pulse_width_clock (0)
---------------------------------
 There are 0 register/latch pins which need pulse_width check


4. checking unconstrained_internal_endpoints (206)
--------------------------------------------------
 There are 206 pins that are not constrained for maximum delay. (HIGH)

 There are 0 pins that are not constrained for maximum delay due to constant clock.


5. checking no_input_delay (68)
-------------------------------
 There are 68 input ports with no input delay specified. (HIGH)

 There are 0 input ports with no input delay but user has a false path constraint.


6. checking no_output_delay (33)
--------------------------------
 There are 33 ports with no output delay specified. (HIGH)

 There are 0 ports with no output delay but user has a false path constraint

 There are 0 ports with no output delay but with a timing clock defined on it or propagating through it


7. checking multiple_clock (0)
------------------------------
 There are 0 register/latch pins with multiple clocks.


8. checking generated_clocks (0)
--------------------------------
 There are 0 generated clocks that are not connected to a clock source.


9. checking loops (0)
---------------------
 There are 0 combinational loops in the design.


10. checking partial_input_delay (0)
------------------------------------
 There are 0 input ports with partial input delay specified.


11. checking partial_output_delay (0)
-------------------------------------
 There are 0 ports with partial output delay specified.


12. checking latch_loops (0)
----------------------------
 There are 0 combinational latch loops in the design through latch input



------------------------------------------------------------------------------------------------
| Design Timing Summary
| ---------------------
------------------------------------------------------------------------------------------------

    WNS(ns)      TNS(ns)  TNS Failing Endpoints  TNS Total Endpoints      WHS(ns)      THS(ns)  THS Failing Endpoints  THS Total Endpoints     WPWS(ns)     TPWS(ns)  TPWS Failing Endpoints  TPWS Total Endpoints  
    -------      -------  ---------------------  -------------------      -------      -------  ---------------------  -------------------     --------     --------  ----------------------  --------------------  
        inf        0.000                      0                  239          inf        0.000                      0                  239           NA           NA                      NA                    NA  


There are no user specified timing constraints.


------------------------------------------------------------------------------------------------
| Clock Summary
| -------------
------------------------------------------------------------------------------------------------


------------------------------------------------------------------------------------------------
| Intra Clock Table
| -----------------
------------------------------------------------------------------------------------------------

Clock             WNS(ns)      TNS(ns)  TNS Failing Endpoints  TNS Total Endpoints      WHS(ns)      THS(ns)  THS Failing Endpoints  THS Total Endpoints     WPWS(ns)     TPWS(ns)  TPWS Failing Endpoints  TPWS Total Endpoints  
-----             -------      -------  ---------------------  -------------------      -------      -------  ---------------------  -------------------     --------     --------  ----------------------  --------------------  


------------------------------------------------------------------------------------------------
| Inter Clock Table
| -----------------
------------------------------------------------------------------------------------------------

From Clock    To Clock          WNS(ns)      TNS(ns)  TNS Failing Endpoints  TNS Total Endpoints      WHS(ns)      THS(ns)  THS Failing Endpoints  THS Total Endpoints  
----------    --------          -------      -------  ---------------------  -------------------      -------      -------  ---------------------  -------------------  


------------------------------------------------------------------------------------------------
| Other Path Groups Table
| -----------------------
------------------------------------------------------------------------------------------------

Path Group    From Clock    To Clock          WNS(ns)      TNS(ns)  TNS Failing Endpoints  TNS Total Endpoints      WHS(ns)      THS(ns)  THS Failing Endpoints  THS Total Endpoints  
----------    ----------    --------          -------      -------  ---------------------  -------------------      -------      -------  ---------------------  -------------------  


------------------------------------------------------------------------------------------------
| User Ignored Path Table
| -----------------------
------------------------------------------------------------------------------------------------

Path Group    From Clock    To Clock    
----------    ----------    --------    


------------------------------------------------------------------------------------------------
| Unconstrained Path Table
| ------------------------
------------------------------------------------------------------------------------------------

Path Group    From Clock    To Clock    
----------    ----------    --------    
(none)                                    


------------------------------------------------------------------------------------------------
| Timing Details
| --------------
------------------------------------------------------------------------------------------------


--------------------------------------------------------------------------------------
Path Group:  (none)
From Clock:  
  To Clock:  

Max Delay           239 Endpoints
Min Delay           239 Endpoints
--------------------------------------------------------------------------------------


Max Delay Paths
--------------------------------------------------------------------------------------
Slack:                    inf
  Source:                 manA[2]
                            (input port)
  Destination:            n1/outexp_reg[7]/D
  Path Group:             (none)
  Path Type:              Max at Slow Process Corner
  Data Path Delay:        14.320ns  (logic 2.902ns (20.266%)  route 11.418ns (79.734%))
  Logic Levels:           16  (CARRY4=5 IBUF=1 LUT2=1 LUT3=2 LUT4=2 LUT6=5)

    Location             Delay type                Incr(ns)  Path(ns)    Netlist Resource(s)
  -------------------------------------------------------------------    -------------------
    R18                                               0.000     0.000 r  manA[2] (IN)
                         net (fo=0)                   0.000     0.000    manA[2]
    R18                  IBUF (Prop_ibuf_I_O)         0.814     0.814 r  manA_IBUF[2]_inst/O
                         net (fo=5, routed)           1.908     2.722    n1/manA_IBUF[2]
    SLICE_X1Y36          LUT4 (Prop_lut4_I3_O)        0.053     2.775 r  n1/outexp[7]_i_49/O
                         net (fo=1, routed)           0.000     2.775    n1/outexp[7]_i_49_n_0
    SLICE_X1Y36          CARRY4 (Prop_carry4_S[1]_CO[3])
                                                      0.324     3.099 r  n1/outexp_reg[7]_i_34/CO[3]
                         net (fo=1, routed)           0.000     3.099    n1/outexp_reg[7]_i_34_n_0
    SLICE_X1Y37          CARRY4 (Prop_carry4_CI_CO[3])
                                                      0.058     3.157 r  n1/outexp_reg[7]_i_16/CO[3]
                         net (fo=1, routed)           0.000     3.157    n1/outexp_reg[7]_i_16_n_0
    SLICE_X1Y38          CARRY4 (Prop_carry4_CI_CO[3])
                                                      0.058     3.215 r  n1/outexp_reg[7]_i_11/CO[3]
                         net (fo=1, routed)           1.723     4.938    n1/sign_big3
    SLICE_X1Y81          LUT6 (Prop_lut6_I3_O)        0.053     4.991 r  n1/outexp[7]_i_4/O
                         net (fo=107, routed)         0.906     5.897    n1/outexp[7]_i_4_n_0
    SLICE_X3Y80          LUT3 (Prop_lut3_I1_O)        0.063     5.960 r  n1/outman[23]_i_25/O
                         net (fo=1, routed)           0.000     5.960    n1/exp_big[0]
    SLICE_X3Y80          CARRY4 (Prop_carry4_DI[0]_O[3])
                                                      0.334     6.294 r  n1/outman_reg[23]_i_15/O[3]
                         net (fo=25, routed)          2.073     8.367    n1/sign_res4[3]
    SLICE_X4Y39          LUT2 (Prop_lut2_I0_O)        0.156     8.523 f  n1/outman[19]_i_23/O
                         net (fo=4, routed)           0.545     9.067    n1/outman[19]_i_23_n_0
    SLICE_X4Y42          LUT6 (Prop_lut6_I4_O)        0.170     9.237 f  n1/outman[19]_i_20/O
                         net (fo=2, routed)           0.563     9.800    n1/outman[19]_i_20_n_0
    SLICE_X7Y42          LUT3 (Prop_lut3_I0_O)        0.067     9.867 f  n1/outman[19]_i_18/O
                         net (fo=2, routed)           0.455    10.322    n1/outman[19]_i_18_n_0
    SLICE_X6Y42          LUT6 (Prop_lut6_I3_O)        0.170    10.492 r  n1/outman[19]_i_14/O
                         net (fo=2, routed)           0.836    11.328    n1/outman[19]_i_14_n_0
    SLICE_X2Y41          LUT6 (Prop_lut6_I0_O)        0.053    11.381 r  n1/sign_r_i_7/O
                         net (fo=1, routed)           0.000    11.381    n1/sign_r_i_7_n_0
    SLICE_X2Y41          CARRY4 (Prop_carry4_S[1]_CO[3])
                                                      0.310    11.691 f  n1/sign_r_reg_i_2/CO[3]
                         net (fo=2, routed)           1.533    13.225    n1/sign_r_reg_i_2_n_0
    SLICE_X0Y74          LUT4 (Prop_lut4_I2_O)        0.054    13.279 r  n1/outexp[7]_i_5/O
                         net (fo=8, routed)           0.876    14.155    n1/outexp[7]_i_5_n_0
    SLICE_X2Y80          LUT6 (Prop_lut6_I5_O)        0.165    14.320 r  n1/outexp[7]_i_2/O
                         net (fo=1, routed)           0.000    14.320    n1/outexp[7]_i_2_n_0
    SLICE_X2Y80          FDCE                                         r  n1/outexp_reg[7]/D
  -------------------------------------------------------------------    -------------------

Slack:                    inf
  Source:                 manA[2]
                            (input port)
  Destination:            n1/outexp_reg[0]/D
  Path Group:             (none)
  Path Type:              Max at Slow Process Corner
  Data Path Delay:        14.317ns  (logic 2.902ns (20.270%)  route 11.415ns (79.730%))
  Logic Levels:           16  (CARRY4=5 IBUF=1 LUT2=1 LUT3=2 LUT4=2 LUT6=5)

    Location             Delay type                Incr(ns)  Path(ns)    Netlist Resource(s)
  -------------------------------------------------------------------    -------------------
    R18                                               0.000     0.000 r  manA[2] (IN)
                         net (fo=0)                   0.000     0.000    manA[2]
    R18                  IBUF (Prop_ibuf_I_O)         0.814     0.814 r  manA_IBUF[2]_inst/O
                         net (fo=5, routed)           1.908     2.722    n1/manA_IBUF[2]
    SLICE_X1Y36          LUT4 (Prop_lut4_I3_O)        0.053     2.775 r  n1/outexp[7]_i_49/O
                         net (fo=1, routed)           0.000     2.775    n1/outexp[7]_i_49_n_0
    SLICE_X1Y36          CARRY4 (Prop_carry4_S[1]_CO[3])
                                                      0.324     3.099 r  n1/outexp_reg[7]_i_34/CO[3]
                         net (fo=1, routed)           0.000     3.099    n1/outexp_reg[7]_i_34_n_0
    SLICE_X1Y37          CARRY4 (Prop_carry4_CI_CO[3])
                                                      0.058     3.157 r  n1/outexp_reg[7]_i_16/CO[3]
                         net (fo=1, routed)           0.000     3.157    n1/outexp_reg[7]_i_16_n_0
    SLICE_X1Y38          CARRY4 (Prop_carry4_CI_CO[3])
                                                      0.058     3.215 r  n1/outexp_reg[7]_i_11/CO[3]
                         net (fo=1, routed)           1.723     4.938    n1/sign_big3
    SLICE_X1Y81          LUT6 (Prop_lut6_I3_O)        0.053     4.991 r  n1/outexp[7]_i_4/O
                         net (fo=107, routed)         0.906     5.897    n1/outexp[7]_i_4_n_0
    SLICE_X3Y80          LUT3 (Prop_lut3_I1_O)        0.063     5.960 r  n1/outman[23]_i_25/O
                         net (fo=1, routed)           0.000     5.960    n1/exp_big[0]
    SLICE_X3Y80          CARRY4 (Prop_carry4_DI[0]_O[3])
                                                      0.334     6.294 r  n1/outman_reg[23]_i_15/O[3]
                         net (fo=25, routed)          2.073     8.367    n1/sign_res4[3]
    SLICE_X4Y39          LUT2 (Prop_lut2_I0_O)        0.156     8.523 f  n1/outman[19]_i_23/O
                         net (fo=4, routed)           0.545     9.067    n1/outman[19]_i_23_n_0
    SLICE_X4Y42          LUT6 (Prop_lut6_I4_O)        0.170     9.237 f  n1/outman[19]_i_20/O
                         net (fo=2, routed)           0.563     9.800    n1/outman[19]_i_20_n_0
    SLICE_X7Y42          LUT3 (Prop_lut3_I0_O)        0.067     9.867 f  n1/outman[19]_i_18/O
                         net (fo=2, routed)           0.455    10.322    n1/outman[19]_i_18_n_0
    SLICE_X6Y42          LUT6 (Prop_lut6_I3_O)        0.170    10.492 r  n1/outman[19]_i_14/O
                         net (fo=2, routed)           0.836    11.328    n1/outman[19]_i_14_n_0
    SLICE_X2Y41          LUT6 (Prop_lut6_I0_O)        0.053    11.381 r  n1/sign_r_i_7/O
                         net (fo=1, routed)           0.000    11.381    n1/sign_r_i_7_n_0
    SLICE_X2Y41          CARRY4 (Prop_carry4_S[1]_CO[3])
                                                      0.310    11.691 f  n1/sign_r_reg_i_2/CO[3]
                         net (fo=2, routed)           1.533    13.225    n1/sign_r_reg_i_2_n_0
    SLICE_X0Y74          LUT4 (Prop_lut4_I2_O)        0.054    13.279 r  n1/outexp[7]_i_5/O
                         net (fo=8, routed)           0.873    14.152    n1/outexp[7]_i_5_n_0
    SLICE_X2Y80          LUT6 (Prop_lut6_I5_O)        0.165    14.317 r  n1/outexp[0]_i_1/O
                         net (fo=1, routed)           0.000    14.317    n1/outexp[0]_i_1_n_0
    SLICE_X2Y80          FDCE                                         r  n1/outexp_reg[0]/D
  -------------------------------------------------------------------    -------------------

Slack:                    inf
  Source:                 manA[2]
                            (input port)
  Destination:            n1/outexp_reg[4]/D
  Path Group:             (none)
  Path Type:              Max at Slow Process Corner
  Data Path Delay:        14.286ns  (logic 2.902ns (20.313%)  route 11.384ns (79.687%))
  Logic Levels:           16  (CARRY4=5 IBUF=1 LUT2=1 LUT3=2 LUT4=2 LUT6=5)

    Location             Delay type                Incr(ns)  Path(ns)    Netlist Resource(s)
  -------------------------------------------------------------------    -------------------
    R18                                               0.000     0.000 r  manA[2] (IN)
                         net (fo=0)                   0.000     0.000    manA[2]
    R18                  IBUF (Prop_ibuf_I_O)         0.814     0.814 r  manA_IBUF[2]_inst/O
                         net (fo=5, routed)           1.908     2.722    n1/manA_IBUF[2]
    SLICE_X1Y36          LUT4 (Prop_lut4_I3_O)        0.053     2.775 r  n1/outexp[7]_i_49/O
                         net (fo=1, routed)           0.000     2.775    n1/outexp[7]_i_49_n_0
    SLICE_X1Y36          CARRY4 (Prop_carry4_S[1]_CO[3])
                                                      0.324     3.099 r  n1/outexp_reg[7]_i_34/CO[3]
                         net (fo=1, routed)           0.000     3.099    n1/outexp_reg[7]_i_34_n_0
    SLICE_X1Y37          CARRY4 (Prop_carry4_CI_CO[3])
                                                      0.058     3.157 r  n1/outexp_reg[7]_i_16/CO[3]
                         net (fo=1, routed)           0.000     3.157    n1/outexp_reg[7]_i_16_n_0
    SLICE_X1Y38          CARRY4 (Prop_carry4_CI_CO[3])
                                                      0.058     3.215 r  n1/outexp_reg[7]_i_11/CO[3]
                         net (fo=1, routed)           1.723     4.938    n1/sign_big3
    SLICE_X1Y81          LUT6 (Prop_lut6_I3_O)        0.053     4.991 r  n1/outexp[7]_i_4/O
                         net (fo=107, routed)         0.906     5.897    n1/outexp[7]_i_4_n_0
    SLICE_X3Y80          LUT3 (Prop_lut3_I1_O)        0.063     5.960 r  n1/outman[23]_i_25/O
                         net (fo=1, routed)           0.000     5.960    n1/exp_big[0]
    SLICE_X3Y80          CARRY4 (Prop_carry4_DI[0]_O[3])
                                                      0.334     6.294 r  n1/outman_reg[23]_i_15/O[3]
                         net (fo=25, routed)          2.073     8.367    n1/sign_res4[3]
    SLICE_X4Y39          LUT2 (Prop_lut2_I0_O)        0.156     8.523 f  n1/outman[19]_i_23/O
                         net (fo=4, routed)           0.545     9.067    n1/outman[19]_i_23_n_0
    SLICE_X4Y42          LUT6 (Prop_lut6_I4_O)        0.170     9.237 f  n1/outman[19]_i_20/O
                         net (fo=2, routed)           0.563     9.800    n1/outman[19]_i_20_n_0
    SLICE_X7Y42          LUT3 (Prop_lut3_I0_O)        0.067     9.867 f  n1/outman[19]_i_18/O
                         net (fo=2, routed)           0.455    10.322    n1/outman[19]_i_18_n_0
    SLICE_X6Y42          LUT6 (Prop_lut6_I3_O)        0.170    10.492 r  n1/outman[19]_i_14/O
                         net (fo=2, routed)           0.836    11.328    n1/outman[19]_i_14_n_0
    SLICE_X2Y41          LUT6 (Prop_lut6_I0_O)        0.053    11.381 r  n1/sign_r_i_7/O
                         net (fo=1, routed)           0.000    11.381    n1/sign_r_i_7_n_0
    SLICE_X2Y41          CARRY4 (Prop_carry4_S[1]_CO[3])
                                                      0.310    11.691 f  n1/sign_r_reg_i_2/CO[3]
                         net (fo=2, routed)           1.533    13.225    n1/sign_r_reg_i_2_n_0
    SLICE_X0Y74          LUT4 (Prop_lut4_I2_O)        0.054    13.279 r  n1/outexp[7]_i_5/O
                         net (fo=8, routed)           0.843    14.121    n1/outexp[7]_i_5_n_0
    SLICE_X2Y81          LUT6 (Prop_lut6_I5_O)        0.165    14.286 r  n1/outexp[4]_i_1/O
                         net (fo=1, routed)           0.000    14.286    n1/outexp[4]_i_1_n_0
    SLICE_X2Y81          FDCE                                         r  n1/outexp_reg[4]/D
  -------------------------------------------------------------------    -------------------

Slack:                    inf
  Source:                 manA[2]
                            (input port)
  Destination:            n1/outexp_reg[2]/D
  Path Group:             (none)
  Path Type:              Max at Slow Process Corner
  Data Path Delay:        14.200ns  (logic 2.902ns (20.437%)  route 11.298ns (79.563%))
  Logic Levels:           16  (CARRY4=5 IBUF=1 LUT2=1 LUT3=2 LUT4=2 LUT6=5)

    Location             Delay type                Incr(ns)  Path(ns)    Netlist Resource(s)
  -------------------------------------------------------------------    -------------------
    R18                                               0.000     0.000 r  manA[2] (IN)
                         net (fo=0)                   0.000     0.000    manA[2]
    R18                  IBUF (Prop_ibuf_I_O)         0.814     0.814 r  manA_IBUF[2]_inst/O
                         net (fo=5, routed)           1.908     2.722    n1/manA_IBUF[2]
    SLICE_X1Y36          LUT4 (Prop_lut4_I3_O)        0.053     2.775 r  n1/outexp[7]_i_49/O
                         net (fo=1, routed)           0.000     2.775    n1/outexp[7]_i_49_n_0
    SLICE_X1Y36          CARRY4 (Prop_carry4_S[1]_CO[3])
                                                      0.324     3.099 r  n1/outexp_reg[7]_i_34/CO[3]
                         net (fo=1, routed)           0.000     3.099    n1/outexp_reg[7]_i_34_n_0
    SLICE_X1Y37          CARRY4 (Prop_carry4_CI_CO[3])
                                                      0.058     3.157 r  n1/outexp_reg[7]_i_16/CO[3]
                         net (fo=1, routed)           0.000     3.157    n1/outexp_reg[7]_i_16_n_0
    SLICE_X1Y38          CARRY4 (Prop_carry4_CI_CO[3])
                                                      0.058     3.215 r  n1/outexp_reg[7]_i_11/CO[3]
                         net (fo=1, routed)           1.723     4.938    n1/sign_big3
    SLICE_X1Y81          LUT6 (Prop_lut6_I3_O)        0.053     4.991 r  n1/outexp[7]_i_4/O
                         net (fo=107, routed)         0.906     5.897    n1/outexp[7]_i_4_n_0
    SLICE_X3Y80          LUT3 (Prop_lut3_I1_O)        0.063     5.960 r  n1/outman[23]_i_25/O
                         net (fo=1, routed)           0.000     5.960    n1/exp_big[0]
    SLICE_X3Y80          CARRY4 (Prop_carry4_DI[0]_O[3])
                                                      0.334     6.294 r  n1/outman_reg[23]_i_15/O[3]
                         net (fo=25, routed)          2.073     8.367    n1/sign_res4[3]
    SLICE_X4Y39          LUT2 (Prop_lut2_I0_O)        0.156     8.523 f  n1/outman[19]_i_23/O
                         net (fo=4, routed)           0.545     9.067    n1/outman[19]_i_23_n_0
    SLICE_X4Y42          LUT6 (Prop_lut6_I4_O)        0.170     9.237 f  n1/outman[19]_i_20/O
                         net (fo=2, routed)           0.563     9.800    n1/outman[19]_i_20_n_0
    SLICE_X7Y42          LUT3 (Prop_lut3_I0_O)        0.067     9.867 f  n1/outman[19]_i_18/O
                         net (fo=2, routed)           0.455    10.322    n1/outman[19]_i_18_n_0
    SLICE_X6Y42          LUT6 (Prop_lut6_I3_O)        0.170    10.492 r  n1/outman[19]_i_14/O
                         net (fo=2, routed)           0.836    11.328    n1/outman[19]_i_14_n_0
    SLICE_X2Y41          LUT6 (Prop_lut6_I0_O)        0.053    11.381 r  n1/sign_r_i_7/O
                         net (fo=1, routed)           0.000    11.381    n1/sign_r_i_7_n_0
    SLICE_X2Y41          CARRY4 (Prop_carry4_S[1]_CO[3])
                                                      0.310    11.691 f  n1/sign_r_reg_i_2/CO[3]
                         net (fo=2, routed)           1.533    13.225    n1/sign_r_reg_i_2_n_0
    SLICE_X0Y74          LUT4 (Prop_lut4_I2_O)        0.054    13.279 r  n1/outexp[7]_i_5/O
                         net (fo=8, routed)           0.756    14.035    n1/outexp[7]_i_5_n_0
    SLICE_X3Y79          LUT6 (Prop_lut6_I5_O)        0.165    14.200 r  n1/outexp[2]_i_1/O
                         net (fo=1, routed)           0.000    14.200    n1/outexp[2]_i_1_n_0
    SLICE_X3Y79          FDCE                                         r  n1/outexp_reg[2]/D
  -------------------------------------------------------------------    -------------------

Slack:                    inf
  Source:                 manA[2]
                            (input port)
  Destination:            n1/outexp_reg[1]/D
  Path Group:             (none)
  Path Type:              Max at Slow Process Corner
  Data Path Delay:        14.199ns  (logic 2.902ns (20.439%)  route 11.297ns (79.561%))
  Logic Levels:           16  (CARRY4=5 IBUF=1 LUT2=1 LUT3=2 LUT4=2 LUT6=5)

    Location             Delay type                Incr(ns)  Path(ns)    Netlist Resource(s)
  -------------------------------------------------------------------    -------------------
    R18                                               0.000     0.000 r  manA[2] (IN)
                         net (fo=0)                   0.000     0.000    manA[2]
    R18                  IBUF (Prop_ibuf_I_O)         0.814     0.814 r  manA_IBUF[2]_inst/O
                         net (fo=5, routed)           1.908     2.722    n1/manA_IBUF[2]
    SLICE_X1Y36          LUT4 (Prop_lut4_I3_O)        0.053     2.775 r  n1/outexp[7]_i_49/O
                         net (fo=1, routed)           0.000     2.775    n1/outexp[7]_i_49_n_0
    SLICE_X1Y36          CARRY4 (Prop_carry4_S[1]_CO[3])
                                                      0.324     3.099 r  n1/outexp_reg[7]_i_34/CO[3]
                         net (fo=1, routed)           0.000     3.099    n1/outexp_reg[7]_i_34_n_0
    SLICE_X1Y37          CARRY4 (Prop_carry4_CI_CO[3])
                                                      0.058     3.157 r  n1/outexp_reg[7]_i_16/CO[3]
                         net (fo=1, routed)           0.000     3.157    n1/outexp_reg[7]_i_16_n_0
    SLICE_X1Y38          CARRY4 (Prop_carry4_CI_CO[3])
                                                      0.058     3.215 r  n1/outexp_reg[7]_i_11/CO[3]
                         net (fo=1, routed)           1.723     4.938    n1/sign_big3
    SLICE_X1Y81          LUT6 (Prop_lut6_I3_O)        0.053     4.991 r  n1/outexp[7]_i_4/O
                         net (fo=107, routed)         0.906     5.897    n1/outexp[7]_i_4_n_0
    SLICE_X3Y80          LUT3 (Prop_lut3_I1_O)        0.063     5.960 r  n1/outman[23]_i_25/O
                         net (fo=1, routed)           0.000     5.960    n1/exp_big[0]
    SLICE_X3Y80          CARRY4 (Prop_carry4_DI[0]_O[3])
                                                      0.334     6.294 r  n1/outman_reg[23]_i_15/O[3]
                         net (fo=25, routed)          2.073     8.367    n1/sign_res4[3]
    SLICE_X4Y39          LUT2 (Prop_lut2_I0_O)        0.156     8.523 f  n1/outman[19]_i_23/O
                         net (fo=4, routed)           0.545     9.067    n1/outman[19]_i_23_n_0
    SLICE_X4Y42          LUT6 (Prop_lut6_I4_O)        0.170     9.237 f  n1/outman[19]_i_20/O
                         net (fo=2, routed)           0.563     9.800    n1/outman[19]_i_20_n_0
    SLICE_X7Y42          LUT3 (Prop_lut3_I0_O)        0.067     9.867 f  n1/outman[19]_i_18/O
                         net (fo=2, routed)           0.455    10.322    n1/outman[19]_i_18_n_0
    SLICE_X6Y42          LUT6 (Prop_lut6_I3_O)        0.170    10.492 r  n1/outman[19]_i_14/O
                         net (fo=2, routed)           0.836    11.328    n1/outman[19]_i_14_n_0
    SLICE_X2Y41          LUT6 (Prop_lut6_I0_O)        0.053    11.381 r  n1/sign_r_i_7/O
                         net (fo=1, routed)           0.000    11.381    n1/sign_r_i_7_n_0
    SLICE_X2Y41          CARRY4 (Prop_carry4_S[1]_CO[3])
                                                      0.310    11.691 f  n1/sign_r_reg_i_2/CO[3]
                         net (fo=2, routed)           1.533    13.225    n1/sign_r_reg_i_2_n_0
    SLICE_X0Y74          LUT4 (Prop_lut4_I2_O)        0.054    13.279 r  n1/outexp[7]_i_5/O
                         net (fo=8, routed)           0.755    14.034    n1/outexp[7]_i_5_n_0
    SLICE_X3Y79          LUT6 (Prop_lut6_I5_O)        0.165    14.199 r  n1/outexp[1]_i_1/O
                         net (fo=1, routed)           0.000    14.199    n1/outexp[1]_i_1_n_0
    SLICE_X3Y79          FDCE                                         r  n1/outexp_reg[1]/D
  -------------------------------------------------------------------    -------------------

Slack:                    inf
  Source:                 manA[2]
                            (input port)
  Destination:            n1/outexp_reg[6]/D
  Path Group:             (none)
  Path Type:              Max at Slow Process Corner
  Data Path Delay:        14.103ns  (logic 2.902ns (20.577%)  route 11.201ns (79.423%))
  Logic Levels:           16  (CARRY4=5 IBUF=1 LUT2=1 LUT3=2 LUT4=2 LUT6=5)

    Location             Delay type                Incr(ns)  Path(ns)    Netlist Resource(s)
  -------------------------------------------------------------------    -------------------
    R18                                               0.000     0.000 r  manA[2] (IN)
                         net (fo=0)                   0.000     0.000    manA[2]
    R18                  IBUF (Prop_ibuf_I_O)         0.814     0.814 r  manA_IBUF[2]_inst/O
                         net (fo=5, routed)           1.908     2.722    n1/manA_IBUF[2]
    SLICE_X1Y36          LUT4 (Prop_lut4_I3_O)        0.053     2.775 r  n1/outexp[7]_i_49/O
                         net (fo=1, routed)           0.000     2.775    n1/outexp[7]_i_49_n_0
    SLICE_X1Y36          CARRY4 (Prop_carry4_S[1]_CO[3])
                                                      0.324     3.099 r  n1/outexp_reg[7]_i_34/CO[3]
                         net (fo=1, routed)           0.000     3.099    n1/outexp_reg[7]_i_34_n_0
    SLICE_X1Y37          CARRY4 (Prop_carry4_CI_CO[3])
                                                      0.058     3.157 r  n1/outexp_reg[7]_i_16/CO[3]
                         net (fo=1, routed)           0.000     3.157    n1/outexp_reg[7]_i_16_n_0
    SLICE_X1Y38          CARRY4 (Prop_carry4_CI_CO[3])
                                                      0.058     3.215 r  n1/outexp_reg[7]_i_11/CO[3]
                         net (fo=1, routed)           1.723     4.938    n1/sign_big3
    SLICE_X1Y81          LUT6 (Prop_lut6_I3_O)        0.053     4.991 r  n1/outexp[7]_i_4/O
                         net (fo=107, routed)         0.906     5.897    n1/outexp[7]_i_4_n_0
    SLICE_X3Y80          LUT3 (Prop_lut3_I1_O)        0.063     5.960 r  n1/outman[23]_i_25/O
                         net (fo=1, routed)           0.000     5.960    n1/exp_big[0]
    SLICE_X3Y80          CARRY4 (Prop_carry4_DI[0]_O[3])
                                                      0.334     6.294 r  n1/outman_reg[23]_i_15/O[3]
                         net (fo=25, routed)          2.073     8.367    n1/sign_res4[3]
    SLICE_X4Y39          LUT2 (Prop_lut2_I0_O)        0.156     8.523 f  n1/outman[19]_i_23/O
                         net (fo=4, routed)           0.545     9.067    n1/outman[19]_i_23_n_0
    SLICE_X4Y42          LUT6 (Prop_lut6_I4_O)        0.170     9.237 f  n1/outman[19]_i_20/O
                         net (fo=2, routed)           0.563     9.800    n1/outman[19]_i_20_n_0
    SLICE_X7Y42          LUT3 (Prop_lut3_I0_O)        0.067     9.867 f  n1/outman[19]_i_18/O
                         net (fo=2, routed)           0.455    10.322    n1/outman[19]_i_18_n_0
    SLICE_X6Y42          LUT6 (Prop_lut6_I3_O)        0.170    10.492 r  n1/outman[19]_i_14/O
                         net (fo=2, routed)           0.836    11.328    n1/outman[19]_i_14_n_0
    SLICE_X2Y41          LUT6 (Prop_lut6_I0_O)        0.053    11.381 r  n1/sign_r_i_7/O
                         net (fo=1, routed)           0.000    11.381    n1/sign_r_i_7_n_0
    SLICE_X2Y41          CARRY4 (Prop_carry4_S[1]_CO[3])
                                                      0.310    11.691 f  n1/sign_r_reg_i_2/CO[3]
                         net (fo=2, routed)           1.533    13.225    n1/sign_r_reg_i_2_n_0
    SLICE_X0Y74          LUT4 (Prop_lut4_I2_O)        0.054    13.279 r  n1/outexp[7]_i_5/O
                         net (fo=8, routed)           0.660    13.938    n1/outexp[7]_i_5_n_0
    SLICE_X2Y81          LUT6 (Prop_lut6_I5_O)        0.165    14.103 r  n1/outexp[6]_i_1/O
                         net (fo=1, routed)           0.000    14.103    n1/outexp[6]_i_1_n_0
    SLICE_X2Y81          FDCE                                         r  n1/outexp_reg[6]/D
  -------------------------------------------------------------------    -------------------

Slack:                    inf
  Source:                 manA[2]
                            (input port)
  Destination:            n1/outexp_reg[3]/D
  Path Group:             (none)
  Path Type:              Max at Slow Process Corner
  Data Path Delay:        14.088ns  (logic 2.902ns (20.600%)  route 11.186ns (79.400%))
  Logic Levels:           16  (CARRY4=5 IBUF=1 LUT2=1 LUT3=2 LUT4=2 LUT6=5)

    Location             Delay type                Incr(ns)  Path(ns)    Netlist Resource(s)
  -------------------------------------------------------------------    -------------------
    R18                                               0.000     0.000 r  manA[2] (IN)
                         net (fo=0)                   0.000     0.000    manA[2]
    R18                  IBUF (Prop_ibuf_I_O)         0.814     0.814 r  manA_IBUF[2]_inst/O
                         net (fo=5, routed)           1.908     2.722    n1/manA_IBUF[2]
    SLICE_X1Y36          LUT4 (Prop_lut4_I3_O)        0.053     2.775 r  n1/outexp[7]_i_49/O
                         net (fo=1, routed)           0.000     2.775    n1/outexp[7]_i_49_n_0
    SLICE_X1Y36          CARRY4 (Prop_carry4_S[1]_CO[3])
                                                      0.324     3.099 r  n1/outexp_reg[7]_i_34/CO[3]
                         net (fo=1, routed)           0.000     3.099    n1/outexp_reg[7]_i_34_n_0
    SLICE_X1Y37          CARRY4 (Prop_carry4_CI_CO[3])
                                                      0.058     3.157 r  n1/outexp_reg[7]_i_16/CO[3]
                         net (fo=1, routed)           0.000     3.157    n1/outexp_reg[7]_i_16_n_0
    SLICE_X1Y38          CARRY4 (Prop_carry4_CI_CO[3])
                                                      0.058     3.215 r  n1/outexp_reg[7]_i_11/CO[3]
                         net (fo=1, routed)           1.723     4.938    n1/sign_big3
    SLICE_X1Y81          LUT6 (Prop_lut6_I3_O)        0.053     4.991 r  n1/outexp[7]_i_4/O
                         net (fo=107, routed)         0.906     5.897    n1/outexp[7]_i_4_n_0
    SLICE_X3Y80          LUT3 (Prop_lut3_I1_O)        0.063     5.960 r  n1/outman[23]_i_25/O
                         net (fo=1, routed)           0.000     5.960    n1/exp_big[0]
    SLICE_X3Y80          CARRY4 (Prop_carry4_DI[0]_O[3])
                                                      0.334     6.294 r  n1/outman_reg[23]_i_15/O[3]
                         net (fo=25, routed)          2.073     8.367    n1/sign_res4[3]
    SLICE_X4Y39          LUT2 (Prop_lut2_I0_O)        0.156     8.523 f  n1/outman[19]_i_23/O
                         net (fo=4, routed)           0.545     9.067    n1/outman[19]_i_23_n_0
    SLICE_X4Y42          LUT6 (Prop_lut6_I4_O)        0.170     9.237 f  n1/outman[19]_i_20/O
                         net (fo=2, routed)           0.563     9.800    n1/outman[19]_i_20_n_0
    SLICE_X7Y42          LUT3 (Prop_lut3_I0_O)        0.067     9.867 f  n1/outman[19]_i_18/O
                         net (fo=2, routed)           0.455    10.322    n1/outman[19]_i_18_n_0
    SLICE_X6Y42          LUT6 (Prop_lut6_I3_O)        0.170    10.492 r  n1/outman[19]_i_14/O
                         net (fo=2, routed)           0.836    11.328    n1/outman[19]_i_14_n_0
    SLICE_X2Y41          LUT6 (Prop_lut6_I0_O)        0.053    11.381 r  n1/sign_r_i_7/O
                         net (fo=1, routed)           0.000    11.381    n1/sign_r_i_7_n_0
    SLICE_X2Y41          CARRY4 (Prop_carry4_S[1]_CO[3])
                                                      0.310    11.691 f  n1/sign_r_reg_i_2/CO[3]
                         net (fo=2, routed)           1.533    13.225    n1/sign_r_reg_i_2_n_0
    SLICE_X0Y74          LUT4 (Prop_lut4_I2_O)        0.054    13.279 r  n1/outexp[7]_i_5/O
                         net (fo=8, routed)           0.644    13.923    n1/outexp[7]_i_5_n_0
    SLICE_X3Y79          LUT6 (Prop_lut6_I5_O)        0.165    14.088 r  n1/outexp[3]_i_1/O
                         net (fo=1, routed)           0.000    14.088    n1/outexp[3]_i_1_n_0
    SLICE_X3Y79          FDCE                                         r  n1/outexp_reg[3]/D
  -------------------------------------------------------------------    -------------------

Slack:                    inf
  Source:                 manA[2]
                            (input port)
  Destination:            n1/outexp_reg[5]/D
  Path Group:             (none)
  Path Type:              Max at Slow Process Corner
  Data Path Delay:        13.935ns  (logic 2.902ns (20.826%)  route 11.033ns (79.174%))
  Logic Levels:           16  (CARRY4=5 IBUF=1 LUT2=1 LUT3=2 LUT4=2 LUT6=5)

    Location             Delay type                Incr(ns)  Path(ns)    Netlist Resource(s)
  -------------------------------------------------------------------    -------------------
    R18                                               0.000     0.000 r  manA[2] (IN)
                         net (fo=0)                   0.000     0.000    manA[2]
    R18                  IBUF (Prop_ibuf_I_O)         0.814     0.814 r  manA_IBUF[2]_inst/O
                         net (fo=5, routed)           1.908     2.722    n1/manA_IBUF[2]
    SLICE_X1Y36          LUT4 (Prop_lut4_I3_O)        0.053     2.775 r  n1/outexp[7]_i_49/O
                         net (fo=1, routed)           0.000     2.775    n1/outexp[7]_i_49_n_0
    SLICE_X1Y36          CARRY4 (Prop_carry4_S[1]_CO[3])
                                                      0.324     3.099 r  n1/outexp_reg[7]_i_34/CO[3]
                         net (fo=1, routed)           0.000     3.099    n1/outexp_reg[7]_i_34_n_0
    SLICE_X1Y37          CARRY4 (Prop_carry4_CI_CO[3])
                                                      0.058     3.157 r  n1/outexp_reg[7]_i_16/CO[3]
                         net (fo=1, routed)           0.000     3.157    n1/outexp_reg[7]_i_16_n_0
    SLICE_X1Y38          CARRY4 (Prop_carry4_CI_CO[3])
                                                      0.058     3.215 r  n1/outexp_reg[7]_i_11/CO[3]
                         net (fo=1, routed)           1.723     4.938    n1/sign_big3
    SLICE_X1Y81          LUT6 (Prop_lut6_I3_O)        0.053     4.991 r  n1/outexp[7]_i_4/O
                         net (fo=107, routed)         0.906     5.897    n1/outexp[7]_i_4_n_0
    SLICE_X3Y80          LUT3 (Prop_lut3_I1_O)        0.063     5.960 r  n1/outman[23]_i_25/O
                         net (fo=1, routed)           0.000     5.960    n1/exp_big[0]
    SLICE_X3Y80          CARRY4 (Prop_carry4_DI[0]_O[3])
                                                      0.334     6.294 r  n1/outman_reg[23]_i_15/O[3]
                         net (fo=25, routed)          2.073     8.367    n1/sign_res4[3]
    SLICE_X4Y39          LUT2 (Prop_lut2_I0_O)        0.156     8.523 f  n1/outman[19]_i_23/O
                         net (fo=4, routed)           0.545     9.067    n1/outman[19]_i_23_n_0
    SLICE_X4Y42          LUT6 (Prop_lut6_I4_O)        0.170     9.237 f  n1/outman[19]_i_20/O
                         net (fo=2, routed)           0.563     9.800    n1/outman[19]_i_20_n_0
    SLICE_X7Y42          LUT3 (Prop_lut3_I0_O)        0.067     9.867 f  n1/outman[19]_i_18/O
                         net (fo=2, routed)           0.455    10.322    n1/outman[19]_i_18_n_0
    SLICE_X6Y42          LUT6 (Prop_lut6_I3_O)        0.170    10.492 r  n1/outman[19]_i_14/O
                         net (fo=2, routed)           0.836    11.328    n1/outman[19]_i_14_n_0
    SLICE_X2Y41          LUT6 (Prop_lut6_I0_O)        0.053    11.381 r  n1/sign_r_i_7/O
                         net (fo=1, routed)           0.000    11.381    n1/sign_r_i_7_n_0
    SLICE_X2Y41          CARRY4 (Prop_carry4_S[1]_CO[3])
                                                      0.310    11.691 f  n1/sign_r_reg_i_2/CO[3]
                         net (fo=2, routed)           1.533    13.225    n1/sign_r_reg_i_2_n_0
    SLICE_X0Y74          LUT4 (Prop_lut4_I2_O)        0.054    13.279 r  n1/outexp[7]_i_5/O
                         net (fo=8, routed)           0.491    13.770    n1/outexp[7]_i_5_n_0
    SLICE_X3Y79          LUT6 (Prop_lut6_I5_O)        0.165    13.935 r  n1/outexp[5]_i_1/O
                         net (fo=1, routed)           0.000    13.935    n1/outexp[5]_i_1_n_0
    SLICE_X3Y79          FDCE                                         r  n1/outexp_reg[5]/D
  -------------------------------------------------------------------    -------------------

Slack:                    inf
  Source:                 manA[2]
                            (input port)
  Destination:            n1/outman_reg[20]/D
  Path Group:             (none)
  Path Type:              Max at Slow Process Corner
  Data Path Delay:        13.480ns  (logic 3.069ns (22.767%)  route 10.411ns (77.233%))
  Logic Levels:           21  (CARRY4=11 IBUF=1 LUT3=1 LUT4=1 LUT5=1 LUT6=6)

    Location             Delay type                Incr(ns)  Path(ns)    Netlist Resource(s)
  -------------------------------------------------------------------    -------------------
    R18                                               0.000     0.000 r  manA[2] (IN)
                         net (fo=0)                   0.000     0.000    manA[2]
    R18                  IBUF (Prop_ibuf_I_O)         0.814     0.814 r  manA_IBUF[2]_inst/O
                         net (fo=5, routed)           1.908     2.722    n1/manA_IBUF[2]
    SLICE_X1Y36          LUT4 (Prop_lut4_I3_O)        0.053     2.775 r  n1/outexp[7]_i_49/O
                         net (fo=1, routed)           0.000     2.775    n1/outexp[7]_i_49_n_0
    SLICE_X1Y36          CARRY4 (Prop_carry4_S[1]_CO[3])
                                                      0.324     3.099 r  n1/outexp_reg[7]_i_34/CO[3]
                         net (fo=1, routed)           0.000     3.099    n1/outexp_reg[7]_i_34_n_0
    SLICE_X1Y37          CARRY4 (Prop_carry4_CI_CO[3])
                                                      0.058     3.157 r  n1/outexp_reg[7]_i_16/CO[3]
                         net (fo=1, routed)           0.000     3.157    n1/outexp_reg[7]_i_16_n_0
    SLICE_X1Y38          CARRY4 (Prop_carry4_CI_CO[3])
                                                      0.058     3.215 r  n1/outexp_reg[7]_i_11/CO[3]
                         net (fo=1, routed)           1.723     4.938    n1/sign_big3
    SLICE_X1Y81          LUT6 (Prop_lut6_I3_O)        0.053     4.991 r  n1/outexp[7]_i_4/O
                         net (fo=107, routed)         0.906     5.897    n1/outexp[7]_i_4_n_0
    SLICE_X3Y80          LUT3 (Prop_lut3_I1_O)        0.063     5.960 r  n1/outman[23]_i_25/O
                         net (fo=1, routed)           0.000     5.960    n1/exp_big[0]
    SLICE_X3Y80          CARRY4 (Prop_carry4_DI[0]_CO[3])
                                                      0.290     6.250 r  n1/outman_reg[23]_i_15/CO[3]
                         net (fo=1, routed)           0.000     6.250    n1/outman_reg[23]_i_15_n_0
    SLICE_X3Y81          CARRY4 (Prop_carry4_CI_O[0])
                                                      0.139     6.389 r  n1/outman_reg[23]_i_20/O[0]
                         net (fo=37, routed)          2.243     8.632    n1/sign_res4[4]
    SLICE_X2Y38          LUT6 (Prop_lut6_I2_O)        0.155     8.787 f  n1/outman[3]_i_29/O
                         net (fo=1, routed)           0.567     9.354    n1/outman[3]_i_29_n_0
    SLICE_X5Y38          LUT6 (Prop_lut6_I0_O)        0.053     9.407 f  n1/outman[3]_i_21/O
                         net (fo=2, routed)           0.684    10.090    n1/outman[3]_i_21_n_0
    SLICE_X5Y40          LUT5 (Prop_lut5_I0_O)        0.053    10.143 f  n1/outman[3]_i_18/O
                         net (fo=2, routed)           0.574    10.717    n1/outman[3]_i_18_n_0
    SLICE_X4Y40          LUT6 (Prop_lut6_I3_O)        0.053    10.770 r  n1/outman[3]_i_14/O
                         net (fo=2, routed)           0.570    11.340    n1/outman[3]_i_14_n_0
    SLICE_X0Y38          LUT6 (Prop_lut6_I0_O)        0.053    11.393 r  n1/outman[3]_i_10/O
                         net (fo=1, routed)           0.000    11.393    n1/outman[3]_i_10_n_0
    SLICE_X0Y38          CARRY4 (Prop_carry4_S[1]_CO[3])
                                                      0.324    11.717 r  n1/outman_reg[3]_i_2/CO[3]
                         net (fo=1, routed)           0.000    11.717    n1/outman_reg[3]_i_2_n_0
    SLICE_X0Y39          CARRY4 (Prop_carry4_CI_CO[3])
                                                      0.058    11.775 r  n1/outman_reg[7]_i_2/CO[3]
                         net (fo=1, routed)           0.000    11.775    n1/outman_reg[7]_i_2_n_0
    SLICE_X0Y40          CARRY4 (Prop_carry4_CI_CO[3])
                                                      0.058    11.833 r  n1/outman_reg[11]_i_2/CO[3]
                         net (fo=1, routed)           0.000    11.833    n1/outman_reg[11]_i_2_n_0
    SLICE_X0Y41          CARRY4 (Prop_carry4_CI_CO[3])
                                                      0.058    11.891 r  n1/outman_reg[15]_i_2/CO[3]
                         net (fo=1, routed)           0.000    11.891    n1/outman_reg[15]_i_2_n_0
    SLICE_X0Y42          CARRY4 (Prop_carry4_CI_CO[3])
                                                      0.058    11.949 r  n1/outman_reg[19]_i_2/CO[3]
                         net (fo=1, routed)           0.000    11.949    n1/outman_reg[19]_i_2_n_0
    SLICE_X0Y43          CARRY4 (Prop_carry4_CI_O[0])
                                                      0.139    12.088 r  n1/outman_reg[23]_i_2/O[0]
                         net (fo=1, routed)           1.237    13.325    n1/man_res[20]
    SLICE_X0Y61          LUT6 (Prop_lut6_I0_O)        0.155    13.480 r  n1/outman[20]_i_1/O
                         net (fo=1, routed)           0.000    13.480    n1/outman[20]_i_1_n_0
    SLICE_X0Y61          FDCE                                         r  n1/outman_reg[20]/D
  -------------------------------------------------------------------    -------------------

Slack:                    inf
  Source:                 manA[2]
                            (input port)
  Destination:            n1/outman_reg[19]/D
  Path Group:             (none)
  Path Type:              Max at Slow Process Corner
  Data Path Delay:        13.429ns  (logic 3.038ns (22.623%)  route 10.391ns (77.377%))
  Logic Levels:           20  (CARRY4=10 IBUF=1 LUT3=1 LUT4=1 LUT5=1 LUT6=6)

    Location             Delay type                Incr(ns)  Path(ns)    Netlist Resource(s)
  -------------------------------------------------------------------    -------------------
    R18                                               0.000     0.000 r  manA[2] (IN)
                         net (fo=0)                   0.000     0.000    manA[2]
    R18                  IBUF (Prop_ibuf_I_O)         0.814     0.814 r  manA_IBUF[2]_inst/O
                         net (fo=5, routed)           1.908     2.722    n1/manA_IBUF[2]
    SLICE_X1Y36          LUT4 (Prop_lut4_I3_O)        0.053     2.775 r  n1/outexp[7]_i_49/O
                         net (fo=1, routed)           0.000     2.775    n1/outexp[7]_i_49_n_0
    SLICE_X1Y36          CARRY4 (Prop_carry4_S[1]_CO[3])
                                                      0.324     3.099 r  n1/outexp_reg[7]_i_34/CO[3]
                         net (fo=1, routed)           0.000     3.099    n1/outexp_reg[7]_i_34_n_0
    SLICE_X1Y37          CARRY4 (Prop_carry4_CI_CO[3])
                                                      0.058     3.157 r  n1/outexp_reg[7]_i_16/CO[3]
                         net (fo=1, routed)           0.000     3.157    n1/outexp_reg[7]_i_16_n_0
    SLICE_X1Y38          CARRY4 (Prop_carry4_CI_CO[3])
                                                      0.058     3.215 r  n1/outexp_reg[7]_i_11/CO[3]
                         net (fo=1, routed)           1.723     4.938    n1/sign_big3
    SLICE_X1Y81          LUT6 (Prop_lut6_I3_O)        0.053     4.991 r  n1/outexp[7]_i_4/O
                         net (fo=107, routed)         0.906     5.897    n1/outexp[7]_i_4_n_0
    SLICE_X3Y80          LUT3 (Prop_lut3_I1_O)        0.063     5.960 r  n1/outman[23]_i_25/O
                         net (fo=1, routed)           0.000     5.960    n1/exp_big[0]
    SLICE_X3Y80          CARRY4 (Prop_carry4_DI[0]_CO[3])
                                                      0.290     6.250 r  n1/outman_reg[23]_i_15/CO[3]
                         net (fo=1, routed)           0.000     6.250    n1/outman_reg[23]_i_15_n_0
    SLICE_X3Y81          CARRY4 (Prop_carry4_CI_O[0])
                                                      0.139     6.389 r  n1/outman_reg[23]_i_20/O[0]
                         net (fo=37, routed)          2.243     8.632    n1/sign_res4[4]
    SLICE_X2Y38          LUT6 (Prop_lut6_I2_O)        0.155     8.787 f  n1/outman[3]_i_29/O
                         net (fo=1, routed)           0.567     9.354    n1/outman[3]_i_29_n_0
    SLICE_X5Y38          LUT6 (Prop_lut6_I0_O)        0.053     9.407 f  n1/outman[3]_i_21/O
                         net (fo=2, routed)           0.684    10.090    n1/outman[3]_i_21_n_0
    SLICE_X5Y40          LUT5 (Prop_lut5_I0_O)        0.053    10.143 f  n1/outman[3]_i_18/O
                         net (fo=2, routed)           0.574    10.717    n1/outman[3]_i_18_n_0
    SLICE_X4Y40          LUT6 (Prop_lut6_I3_O)        0.053    10.770 r  n1/outman[3]_i_14/O
                         net (fo=2, routed)           0.570    11.340    n1/outman[3]_i_14_n_0
    SLICE_X0Y38          LUT6 (Prop_lut6_I0_O)        0.053    11.393 r  n1/outman[3]_i_10/O
                         net (fo=1, routed)           0.000    11.393    n1/outman[3]_i_10_n_0
    SLICE_X0Y38          CARRY4 (Prop_carry4_S[1]_CO[3])
                                                      0.324    11.717 r  n1/outman_reg[3]_i_2/CO[3]
                         net (fo=1, routed)           0.000    11.717    n1/outman_reg[3]_i_2_n_0
    SLICE_X0Y39          CARRY4 (Prop_carry4_CI_CO[3])
                                                      0.058    11.775 r  n1/outman_reg[7]_i_2/CO[3]
                         net (fo=1, routed)           0.000    11.775    n1/outman_reg[7]_i_2_n_0
    SLICE_X0Y40          CARRY4 (Prop_carry4_CI_CO[3])
                                                      0.058    11.833 r  n1/outman_reg[11]_i_2/CO[3]
                         net (fo=1, routed)           0.000    11.833    n1/outman_reg[11]_i_2_n_0
    SLICE_X0Y41          CARRY4 (Prop_carry4_CI_CO[3])
                                                      0.058    11.891 r  n1/outman_reg[15]_i_2/CO[3]
                         net (fo=1, routed)           0.000    11.891    n1/outman_reg[15]_i_2_n_0
    SLICE_X0Y42          CARRY4 (Prop_carry4_CI_O[3])
                                                      0.179    12.070 r  n1/outman_reg[19]_i_2/O[3]
                         net (fo=1, routed)           1.217    13.287    n1/man_res[19]
    SLICE_X1Y61          LUT6 (Prop_lut6_I0_O)        0.142    13.429 r  n1/outman[19]_i_1/O
                         net (fo=1, routed)           0.000    13.429    n1/outman[19]_i_1_n_0
    SLICE_X1Y61          FDCE                                         r  n1/outman_reg[19]/D
  -------------------------------------------------------------------    -------------------





Min Delay Paths
--------------------------------------------------------------------------------------
Slack:                    inf
  Source:                 n1/FSM_onehot_state_reg[2]/C
                            (rising edge-triggered cell FDCE)
  Destination:            n1/out_reg[23]/CE
  Path Group:             (none)
  Path Type:              Min at Fast Process Corner
  Data Path Delay:        0.218ns  (logic 0.091ns (41.692%)  route 0.127ns (58.308%))
  Logic Levels:           1  (FDCE=1)

    Location             Delay type                Incr(ns)  Path(ns)    Netlist Resource(s)
  -------------------------------------------------------------------    -------------------
    SLICE_X0Y74          FDCE                         0.000     0.000 r  n1/FSM_onehot_state_reg[2]/C
    SLICE_X0Y74          FDCE (Prop_fdce_C_Q)         0.091     0.091 r  n1/FSM_onehot_state_reg[2]/Q
                         net (fo=37, routed)          0.127     0.218    n1/FSM_onehot_state_reg_n_0_[2]
    SLICE_X0Y73          FDCE                                         r  n1/out_reg[23]/CE
  -------------------------------------------------------------------    -------------------

Slack:                    inf
  Source:                 n1/FSM_onehot_state_reg[2]/C
                            (rising edge-triggered cell FDCE)
  Destination:            n1/out_reg[24]/CE
  Path Group:             (none)
  Path Type:              Min at Fast Process Corner
  Data Path Delay:        0.218ns  (logic 0.091ns (41.692%)  route 0.127ns (58.308%))
  Logic Levels:           1  (FDCE=1)

    Location             Delay type                Incr(ns)  Path(ns)    Netlist Resource(s)
  -------------------------------------------------------------------    -------------------
    SLICE_X0Y74          FDCE                         0.000     0.000 r  n1/FSM_onehot_state_reg[2]/C
    SLICE_X0Y74          FDCE (Prop_fdce_C_Q)         0.091     0.091 r  n1/FSM_onehot_state_reg[2]/Q
                         net (fo=37, routed)          0.127     0.218    n1/FSM_onehot_state_reg_n_0_[2]
    SLICE_X0Y73          FDCE                                         r  n1/out_reg[24]/CE
  -------------------------------------------------------------------    -------------------

Slack:                    inf
  Source:                 n1/outman_reg[24]/C
                            (rising edge-triggered cell FDCE)
  Destination:            n1/outman_reg[8]/D
  Path Group:             (none)
  Path Type:              Min at Fast Process Corner
  Data Path Delay:        0.229ns  (logic 0.128ns (55.833%)  route 0.101ns (44.167%))
  Logic Levels:           2  (FDCE=1 LUT6=1)

    Location             Delay type                Incr(ns)  Path(ns)    Netlist Resource(s)
  -------------------------------------------------------------------    -------------------
    SLICE_X0Y55          FDCE                         0.000     0.000 r  n1/outman_reg[24]/C
    SLICE_X0Y55          FDCE (Prop_fdce_C_Q)         0.100     0.100 r  n1/outman_reg[24]/Q
                         net (fo=30, routed)          0.101     0.201    n1/p_2_in
    SLICE_X1Y55          LUT6 (Prop_lut6_I5_O)        0.028     0.229 r  n1/outman[8]_i_1/O
                         net (fo=1, routed)           0.000     0.229    n1/outman[8]_i_1_n_0
    SLICE_X1Y55          FDCE                                         r  n1/outman_reg[8]/D
  -------------------------------------------------------------------    -------------------

Slack:                    inf
  Source:                 n1/FSM_onehot_state_reg[2]/C
                            (rising edge-triggered cell FDCE)
  Destination:            n1/out_reg[25]/CE
  Path Group:             (none)
  Path Type:              Min at Fast Process Corner
  Data Path Delay:        0.234ns  (logic 0.091ns (38.927%)  route 0.143ns (61.073%))
  Logic Levels:           1  (FDCE=1)

    Location             Delay type                Incr(ns)  Path(ns)    Netlist Resource(s)
  -------------------------------------------------------------------    -------------------
    SLICE_X0Y74          FDCE                         0.000     0.000 r  n1/FSM_onehot_state_reg[2]/C
    SLICE_X0Y74          FDCE (Prop_fdce_C_Q)         0.091     0.091 r  n1/FSM_onehot_state_reg[2]/Q
                         net (fo=37, routed)          0.143     0.234    n1/FSM_onehot_state_reg_n_0_[2]
    SLICE_X0Y75          FDCE                                         r  n1/out_reg[25]/CE
  -------------------------------------------------------------------    -------------------

Slack:                    inf
  Source:                 n1/FSM_onehot_state_reg[2]/C
                            (rising edge-triggered cell FDCE)
  Destination:            n1/out_reg[26]/CE
  Path Group:             (none)
  Path Type:              Min at Fast Process Corner
  Data Path Delay:        0.234ns  (logic 0.091ns (38.927%)  route 0.143ns (61.073%))
  Logic Levels:           1  (FDCE=1)

    Location             Delay type                Incr(ns)  Path(ns)    Netlist Resource(s)
  -------------------------------------------------------------------    -------------------
    SLICE_X0Y74          FDCE                         0.000     0.000 r  n1/FSM_onehot_state_reg[2]/C
    SLICE_X0Y74          FDCE (Prop_fdce_C_Q)         0.091     0.091 r  n1/FSM_onehot_state_reg[2]/Q
                         net (fo=37, routed)          0.143     0.234    n1/FSM_onehot_state_reg_n_0_[2]
    SLICE_X0Y75          FDCE                                         r  n1/out_reg[26]/CE
  -------------------------------------------------------------------    -------------------

Slack:                    inf
  Source:                 n1/outman_reg[5]/C
                            (rising edge-triggered cell FDCE)
  Destination:            n1/out_reg[5]/D
  Path Group:             (none)
  Path Type:              Min at Fast Process Corner
  Data Path Delay:        0.244ns  (logic 0.100ns (40.951%)  route 0.144ns (59.049%))
  Logic Levels:           1  (FDCE=1)

    Location             Delay type                Incr(ns)  Path(ns)    Netlist Resource(s)
  -------------------------------------------------------------------    -------------------
    SLICE_X1Y54          FDCE                         0.000     0.000 r  n1/outman_reg[5]/C
    SLICE_X1Y54          FDCE (Prop_fdce_C_Q)         0.100     0.100 r  n1/outman_reg[5]/Q
                         net (fo=4, routed)           0.144     0.244    n1/outman_reg_n_0_[5]
    SLICE_X0Y54          FDCE                                         r  n1/out_reg[5]/D
  -------------------------------------------------------------------    -------------------

Slack:                    inf
  Source:                 n1/outman_reg[21]/C
                            (rising edge-triggered cell FDCE)
  Destination:            n1/outman_reg[22]/D
  Path Group:             (none)
  Path Type:              Min at Fast Process Corner
  Data Path Delay:        0.269ns  (logic 0.128ns (47.508%)  route 0.141ns (52.492%))
  Logic Levels:           2  (FDCE=1 LUT6=1)

    Location             Delay type                Incr(ns)  Path(ns)    Netlist Resource(s)
  -------------------------------------------------------------------    -------------------
    SLICE_X0Y61          FDCE                         0.000     0.000 r  n1/outman_reg[21]/C
    SLICE_X0Y61          FDCE (Prop_fdce_C_Q)         0.100     0.100 r  n1/outman_reg[21]/Q
                         net (fo=4, routed)           0.141     0.241    n1/outman_reg_n_0_[21]
    SLICE_X0Y59          LUT6 (Prop_lut6_I2_O)        0.028     0.269 r  n1/outman[22]_i_1/O
                         net (fo=1, routed)           0.000     0.269    n1/outman[22]_i_1_n_0
    SLICE_X0Y59          FDCE                                         r  n1/outman_reg[22]/D
  -------------------------------------------------------------------    -------------------

Slack:                    inf
  Source:                 n1/outman_reg[7]/C
                            (rising edge-triggered cell FDCE)
  Destination:            n1/out_reg[7]/D
  Path Group:             (none)
  Path Type:              Min at Fast Process Corner
  Data Path Delay:        0.270ns  (logic 0.100ns (37.067%)  route 0.170ns (62.933%))
  Logic Levels:           1  (FDCE=1)

    Location             Delay type                Incr(ns)  Path(ns)    Netlist Resource(s)
  -------------------------------------------------------------------    -------------------
    SLICE_X1Y54          FDCE                         0.000     0.000 r  n1/outman_reg[7]/C
    SLICE_X1Y54          FDCE (Prop_fdce_C_Q)         0.100     0.100 r  n1/outman_reg[7]/Q
                         net (fo=4, routed)           0.170     0.270    n1/outman_reg_n_0_[7]
    SLICE_X0Y56          FDCE                                         r  n1/out_reg[7]/D
  -------------------------------------------------------------------    -------------------

Slack:                    inf
  Source:                 n1/sign_r_reg/C
                            (rising edge-triggered cell FDCE)
  Destination:            n1/sign_r_reg/D
  Path Group:             (none)
  Path Type:              Min at Fast Process Corner
  Data Path Delay:        0.271ns  (logic 0.128ns (47.235%)  route 0.143ns (52.765%))
  Logic Levels:           2  (FDCE=1 LUT6=1)

    Location             Delay type                Incr(ns)  Path(ns)    Netlist Resource(s)
  -------------------------------------------------------------------    -------------------
    SLICE_X0Y74          FDCE                         0.000     0.000 r  n1/sign_r_reg/C
    SLICE_X0Y74          FDCE (Prop_fdce_C_Q)         0.100     0.100 r  n1/sign_r_reg/Q
                         net (fo=2, routed)           0.143     0.243    n1/sign_r
    SLICE_X0Y74          LUT6 (Prop_lut6_I5_O)        0.028     0.271 r  n1/sign_r_i_1/O
                         net (fo=1, routed)           0.000     0.271    n1/sign_r_i_1_n_0
    SLICE_X0Y74          FDCE                                         r  n1/sign_r_reg/D
  -------------------------------------------------------------------    -------------------

Slack:                    inf
  Source:                 n1/outman_reg[22]/C
                            (rising edge-triggered cell FDCE)
  Destination:            n1/outman_reg[23]/D
  Path Group:             (none)
  Path Type:              Min at Fast Process Corner
  Data Path Delay:        0.272ns  (logic 0.128ns (46.976%)  route 0.144ns (53.024%))
  Logic Levels:           2  (FDCE=1 LUT5=1)

    Location             Delay type                Incr(ns)  Path(ns)    Netlist Resource(s)
  -------------------------------------------------------------------    -------------------
    SLICE_X0Y59          FDCE                         0.000     0.000 r  n1/outman_reg[22]/C
    SLICE_X0Y59          FDCE (Prop_fdce_C_Q)         0.100     0.100 r  n1/outman_reg[22]/Q
                         net (fo=4, routed)           0.144     0.244    n1/outman_reg_n_0_[22]
    SLICE_X0Y59          LUT5 (Prop_lut5_I1_O)        0.028     0.272 r  n1/outman[23]_i_1/O
                         net (fo=1, routed)           0.000     0.272    n1/outman[23]_i_1_n_0
    SLICE_X0Y59          FDCE                                         r  n1/outman_reg[23]/D
  -------------------------------------------------------------------    -------------------





