Copyright 1986-2022 Xilinx, Inc. All Rights Reserved. Copyright 2022-2025 Advanced Micro Devices, Inc. All Rights Reserved.
---------------------------------------------------------------------------------------------------------------------------------------------
| Tool Version : Vivado v.2025.2 (win64) Build 6299465 Fri Nov 14 19:35:11 GMT 2025
| Date         : Sat Jun 20 13:58:38 2026
| Host         : Saksham running 64-bit major release  (build 9200)
| Command      : report_control_sets -verbose -file FMA_Simple_control_sets_placed.rpt
| Design       : FMA_Simple
| Device       : xc7z020
---------------------------------------------------------------------------------------------------------------------------------------------

Control Set Information

Table of Contents
-----------------
1. Summary
2. Histogram
3. Flip-Flop Distribution
4. Detailed Control Set Information

1. Summary
----------

+----------------------------------------------------------+-------+
|                          Status                          | Count |
+----------------------------------------------------------+-------+
| Total control sets                                       |    11 |
|    Minimum number of control sets                        |    11 |
|    Addition due to synthesis replication                 |     0 |
|    Addition due to physical synthesis replication        |     0 |
| Unused register locations in slices containing registers |    25 |
+----------------------------------------------------------+-------+
* Control sets can be merged at opt_design using control_set_merge or merge_equivalent_drivers
** Run report_qor_suggestions for automated merging and remapping suggestions


2. Histogram
------------

+--------------------+-------+
|       Fanout       | Count |
+--------------------+-------+
| Total control sets |    11 |
| >= 0 to < 4        |     2 |
| >= 4 to < 6        |     0 |
| >= 6 to < 8        |     1 |
| >= 8 to < 10       |     1 |
| >= 10 to < 12      |     0 |
| >= 12 to < 14      |     0 |
| >= 14 to < 16      |     1 |
| >= 16              |     6 |
+--------------------+-------+
* Control sets can be remapped at either synth_design or opt_design


3. Flip-Flop Distribution
-------------------------

+--------------+-----------------------+------------------------+-----------------+--------------+
| Clock Enable | Synchronous Set/Reset | Asynchronous Set/Reset | Total Registers | Total Slices |
+--------------+-----------------------+------------------------+-----------------+--------------+
| No           | No                    | No                     |               1 |            1 |
| No           | No                    | Yes                    |              15 |            8 |
| No           | Yes                   | No                     |               0 |            0 |
| Yes          | No                    | No                     |              32 |            8 |
| Yes          | No                    | Yes                    |             207 |           74 |
| Yes          | Yes                   | No                     |               0 |            0 |
+--------------+-----------------------+------------------------+-----------------+--------------+


4. Detailed Control Set Information
-----------------------------------

+----------------+-------------------------------------------------+------------------+------------------+----------------+--------------+
|  Clock Signal  |                  Enable Signal                  | Set/Reset Signal | Slice Load Count | Bel Load Count | Bels / Slice |
+----------------+-------------------------------------------------+------------------+------------------+----------------+--------------+
|  clk_IBUF_BUFG |                                                 |                  |                1 |              1 |         1.00 |
|  clk_IBUF_BUFG | normalizer_backend/FSM_sequential_state_reg[2]  | rst_IBUF         |                1 |              1 |         1.00 |
|  clk_IBUF_BUFG | multiplier_core/m1/count[5]_i_1_n_0             | rst_IBUF         |                2 |              6 |         3.00 |
|  clk_IBUF_BUFG | normalizer_backend/outexp_0[0]                  | rst_IBUF         |                3 |              8 |         2.67 |
|  clk_IBUF_BUFG |                                                 | rst_IBUF         |                8 |             15 |         1.88 |
|  clk_IBUF_BUFG | multiplier_core/m1/A_latch_0[0]                 | rst_IBUF         |                6 |             23 |         3.83 |
|  clk_IBUF_BUFG | normalizer_backend/outman[0]                    | rst_IBUF         |               11 |             25 |         2.27 |
|  clk_IBUF_BUFG | multiplier_core/m1/FSM_sequential_state_reg[1]  |                  |                8 |             32 |         4.00 |
|  clk_IBUF_BUFG | normalizer_backend/E[0]                         | rst_IBUF         |               10 |             32 |         3.20 |
|  clk_IBUF_BUFG | multiplier_core/m1/a[23]_i_1_n_0                | rst_IBUF         |               16 |             48 |         3.00 |
|  clk_IBUF_BUFG | normalizer_backend/FSM_onehot_state_reg_n_0_[2] | rst_IBUF         |               25 |             64 |         2.56 |
+----------------+-------------------------------------------------+------------------+------------------+----------------+--------------+


