Copyright 1986-2022 Xilinx, Inc. All Rights Reserved. Copyright 2022-2025 Advanced Micro Devices, Inc. All Rights Reserved.
-----------------------------------------------------------------------------------------------------------------------------------------------------------
| Tool Version : Vivado v.2025.2 (win64) Build 6299465 Fri Nov 14 19:35:11 GMT 2025
| Date         : Sun Jun 14 22:06:05 2026
| Host         : Saksham running 64-bit major release  (build 9200)
| Command      : report_methodology -file divider_methodology_drc_routed.rpt -pb divider_methodology_drc_routed.pb -rpx divider_methodology_drc_routed.rpx
| Design       : divider
| Device       : xc7z020clg484-1
| Speed File   : -1
| Design State : Fully Routed
-----------------------------------------------------------------------------------------------------------------------------------------------------------

Report Methodology

Table of Contents
-----------------
1. REPORT SUMMARY
2. REPORT DETAILS

1. REPORT SUMMARY
-----------------
            Netlist: netlist
          Floorplan: design_1
      Design limits: <entire design considered>
             Max checks: <unlimited>
             Checks found: 25
+-----------+----------+-------------------------------------------------+--------+
| Rule      | Severity | Description                                     | Checks |
+-----------+----------+-------------------------------------------------+--------+
| TIMING-18 | Warning  | Missing input or output delay                   | 18     |
| XDCC-5    | Warning  | User Non-Timing constraint/property overwritten | 7      |
+-----------+----------+-------------------------------------------------+--------+

2. REPORT DETAILS
-----------------
TIMING-18#1 Warning
Missing input or output delay  
An input delay is missing on M[0] relative to the rising and/or falling clock edge(s) of sys_clk.
Related violations: <none>

TIMING-18#2 Warning
Missing input or output delay  
An input delay is missing on M[1] relative to the rising and/or falling clock edge(s) of sys_clk.
Related violations: <none>

TIMING-18#3 Warning
Missing input or output delay  
An input delay is missing on M[2] relative to the rising and/or falling clock edge(s) of sys_clk.
Related violations: <none>

TIMING-18#4 Warning
Missing input or output delay  
An input delay is missing on M[3] relative to the rising and/or falling clock edge(s) of sys_clk.
Related violations: <none>

TIMING-18#5 Warning
Missing input or output delay  
An input delay is missing on Q[0] relative to the rising and/or falling clock edge(s) of sys_clk.
Related violations: <none>

TIMING-18#6 Warning
Missing input or output delay  
An input delay is missing on Q[1] relative to the rising and/or falling clock edge(s) of sys_clk.
Related violations: <none>

TIMING-18#7 Warning
Missing input or output delay  
An input delay is missing on Q[2] relative to the rising and/or falling clock edge(s) of sys_clk.
Related violations: <none>

TIMING-18#8 Warning
Missing input or output delay  
An input delay is missing on Q[3] relative to the rising and/or falling clock edge(s) of sys_clk.
Related violations: <none>

TIMING-18#9 Warning
Missing input or output delay  
An input delay is missing on rst relative to the rising and/or falling clock edge(s) of sys_clk.
Related violations: <none>

TIMING-18#10 Warning
Missing input or output delay  
An input delay is missing on start relative to the rising and/or falling clock edge(s) of sys_clk.
Related violations: <none>

TIMING-18#11 Warning
Missing input or output delay  
An output delay is missing on R[0] relative to the rising and/or falling clock edge(s) of sys_clk.
Related violations: <none>

TIMING-18#12 Warning
Missing input or output delay  
An output delay is missing on R[1] relative to the rising and/or falling clock edge(s) of sys_clk.
Related violations: <none>

TIMING-18#13 Warning
Missing input or output delay  
An output delay is missing on R[2] relative to the rising and/or falling clock edge(s) of sys_clk.
Related violations: <none>

TIMING-18#14 Warning
Missing input or output delay  
An output delay is missing on R[3] relative to the rising and/or falling clock edge(s) of sys_clk.
Related violations: <none>

TIMING-18#15 Warning
Missing input or output delay  
An output delay is missing on ans[0] relative to the rising and/or falling clock edge(s) of sys_clk.
Related violations: <none>

TIMING-18#16 Warning
Missing input or output delay  
An output delay is missing on ans[1] relative to the rising and/or falling clock edge(s) of sys_clk.
Related violations: <none>

TIMING-18#17 Warning
Missing input or output delay  
An output delay is missing on ans[2] relative to the rising and/or falling clock edge(s) of sys_clk.
Related violations: <none>

TIMING-18#18 Warning
Missing input or output delay  
An output delay is missing on ans[3] relative to the rising and/or falling clock edge(s) of sys_clk.
Related violations: <none>

XDCC-5#1 Warning
User Non-Timing constraint/property overwritten  
A new XDC property IOSTANDARD on M[0] overrides a previous user property.
New Source: E:/Vivado_Projects/Divider/Divider.srcs/constrs_1/new/constraint.xdc (Line: 372)
Previous Source: E:/Vivado_Projects/Divider/Divider.srcs/constrs_1/new/constraint.xdc (Line: 368)
Related violations: <none>

XDCC-5#2 Warning
User Non-Timing constraint/property overwritten  
A new XDC property IOSTANDARD on M[1] overrides a previous user property.
New Source: E:/Vivado_Projects/Divider/Divider.srcs/constrs_1/new/constraint.xdc (Line: 372)
Previous Source: E:/Vivado_Projects/Divider/Divider.srcs/constrs_1/new/constraint.xdc (Line: 368)
Related violations: <none>

XDCC-5#3 Warning
User Non-Timing constraint/property overwritten  
A new XDC property IOSTANDARD on M[2] overrides a previous user property.
New Source: E:/Vivado_Projects/Divider/Divider.srcs/constrs_1/new/constraint.xdc (Line: 372)
Previous Source: E:/Vivado_Projects/Divider/Divider.srcs/constrs_1/new/constraint.xdc (Line: 368)
Related violations: <none>

XDCC-5#4 Warning
User Non-Timing constraint/property overwritten  
A new XDC property IOSTANDARD on Q[0] overrides a previous user property.
New Source: E:/Vivado_Projects/Divider/Divider.srcs/constrs_1/new/constraint.xdc (Line: 372)
Previous Source: E:/Vivado_Projects/Divider/Divider.srcs/constrs_1/new/constraint.xdc (Line: 368)
Related violations: <none>

XDCC-5#5 Warning
User Non-Timing constraint/property overwritten  
A new XDC property IOSTANDARD on Q[1] overrides a previous user property.
New Source: E:/Vivado_Projects/Divider/Divider.srcs/constrs_1/new/constraint.xdc (Line: 372)
Previous Source: E:/Vivado_Projects/Divider/Divider.srcs/constrs_1/new/constraint.xdc (Line: 368)
Related violations: <none>

XDCC-5#6 Warning
User Non-Timing constraint/property overwritten  
A new XDC property IOSTANDARD on Q[2] overrides a previous user property.
New Source: E:/Vivado_Projects/Divider/Divider.srcs/constrs_1/new/constraint.xdc (Line: 372)
Previous Source: E:/Vivado_Projects/Divider/Divider.srcs/constrs_1/new/constraint.xdc (Line: 368)
Related violations: <none>

XDCC-5#7 Warning
User Non-Timing constraint/property overwritten  
A new XDC property IOSTANDARD on Q[3] overrides a previous user property.
New Source: E:/Vivado_Projects/Divider/Divider.srcs/constrs_1/new/constraint.xdc (Line: 372)
Previous Source: E:/Vivado_Projects/Divider/Divider.srcs/constrs_1/new/constraint.xdc (Line: 368)
Related violations: <none>


