Copyright 1986-2022 Xilinx, Inc. All Rights Reserved. Copyright 2022-2025 Advanced Micro Devices, Inc. All Rights Reserved.
---------------------------------------------------------------------------------------------------------------------------------------------------------------------------------------------------------------------
| Tool Version : Vivado v.2025.2 (win64) Build 6299465 Fri Nov 14 19:35:11 GMT 2025
| Date         : Tue Jun 30 14:24:44 2026
| Host         : Saksham running 64-bit major release  (build 9200)
| Command      : report_timing_summary -max_paths 10 -routable_nets -report_unconstrained -file ALU_timing_summary_routed.rpt -pb ALU_timing_summary_routed.pb -rpx ALU_timing_summary_routed.rpx -warn_on_violation
| Design       : ALU
| Device       : 7z020-clg484
| Speed File   : -1  PRODUCTION 1.12 2019-11-22
| Design State : Routed
---------------------------------------------------------------------------------------------------------------------------------------------------------------------------------------------------------------------

Timing Summary Report

------------------------------------------------------------------------------------------------
| Timer Settings
| --------------
------------------------------------------------------------------------------------------------

  Enable Multi Corner Analysis               :  Yes
  Enable Pessimism Removal                   :  Yes
  Pessimism Removal Resolution               :  Nearest Common Node
  Enable Input Delay Default Clock           :  No
  Enable Preset / Clear Arcs                 :  No
  Disable Flight Delays                      :  No
  Ignore I/O Paths                           :  No
  Timing Early Launch at Borrowing Latches   :  No
  Borrow Time for Max Delay Exceptions       :  Yes
  Merge Timing Exceptions                    :  Yes
  Inter-SLR Compensation                     :  Conservative

  Corner  Analyze    Analyze    
  Name    Max Paths  Min Paths  
  ------  ---------  ---------  
  Slow    Yes        Yes        
  Fast    Yes        Yes        


------------------------------------------------------------------------------------------------
| Report Methodology
| ------------------
------------------------------------------------------------------------------------------------

Rule    Severity  Description                               Violations  
------  --------  ----------------------------------------  ----------  
XDCH-2  Warning   Same min and max delay values on IO port  12          

Note: This report is based on the most recent report_methodology run and may not be up-to-date. Run report_methodology on the current design for the latest report.



check_timing report

Table of Contents
-----------------
1. checking no_clock (0)
2. checking constant_clock (0)
3. checking pulse_width_clock (0)
4. checking unconstrained_internal_endpoints (0)
5. checking no_input_delay (0)
6. checking no_output_delay (0)
7. checking multiple_clock (0)
8. checking generated_clocks (0)
9. checking loops (0)
10. checking partial_input_delay (0)
11. checking partial_output_delay (0)
12. checking latch_loops (0)

1. checking no_clock (0)
------------------------
 There are 0 register/latch pins with no clock.


2. checking constant_clock (0)
------------------------------
 There are 0 register/latch pins with constant_clock.


3. checking pulse_width_clock (0)
---------------------------------
 There are 0 register/latch pins which need pulse_width check


4. checking unconstrained_internal_endpoints (0)
------------------------------------------------
 There are 0 pins that are not constrained for maximum delay.

 There are 0 pins that are not constrained for maximum delay due to constant clock.


5. checking no_input_delay (0)
------------------------------
 There are 0 input ports with no input delay specified.

 There are 0 input ports with no input delay but user has a false path constraint.


6. checking no_output_delay (0)
-------------------------------
 There are 0 ports with no output delay specified.

 There are 0 ports with no output delay but user has a false path constraint

 There are 0 ports with no output delay but with a timing clock defined on it or propagating through it


7. checking multiple_clock (0)
------------------------------
 There are 0 register/latch pins with multiple clocks.


8. checking generated_clocks (0)
--------------------------------
 There are 0 generated clocks that are not connected to a clock source.


9. checking loops (0)
---------------------
 There are 0 combinational loops in the design.


10. checking partial_input_delay (0)
------------------------------------
 There are 0 input ports with partial input delay specified.


11. checking partial_output_delay (0)
-------------------------------------
 There are 0 ports with partial output delay specified.


12. checking latch_loops (0)
----------------------------
 There are 0 combinational latch loops in the design through latch input



------------------------------------------------------------------------------------------------
| Design Timing Summary
| ---------------------
------------------------------------------------------------------------------------------------

    WNS(ns)      TNS(ns)  TNS Failing Endpoints  TNS Total Endpoints      WHS(ns)      THS(ns)  THS Failing Endpoints  THS Total Endpoints     WPWS(ns)     TPWS(ns)  TPWS Failing Endpoints  TPWS Total Endpoints  
    -------      -------  ---------------------  -------------------      -------      -------  ---------------------  -------------------     --------     --------  ----------------------  --------------------  
      2.814        0.000                      0                    3        3.720        0.000                      0                    3           NA           NA                      NA                    NA  


All user specified timing constraints are met.


------------------------------------------------------------------------------------------------
| Clock Summary
| -------------
------------------------------------------------------------------------------------------------

Clock  Waveform(ns)       Period(ns)      Frequency(MHz)
-----  ------------       ----------      --------------
Vclk   {0.000 7.500}      15.000          66.667          


------------------------------------------------------------------------------------------------
| Intra Clock Table
| -----------------
------------------------------------------------------------------------------------------------

Clock             WNS(ns)      TNS(ns)  TNS Failing Endpoints  TNS Total Endpoints      WHS(ns)      THS(ns)  THS Failing Endpoints  THS Total Endpoints     WPWS(ns)     TPWS(ns)  TPWS Failing Endpoints  TPWS Total Endpoints  
-----             -------      -------  ---------------------  -------------------      -------      -------  ---------------------  -------------------     --------     --------  ----------------------  --------------------  
Vclk                2.814        0.000                      0                    3        3.720        0.000                      0                    3                                                                          


------------------------------------------------------------------------------------------------
| Inter Clock Table
| -----------------
------------------------------------------------------------------------------------------------

From Clock    To Clock          WNS(ns)      TNS(ns)  TNS Failing Endpoints  TNS Total Endpoints      WHS(ns)      THS(ns)  THS Failing Endpoints  THS Total Endpoints  
----------    --------          -------      -------  ---------------------  -------------------      -------      -------  ---------------------  -------------------  


------------------------------------------------------------------------------------------------
| Other Path Groups Table
| -----------------------
------------------------------------------------------------------------------------------------

Path Group    From Clock    To Clock          WNS(ns)      TNS(ns)  TNS Failing Endpoints  TNS Total Endpoints      WHS(ns)      THS(ns)  THS Failing Endpoints  THS Total Endpoints  
----------    ----------    --------          -------      -------  ---------------------  -------------------      -------      -------  ---------------------  -------------------  


------------------------------------------------------------------------------------------------
| User Ignored Path Table
| -----------------------
------------------------------------------------------------------------------------------------

Path Group    From Clock    To Clock    
----------    ----------    --------    


------------------------------------------------------------------------------------------------
| Unconstrained Path Table
| ------------------------
------------------------------------------------------------------------------------------------

Path Group    From Clock    To Clock    
----------    ----------    --------    


------------------------------------------------------------------------------------------------
| Timing Details
| --------------
------------------------------------------------------------------------------------------------


---------------------------------------------------------------------------------------------------
From Clock:  Vclk
  To Clock:  Vclk

Setup :            0  Failing Endpoints,  Worst Slack        2.814ns,  Total Violation        0.000ns
Hold  :            0  Failing Endpoints,  Worst Slack        3.720ns,  Total Violation        0.000ns
PW    :           NA  Failing Endpoints,  Worst Slack           NA  ,  Total Violation           NA
---------------------------------------------------------------------------------------------------


Max Delay Paths
--------------------------------------------------------------------------------------
Slack (MET) :             2.814ns  (required time - arrival time)
  Source:                 S[0]
                            (input port clocked by Vclk  {rise@0.000ns fall@7.500ns period=15.000ns})
  Destination:            Y[1]
                            (output port clocked by Vclk  {rise@0.000ns fall@7.500ns period=15.000ns})
  Path Group:             Vclk
  Path Type:              Max at Slow Process Corner
  Requirement:            15.000ns  (Vclk rise@15.000ns - Vclk rise@0.000ns)
  Data Path Delay:        11.161ns  (logic 4.577ns (41.009%)  route 6.584ns (58.991%))
  Logic Levels:           3  (IBUF=1 LUT6=1 OBUF=1)
  Input Delay:            0.500ns
  Output Delay:           0.500ns
  Clock Uncertainty:      0.025ns

    Location             Delay type                Incr(ns)  Path(ns)    Netlist Resource(s)
  -------------------------------------------------------------------    -------------------
                         (clock Vclk rise edge)       0.000     0.000 r  
                         ideal clock network latency
                                                      0.000     0.000    
                         input delay                  0.500     0.500    
    H17                                               0.000     0.500 r  S[0] (IN)
                         net (fo=0)                   0.000     0.500    S[0]
    H17                  IBUF (Prop_ibuf_I_O)         0.939     1.439 r  S_IBUF[0]_inst/O
                         net (fo=4, routed)           2.902     4.341    S_IBUF[0]
    SLICE_X113Y103       LUT6 (Prop_lut6_I5_O)        0.124     4.465 r  Y_OBUF[1]_inst_i_1/O
                         net (fo=1, routed)           3.681     8.147    Y_OBUF[1]
    T21                  OBUF (Prop_obuf_I_O)         3.514    11.661 r  Y_OBUF[1]_inst/O
                         net (fo=0)                   0.000    11.661    Y[1]
    T21                                                               r  Y[1] (OUT)
  -------------------------------------------------------------------    -------------------

                         (clock Vclk rise edge)      15.000    15.000 r  
                         ideal clock network latency
                                                      0.000    15.000    
                         clock pessimism              0.000    15.000    
                         clock uncertainty           -0.025    14.975    
                         output delay                -0.500    14.475    
  -------------------------------------------------------------------
                         required time                         14.475    
                         arrival time                         -11.661    
  -------------------------------------------------------------------
                         slack                                  2.814    

Slack (MET) :             2.858ns  (required time - arrival time)
  Source:                 S[0]
                            (input port clocked by Vclk  {rise@0.000ns fall@7.500ns period=15.000ns})
  Destination:            Y[2]
                            (output port clocked by Vclk  {rise@0.000ns fall@7.500ns period=15.000ns})
  Path Group:             Vclk
  Path Type:              Max at Slow Process Corner
  Requirement:            15.000ns  (Vclk rise@15.000ns - Vclk rise@0.000ns)
  Data Path Delay:        11.117ns  (logic 4.718ns (42.441%)  route 6.399ns (57.559%))
  Logic Levels:           4  (IBUF=1 LUT5=2 OBUF=1)
  Input Delay:            0.500ns
  Output Delay:           0.500ns
  Clock Uncertainty:      0.025ns

    Location             Delay type                Incr(ns)  Path(ns)    Netlist Resource(s)
  -------------------------------------------------------------------    -------------------
                         (clock Vclk rise edge)       0.000     0.000 r  
                         ideal clock network latency
                                                      0.000     0.000    
                         input delay                  0.500     0.500    
    H17                                               0.000     0.500 r  S[0] (IN)
                         net (fo=0)                   0.000     0.500    S[0]
    H17                  IBUF (Prop_ibuf_I_O)         0.939     1.439 r  S_IBUF[0]_inst/O
                         net (fo=4, routed)           2.904     4.343    S_IBUF[0]
    SLICE_X113Y103       LUT5 (Prop_lut5_I1_O)        0.124     4.467 r  Y_OBUF[2]_inst_i_2/O
                         net (fo=1, routed)           0.304     4.771    c1toc2
    SLICE_X113Y102       LUT5 (Prop_lut5_I0_O)        0.124     4.895 r  Y_OBUF[2]_inst_i_1/O
                         net (fo=1, routed)           3.191     8.086    Y_OBUF[2]
    U22                  OBUF (Prop_obuf_I_O)         3.531    11.617 r  Y_OBUF[2]_inst/O
                         net (fo=0)                   0.000    11.617    Y[2]
    U22                                                               r  Y[2] (OUT)
  -------------------------------------------------------------------    -------------------

                         (clock Vclk rise edge)      15.000    15.000 r  
                         ideal clock network latency
                                                      0.000    15.000    
                         clock pessimism              0.000    15.000    
                         clock uncertainty           -0.025    14.975    
                         output delay                -0.500    14.475    
  -------------------------------------------------------------------
                         required time                         14.475    
                         arrival time                         -11.617    
  -------------------------------------------------------------------
                         slack                                  2.858    

Slack (MET) :             2.914ns  (required time - arrival time)
  Source:                 S[0]
                            (input port clocked by Vclk  {rise@0.000ns fall@7.500ns period=15.000ns})
  Destination:            Y[0]
                            (output port clocked by Vclk  {rise@0.000ns fall@7.500ns period=15.000ns})
  Path Group:             Vclk
  Path Type:              Max at Slow Process Corner
  Requirement:            15.000ns  (Vclk rise@15.000ns - Vclk rise@0.000ns)
  Data Path Delay:        11.061ns  (logic 4.586ns (41.459%)  route 6.475ns (58.541%))
  Logic Levels:           3  (IBUF=1 LUT4=1 OBUF=1)
  Input Delay:            0.500ns
  Output Delay:           0.500ns
  Clock Uncertainty:      0.025ns

    Location             Delay type                Incr(ns)  Path(ns)    Netlist Resource(s)
  -------------------------------------------------------------------    -------------------
                         (clock Vclk rise edge)       0.000     0.000 r  
                         ideal clock network latency
                                                      0.000     0.000    
                         input delay                  0.500     0.500    
    H17                                               0.000     0.500 r  S[0] (IN)
                         net (fo=0)                   0.000     0.500    S[0]
    H17                  IBUF (Prop_ibuf_I_O)         0.939     1.439 r  S_IBUF[0]_inst/O
                         net (fo=4, routed)           2.737     4.176    S_IBUF[0]
    SLICE_X113Y103       LUT4 (Prop_lut4_I3_O)        0.124     4.300 r  Y_OBUF[0]_inst_i_1/O
                         net (fo=1, routed)           3.738     8.038    Y_OBUF[0]
    T22                  OBUF (Prop_obuf_I_O)         3.522    11.561 r  Y_OBUF[0]_inst/O
                         net (fo=0)                   0.000    11.561    Y[0]
    T22                                                               r  Y[0] (OUT)
  -------------------------------------------------------------------    -------------------

                         (clock Vclk rise edge)      15.000    15.000 r  
                         ideal clock network latency
                                                      0.000    15.000    
                         clock pessimism              0.000    15.000    
                         clock uncertainty           -0.025    14.975    
                         output delay                -0.500    14.475    
  -------------------------------------------------------------------
                         required time                         14.475    
                         arrival time                         -11.561    
  -------------------------------------------------------------------
                         slack                                  2.914    





Min Delay Paths
--------------------------------------------------------------------------------------
Slack (MET) :             3.720ns  (arrival time - required time)
  Source:                 B[2]
                            (input port clocked by Vclk  {rise@0.000ns fall@7.500ns period=15.000ns})
  Destination:            Y[2]
                            (output port clocked by Vclk  {rise@0.000ns fall@7.500ns period=15.000ns})
  Path Group:             Vclk
  Path Type:              Min at Fast Process Corner
  Requirement:            0.000ns  (Vclk rise@0.000ns - Vclk rise@0.000ns)
  Data Path Delay:        2.745ns  (logic 1.447ns (52.719%)  route 1.298ns (47.281%))
  Logic Levels:           3  (IBUF=1 LUT5=1 OBUF=1)
  Input Delay:            0.500ns
  Output Delay:           0.500ns
  Clock Uncertainty:      0.025ns

    Location             Delay type                Incr(ns)  Path(ns)    Netlist Resource(s)
  -------------------------------------------------------------------    -------------------
                         (clock Vclk rise edge)       0.000     0.000 r  
                         ideal clock network latency
                                                      0.000     0.000    
                         input delay                  0.500     0.500    
    H22                                               0.000     0.500 r  B[2] (IN)
                         net (fo=0)                   0.000     0.500    B[2]
    H22                  IBUF (Prop_ibuf_I_O)         0.170     0.670 r  B_IBUF[2]_inst/O
                         net (fo=1, routed)           0.375     1.045    B_IBUF[2]
    SLICE_X113Y102       LUT5 (Prop_lut5_I3_O)        0.045     1.090 r  Y_OBUF[2]_inst_i_1/O
                         net (fo=1, routed)           0.923     2.013    Y_OBUF[2]
    U22                  OBUF (Prop_obuf_I_O)         1.232     3.245 r  Y_OBUF[2]_inst/O
                         net (fo=0)                   0.000     3.245    Y[2]
    U22                                                               r  Y[2] (OUT)
  -------------------------------------------------------------------    -------------------

                         (clock Vclk rise edge)       0.000     0.000 r  
                         ideal clock network latency
                                                      0.000     0.000    
                         clock pessimism              0.000     0.000    
                         clock uncertainty            0.025     0.025    
                         output delay                -0.500    -0.475    
  -------------------------------------------------------------------
                         required time                          0.475    
                         arrival time                           3.245    
  -------------------------------------------------------------------
                         slack                                  3.720    

Slack (MET) :             3.973ns  (arrival time - required time)
  Source:                 B[0]
                            (input port clocked by Vclk  {rise@0.000ns fall@7.500ns period=15.000ns})
  Destination:            Y[0]
                            (output port clocked by Vclk  {rise@0.000ns fall@7.500ns period=15.000ns})
  Path Group:             Vclk
  Path Type:              Min at Fast Process Corner
  Requirement:            0.000ns  (Vclk rise@0.000ns - Vclk rise@0.000ns)
  Data Path Delay:        2.998ns  (logic 1.469ns (48.997%)  route 1.529ns (51.003%))
  Logic Levels:           3  (IBUF=1 LUT4=1 OBUF=1)
  Input Delay:            0.500ns
  Output Delay:           0.500ns
  Clock Uncertainty:      0.025ns

    Location             Delay type                Incr(ns)  Path(ns)    Netlist Resource(s)
  -------------------------------------------------------------------    -------------------
                         (clock Vclk rise edge)       0.000     0.000 r  
                         ideal clock network latency
                                                      0.000     0.000    
                         input delay                  0.500     0.500    
    F22                                               0.000     0.500 r  B[0] (IN)
                         net (fo=0)                   0.000     0.500    B[0]
    F22                  IBUF (Prop_ibuf_I_O)         0.201     0.701 r  B_IBUF[0]_inst/O
                         net (fo=3, routed)           0.314     1.015    B_IBUF[0]
    SLICE_X113Y103       LUT4 (Prop_lut4_I2_O)        0.045     1.060 r  Y_OBUF[0]_inst_i_1/O
                         net (fo=1, routed)           1.215     2.275    Y_OBUF[0]
    T22                  OBUF (Prop_obuf_I_O)         1.223     3.498 r  Y_OBUF[0]_inst/O
                         net (fo=0)                   0.000     3.498    Y[0]
    T22                                                               r  Y[0] (OUT)
  -------------------------------------------------------------------    -------------------

                         (clock Vclk rise edge)       0.000     0.000 r  
                         ideal clock network latency
                                                      0.000     0.000    
                         clock pessimism              0.000     0.000    
                         clock uncertainty            0.025     0.025    
                         output delay                -0.500    -0.475    
  -------------------------------------------------------------------
                         required time                          0.475    
                         arrival time                           3.498    
  -------------------------------------------------------------------
                         slack                                  3.973    

Slack (MET) :             4.003ns  (arrival time - required time)
  Source:                 A[0]
                            (input port clocked by Vclk  {rise@0.000ns fall@7.500ns period=15.000ns})
  Destination:            Y[1]
                            (output port clocked by Vclk  {rise@0.000ns fall@7.500ns period=15.000ns})
  Path Group:             Vclk
  Path Type:              Min at Fast Process Corner
  Requirement:            0.000ns  (Vclk rise@0.000ns - Vclk rise@0.000ns)
  Data Path Delay:        3.028ns  (logic 1.478ns (48.791%)  route 1.551ns (51.209%))
  Logic Levels:           3  (IBUF=1 LUT6=1 OBUF=1)
  Input Delay:            0.500ns
  Output Delay:           0.500ns
  Clock Uncertainty:      0.025ns

    Location             Delay type                Incr(ns)  Path(ns)    Netlist Resource(s)
  -------------------------------------------------------------------    -------------------
                         (clock Vclk rise edge)       0.000     0.000 r  
                         ideal clock network latency
                                                      0.000     0.000    
                         input delay                  0.500     0.500    
    F21                                               0.000     0.500 r  A[0] (IN)
                         net (fo=0)                   0.000     0.500    A[0]
    F21                  IBUF (Prop_ibuf_I_O)         0.218     0.718 r  A_IBUF[0]_inst/O
                         net (fo=3, routed)           0.360     1.078    A_IBUF[0]
    SLICE_X113Y103       LUT6 (Prop_lut6_I0_O)        0.045     1.123 r  Y_OBUF[1]_inst_i_1/O
                         net (fo=1, routed)           1.190     2.314    Y_OBUF[1]
    T21                  OBUF (Prop_obuf_I_O)         1.215     3.528 r  Y_OBUF[1]_inst/O
                         net (fo=0)                   0.000     3.528    Y[1]
    T21                                                               r  Y[1] (OUT)
  -------------------------------------------------------------------    -------------------

                         (clock Vclk rise edge)       0.000     0.000 r  
                         ideal clock network latency
                                                      0.000     0.000    
                         clock pessimism              0.000     0.000    
                         clock uncertainty            0.025     0.025    
                         output delay                -0.500    -0.475    
  -------------------------------------------------------------------
                         required time                          0.475    
                         arrival time                           3.528    
  -------------------------------------------------------------------
                         slack                                  4.003    






