Copyright 1986-2022 Xilinx, Inc. All Rights Reserved. Copyright 2022-2025 Advanced Micro Devices, Inc. All Rights Reserved.
-----------------------------------------------------------------------------------------------------------------------------------------------
| Tool Version : Vivado v.2025.2 (win64) Build 6299465 Fri Nov 14 19:35:11 GMT 2025
| Date         : Tue Jun 30 14:24:44 2026
| Host         : Saksham running 64-bit major release  (build 9200)
| Command      : report_methodology -file ALU_methodology_drc_routed.rpt -pb ALU_methodology_drc_routed.pb -rpx ALU_methodology_drc_routed.rpx
| Design       : ALU
| Device       : xc7z020clg484-1
| Speed File   : -1
| Design State : Fully Routed
-----------------------------------------------------------------------------------------------------------------------------------------------

Report Methodology

Table of Contents
-----------------
1. REPORT SUMMARY
2. REPORT DETAILS

1. REPORT SUMMARY
-----------------
            Netlist: netlist
          Floorplan: design_1
      Design limits: <entire design considered>
             Max checks: <unlimited>
             Checks found: 12
+--------+----------+------------------------------------------+--------+
| Rule   | Severity | Description                              | Checks |
+--------+----------+------------------------------------------+--------+
| XDCH-2 | Warning  | Same min and max delay values on IO port | 12     |
+--------+----------+------------------------------------------+--------+

2. REPORT DETAILS
-----------------
XDCH-2#1 Warning
Same min and max delay values on IO port  
The same input delay of 0.500 ns has been defined on port 'A[0]' relative to clock Vclk for both max and min. Make sure this reflects the design intent.
set_input_delay -clock Vclk 0.500 [get_ports {{A[*]} {B[*]} {S[*]}}]
E:/Vivado_Projects/3bit alu/3bit alu.srcs/constrs_1/new/constraints.xdc (Line: 6)
Related violations: <none>

XDCH-2#2 Warning
Same min and max delay values on IO port  
The same input delay of 0.500 ns has been defined on port 'A[1]' relative to clock Vclk for both max and min. Make sure this reflects the design intent.
set_input_delay -clock Vclk 0.500 [get_ports {{A[*]} {B[*]} {S[*]}}]
E:/Vivado_Projects/3bit alu/3bit alu.srcs/constrs_1/new/constraints.xdc (Line: 6)
Related violations: <none>

XDCH-2#3 Warning
Same min and max delay values on IO port  
The same input delay of 0.500 ns has been defined on port 'A[2]' relative to clock Vclk for both max and min. Make sure this reflects the design intent.
set_input_delay -clock Vclk 0.500 [get_ports {{A[*]} {B[*]} {S[*]}}]
E:/Vivado_Projects/3bit alu/3bit alu.srcs/constrs_1/new/constraints.xdc (Line: 6)
Related violations: <none>

XDCH-2#4 Warning
Same min and max delay values on IO port  
The same input delay of 0.500 ns has been defined on port 'B[0]' relative to clock Vclk for both max and min. Make sure this reflects the design intent.
set_input_delay -clock Vclk 0.500 [get_ports {{A[*]} {B[*]} {S[*]}}]
E:/Vivado_Projects/3bit alu/3bit alu.srcs/constrs_1/new/constraints.xdc (Line: 6)
Related violations: <none>

XDCH-2#5 Warning
Same min and max delay values on IO port  
The same input delay of 0.500 ns has been defined on port 'B[1]' relative to clock Vclk for both max and min. Make sure this reflects the design intent.
set_input_delay -clock Vclk 0.500 [get_ports {{A[*]} {B[*]} {S[*]}}]
E:/Vivado_Projects/3bit alu/3bit alu.srcs/constrs_1/new/constraints.xdc (Line: 6)
Related violations: <none>

XDCH-2#6 Warning
Same min and max delay values on IO port  
The same input delay of 0.500 ns has been defined on port 'B[2]' relative to clock Vclk for both max and min. Make sure this reflects the design intent.
set_input_delay -clock Vclk 0.500 [get_ports {{A[*]} {B[*]} {S[*]}}]
E:/Vivado_Projects/3bit alu/3bit alu.srcs/constrs_1/new/constraints.xdc (Line: 6)
Related violations: <none>

XDCH-2#7 Warning
Same min and max delay values on IO port  
The same input delay of 0.500 ns has been defined on port 'S[0]' relative to clock Vclk for both max and min. Make sure this reflects the design intent.
set_input_delay -clock Vclk 0.500 [get_ports {{A[*]} {B[*]} {S[*]}}]
E:/Vivado_Projects/3bit alu/3bit alu.srcs/constrs_1/new/constraints.xdc (Line: 6)
Related violations: <none>

XDCH-2#8 Warning
Same min and max delay values on IO port  
The same input delay of 0.500 ns has been defined on port 'S[1]' relative to clock Vclk for both max and min. Make sure this reflects the design intent.
set_input_delay -clock Vclk 0.500 [get_ports {{A[*]} {B[*]} {S[*]}}]
E:/Vivado_Projects/3bit alu/3bit alu.srcs/constrs_1/new/constraints.xdc (Line: 6)
Related violations: <none>

XDCH-2#9 Warning
Same min and max delay values on IO port  
The same output delay of 0.500 ns has been defined on port 'Cout' relative to clock Vclk for both max and min. Make sure this reflects the design intent.
set_output_delay -clock Vclk 0.500 [get_ports {{Y[*]} Cout}]
E:/Vivado_Projects/3bit alu/3bit alu.srcs/constrs_1/new/constraints.xdc (Line: 10)
Related violations: <none>

XDCH-2#10 Warning
Same min and max delay values on IO port  
The same output delay of 0.500 ns has been defined on port 'Y[0]' relative to clock Vclk for both max and min. Make sure this reflects the design intent.
set_output_delay -clock Vclk 0.500 [get_ports {{Y[*]} Cout}]
E:/Vivado_Projects/3bit alu/3bit alu.srcs/constrs_1/new/constraints.xdc (Line: 10)
Related violations: <none>

XDCH-2#11 Warning
Same min and max delay values on IO port  
The same output delay of 0.500 ns has been defined on port 'Y[1]' relative to clock Vclk for both max and min. Make sure this reflects the design intent.
set_output_delay -clock Vclk 0.500 [get_ports {{Y[*]} Cout}]
E:/Vivado_Projects/3bit alu/3bit alu.srcs/constrs_1/new/constraints.xdc (Line: 10)
Related violations: <none>

XDCH-2#12 Warning
Same min and max delay values on IO port  
The same output delay of 0.500 ns has been defined on port 'Y[2]' relative to clock Vclk for both max and min. Make sure this reflects the design intent.
set_output_delay -clock Vclk 0.500 [get_ports {{Y[*]} Cout}]
E:/Vivado_Projects/3bit alu/3bit alu.srcs/constrs_1/new/constraints.xdc (Line: 10)
Related violations: <none>


