Copyright 1986-2022 Xilinx, Inc. All Rights Reserved. Copyright 2022-2025 Advanced Micro Devices, Inc. All Rights Reserved.
---------------------------------------------------------------------------------------------------------------------------------------------------------------------------------------------------------------------
| Tool Version : Vivado v.2025.2 (win64) Build 6299465 Fri Nov 14 19:35:11 GMT 2025
| Date         : Fri Jun 19 16:53:35 2026
| Host         : Saksham running 64-bit major release  (build 9200)
| Command      : report_timing_summary -max_paths 10 -routable_nets -report_unconstrained -file CSA_timing_summary_routed.rpt -pb CSA_timing_summary_routed.pb -rpx CSA_timing_summary_routed.rpx -warn_on_violation
| Design       : CSA
| Device       : 7z020-clg484
| Speed File   : -1  PRODUCTION 1.12 2019-11-22
| Design State : Routed
---------------------------------------------------------------------------------------------------------------------------------------------------------------------------------------------------------------------

Timing Summary Report

------------------------------------------------------------------------------------------------
| Timer Settings
| --------------
------------------------------------------------------------------------------------------------

  Enable Multi Corner Analysis               :  Yes
  Enable Pessimism Removal                   :  Yes
  Pessimism Removal Resolution               :  Nearest Common Node
  Enable Input Delay Default Clock           :  No
  Enable Preset / Clear Arcs                 :  No
  Disable Flight Delays                      :  No
  Ignore I/O Paths                           :  No
  Timing Early Launch at Borrowing Latches   :  No
  Borrow Time for Max Delay Exceptions       :  Yes
  Merge Timing Exceptions                    :  Yes
  Inter-SLR Compensation                     :  Conservative

  Corner  Analyze    Analyze    
  Name    Max Paths  Min Paths  
  ------  ---------  ---------  
  Slow    Yes        Yes        
  Fast    Yes        Yes        


------------------------------------------------------------------------------------------------
| Report Methodology
| ------------------
------------------------------------------------------------------------------------------------

Rule    Severity  Description                               Violations  
------  --------  ----------------------------------------  ----------  
XDCH-2  Warning   Same min and max delay values on IO port  17          

Note: This report is based on the most recent report_methodology run and may not be up-to-date. Run report_methodology on the current design for the latest report.



check_timing report

Table of Contents
-----------------
1. checking no_clock (0)
2. checking constant_clock (0)
3. checking pulse_width_clock (0)
4. checking unconstrained_internal_endpoints (0)
5. checking no_input_delay (0)
6. checking no_output_delay (0)
7. checking multiple_clock (0)
8. checking generated_clocks (0)
9. checking loops (0)
10. checking partial_input_delay (0)
11. checking partial_output_delay (0)
12. checking latch_loops (0)

1. checking no_clock (0)
------------------------
 There are 0 register/latch pins with no clock.


2. checking constant_clock (0)
------------------------------
 There are 0 register/latch pins with constant_clock.


3. checking pulse_width_clock (0)
---------------------------------
 There are 0 register/latch pins which need pulse_width check


4. checking unconstrained_internal_endpoints (0)
------------------------------------------------
 There are 0 pins that are not constrained for maximum delay.

 There are 0 pins that are not constrained for maximum delay due to constant clock.


5. checking no_input_delay (0)
------------------------------
 There are 0 input ports with no input delay specified.

 There are 0 input ports with no input delay but user has a false path constraint.


6. checking no_output_delay (0)
-------------------------------
 There are 0 ports with no output delay specified.

 There are 0 ports with no output delay but user has a false path constraint

 There are 0 ports with no output delay but with a timing clock defined on it or propagating through it


7. checking multiple_clock (0)
------------------------------
 There are 0 register/latch pins with multiple clocks.


8. checking generated_clocks (0)
--------------------------------
 There are 0 generated clocks that are not connected to a clock source.


9. checking loops (0)
---------------------
 There are 0 combinational loops in the design.


10. checking partial_input_delay (0)
------------------------------------
 There are 0 input ports with partial input delay specified.


11. checking partial_output_delay (0)
-------------------------------------
 There are 0 ports with partial output delay specified.


12. checking latch_loops (0)
----------------------------
 There are 0 combinational latch loops in the design through latch input



------------------------------------------------------------------------------------------------
| Design Timing Summary
| ---------------------
------------------------------------------------------------------------------------------------

    WNS(ns)      TNS(ns)  TNS Failing Endpoints  TNS Total Endpoints      WHS(ns)      THS(ns)  THS Failing Endpoints  THS Total Endpoints     WPWS(ns)     TPWS(ns)  TPWS Failing Endpoints  TPWS Total Endpoints  
    -------      -------  ---------------------  -------------------      -------      -------  ---------------------  -------------------     --------     --------  ----------------------  --------------------  
      0.522        0.000                      0                    5        4.190        0.000                      0                    5           NA           NA                      NA                    NA  


All user specified timing constraints are met.


------------------------------------------------------------------------------------------------
| Clock Summary
| -------------
------------------------------------------------------------------------------------------------

Clock        Waveform(ns)       Period(ns)      Frequency(MHz)
-----        ------------       ----------      --------------
virtual_clk  {0.000 6.000}      12.000          83.333          


------------------------------------------------------------------------------------------------
| Intra Clock Table
| -----------------
------------------------------------------------------------------------------------------------

Clock             WNS(ns)      TNS(ns)  TNS Failing Endpoints  TNS Total Endpoints      WHS(ns)      THS(ns)  THS Failing Endpoints  THS Total Endpoints     WPWS(ns)     TPWS(ns)  TPWS Failing Endpoints  TPWS Total Endpoints  
-----             -------      -------  ---------------------  -------------------      -------      -------  ---------------------  -------------------     --------     --------  ----------------------  --------------------  
virtual_clk         0.522        0.000                      0                    5        4.190        0.000                      0                    5                                                                          


------------------------------------------------------------------------------------------------
| Inter Clock Table
| -----------------
------------------------------------------------------------------------------------------------

From Clock    To Clock          WNS(ns)      TNS(ns)  TNS Failing Endpoints  TNS Total Endpoints      WHS(ns)      THS(ns)  THS Failing Endpoints  THS Total Endpoints  
----------    --------          -------      -------  ---------------------  -------------------      -------      -------  ---------------------  -------------------  


------------------------------------------------------------------------------------------------
| Other Path Groups Table
| -----------------------
------------------------------------------------------------------------------------------------

Path Group    From Clock    To Clock          WNS(ns)      TNS(ns)  TNS Failing Endpoints  TNS Total Endpoints      WHS(ns)      THS(ns)  THS Failing Endpoints  THS Total Endpoints  
----------    ----------    --------          -------      -------  ---------------------  -------------------      -------      -------  ---------------------  -------------------  


------------------------------------------------------------------------------------------------
| User Ignored Path Table
| -----------------------
------------------------------------------------------------------------------------------------

Path Group    From Clock    To Clock    
----------    ----------    --------    


------------------------------------------------------------------------------------------------
| Unconstrained Path Table
| ------------------------
------------------------------------------------------------------------------------------------

Path Group    From Clock    To Clock    
----------    ----------    --------    


------------------------------------------------------------------------------------------------
| Timing Details
| --------------
------------------------------------------------------------------------------------------------


---------------------------------------------------------------------------------------------------
From Clock:  virtual_clk
  To Clock:  virtual_clk

Setup :            0  Failing Endpoints,  Worst Slack        0.522ns,  Total Violation        0.000ns
Hold  :            0  Failing Endpoints,  Worst Slack        4.190ns,  Total Violation        0.000ns
PW    :           NA  Failing Endpoints,  Worst Slack           NA  ,  Total Violation           NA
---------------------------------------------------------------------------------------------------


Max Delay Paths
--------------------------------------------------------------------------------------
Slack (MET) :             0.522ns  (required time - arrival time)
  Source:                 B[2]
                            (input port clocked by virtual_clk  {rise@0.000ns fall@6.000ns period=12.000ns})
  Destination:            Result[4]
                            (output port clocked by virtual_clk  {rise@0.000ns fall@6.000ns period=12.000ns})
  Path Group:             virtual_clk
  Path Type:              Max at Slow Process Corner
  Requirement:            12.000ns  (virtual_clk rise@12.000ns - virtual_clk rise@0.000ns)
  Data Path Delay:        11.453ns  (logic 5.442ns (47.515%)  route 6.011ns (52.485%))
  Logic Levels:           4  (IBUF=1 LUT3=1 LUT6=1 OBUF=1)
  Input Delay:            0.000ns
  Output Delay:           0.000ns
  Clock Uncertainty:      0.025ns

    Location             Delay type                Incr(ns)  Path(ns)    Netlist Resource(s)
  -------------------------------------------------------------------    -------------------
                         (clock virtual_clk rise edge)
                                                      0.000     0.000 r  
                         ideal clock network latency
                                                      0.000     0.000    
                         input delay                  0.000     0.000    
    H17                                               0.000     0.000 r  B[2] (IN)
                         net (fo=0)                   0.000     0.000    B[2]
    H17                  IBUF (Prop_ibuf_I_O)         0.939     0.939 r  B_IBUF[2]_inst/O
                         net (fo=4, routed)           2.171     3.110    B_IBUF[2]
    SLICE_X113Y96        LUT3 (Prop_lut3_I0_O)        0.124     3.234 r  Result_OBUF[4]_inst_i_3/O
                         net (fo=1, routed)           2.315     5.549    Sum_i_2
    SLICE_X112Y44        LUT6 (Prop_lut6_I1_O)        0.124     5.673 r  Result_OBUF[4]_inst_i_1/O
                         net (fo=1, routed)           1.525     7.198    Result_OBUF[4]
    V22                  OBUF (Prop_obuf_I_O)         4.255    11.453 r  Result_OBUF[4]_inst/O
                         net (fo=0)                   0.000    11.453    Result[4]
    V22                                                               r  Result[4] (OUT)
  -------------------------------------------------------------------    -------------------

                         (clock virtual_clk rise edge)
                                                     12.000    12.000 r  
                         ideal clock network latency
                                                      0.000    12.000    
                         clock pessimism              0.000    12.000    
                         clock uncertainty           -0.025    11.975    
                         output delay                -0.000    11.975    
  -------------------------------------------------------------------
                         required time                         11.975    
                         arrival time                         -11.453    
  -------------------------------------------------------------------
                         slack                                  0.522    

Slack (MET) :             0.619ns  (required time - arrival time)
  Source:                 C[1]
                            (input port clocked by virtual_clk  {rise@0.000ns fall@6.000ns period=12.000ns})
  Destination:            Result[1]
                            (output port clocked by virtual_clk  {rise@0.000ns fall@6.000ns period=12.000ns})
  Path Group:             virtual_clk
  Path Type:              Max at Slow Process Corner
  Requirement:            12.000ns  (virtual_clk rise@12.000ns - virtual_clk rise@0.000ns)
  Data Path Delay:        11.356ns  (logic 5.313ns (46.789%)  route 6.043ns (53.211%))
  Logic Levels:           3  (IBUF=1 LUT6=1 OBUF=1)
  Input Delay:            0.000ns
  Output Delay:           0.000ns
  Clock Uncertainty:      0.025ns

    Location             Delay type                Incr(ns)  Path(ns)    Netlist Resource(s)
  -------------------------------------------------------------------    -------------------
                         (clock virtual_clk rise edge)
                                                      0.000     0.000 r  
                         ideal clock network latency
                                                      0.000     0.000    
                         input delay                  0.000     0.000    
    R16                                               0.000     0.000 r  C[1] (IN)
                         net (fo=0)                   0.000     0.000    C[1]
    R16                  IBUF (Prop_ibuf_I_O)         0.958     0.958 r  C_IBUF[1]_inst/O
                         net (fo=3, routed)           2.714     3.672    C_IBUF[1]
    SLICE_X113Y96        LUT6 (Prop_lut6_I0_O)        0.124     3.796 r  Result_OBUF[1]_inst_i_1/O
                         net (fo=1, routed)           3.328     7.125    Result_OBUF[1]
    T21                  OBUF (Prop_obuf_I_O)         4.232    11.356 r  Result_OBUF[1]_inst/O
                         net (fo=0)                   0.000    11.356    Result[1]
    T21                                                               r  Result[1] (OUT)
  -------------------------------------------------------------------    -------------------

                         (clock virtual_clk rise edge)
                                                     12.000    12.000 r  
                         ideal clock network latency
                                                      0.000    12.000    
                         clock pessimism              0.000    12.000    
                         clock uncertainty           -0.025    11.975    
                         output delay                -0.000    11.975    
  -------------------------------------------------------------------
                         required time                         11.975    
                         arrival time                         -11.356    
  -------------------------------------------------------------------
                         slack                                  0.619    

Slack (MET) :             0.648ns  (required time - arrival time)
  Source:                 B[2]
                            (input port clocked by virtual_clk  {rise@0.000ns fall@6.000ns period=12.000ns})
  Destination:            Result[3]
                            (output port clocked by virtual_clk  {rise@0.000ns fall@6.000ns period=12.000ns})
  Path Group:             virtual_clk
  Path Type:              Max at Slow Process Corner
  Requirement:            12.000ns  (virtual_clk rise@12.000ns - virtual_clk rise@0.000ns)
  Data Path Delay:        11.327ns  (logic 5.311ns (46.887%)  route 6.016ns (53.113%))
  Logic Levels:           3  (IBUF=1 LUT6=1 OBUF=1)
  Input Delay:            0.000ns
  Output Delay:           0.000ns
  Clock Uncertainty:      0.025ns

    Location             Delay type                Incr(ns)  Path(ns)    Netlist Resource(s)
  -------------------------------------------------------------------    -------------------
                         (clock virtual_clk rise edge)
                                                      0.000     0.000 r  
                         ideal clock network latency
                                                      0.000     0.000    
                         input delay                  0.000     0.000    
    H17                                               0.000     0.000 r  B[2] (IN)
                         net (fo=0)                   0.000     0.000    B[2]
    H17                  IBUF (Prop_ibuf_I_O)         0.939     0.939 r  B_IBUF[2]_inst/O
                         net (fo=4, routed)           4.491     5.430    B_IBUF[2]
    SLICE_X113Y47        LUT6 (Prop_lut6_I1_O)        0.124     5.554 r  Result_OBUF[3]_inst_i_1/O
                         net (fo=1, routed)           1.525     7.080    Result_OBUF[3]
    U21                  OBUF (Prop_obuf_I_O)         4.248    11.327 r  Result_OBUF[3]_inst/O
                         net (fo=0)                   0.000    11.327    Result[3]
    U21                                                               r  Result[3] (OUT)
  -------------------------------------------------------------------    -------------------

                         (clock virtual_clk rise edge)
                                                     12.000    12.000 r  
                         ideal clock network latency
                                                      0.000    12.000    
                         clock pessimism              0.000    12.000    
                         clock uncertainty           -0.025    11.975    
                         output delay                -0.000    11.975    
  -------------------------------------------------------------------
                         required time                         11.975    
                         arrival time                         -11.327    
  -------------------------------------------------------------------
                         slack                                  0.648    

Slack (MET) :             0.795ns  (required time - arrival time)
  Source:                 B[2]
                            (input port clocked by virtual_clk  {rise@0.000ns fall@6.000ns period=12.000ns})
  Destination:            Result[2]
                            (output port clocked by virtual_clk  {rise@0.000ns fall@6.000ns period=12.000ns})
  Path Group:             virtual_clk
  Path Type:              Max at Slow Process Corner
  Requirement:            12.000ns  (virtual_clk rise@12.000ns - virtual_clk rise@0.000ns)
  Data Path Delay:        11.180ns  (logic 5.312ns (47.518%)  route 5.867ns (52.482%))
  Logic Levels:           3  (IBUF=1 LUT5=1 OBUF=1)
  Input Delay:            0.000ns
  Output Delay:           0.000ns
  Clock Uncertainty:      0.025ns

    Location             Delay type                Incr(ns)  Path(ns)    Netlist Resource(s)
  -------------------------------------------------------------------    -------------------
                         (clock virtual_clk rise edge)
                                                      0.000     0.000 r  
                         ideal clock network latency
                                                      0.000     0.000    
                         input delay                  0.000     0.000    
    H17                                               0.000     0.000 r  B[2] (IN)
                         net (fo=0)                   0.000     0.000    B[2]
    H17                  IBUF (Prop_ibuf_I_O)         0.939     0.939 r  B_IBUF[2]_inst/O
                         net (fo=4, routed)           4.342     5.281    B_IBUF[2]
    SLICE_X112Y45        LUT5 (Prop_lut5_I2_O)        0.124     5.405 r  Result_OBUF[2]_inst_i_1/O
                         net (fo=1, routed)           1.525     6.931    Result_OBUF[2]
    U22                  OBUF (Prop_obuf_I_O)         4.249    11.180 r  Result_OBUF[2]_inst/O
                         net (fo=0)                   0.000    11.180    Result[2]
    U22                                                               r  Result[2] (OUT)
  -------------------------------------------------------------------    -------------------

                         (clock virtual_clk rise edge)
                                                     12.000    12.000 r  
                         ideal clock network latency
                                                      0.000    12.000    
                         clock pessimism              0.000    12.000    
                         clock uncertainty           -0.025    11.975    
                         output delay                -0.000    11.975    
  -------------------------------------------------------------------
                         required time                         11.975    
                         arrival time                         -11.180    
  -------------------------------------------------------------------
                         slack                                  0.795    

Slack (MET) :             0.981ns  (required time - arrival time)
  Source:                 C[0]
                            (input port clocked by virtual_clk  {rise@0.000ns fall@6.000ns period=12.000ns})
  Destination:            Result[0]
                            (output port clocked by virtual_clk  {rise@0.000ns fall@6.000ns period=12.000ns})
  Path Group:             virtual_clk
  Path Type:              Max at Slow Process Corner
  Requirement:            12.000ns  (virtual_clk rise@12.000ns - virtual_clk rise@0.000ns)
  Data Path Delay:        10.994ns  (logic 5.319ns (48.379%)  route 5.675ns (51.621%))
  Logic Levels:           3  (IBUF=1 LUT3=1 OBUF=1)
  Input Delay:            0.000ns
  Output Delay:           0.000ns
  Clock Uncertainty:      0.025ns

    Location             Delay type                Incr(ns)  Path(ns)    Netlist Resource(s)
  -------------------------------------------------------------------    -------------------
                         (clock virtual_clk rise edge)
                                                      0.000     0.000 r  
                         ideal clock network latency
                                                      0.000     0.000    
                         input delay                  0.000     0.000    
    T18                                               0.000     0.000 r  C[0] (IN)
                         net (fo=0)                   0.000     0.000    C[0]
    T18                  IBUF (Prop_ibuf_I_O)         0.955     0.955 r  C_IBUF[0]_inst/O
                         net (fo=3, routed)           2.193     3.147    C_IBUF[0]
    SLICE_X113Y95        LUT3 (Prop_lut3_I2_O)        0.124     3.271 r  Result_OBUF[0]_inst_i_1/O
                         net (fo=1, routed)           3.483     6.754    Result_OBUF[0]
    T22                  OBUF (Prop_obuf_I_O)         4.240    10.994 r  Result_OBUF[0]_inst/O
                         net (fo=0)                   0.000    10.994    Result[0]
    T22                                                               r  Result[0] (OUT)
  -------------------------------------------------------------------    -------------------

                         (clock virtual_clk rise edge)
                                                     12.000    12.000 r  
                         ideal clock network latency
                                                      0.000    12.000    
                         clock pessimism              0.000    12.000    
                         clock uncertainty           -0.025    11.975    
                         output delay                -0.000    11.975    
  -------------------------------------------------------------------
                         required time                         11.975    
                         arrival time                         -10.994    
  -------------------------------------------------------------------
                         slack                                  0.981    





Min Delay Paths
--------------------------------------------------------------------------------------
Slack (MET) :             4.190ns  (arrival time - required time)
  Source:                 C[1]
                            (input port clocked by virtual_clk  {rise@0.000ns fall@6.000ns period=12.000ns})
  Destination:            Result[2]
                            (output port clocked by virtual_clk  {rise@0.000ns fall@6.000ns period=12.000ns})
  Path Group:             virtual_clk
  Path Type:              Min at Fast Process Corner
  Requirement:            0.000ns  (virtual_clk rise@0.000ns - virtual_clk rise@0.000ns)
  Data Path Delay:        4.215ns  (logic 3.213ns (76.227%)  route 1.002ns (23.773%))
  Logic Levels:           4  (IBUF=1 LUT5=1 LUT6=1 OBUF=1)
  Input Delay:            0.000ns
  Output Delay:           0.000ns
  Clock Uncertainty:      0.025ns

    Location             Delay type                Incr(ns)  Path(ns)    Netlist Resource(s)
  -------------------------------------------------------------------    -------------------
                         (clock virtual_clk rise edge)
                                                      0.000     0.000 r  
                         ideal clock network latency
                                                      0.000     0.000    
                         input delay                  0.000     0.000    
    R16                                               0.000     0.000 r  C[1] (IN)
                         net (fo=0)                   0.000     0.000    C[1]
    R16                  IBUF (Prop_ibuf_I_O)         0.187     0.187 r  C_IBUF[1]_inst/O
                         net (fo=3, routed)           0.461     0.648    C_IBUF[1]
    SLICE_X113Y53        LUT6 (Prop_lut6_I3_O)        0.045     0.693 r  Result_OBUF[4]_inst_i_4/O
                         net (fo=3, routed)           0.260     0.953    Carry_1_1
    SLICE_X112Y45        LUT5 (Prop_lut5_I4_O)        0.045     0.998 r  Result_OBUF[2]_inst_i_1/O
                         net (fo=1, routed)           0.280     1.279    Result_OBUF[2]
    U22                  OBUF (Prop_obuf_I_O)         2.936     4.215 r  Result_OBUF[2]_inst/O
                         net (fo=0)                   0.000     4.215    Result[2]
    U22                                                               r  Result[2] (OUT)
  -------------------------------------------------------------------    -------------------

                         (clock virtual_clk rise edge)
                                                      0.000     0.000 r  
                         ideal clock network latency
                                                      0.000     0.000    
                         clock pessimism              0.000     0.000    
                         clock uncertainty            0.025     0.025    
                         output delay                -0.000     0.025    
  -------------------------------------------------------------------
                         required time                         -0.025    
                         arrival time                           4.215    
  -------------------------------------------------------------------
                         slack                                  4.190    

Slack (MET) :             4.238ns  (arrival time - required time)
  Source:                 C[2]
                            (input port clocked by virtual_clk  {rise@0.000ns fall@6.000ns period=12.000ns})
  Destination:            Result[3]
                            (output port clocked by virtual_clk  {rise@0.000ns fall@6.000ns period=12.000ns})
  Path Group:             virtual_clk
  Path Type:              Min at Fast Process Corner
  Requirement:            0.000ns  (virtual_clk rise@0.000ns - virtual_clk rise@0.000ns)
  Data Path Delay:        4.263ns  (logic 3.184ns (74.694%)  route 1.079ns (25.306%))
  Logic Levels:           3  (IBUF=1 LUT6=1 OBUF=1)
  Input Delay:            0.000ns
  Output Delay:           0.000ns
  Clock Uncertainty:      0.025ns

    Location             Delay type                Incr(ns)  Path(ns)    Netlist Resource(s)
  -------------------------------------------------------------------    -------------------
                         (clock virtual_clk rise edge)
                                                      0.000     0.000 r  
                         ideal clock network latency
                                                      0.000     0.000    
                         input delay                  0.000     0.000    
    N15                                               0.000     0.000 r  C[2] (IN)
                         net (fo=0)                   0.000     0.000    C[2]
    N15                  IBUF (Prop_ibuf_I_O)         0.204     0.204 r  C_IBUF[2]_inst/O
                         net (fo=4, routed)           0.798     1.003    C_IBUF[2]
    SLICE_X113Y47        LUT6 (Prop_lut6_I2_O)        0.045     1.048 r  Result_OBUF[3]_inst_i_1/O
                         net (fo=1, routed)           0.280     1.328    Result_OBUF[3]
    U21                  OBUF (Prop_obuf_I_O)         2.935     4.263 r  Result_OBUF[3]_inst/O
                         net (fo=0)                   0.000     4.263    Result[3]
    U21                                                               r  Result[3] (OUT)
  -------------------------------------------------------------------    -------------------

                         (clock virtual_clk rise edge)
                                                      0.000     0.000 r  
                         ideal clock network latency
                                                      0.000     0.000    
                         clock pessimism              0.000     0.000    
                         clock uncertainty            0.025     0.025    
                         output delay                -0.000     0.025    
  -------------------------------------------------------------------
                         required time                         -0.025    
                         arrival time                           4.263    
  -------------------------------------------------------------------
                         slack                                  4.238    

Slack (MET) :             4.389ns  (arrival time - required time)
  Source:                 C[1]
                            (input port clocked by virtual_clk  {rise@0.000ns fall@6.000ns period=12.000ns})
  Destination:            Result[4]
                            (output port clocked by virtual_clk  {rise@0.000ns fall@6.000ns period=12.000ns})
  Path Group:             virtual_clk
  Path Type:              Min at Fast Process Corner
  Requirement:            0.000ns  (virtual_clk rise@0.000ns - virtual_clk rise@0.000ns)
  Data Path Delay:        4.414ns  (logic 3.218ns (72.916%)  route 1.195ns (27.084%))
  Logic Levels:           4  (IBUF=1 LUT6=2 OBUF=1)
  Input Delay:            0.000ns
  Output Delay:           0.000ns
  Clock Uncertainty:      0.025ns

    Location             Delay type                Incr(ns)  Path(ns)    Netlist Resource(s)
  -------------------------------------------------------------------    -------------------
                         (clock virtual_clk rise edge)
                                                      0.000     0.000 r  
                         ideal clock network latency
                                                      0.000     0.000    
                         input delay                  0.000     0.000    
    R16                                               0.000     0.000 r  C[1] (IN)
                         net (fo=0)                   0.000     0.000    C[1]
    R16                  IBUF (Prop_ibuf_I_O)         0.187     0.187 r  C_IBUF[1]_inst/O
                         net (fo=3, routed)           0.461     0.648    C_IBUF[1]
    SLICE_X113Y53        LUT6 (Prop_lut6_I3_O)        0.045     0.693 r  Result_OBUF[4]_inst_i_4/O
                         net (fo=3, routed)           0.454     1.147    Carry_1_1
    SLICE_X112Y44        LUT6 (Prop_lut6_I2_O)        0.045     1.192 r  Result_OBUF[4]_inst_i_1/O
                         net (fo=1, routed)           0.280     1.472    Result_OBUF[4]
    V22                  OBUF (Prop_obuf_I_O)         2.942     4.414 r  Result_OBUF[4]_inst/O
                         net (fo=0)                   0.000     4.414    Result[4]
    V22                                                               r  Result[4] (OUT)
  -------------------------------------------------------------------    -------------------

                         (clock virtual_clk rise edge)
                                                      0.000     0.000 r  
                         ideal clock network latency
                                                      0.000     0.000    
                         clock pessimism              0.000     0.000    
                         clock uncertainty            0.025     0.025    
                         output delay                -0.000     0.025    
  -------------------------------------------------------------------
                         required time                         -0.025    
                         arrival time                           4.414    
  -------------------------------------------------------------------
                         slack                                  4.389    

Slack (MET) :             4.625ns  (arrival time - required time)
  Source:                 A[0]
                            (input port clocked by virtual_clk  {rise@0.000ns fall@6.000ns period=12.000ns})
  Destination:            Result[1]
                            (output port clocked by virtual_clk  {rise@0.000ns fall@6.000ns period=12.000ns})
  Path Group:             virtual_clk
  Path Type:              Min at Fast Process Corner
  Requirement:            0.000ns  (virtual_clk rise@0.000ns - virtual_clk rise@0.000ns)
  Data Path Delay:        4.650ns  (logic 3.164ns (68.056%)  route 1.485ns (31.944%))
  Logic Levels:           3  (IBUF=1 LUT6=1 OBUF=1)
  Input Delay:            0.000ns
  Output Delay:           0.000ns
  Clock Uncertainty:      0.025ns

    Location             Delay type                Incr(ns)  Path(ns)    Netlist Resource(s)
  -------------------------------------------------------------------    -------------------
                         (clock virtual_clk rise edge)
                                                      0.000     0.000 r  
                         ideal clock network latency
                                                      0.000     0.000    
                         input delay                  0.000     0.000    
    F22                                               0.000     0.000 r  A[0] (IN)
                         net (fo=0)                   0.000     0.000    A[0]
    F22                  IBUF (Prop_ibuf_I_O)         0.201     0.201 r  A_IBUF[0]_inst/O
                         net (fo=3, routed)           0.432     0.632    A_IBUF[0]
    SLICE_X113Y96        LUT6 (Prop_lut6_I3_O)        0.045     0.677 r  Result_OBUF[1]_inst_i_1/O
                         net (fo=1, routed)           1.053     1.731    Result_OBUF[1]
    T21                  OBUF (Prop_obuf_I_O)         2.919     4.650 r  Result_OBUF[1]_inst/O
                         net (fo=0)                   0.000     4.650    Result[1]
    T21                                                               r  Result[1] (OUT)
  -------------------------------------------------------------------    -------------------

                         (clock virtual_clk rise edge)
                                                      0.000     0.000 r  
                         ideal clock network latency
                                                      0.000     0.000    
                         clock pessimism              0.000     0.000    
                         clock uncertainty            0.025     0.025    
                         output delay                -0.000     0.025    
  -------------------------------------------------------------------
                         required time                         -0.025    
                         arrival time                           4.650    
  -------------------------------------------------------------------
                         slack                                  4.625    

Slack (MET) :             4.739ns  (arrival time - required time)
  Source:                 A[0]
                            (input port clocked by virtual_clk  {rise@0.000ns fall@6.000ns period=12.000ns})
  Destination:            Result[0]
                            (output port clocked by virtual_clk  {rise@0.000ns fall@6.000ns period=12.000ns})
  Path Group:             virtual_clk
  Path Type:              Min at Fast Process Corner
  Requirement:            0.000ns  (virtual_clk rise@0.000ns - virtual_clk rise@0.000ns)
  Data Path Delay:        4.764ns  (logic 3.173ns (66.597%)  route 1.591ns (33.403%))
  Logic Levels:           3  (IBUF=1 LUT3=1 OBUF=1)
  Input Delay:            0.000ns
  Output Delay:           0.000ns
  Clock Uncertainty:      0.025ns

    Location             Delay type                Incr(ns)  Path(ns)    Netlist Resource(s)
  -------------------------------------------------------------------    -------------------
                         (clock virtual_clk rise edge)
                                                      0.000     0.000 r  
                         ideal clock network latency
                                                      0.000     0.000    
                         input delay                  0.000     0.000    
    F22                                               0.000     0.000 r  A[0] (IN)
                         net (fo=0)                   0.000     0.000    A[0]
    F22                  IBUF (Prop_ibuf_I_O)         0.201     0.201 r  A_IBUF[0]_inst/O
                         net (fo=3, routed)           0.472     0.672    A_IBUF[0]
    SLICE_X113Y95        LUT3 (Prop_lut3_I1_O)        0.045     0.717 r  Result_OBUF[0]_inst_i_1/O
                         net (fo=1, routed)           1.120     1.837    Result_OBUF[0]
    T22                  OBUF (Prop_obuf_I_O)         2.927     4.764 r  Result_OBUF[0]_inst/O
                         net (fo=0)                   0.000     4.764    Result[0]
    T22                                                               r  Result[0] (OUT)
  -------------------------------------------------------------------    -------------------

                         (clock virtual_clk rise edge)
                                                      0.000     0.000 r  
                         ideal clock network latency
                                                      0.000     0.000    
                         clock pessimism              0.000     0.000    
                         clock uncertainty            0.025     0.025    
                         output delay                -0.000     0.025    
  -------------------------------------------------------------------
                         required time                         -0.025    
                         arrival time                           4.764    
  -------------------------------------------------------------------
                         slack                                  4.739    






