Copyright 1986-2022 Xilinx, Inc. All Rights Reserved. Copyright 2022-2025 Advanced Micro Devices, Inc. All Rights Reserved.
------------------------------------------------------------------------------------------------------------------------------------------------------------------------------------------------------------------
| Tool Version : Vivado v.2025.2 (win64) Build 6299465 Fri Nov 14 19:35:11 GMT 2025
| Date         : Thu Jun 18 23:36:52 2026
| Host         : Saksham running 64-bit major release  (build 9200)
| Command      : report_timing_summary -max_paths 10 -routable_nets -report_unconstrained -file SD_timing_summary_routed.rpt -pb SD_timing_summary_routed.pb -rpx SD_timing_summary_routed.rpx -warn_on_violation
| Design       : SD
| Device       : 7z020-clg484
| Speed File   : -1  PRODUCTION 1.12 2019-11-22
| Design State : Routed
------------------------------------------------------------------------------------------------------------------------------------------------------------------------------------------------------------------

Timing Summary Report

------------------------------------------------------------------------------------------------
| Timer Settings
| --------------
------------------------------------------------------------------------------------------------

  Enable Multi Corner Analysis               :  Yes
  Enable Pessimism Removal                   :  Yes
  Pessimism Removal Resolution               :  Nearest Common Node
  Enable Input Delay Default Clock           :  No
  Enable Preset / Clear Arcs                 :  No
  Disable Flight Delays                      :  No
  Ignore I/O Paths                           :  No
  Timing Early Launch at Borrowing Latches   :  No
  Borrow Time for Max Delay Exceptions       :  Yes
  Merge Timing Exceptions                    :  Yes
  Inter-SLR Compensation                     :  Conservative

  Corner  Analyze    Analyze    
  Name    Max Paths  Min Paths  
  ------  ---------  ---------  
  Slow    Yes        Yes        
  Fast    Yes        Yes        


------------------------------------------------------------------------------------------------
| Report Methodology
| ------------------
------------------------------------------------------------------------------------------------

Rule       Severity  Description                    Violations  
---------  --------  -----------------------------  ----------  
TIMING-18  Warning   Missing input or output delay  3           

Note: This report is based on the most recent report_methodology run and may not be up-to-date. Run report_methodology on the current design for the latest report.



check_timing report

Table of Contents
-----------------
1. checking no_clock (0)
2. checking constant_clock (0)
3. checking pulse_width_clock (0)
4. checking unconstrained_internal_endpoints (0)
5. checking no_input_delay (2)
6. checking no_output_delay (1)
7. checking multiple_clock (0)
8. checking generated_clocks (0)
9. checking loops (0)
10. checking partial_input_delay (0)
11. checking partial_output_delay (0)
12. checking latch_loops (0)

1. checking no_clock (0)
------------------------
 There are 0 register/latch pins with no clock.


2. checking constant_clock (0)
------------------------------
 There are 0 register/latch pins with constant_clock.


3. checking pulse_width_clock (0)
---------------------------------
 There are 0 register/latch pins which need pulse_width check


4. checking unconstrained_internal_endpoints (0)
------------------------------------------------
 There are 0 pins that are not constrained for maximum delay.

 There are 0 pins that are not constrained for maximum delay due to constant clock.


5. checking no_input_delay (2)
------------------------------
 There are 2 input ports with no input delay specified. (HIGH)

 There are 0 input ports with no input delay but user has a false path constraint.


6. checking no_output_delay (1)
-------------------------------
 There is 1 port with no output delay specified. (HIGH)

 There are 0 ports with no output delay but user has a false path constraint

 There are 0 ports with no output delay but with a timing clock defined on it or propagating through it


7. checking multiple_clock (0)
------------------------------
 There are 0 register/latch pins with multiple clocks.


8. checking generated_clocks (0)
--------------------------------
 There are 0 generated clocks that are not connected to a clock source.


9. checking loops (0)
---------------------
 There are 0 combinational loops in the design.


10. checking partial_input_delay (0)
------------------------------------
 There are 0 input ports with partial input delay specified.


11. checking partial_output_delay (0)
-------------------------------------
 There are 0 ports with partial output delay specified.


12. checking latch_loops (0)
----------------------------
 There are 0 combinational latch loops in the design through latch input



------------------------------------------------------------------------------------------------
| Design Timing Summary
| ---------------------
------------------------------------------------------------------------------------------------

    WNS(ns)      TNS(ns)  TNS Failing Endpoints  TNS Total Endpoints      WHS(ns)      THS(ns)  THS Failing Endpoints  THS Total Endpoints     WPWS(ns)     TPWS(ns)  TPWS Failing Endpoints  TPWS Total Endpoints  
    -------      -------  ---------------------  -------------------      -------      -------  ---------------------  -------------------     --------     --------  ----------------------  --------------------  
      8.401        0.000                      0                    3        0.196        0.000                      0                    3        4.500        0.000                       0                     4  


All user specified timing constraints are met.


------------------------------------------------------------------------------------------------
| Clock Summary
| -------------
------------------------------------------------------------------------------------------------

Clock        Waveform(ns)       Period(ns)      Frequency(MHz)
-----        ------------       ----------      --------------
sys_clk_pin  {0.000 5.000}      10.000          100.000         


------------------------------------------------------------------------------------------------
| Intra Clock Table
| -----------------
------------------------------------------------------------------------------------------------

Clock             WNS(ns)      TNS(ns)  TNS Failing Endpoints  TNS Total Endpoints      WHS(ns)      THS(ns)  THS Failing Endpoints  THS Total Endpoints     WPWS(ns)     TPWS(ns)  TPWS Failing Endpoints  TPWS Total Endpoints  
-----             -------      -------  ---------------------  -------------------      -------      -------  ---------------------  -------------------     --------     --------  ----------------------  --------------------  
sys_clk_pin         8.401        0.000                      0                    3        0.196        0.000                      0                    3        4.500        0.000                       0                     4  


------------------------------------------------------------------------------------------------
| Inter Clock Table
| -----------------
------------------------------------------------------------------------------------------------

From Clock    To Clock          WNS(ns)      TNS(ns)  TNS Failing Endpoints  TNS Total Endpoints      WHS(ns)      THS(ns)  THS Failing Endpoints  THS Total Endpoints  
----------    --------          -------      -------  ---------------------  -------------------      -------      -------  ---------------------  -------------------  


------------------------------------------------------------------------------------------------
| Other Path Groups Table
| -----------------------
------------------------------------------------------------------------------------------------

Path Group    From Clock    To Clock          WNS(ns)      TNS(ns)  TNS Failing Endpoints  TNS Total Endpoints      WHS(ns)      THS(ns)  THS Failing Endpoints  THS Total Endpoints  
----------    ----------    --------          -------      -------  ---------------------  -------------------      -------      -------  ---------------------  -------------------  


------------------------------------------------------------------------------------------------
| User Ignored Path Table
| -----------------------
------------------------------------------------------------------------------------------------

Path Group    From Clock    To Clock    
----------    ----------    --------    


------------------------------------------------------------------------------------------------
| Unconstrained Path Table
| ------------------------
------------------------------------------------------------------------------------------------

Path Group    From Clock    To Clock    
----------    ----------    --------    
(none)        sys_clk_pin                 
(none)                      sys_clk_pin   


------------------------------------------------------------------------------------------------
| Timing Details
| --------------
------------------------------------------------------------------------------------------------


---------------------------------------------------------------------------------------------------
From Clock:  sys_clk_pin
  To Clock:  sys_clk_pin

Setup :            0  Failing Endpoints,  Worst Slack        8.401ns,  Total Violation        0.000ns
Hold  :            0  Failing Endpoints,  Worst Slack        0.196ns,  Total Violation        0.000ns
PW    :            0  Failing Endpoints,  Worst Slack        4.500ns,  Total Violation        0.000ns
---------------------------------------------------------------------------------------------------


Max Delay Paths
--------------------------------------------------------------------------------------
Slack (MET) :             8.401ns  (required time - arrival time)
  Source:                 FSM_sequential_z_reg[1]/C
                            (rising edge-triggered cell FDCE clocked by sys_clk_pin  {rise@0.000ns fall@5.000ns period=10.000ns})
  Destination:            FSM_sequential_z_reg[0]/D
                            (rising edge-triggered cell FDCE clocked by sys_clk_pin  {rise@0.000ns fall@5.000ns period=10.000ns})
  Path Group:             sys_clk_pin
  Path Type:              Setup (Max at Slow Process Corner)
  Requirement:            10.000ns  (sys_clk_pin rise@10.000ns - sys_clk_pin rise@0.000ns)
  Data Path Delay:        1.641ns  (logic 0.773ns (47.113%)  route 0.868ns (52.887%))
  Logic Levels:           1  (LUT3=1)
  Clock Path Skew:        0.000ns (DCD - SCD + CPR)
    Destination Clock Delay (DCD):    5.172ns = ( 15.172 - 10.000 ) 
    Source Clock Delay      (SCD):    5.631ns
    Clock Pessimism Removal (CPR):    0.459ns
  Clock Uncertainty:      0.035ns  ((TSJ^2 + TIJ^2)^1/2 + DJ) / 2 + PE
    Total System Jitter     (TSJ):    0.071ns
    Total Input Jitter      (TIJ):    0.000ns
    Discrete Jitter          (DJ):    0.000ns
    Phase Error              (PE):    0.000ns

    Location             Delay type                Incr(ns)  Path(ns)    Netlist Resource(s)
  -------------------------------------------------------------------    -------------------
                         (clock sys_clk_pin rise edge)
                                                      0.000     0.000 r  
    Y9                                                0.000     0.000 r  clk (IN)
                         net (fo=0)                   0.000     0.000    clk
    Y9                   IBUF (Prop_ibuf_I_O)         1.490     1.490 r  clk_IBUF_inst/O
                         net (fo=1, routed)           2.171     3.661    clk_IBUF
    BUFGCTRL_X0Y0        BUFG (Prop_bufg_I_O)         0.101     3.762 r  clk_IBUF_BUFG_inst/O
                         net (fo=3, routed)           1.869     5.631    clk_IBUF_BUFG
    SLICE_X112Y52        FDCE                                         r  FSM_sequential_z_reg[1]/C
  -------------------------------------------------------------------    -------------------
    SLICE_X112Y52        FDCE (Prop_fdce_C_Q)         0.478     6.109 f  FSM_sequential_z_reg[1]/Q
                         net (fo=3, routed)           0.868     6.977    z[1]
    SLICE_X112Y52        LUT3 (Prop_lut3_I0_O)        0.295     7.272 r  FSM_sequential_z[0]_i_1/O
                         net (fo=1, routed)           0.000     7.272    z__0[0]
    SLICE_X112Y52        FDCE                                         r  FSM_sequential_z_reg[0]/D
  -------------------------------------------------------------------    -------------------

                         (clock sys_clk_pin rise edge)
                                                     10.000    10.000 r  
    Y9                                                0.000    10.000 r  clk (IN)
                         net (fo=0)                   0.000    10.000    clk
    Y9                   IBUF (Prop_ibuf_I_O)         1.420    11.420 r  clk_IBUF_inst/O
                         net (fo=1, routed)           1.972    13.392    clk_IBUF
    BUFGCTRL_X0Y0        BUFG (Prop_bufg_I_O)         0.091    13.483 r  clk_IBUF_BUFG_inst/O
                         net (fo=3, routed)           1.690    15.172    clk_IBUF_BUFG
    SLICE_X112Y52        FDCE                                         r  FSM_sequential_z_reg[0]/C
                         clock pessimism              0.459    15.631    
                         clock uncertainty           -0.035    15.596    
    SLICE_X112Y52        FDCE (Setup_fdce_C_D)        0.077    15.673    FSM_sequential_z_reg[0]
  -------------------------------------------------------------------
                         required time                         15.673    
                         arrival time                          -7.272    
  -------------------------------------------------------------------
                         slack                                  8.401    

Slack (MET) :             8.420ns  (required time - arrival time)
  Source:                 FSM_sequential_z_reg[1]/C
                            (rising edge-triggered cell FDCE clocked by sys_clk_pin  {rise@0.000ns fall@5.000ns period=10.000ns})
  Destination:            FSM_sequential_z_reg[1]/D
                            (rising edge-triggered cell FDCE clocked by sys_clk_pin  {rise@0.000ns fall@5.000ns period=10.000ns})
  Path Group:             sys_clk_pin
  Path Type:              Setup (Max at Slow Process Corner)
  Requirement:            10.000ns  (sys_clk_pin rise@10.000ns - sys_clk_pin rise@0.000ns)
  Data Path Delay:        1.663ns  (logic 0.795ns (47.813%)  route 0.868ns (52.187%))
  Logic Levels:           1  (LUT3=1)
  Clock Path Skew:        0.000ns (DCD - SCD + CPR)
    Destination Clock Delay (DCD):    5.172ns = ( 15.172 - 10.000 ) 
    Source Clock Delay      (SCD):    5.631ns
    Clock Pessimism Removal (CPR):    0.459ns
  Clock Uncertainty:      0.035ns  ((TSJ^2 + TIJ^2)^1/2 + DJ) / 2 + PE
    Total System Jitter     (TSJ):    0.071ns
    Total Input Jitter      (TIJ):    0.000ns
    Discrete Jitter          (DJ):    0.000ns
    Phase Error              (PE):    0.000ns

    Location             Delay type                Incr(ns)  Path(ns)    Netlist Resource(s)
  -------------------------------------------------------------------    -------------------
                         (clock sys_clk_pin rise edge)
                                                      0.000     0.000 r  
    Y9                                                0.000     0.000 r  clk (IN)
                         net (fo=0)                   0.000     0.000    clk
    Y9                   IBUF (Prop_ibuf_I_O)         1.490     1.490 r  clk_IBUF_inst/O
                         net (fo=1, routed)           2.171     3.661    clk_IBUF
    BUFGCTRL_X0Y0        BUFG (Prop_bufg_I_O)         0.101     3.762 r  clk_IBUF_BUFG_inst/O
                         net (fo=3, routed)           1.869     5.631    clk_IBUF_BUFG
    SLICE_X112Y52        FDCE                                         r  FSM_sequential_z_reg[1]/C
  -------------------------------------------------------------------    -------------------
    SLICE_X112Y52        FDCE (Prop_fdce_C_Q)         0.478     6.109 r  FSM_sequential_z_reg[1]/Q
                         net (fo=3, routed)           0.868     6.977    z[1]
    SLICE_X112Y52        LUT3 (Prop_lut3_I1_O)        0.317     7.294 r  FSM_sequential_z[1]_i_1/O
                         net (fo=1, routed)           0.000     7.294    z__0[1]
    SLICE_X112Y52        FDCE                                         r  FSM_sequential_z_reg[1]/D
  -------------------------------------------------------------------    -------------------

                         (clock sys_clk_pin rise edge)
                                                     10.000    10.000 r  
    Y9                                                0.000    10.000 r  clk (IN)
                         net (fo=0)                   0.000    10.000    clk
    Y9                   IBUF (Prop_ibuf_I_O)         1.420    11.420 r  clk_IBUF_inst/O
                         net (fo=1, routed)           1.972    13.392    clk_IBUF
    BUFGCTRL_X0Y0        BUFG (Prop_bufg_I_O)         0.091    13.483 r  clk_IBUF_BUFG_inst/O
                         net (fo=3, routed)           1.690    15.172    clk_IBUF_BUFG
    SLICE_X112Y52        FDCE                                         r  FSM_sequential_z_reg[1]/C
                         clock pessimism              0.459    15.631    
                         clock uncertainty           -0.035    15.596    
    SLICE_X112Y52        FDCE (Setup_fdce_C_D)        0.118    15.714    FSM_sequential_z_reg[1]
  -------------------------------------------------------------------
                         required time                         15.714    
                         arrival time                          -7.294    
  -------------------------------------------------------------------
                         slack                                  8.420    

Slack (MET) :             8.872ns  (required time - arrival time)
  Source:                 FSM_sequential_z_reg[0]/C
                            (rising edge-triggered cell FDCE clocked by sys_clk_pin  {rise@0.000ns fall@5.000ns period=10.000ns})
  Destination:            y_reg/D
                            (rising edge-triggered cell FDCE clocked by sys_clk_pin  {rise@0.000ns fall@5.000ns period=10.000ns})
  Path Group:             sys_clk_pin
  Path Type:              Setup (Max at Slow Process Corner)
  Requirement:            10.000ns  (sys_clk_pin rise@10.000ns - sys_clk_pin rise@0.000ns)
  Data Path Delay:        1.173ns  (logic 0.642ns (54.717%)  route 0.531ns (45.283%))
  Logic Levels:           1  (LUT3=1)
  Clock Path Skew:        0.000ns (DCD - SCD + CPR)
    Destination Clock Delay (DCD):    5.172ns = ( 15.172 - 10.000 ) 
    Source Clock Delay      (SCD):    5.631ns
    Clock Pessimism Removal (CPR):    0.459ns
  Clock Uncertainty:      0.035ns  ((TSJ^2 + TIJ^2)^1/2 + DJ) / 2 + PE
    Total System Jitter     (TSJ):    0.071ns
    Total Input Jitter      (TIJ):    0.000ns
    Discrete Jitter          (DJ):    0.000ns
    Phase Error              (PE):    0.000ns

    Location             Delay type                Incr(ns)  Path(ns)    Netlist Resource(s)
  -------------------------------------------------------------------    -------------------
                         (clock sys_clk_pin rise edge)
                                                      0.000     0.000 r  
    Y9                                                0.000     0.000 r  clk (IN)
                         net (fo=0)                   0.000     0.000    clk
    Y9                   IBUF (Prop_ibuf_I_O)         1.490     1.490 r  clk_IBUF_inst/O
                         net (fo=1, routed)           2.171     3.661    clk_IBUF
    BUFGCTRL_X0Y0        BUFG (Prop_bufg_I_O)         0.101     3.762 r  clk_IBUF_BUFG_inst/O
                         net (fo=3, routed)           1.869     5.631    clk_IBUF_BUFG
    SLICE_X112Y52        FDCE                                         r  FSM_sequential_z_reg[0]/C
  -------------------------------------------------------------------    -------------------
    SLICE_X112Y52        FDCE (Prop_fdce_C_Q)         0.518     6.149 f  FSM_sequential_z_reg[0]/Q
                         net (fo=3, routed)           0.531     6.681    z[0]
    SLICE_X112Y52        LUT3 (Prop_lut3_I0_O)        0.124     6.805 r  y_i_1/O
                         net (fo=1, routed)           0.000     6.805    y_i_1_n_0
    SLICE_X112Y52        FDCE                                         r  y_reg/D
  -------------------------------------------------------------------    -------------------

                         (clock sys_clk_pin rise edge)
                                                     10.000    10.000 r  
    Y9                                                0.000    10.000 r  clk (IN)
                         net (fo=0)                   0.000    10.000    clk
    Y9                   IBUF (Prop_ibuf_I_O)         1.420    11.420 r  clk_IBUF_inst/O
                         net (fo=1, routed)           1.972    13.392    clk_IBUF
    BUFGCTRL_X0Y0        BUFG (Prop_bufg_I_O)         0.091    13.483 r  clk_IBUF_BUFG_inst/O
                         net (fo=3, routed)           1.690    15.172    clk_IBUF_BUFG
    SLICE_X112Y52        FDCE                                         r  y_reg/C
                         clock pessimism              0.459    15.631    
                         clock uncertainty           -0.035    15.596    
    SLICE_X112Y52        FDCE (Setup_fdce_C_D)        0.081    15.677    y_reg
  -------------------------------------------------------------------
                         required time                         15.677    
                         arrival time                          -6.805    
  -------------------------------------------------------------------
                         slack                                  8.872    





Min Delay Paths
--------------------------------------------------------------------------------------
Slack (MET) :             0.196ns  (arrival time - required time)
  Source:                 FSM_sequential_z_reg[1]/C
                            (rising edge-triggered cell FDCE clocked by sys_clk_pin  {rise@0.000ns fall@5.000ns period=10.000ns})
  Destination:            y_reg/D
                            (rising edge-triggered cell FDCE clocked by sys_clk_pin  {rise@0.000ns fall@5.000ns period=10.000ns})
  Path Group:             sys_clk_pin
  Path Type:              Hold (Min at Fast Process Corner)
  Requirement:            0.000ns  (sys_clk_pin rise@0.000ns - sys_clk_pin rise@0.000ns)
  Data Path Delay:        0.317ns  (logic 0.246ns (77.542%)  route 0.071ns (22.458%))
  Logic Levels:           1  (LUT3=1)
  Clock Path Skew:        0.000ns (DCD - SCD - CPR)
    Destination Clock Delay (DCD):    2.105ns
    Source Clock Delay      (SCD):    1.586ns
    Clock Pessimism Removal (CPR):    0.519ns

    Location             Delay type                Incr(ns)  Path(ns)    Netlist Resource(s)
  -------------------------------------------------------------------    -------------------
                         (clock sys_clk_pin rise edge)
                                                      0.000     0.000 r  
    Y9                                                0.000     0.000 r  clk (IN)
                         net (fo=0)                   0.000     0.000    clk
    Y9                   IBUF (Prop_ibuf_I_O)         0.258     0.258 r  clk_IBUF_inst/O
                         net (fo=1, routed)           0.663     0.921    clk_IBUF
    BUFGCTRL_X0Y0        BUFG (Prop_bufg_I_O)         0.026     0.947 r  clk_IBUF_BUFG_inst/O
                         net (fo=3, routed)           0.639     1.586    clk_IBUF_BUFG
    SLICE_X112Y52        FDCE                                         r  FSM_sequential_z_reg[1]/C
  -------------------------------------------------------------------    -------------------
    SLICE_X112Y52        FDCE (Prop_fdce_C_Q)         0.148     1.734 r  FSM_sequential_z_reg[1]/Q
                         net (fo=3, routed)           0.071     1.805    z[1]
    SLICE_X112Y52        LUT3 (Prop_lut3_I1_O)        0.098     1.903 r  y_i_1/O
                         net (fo=1, routed)           0.000     1.903    y_i_1_n_0
    SLICE_X112Y52        FDCE                                         r  y_reg/D
  -------------------------------------------------------------------    -------------------

                         (clock sys_clk_pin rise edge)
                                                      0.000     0.000 r  
    Y9                                                0.000     0.000 r  clk (IN)
                         net (fo=0)                   0.000     0.000    clk
    Y9                   IBUF (Prop_ibuf_I_O)         0.446     0.446 r  clk_IBUF_inst/O
                         net (fo=1, routed)           0.719     1.165    clk_IBUF
    BUFGCTRL_X0Y0        BUFG (Prop_bufg_I_O)         0.029     1.194 r  clk_IBUF_BUFG_inst/O
                         net (fo=3, routed)           0.911     2.105    clk_IBUF_BUFG
    SLICE_X112Y52        FDCE                                         r  y_reg/C
                         clock pessimism             -0.519     1.586    
    SLICE_X112Y52        FDCE (Hold_fdce_C_D)         0.121     1.707    y_reg
  -------------------------------------------------------------------
                         required time                         -1.707    
                         arrival time                           1.903    
  -------------------------------------------------------------------
                         slack                                  0.196    

Slack (MET) :             0.405ns  (arrival time - required time)
  Source:                 FSM_sequential_z_reg[0]/C
                            (rising edge-triggered cell FDCE clocked by sys_clk_pin  {rise@0.000ns fall@5.000ns period=10.000ns})
  Destination:            FSM_sequential_z_reg[1]/D
                            (rising edge-triggered cell FDCE clocked by sys_clk_pin  {rise@0.000ns fall@5.000ns period=10.000ns})
  Path Group:             sys_clk_pin
  Path Type:              Hold (Min at Fast Process Corner)
  Requirement:            0.000ns  (sys_clk_pin rise@0.000ns - sys_clk_pin rise@0.000ns)
  Data Path Delay:        0.536ns  (logic 0.208ns (38.776%)  route 0.328ns (61.224%))
  Logic Levels:           1  (LUT3=1)
  Clock Path Skew:        0.000ns (DCD - SCD - CPR)
    Destination Clock Delay (DCD):    2.105ns
    Source Clock Delay      (SCD):    1.586ns
    Clock Pessimism Removal (CPR):    0.519ns

    Location             Delay type                Incr(ns)  Path(ns)    Netlist Resource(s)
  -------------------------------------------------------------------    -------------------
                         (clock sys_clk_pin rise edge)
                                                      0.000     0.000 r  
    Y9                                                0.000     0.000 r  clk (IN)
                         net (fo=0)                   0.000     0.000    clk
    Y9                   IBUF (Prop_ibuf_I_O)         0.258     0.258 r  clk_IBUF_inst/O
                         net (fo=1, routed)           0.663     0.921    clk_IBUF
    BUFGCTRL_X0Y0        BUFG (Prop_bufg_I_O)         0.026     0.947 r  clk_IBUF_BUFG_inst/O
                         net (fo=3, routed)           0.639     1.586    clk_IBUF_BUFG
    SLICE_X112Y52        FDCE                                         r  FSM_sequential_z_reg[0]/C
  -------------------------------------------------------------------    -------------------
    SLICE_X112Y52        FDCE (Prop_fdce_C_Q)         0.164     1.750 r  FSM_sequential_z_reg[0]/Q
                         net (fo=3, routed)           0.328     2.078    z[0]
    SLICE_X112Y52        LUT3 (Prop_lut3_I0_O)        0.044     2.122 r  FSM_sequential_z[1]_i_1/O
                         net (fo=1, routed)           0.000     2.122    z__0[1]
    SLICE_X112Y52        FDCE                                         r  FSM_sequential_z_reg[1]/D
  -------------------------------------------------------------------    -------------------

                         (clock sys_clk_pin rise edge)
                                                      0.000     0.000 r  
    Y9                                                0.000     0.000 r  clk (IN)
                         net (fo=0)                   0.000     0.000    clk
    Y9                   IBUF (Prop_ibuf_I_O)         0.446     0.446 r  clk_IBUF_inst/O
                         net (fo=1, routed)           0.719     1.165    clk_IBUF
    BUFGCTRL_X0Y0        BUFG (Prop_bufg_I_O)         0.029     1.194 r  clk_IBUF_BUFG_inst/O
                         net (fo=3, routed)           0.911     2.105    clk_IBUF_BUFG
    SLICE_X112Y52        FDCE                                         r  FSM_sequential_z_reg[1]/C
                         clock pessimism             -0.519     1.586    
    SLICE_X112Y52        FDCE (Hold_fdce_C_D)         0.131     1.717    FSM_sequential_z_reg[1]
  -------------------------------------------------------------------
                         required time                         -1.717    
                         arrival time                           2.122    
  -------------------------------------------------------------------
                         slack                                  0.405    

Slack (MET) :             0.417ns  (arrival time - required time)
  Source:                 FSM_sequential_z_reg[0]/C
                            (rising edge-triggered cell FDCE clocked by sys_clk_pin  {rise@0.000ns fall@5.000ns period=10.000ns})
  Destination:            FSM_sequential_z_reg[0]/D
                            (rising edge-triggered cell FDCE clocked by sys_clk_pin  {rise@0.000ns fall@5.000ns period=10.000ns})
  Path Group:             sys_clk_pin
  Path Type:              Hold (Min at Fast Process Corner)
  Requirement:            0.000ns  (sys_clk_pin rise@0.000ns - sys_clk_pin rise@0.000ns)
  Data Path Delay:        0.537ns  (logic 0.209ns (38.890%)  route 0.328ns (61.110%))
  Logic Levels:           1  (LUT3=1)
  Clock Path Skew:        0.000ns (DCD - SCD - CPR)
    Destination Clock Delay (DCD):    2.105ns
    Source Clock Delay      (SCD):    1.586ns
    Clock Pessimism Removal (CPR):    0.519ns

    Location             Delay type                Incr(ns)  Path(ns)    Netlist Resource(s)
  -------------------------------------------------------------------    -------------------
                         (clock sys_clk_pin rise edge)
                                                      0.000     0.000 r  
    Y9                                                0.000     0.000 r  clk (IN)
                         net (fo=0)                   0.000     0.000    clk
    Y9                   IBUF (Prop_ibuf_I_O)         0.258     0.258 r  clk_IBUF_inst/O
                         net (fo=1, routed)           0.663     0.921    clk_IBUF
    BUFGCTRL_X0Y0        BUFG (Prop_bufg_I_O)         0.026     0.947 r  clk_IBUF_BUFG_inst/O
                         net (fo=3, routed)           0.639     1.586    clk_IBUF_BUFG
    SLICE_X112Y52        FDCE                                         r  FSM_sequential_z_reg[0]/C
  -------------------------------------------------------------------    -------------------
    SLICE_X112Y52        FDCE (Prop_fdce_C_Q)         0.164     1.750 f  FSM_sequential_z_reg[0]/Q
                         net (fo=3, routed)           0.328     2.078    z[0]
    SLICE_X112Y52        LUT3 (Prop_lut3_I1_O)        0.045     2.123 r  FSM_sequential_z[0]_i_1/O
                         net (fo=1, routed)           0.000     2.123    z__0[0]
    SLICE_X112Y52        FDCE                                         r  FSM_sequential_z_reg[0]/D
  -------------------------------------------------------------------    -------------------

                         (clock sys_clk_pin rise edge)
                                                      0.000     0.000 r  
    Y9                                                0.000     0.000 r  clk (IN)
                         net (fo=0)                   0.000     0.000    clk
    Y9                   IBUF (Prop_ibuf_I_O)         0.446     0.446 r  clk_IBUF_inst/O
                         net (fo=1, routed)           0.719     1.165    clk_IBUF
    BUFGCTRL_X0Y0        BUFG (Prop_bufg_I_O)         0.029     1.194 r  clk_IBUF_BUFG_inst/O
                         net (fo=3, routed)           0.911     2.105    clk_IBUF_BUFG
    SLICE_X112Y52        FDCE                                         r  FSM_sequential_z_reg[0]/C
                         clock pessimism             -0.519     1.586    
    SLICE_X112Y52        FDCE (Hold_fdce_C_D)         0.120     1.706    FSM_sequential_z_reg[0]
  -------------------------------------------------------------------
                         required time                         -1.706    
                         arrival time                           2.123    
  -------------------------------------------------------------------
                         slack                                  0.417    





Pulse Width Checks
--------------------------------------------------------------------------------------
Clock Name:         sys_clk_pin
Waveform(ns):       { 0.000 5.000 }
Period(ns):         10.000
Sources:            { clk }

Check Type        Corner  Lib Pin  Reference Pin  Required(ns)  Actual(ns)  Slack(ns)  Location       Pin
Min Period        n/a     BUFG/I   n/a            2.155         10.000      7.845      BUFGCTRL_X0Y0  clk_IBUF_BUFG_inst/I
Min Period        n/a     FDCE/C   n/a            1.000         10.000      9.000      SLICE_X112Y52  FSM_sequential_z_reg[0]/C
Min Period        n/a     FDCE/C   n/a            1.000         10.000      9.000      SLICE_X112Y52  FSM_sequential_z_reg[1]/C
Min Period        n/a     FDCE/C   n/a            1.000         10.000      9.000      SLICE_X112Y52  y_reg/C
Low Pulse Width   Slow    FDCE/C   n/a            0.500         5.000       4.500      SLICE_X112Y52  FSM_sequential_z_reg[0]/C
Low Pulse Width   Fast    FDCE/C   n/a            0.500         5.000       4.500      SLICE_X112Y52  FSM_sequential_z_reg[0]/C
Low Pulse Width   Slow    FDCE/C   n/a            0.500         5.000       4.500      SLICE_X112Y52  FSM_sequential_z_reg[1]/C
Low Pulse Width   Fast    FDCE/C   n/a            0.500         5.000       4.500      SLICE_X112Y52  FSM_sequential_z_reg[1]/C
Low Pulse Width   Slow    FDCE/C   n/a            0.500         5.000       4.500      SLICE_X112Y52  y_reg/C
Low Pulse Width   Fast    FDCE/C   n/a            0.500         5.000       4.500      SLICE_X112Y52  y_reg/C
High Pulse Width  Slow    FDCE/C   n/a            0.500         5.000       4.500      SLICE_X112Y52  FSM_sequential_z_reg[0]/C
High Pulse Width  Fast    FDCE/C   n/a            0.500         5.000       4.500      SLICE_X112Y52  FSM_sequential_z_reg[0]/C
High Pulse Width  Slow    FDCE/C   n/a            0.500         5.000       4.500      SLICE_X112Y52  FSM_sequential_z_reg[1]/C
High Pulse Width  Fast    FDCE/C   n/a            0.500         5.000       4.500      SLICE_X112Y52  FSM_sequential_z_reg[1]/C
High Pulse Width  Slow    FDCE/C   n/a            0.500         5.000       4.500      SLICE_X112Y52  y_reg/C
High Pulse Width  Fast    FDCE/C   n/a            0.500         5.000       4.500      SLICE_X112Y52  y_reg/C



--------------------------------------------------------------------------------------
Path Group:  (none)
From Clock:  sys_clk_pin
  To Clock:  

Max Delay             1 Endpoint
Min Delay             1 Endpoint
--------------------------------------------------------------------------------------


Max Delay Paths
--------------------------------------------------------------------------------------
Slack:                    inf
  Source:                 y_reg/C
                            (rising edge-triggered cell FDCE clocked by sys_clk_pin  {rise@0.000ns fall@5.000ns period=10.000ns})
  Destination:            y
                            (output port)
  Path Group:             (none)
  Path Type:              Max at Slow Process Corner
  Data Path Delay:        5.772ns  (logic 4.040ns (69.996%)  route 1.732ns (30.004%))
  Logic Levels:           1  (OBUF=1)
  Clock Uncertainty:      0.025ns  ((TSJ^2 + TIJ^2)^1/2 + DJ) / 2 + PE
    Total System Jitter     (TSJ):    0.050ns
    Total Input Jitter      (TIJ):    0.000ns
    Discrete Jitter          (DJ):    0.000ns
    Phase Error              (PE):    0.000ns

    Location             Delay type                Incr(ns)  Path(ns)    Netlist Resource(s)
  -------------------------------------------------------------------    -------------------
                         (clock sys_clk_pin rise edge)
                                                      0.000     0.000 r  
    Y9                                                0.000     0.000 r  clk (IN)
                         net (fo=0)                   0.000     0.000    clk
    Y9                   IBUF (Prop_ibuf_I_O)         1.490     1.490 r  clk_IBUF_inst/O
                         net (fo=1, routed)           2.171     3.661    clk_IBUF
    BUFGCTRL_X0Y0        BUFG (Prop_bufg_I_O)         0.101     3.762 r  clk_IBUF_BUFG_inst/O
                         net (fo=3, routed)           1.869     5.631    clk_IBUF_BUFG
    SLICE_X112Y52        FDCE                                         r  y_reg/C
  -------------------------------------------------------------------    -------------------
    SLICE_X112Y52        FDCE (Prop_fdce_C_Q)         0.518     6.149 r  y_reg/Q
                         net (fo=1, routed)           1.732     7.881    y_OBUF
    T22                  OBUF (Prop_obuf_I_O)         3.522    11.404 r  y_OBUF_inst/O
                         net (fo=0)                   0.000    11.404    y
    T22                                                               r  y (OUT)
  -------------------------------------------------------------------    -------------------





Min Delay Paths
--------------------------------------------------------------------------------------
Slack:                    inf
  Source:                 y_reg/C
                            (rising edge-triggered cell FDCE clocked by sys_clk_pin  {rise@0.000ns fall@5.000ns period=10.000ns})
  Destination:            y
                            (output port)
  Path Group:             (none)
  Path Type:              Min at Fast Process Corner
  Data Path Delay:        1.755ns  (logic 1.387ns (79.041%)  route 0.368ns (20.959%))
  Logic Levels:           1  (OBUF=1)
  Clock Uncertainty:      0.025ns  ((TSJ^2 + TIJ^2)^1/2 + DJ) / 2 + PE
    Total System Jitter     (TSJ):    0.050ns
    Total Input Jitter      (TIJ):    0.000ns
    Discrete Jitter          (DJ):    0.000ns
    Phase Error              (PE):    0.000ns

    Location             Delay type                Incr(ns)  Path(ns)    Netlist Resource(s)
  -------------------------------------------------------------------    -------------------
                         (clock sys_clk_pin rise edge)
                                                      0.000     0.000 r  
    Y9                                                0.000     0.000 r  clk (IN)
                         net (fo=0)                   0.000     0.000    clk
    Y9                   IBUF (Prop_ibuf_I_O)         0.258     0.258 r  clk_IBUF_inst/O
                         net (fo=1, routed)           0.663     0.921    clk_IBUF
    BUFGCTRL_X0Y0        BUFG (Prop_bufg_I_O)         0.026     0.947 r  clk_IBUF_BUFG_inst/O
                         net (fo=3, routed)           0.639     1.586    clk_IBUF_BUFG
    SLICE_X112Y52        FDCE                                         r  y_reg/C
  -------------------------------------------------------------------    -------------------
    SLICE_X112Y52        FDCE (Prop_fdce_C_Q)         0.164     1.750 r  y_reg/Q
                         net (fo=1, routed)           0.368     2.118    y_OBUF
    T22                  OBUF (Prop_obuf_I_O)         1.223     3.341 r  y_OBUF_inst/O
                         net (fo=0)                   0.000     3.341    y
    T22                                                               r  y (OUT)
  -------------------------------------------------------------------    -------------------





--------------------------------------------------------------------------------------
Path Group:  (none)
From Clock:  
  To Clock:  sys_clk_pin

Max Delay             6 Endpoints
Min Delay             6 Endpoints
--------------------------------------------------------------------------------------


Max Delay Paths
--------------------------------------------------------------------------------------
Slack:                    inf
  Source:                 x
                            (input port)
  Destination:            y_reg/D
                            (rising edge-triggered cell FDCE clocked by sys_clk_pin  {rise@0.000ns fall@5.000ns period=10.000ns})
  Path Group:             (none)
  Path Type:              Setup (Max at Slow Process Corner)
  Data Path Delay:        3.812ns  (logic 1.096ns (28.748%)  route 2.716ns (71.252%))
  Logic Levels:           2  (IBUF=1 LUT3=1)
  Clock Path Skew:        5.172ns (DCD - SCD + CPR)
    Destination Clock Delay (DCD):    5.172ns
    Source Clock Delay      (SCD):    0.000ns
    Clock Pessimism Removal (CPR):    0.000ns
  Clock Uncertainty:      0.025ns  ((TSJ^2 + TIJ^2)^1/2 + DJ) / 2 + PE
    Total System Jitter     (TSJ):    0.050ns
    Total Input Jitter      (TIJ):    0.000ns
    Discrete Jitter          (DJ):    0.000ns
    Phase Error              (PE):    0.000ns

    Location             Delay type                Incr(ns)  Path(ns)    Netlist Resource(s)
  -------------------------------------------------------------------    -------------------
    F22                                               0.000     0.000 f  x (IN)
                         net (fo=0)                   0.000     0.000    x
    F22                  IBUF (Prop_ibuf_I_O)         0.972     0.972 f  x_IBUF_inst/O
                         net (fo=3, routed)           2.716     3.688    x_IBUF
    SLICE_X112Y52        LUT3 (Prop_lut3_I2_O)        0.124     3.812 r  y_i_1/O
                         net (fo=1, routed)           0.000     3.812    y_i_1_n_0
    SLICE_X112Y52        FDCE                                         r  y_reg/D
  -------------------------------------------------------------------    -------------------

                         (clock sys_clk_pin rise edge)
                                                      0.000     0.000 r  
    Y9                                                0.000     0.000 r  clk (IN)
                         net (fo=0)                   0.000     0.000    clk
    Y9                   IBUF (Prop_ibuf_I_O)         1.420     1.420 r  clk_IBUF_inst/O
                         net (fo=1, routed)           1.972     3.392    clk_IBUF
    BUFGCTRL_X0Y0        BUFG (Prop_bufg_I_O)         0.091     3.483 r  clk_IBUF_BUFG_inst/O
                         net (fo=3, routed)           1.690     5.172    clk_IBUF_BUFG
    SLICE_X112Y52        FDCE                                         r  y_reg/C

Slack:                    inf
  Source:                 x
                            (input port)
  Destination:            FSM_sequential_z_reg[0]/D
                            (rising edge-triggered cell FDCE clocked by sys_clk_pin  {rise@0.000ns fall@5.000ns period=10.000ns})
  Path Group:             (none)
  Path Type:              Setup (Max at Slow Process Corner)
  Data Path Delay:        3.801ns  (logic 1.096ns (28.831%)  route 2.705ns (71.169%))
  Logic Levels:           2  (IBUF=1 LUT3=1)
  Clock Path Skew:        5.172ns (DCD - SCD + CPR)
    Destination Clock Delay (DCD):    5.172ns
    Source Clock Delay      (SCD):    0.000ns
    Clock Pessimism Removal (CPR):    0.000ns
  Clock Uncertainty:      0.025ns  ((TSJ^2 + TIJ^2)^1/2 + DJ) / 2 + PE
    Total System Jitter     (TSJ):    0.050ns
    Total Input Jitter      (TIJ):    0.000ns
    Discrete Jitter          (DJ):    0.000ns
    Phase Error              (PE):    0.000ns

    Location             Delay type                Incr(ns)  Path(ns)    Netlist Resource(s)
  -------------------------------------------------------------------    -------------------
    F22                                               0.000     0.000 f  x (IN)
                         net (fo=0)                   0.000     0.000    x
    F22                  IBUF (Prop_ibuf_I_O)         0.972     0.972 f  x_IBUF_inst/O
                         net (fo=3, routed)           2.705     3.677    x_IBUF
    SLICE_X112Y52        LUT3 (Prop_lut3_I2_O)        0.124     3.801 r  FSM_sequential_z[0]_i_1/O
                         net (fo=1, routed)           0.000     3.801    z__0[0]
    SLICE_X112Y52        FDCE                                         r  FSM_sequential_z_reg[0]/D
  -------------------------------------------------------------------    -------------------

                         (clock sys_clk_pin rise edge)
                                                      0.000     0.000 r  
    Y9                                                0.000     0.000 r  clk (IN)
                         net (fo=0)                   0.000     0.000    clk
    Y9                   IBUF (Prop_ibuf_I_O)         1.420     1.420 r  clk_IBUF_inst/O
                         net (fo=1, routed)           1.972     3.392    clk_IBUF
    BUFGCTRL_X0Y0        BUFG (Prop_bufg_I_O)         0.091     3.483 r  clk_IBUF_BUFG_inst/O
                         net (fo=3, routed)           1.690     5.172    clk_IBUF_BUFG
    SLICE_X112Y52        FDCE                                         r  FSM_sequential_z_reg[0]/C

Slack:                    inf
  Source:                 x
                            (input port)
  Destination:            FSM_sequential_z_reg[1]/D
                            (rising edge-triggered cell FDCE clocked by sys_clk_pin  {rise@0.000ns fall@5.000ns period=10.000ns})
  Path Group:             (none)
  Path Type:              Setup (Max at Slow Process Corner)
  Data Path Delay:        3.793ns  (logic 1.088ns (28.681%)  route 2.705ns (71.319%))
  Logic Levels:           2  (IBUF=1 LUT3=1)
  Clock Path Skew:        5.172ns (DCD - SCD + CPR)
    Destination Clock Delay (DCD):    5.172ns
    Source Clock Delay      (SCD):    0.000ns
    Clock Pessimism Removal (CPR):    0.000ns
  Clock Uncertainty:      0.025ns  ((TSJ^2 + TIJ^2)^1/2 + DJ) / 2 + PE
    Total System Jitter     (TSJ):    0.050ns
    Total Input Jitter      (TIJ):    0.000ns
    Discrete Jitter          (DJ):    0.000ns
    Phase Error              (PE):    0.000ns

    Location             Delay type                Incr(ns)  Path(ns)    Netlist Resource(s)
  -------------------------------------------------------------------    -------------------
    F22                                               0.000     0.000 r  x (IN)
                         net (fo=0)                   0.000     0.000    x
    F22                  IBUF (Prop_ibuf_I_O)         0.972     0.972 r  x_IBUF_inst/O
                         net (fo=3, routed)           2.705     3.677    x_IBUF
    SLICE_X112Y52        LUT3 (Prop_lut3_I2_O)        0.116     3.793 r  FSM_sequential_z[1]_i_1/O
                         net (fo=1, routed)           0.000     3.793    z__0[1]
    SLICE_X112Y52        FDCE                                         r  FSM_sequential_z_reg[1]/D
  -------------------------------------------------------------------    -------------------

                         (clock sys_clk_pin rise edge)
                                                      0.000     0.000 r  
    Y9                                                0.000     0.000 r  clk (IN)
                         net (fo=0)                   0.000     0.000    clk
    Y9                   IBUF (Prop_ibuf_I_O)         1.420     1.420 r  clk_IBUF_inst/O
                         net (fo=1, routed)           1.972     3.392    clk_IBUF
    BUFGCTRL_X0Y0        BUFG (Prop_bufg_I_O)         0.091     3.483 r  clk_IBUF_BUFG_inst/O
                         net (fo=3, routed)           1.690     5.172    clk_IBUF_BUFG
    SLICE_X112Y52        FDCE                                         r  FSM_sequential_z_reg[1]/C

Slack:                    inf
  Source:                 rst
                            (input port)
  Destination:            FSM_sequential_z_reg[0]/CLR
                            (recovery check against rising-edge clock sys_clk_pin  {rise@0.000ns fall@5.000ns period=10.000ns})
  Path Group:             (none)
  Path Type:              Recovery (Max at Slow Process Corner)
  Data Path Delay:        1.830ns  (logic 0.933ns (50.977%)  route 0.897ns (49.023%))
  Logic Levels:           1  (IBUF=1)
  Clock Path Skew:        5.172ns (DCD - SCD + CPR)
    Destination Clock Delay (DCD):    5.172ns
    Source Clock Delay      (SCD):    0.000ns
    Clock Pessimism Removal (CPR):    0.000ns
  Clock Uncertainty:      0.025ns  ((TSJ^2 + TIJ^2)^1/2 + DJ) / 2 + PE
    Total System Jitter     (TSJ):    0.050ns
    Total Input Jitter      (TIJ):    0.000ns
    Discrete Jitter          (DJ):    0.000ns
    Phase Error              (PE):    0.000ns

    Location             Delay type                Incr(ns)  Path(ns)    Netlist Resource(s)
  -------------------------------------------------------------------    -------------------
    P16                                               0.000     0.000 f  rst (IN)
                         net (fo=0)                   0.000     0.000    rst
    P16                  IBUF (Prop_ibuf_I_O)         0.933     0.933 f  rst_IBUF_inst/O
                         net (fo=3, routed)           0.897     1.830    rst_IBUF
    SLICE_X112Y52        FDCE                                         f  FSM_sequential_z_reg[0]/CLR
  -------------------------------------------------------------------    -------------------

                         (clock sys_clk_pin rise edge)
                                                      0.000     0.000 r  
    Y9                                                0.000     0.000 r  clk (IN)
                         net (fo=0)                   0.000     0.000    clk
    Y9                   IBUF (Prop_ibuf_I_O)         1.420     1.420 r  clk_IBUF_inst/O
                         net (fo=1, routed)           1.972     3.392    clk_IBUF
    BUFGCTRL_X0Y0        BUFG (Prop_bufg_I_O)         0.091     3.483 r  clk_IBUF_BUFG_inst/O
                         net (fo=3, routed)           1.690     5.172    clk_IBUF_BUFG
    SLICE_X112Y52        FDCE                                         r  FSM_sequential_z_reg[0]/C

Slack:                    inf
  Source:                 rst
                            (input port)
  Destination:            FSM_sequential_z_reg[1]/CLR
                            (recovery check against rising-edge clock sys_clk_pin  {rise@0.000ns fall@5.000ns period=10.000ns})
  Path Group:             (none)
  Path Type:              Recovery (Max at Slow Process Corner)
  Data Path Delay:        1.830ns  (logic 0.933ns (50.977%)  route 0.897ns (49.023%))
  Logic Levels:           1  (IBUF=1)
  Clock Path Skew:        5.172ns (DCD - SCD + CPR)
    Destination Clock Delay (DCD):    5.172ns
    Source Clock Delay      (SCD):    0.000ns
    Clock Pessimism Removal (CPR):    0.000ns
  Clock Uncertainty:      0.025ns  ((TSJ^2 + TIJ^2)^1/2 + DJ) / 2 + PE
    Total System Jitter     (TSJ):    0.050ns
    Total Input Jitter      (TIJ):    0.000ns
    Discrete Jitter          (DJ):    0.000ns
    Phase Error              (PE):    0.000ns

    Location             Delay type                Incr(ns)  Path(ns)    Netlist Resource(s)
  -------------------------------------------------------------------    -------------------
    P16                                               0.000     0.000 f  rst (IN)
                         net (fo=0)                   0.000     0.000    rst
    P16                  IBUF (Prop_ibuf_I_O)         0.933     0.933 f  rst_IBUF_inst/O
                         net (fo=3, routed)           0.897     1.830    rst_IBUF
    SLICE_X112Y52        FDCE                                         f  FSM_sequential_z_reg[1]/CLR
  -------------------------------------------------------------------    -------------------

                         (clock sys_clk_pin rise edge)
                                                      0.000     0.000 r  
    Y9                                                0.000     0.000 r  clk (IN)
                         net (fo=0)                   0.000     0.000    clk
    Y9                   IBUF (Prop_ibuf_I_O)         1.420     1.420 r  clk_IBUF_inst/O
                         net (fo=1, routed)           1.972     3.392    clk_IBUF
    BUFGCTRL_X0Y0        BUFG (Prop_bufg_I_O)         0.091     3.483 r  clk_IBUF_BUFG_inst/O
                         net (fo=3, routed)           1.690     5.172    clk_IBUF_BUFG
    SLICE_X112Y52        FDCE                                         r  FSM_sequential_z_reg[1]/C

Slack:                    inf
  Source:                 rst
                            (input port)
  Destination:            y_reg/CLR
                            (recovery check against rising-edge clock sys_clk_pin  {rise@0.000ns fall@5.000ns period=10.000ns})
  Path Group:             (none)
  Path Type:              Recovery (Max at Slow Process Corner)
  Data Path Delay:        1.830ns  (logic 0.933ns (50.977%)  route 0.897ns (49.023%))
  Logic Levels:           1  (IBUF=1)
  Clock Path Skew:        5.172ns (DCD - SCD + CPR)
    Destination Clock Delay (DCD):    5.172ns
    Source Clock Delay      (SCD):    0.000ns
    Clock Pessimism Removal (CPR):    0.000ns
  Clock Uncertainty:      0.025ns  ((TSJ^2 + TIJ^2)^1/2 + DJ) / 2 + PE
    Total System Jitter     (TSJ):    0.050ns
    Total Input Jitter      (TIJ):    0.000ns
    Discrete Jitter          (DJ):    0.000ns
    Phase Error              (PE):    0.000ns

    Location             Delay type                Incr(ns)  Path(ns)    Netlist Resource(s)
  -------------------------------------------------------------------    -------------------
    P16                                               0.000     0.000 f  rst (IN)
                         net (fo=0)                   0.000     0.000    rst
    P16                  IBUF (Prop_ibuf_I_O)         0.933     0.933 f  rst_IBUF_inst/O
                         net (fo=3, routed)           0.897     1.830    rst_IBUF
    SLICE_X112Y52        FDCE                                         f  y_reg/CLR
  -------------------------------------------------------------------    -------------------

                         (clock sys_clk_pin rise edge)
                                                      0.000     0.000 r  
    Y9                                                0.000     0.000 r  clk (IN)
                         net (fo=0)                   0.000     0.000    clk
    Y9                   IBUF (Prop_ibuf_I_O)         1.420     1.420 r  clk_IBUF_inst/O
                         net (fo=1, routed)           1.972     3.392    clk_IBUF
    BUFGCTRL_X0Y0        BUFG (Prop_bufg_I_O)         0.091     3.483 r  clk_IBUF_BUFG_inst/O
                         net (fo=3, routed)           1.690     5.172    clk_IBUF_BUFG
    SLICE_X112Y52        FDCE                                         r  y_reg/C





Min Delay Paths
--------------------------------------------------------------------------------------
Slack:                    inf
  Source:                 rst
                            (input port)
  Destination:            FSM_sequential_z_reg[0]/CLR
                            (removal check against rising-edge clock sys_clk_pin  {rise@0.000ns fall@5.000ns period=10.000ns})
  Path Group:             (none)
  Path Type:              Removal (Min at Fast Process Corner)
  Data Path Delay:        0.506ns  (logic 0.162ns (32.025%)  route 0.344ns (67.975%))
  Logic Levels:           1  (IBUF=1)
  Clock Path Skew:        2.105ns (DCD - SCD - CPR)
    Destination Clock Delay (DCD):    2.105ns
    Source Clock Delay      (SCD):    0.000ns
    Clock Pessimism Removal (CPR):    -0.000ns

    Location             Delay type                Incr(ns)  Path(ns)    Netlist Resource(s)
  -------------------------------------------------------------------    -------------------
    P16                                               0.000     0.000 f  rst (IN)
                         net (fo=0)                   0.000     0.000    rst
    P16                  IBUF (Prop_ibuf_I_O)         0.162     0.162 f  rst_IBUF_inst/O
                         net (fo=3, routed)           0.344     0.506    rst_IBUF
    SLICE_X112Y52        FDCE                                         f  FSM_sequential_z_reg[0]/CLR
  -------------------------------------------------------------------    -------------------

                         (clock sys_clk_pin rise edge)
                                                      0.000     0.000 r  
    Y9                                                0.000     0.000 r  clk (IN)
                         net (fo=0)                   0.000     0.000    clk
    Y9                   IBUF (Prop_ibuf_I_O)         0.446     0.446 r  clk_IBUF_inst/O
                         net (fo=1, routed)           0.719     1.165    clk_IBUF
    BUFGCTRL_X0Y0        BUFG (Prop_bufg_I_O)         0.029     1.194 r  clk_IBUF_BUFG_inst/O
                         net (fo=3, routed)           0.911     2.105    clk_IBUF_BUFG
    SLICE_X112Y52        FDCE                                         r  FSM_sequential_z_reg[0]/C

Slack:                    inf
  Source:                 rst
                            (input port)
  Destination:            FSM_sequential_z_reg[1]/CLR
                            (removal check against rising-edge clock sys_clk_pin  {rise@0.000ns fall@5.000ns period=10.000ns})
  Path Group:             (none)
  Path Type:              Removal (Min at Fast Process Corner)
  Data Path Delay:        0.506ns  (logic 0.162ns (32.025%)  route 0.344ns (67.975%))
  Logic Levels:           1  (IBUF=1)
  Clock Path Skew:        2.105ns (DCD - SCD - CPR)
    Destination Clock Delay (DCD):    2.105ns
    Source Clock Delay      (SCD):    0.000ns
    Clock Pessimism Removal (CPR):    -0.000ns

    Location             Delay type                Incr(ns)  Path(ns)    Netlist Resource(s)
  -------------------------------------------------------------------    -------------------
    P16                                               0.000     0.000 f  rst (IN)
                         net (fo=0)                   0.000     0.000    rst
    P16                  IBUF (Prop_ibuf_I_O)         0.162     0.162 f  rst_IBUF_inst/O
                         net (fo=3, routed)           0.344     0.506    rst_IBUF
    SLICE_X112Y52        FDCE                                         f  FSM_sequential_z_reg[1]/CLR
  -------------------------------------------------------------------    -------------------

                         (clock sys_clk_pin rise edge)
                                                      0.000     0.000 r  
    Y9                                                0.000     0.000 r  clk (IN)
                         net (fo=0)                   0.000     0.000    clk
    Y9                   IBUF (Prop_ibuf_I_O)         0.446     0.446 r  clk_IBUF_inst/O
                         net (fo=1, routed)           0.719     1.165    clk_IBUF
    BUFGCTRL_X0Y0        BUFG (Prop_bufg_I_O)         0.029     1.194 r  clk_IBUF_BUFG_inst/O
                         net (fo=3, routed)           0.911     2.105    clk_IBUF_BUFG
    SLICE_X112Y52        FDCE                                         r  FSM_sequential_z_reg[1]/C

Slack:                    inf
  Source:                 rst
                            (input port)
  Destination:            y_reg/CLR
                            (removal check against rising-edge clock sys_clk_pin  {rise@0.000ns fall@5.000ns period=10.000ns})
  Path Group:             (none)
  Path Type:              Removal (Min at Fast Process Corner)
  Data Path Delay:        0.506ns  (logic 0.162ns (32.025%)  route 0.344ns (67.975%))
  Logic Levels:           1  (IBUF=1)
  Clock Path Skew:        2.105ns (DCD - SCD - CPR)
    Destination Clock Delay (DCD):    2.105ns
    Source Clock Delay      (SCD):    0.000ns
    Clock Pessimism Removal (CPR):    -0.000ns

    Location             Delay type                Incr(ns)  Path(ns)    Netlist Resource(s)
  -------------------------------------------------------------------    -------------------
    P16                                               0.000     0.000 f  rst (IN)
                         net (fo=0)                   0.000     0.000    rst
    P16                  IBUF (Prop_ibuf_I_O)         0.162     0.162 f  rst_IBUF_inst/O
                         net (fo=3, routed)           0.344     0.506    rst_IBUF
    SLICE_X112Y52        FDCE                                         f  y_reg/CLR
  -------------------------------------------------------------------    -------------------

                         (clock sys_clk_pin rise edge)
                                                      0.000     0.000 r  
    Y9                                                0.000     0.000 r  clk (IN)
                         net (fo=0)                   0.000     0.000    clk
    Y9                   IBUF (Prop_ibuf_I_O)         0.446     0.446 r  clk_IBUF_inst/O
                         net (fo=1, routed)           0.719     1.165    clk_IBUF
    BUFGCTRL_X0Y0        BUFG (Prop_bufg_I_O)         0.029     1.194 r  clk_IBUF_BUFG_inst/O
                         net (fo=3, routed)           0.911     2.105    clk_IBUF_BUFG
    SLICE_X112Y52        FDCE                                         r  y_reg/C

Slack:                    inf
  Source:                 x
                            (input port)
  Destination:            FSM_sequential_z_reg[0]/D
                            (rising edge-triggered cell FDCE clocked by sys_clk_pin  {rise@0.000ns fall@5.000ns period=10.000ns})
  Path Group:             (none)
  Path Type:              Hold (Min at Fast Process Corner)
  Data Path Delay:        1.374ns  (logic 0.246ns (17.866%)  route 1.129ns (82.134%))
  Logic Levels:           2  (IBUF=1 LUT3=1)
  Clock Path Skew:        2.105ns (DCD - SCD - CPR)
    Destination Clock Delay (DCD):    2.105ns
    Source Clock Delay      (SCD):    0.000ns
    Clock Pessimism Removal (CPR):    -0.000ns

    Location             Delay type                Incr(ns)  Path(ns)    Netlist Resource(s)
  -------------------------------------------------------------------    -------------------
    F22                                               0.000     0.000 f  x (IN)
                         net (fo=0)                   0.000     0.000    x
    F22                  IBUF (Prop_ibuf_I_O)         0.201     0.201 f  x_IBUF_inst/O
                         net (fo=3, routed)           1.129     1.329    x_IBUF
    SLICE_X112Y52        LUT3 (Prop_lut3_I2_O)        0.045     1.374 r  FSM_sequential_z[0]_i_1/O
                         net (fo=1, routed)           0.000     1.374    z__0[0]
    SLICE_X112Y52        FDCE                                         r  FSM_sequential_z_reg[0]/D
  -------------------------------------------------------------------    -------------------

                         (clock sys_clk_pin rise edge)
                                                      0.000     0.000 r  
    Y9                                                0.000     0.000 r  clk (IN)
                         net (fo=0)                   0.000     0.000    clk
    Y9                   IBUF (Prop_ibuf_I_O)         0.446     0.446 r  clk_IBUF_inst/O
                         net (fo=1, routed)           0.719     1.165    clk_IBUF
    BUFGCTRL_X0Y0        BUFG (Prop_bufg_I_O)         0.029     1.194 r  clk_IBUF_BUFG_inst/O
                         net (fo=3, routed)           0.911     2.105    clk_IBUF_BUFG
    SLICE_X112Y52        FDCE                                         r  FSM_sequential_z_reg[0]/C

Slack:                    inf
  Source:                 x
                            (input port)
  Destination:            FSM_sequential_z_reg[1]/D
                            (rising edge-triggered cell FDCE clocked by sys_clk_pin  {rise@0.000ns fall@5.000ns period=10.000ns})
  Path Group:             (none)
  Path Type:              Hold (Min at Fast Process Corner)
  Data Path Delay:        1.377ns  (logic 0.249ns (18.045%)  route 1.129ns (81.955%))
  Logic Levels:           2  (IBUF=1 LUT3=1)
  Clock Path Skew:        2.105ns (DCD - SCD - CPR)
    Destination Clock Delay (DCD):    2.105ns
    Source Clock Delay      (SCD):    0.000ns
    Clock Pessimism Removal (CPR):    -0.000ns

    Location             Delay type                Incr(ns)  Path(ns)    Netlist Resource(s)
  -------------------------------------------------------------------    -------------------
    F22                                               0.000     0.000 r  x (IN)
                         net (fo=0)                   0.000     0.000    x
    F22                  IBUF (Prop_ibuf_I_O)         0.201     0.201 r  x_IBUF_inst/O
                         net (fo=3, routed)           1.129     1.329    x_IBUF
    SLICE_X112Y52        LUT3 (Prop_lut3_I2_O)        0.048     1.377 r  FSM_sequential_z[1]_i_1/O
                         net (fo=1, routed)           0.000     1.377    z__0[1]
    SLICE_X112Y52        FDCE                                         r  FSM_sequential_z_reg[1]/D
  -------------------------------------------------------------------    -------------------

                         (clock sys_clk_pin rise edge)
                                                      0.000     0.000 r  
    Y9                                                0.000     0.000 r  clk (IN)
                         net (fo=0)                   0.000     0.000    clk
    Y9                   IBUF (Prop_ibuf_I_O)         0.446     0.446 r  clk_IBUF_inst/O
                         net (fo=1, routed)           0.719     1.165    clk_IBUF
    BUFGCTRL_X0Y0        BUFG (Prop_bufg_I_O)         0.029     1.194 r  clk_IBUF_BUFG_inst/O
                         net (fo=3, routed)           0.911     2.105    clk_IBUF_BUFG
    SLICE_X112Y52        FDCE                                         r  FSM_sequential_z_reg[1]/C

Slack:                    inf
  Source:                 x
                            (input port)
  Destination:            y_reg/D
                            (rising edge-triggered cell FDCE clocked by sys_clk_pin  {rise@0.000ns fall@5.000ns period=10.000ns})
  Path Group:             (none)
  Path Type:              Hold (Min at Fast Process Corner)
  Data Path Delay:        1.378ns  (logic 0.246ns (17.814%)  route 1.133ns (82.186%))
  Logic Levels:           2  (IBUF=1 LUT3=1)
  Clock Path Skew:        2.105ns (DCD - SCD - CPR)
    Destination Clock Delay (DCD):    2.105ns
    Source Clock Delay      (SCD):    0.000ns
    Clock Pessimism Removal (CPR):    -0.000ns

    Location             Delay type                Incr(ns)  Path(ns)    Netlist Resource(s)
  -------------------------------------------------------------------    -------------------
    F22                                               0.000     0.000 f  x (IN)
                         net (fo=0)                   0.000     0.000    x
    F22                  IBUF (Prop_ibuf_I_O)         0.201     0.201 f  x_IBUF_inst/O
                         net (fo=3, routed)           1.133     1.333    x_IBUF
    SLICE_X112Y52        LUT3 (Prop_lut3_I2_O)        0.045     1.378 r  y_i_1/O
                         net (fo=1, routed)           0.000     1.378    y_i_1_n_0
    SLICE_X112Y52        FDCE                                         r  y_reg/D
  -------------------------------------------------------------------    -------------------

                         (clock sys_clk_pin rise edge)
                                                      0.000     0.000 r  
    Y9                                                0.000     0.000 r  clk (IN)
                         net (fo=0)                   0.000     0.000    clk
    Y9                   IBUF (Prop_ibuf_I_O)         0.446     0.446 r  clk_IBUF_inst/O
                         net (fo=1, routed)           0.719     1.165    clk_IBUF
    BUFGCTRL_X0Y0        BUFG (Prop_bufg_I_O)         0.029     1.194 r  clk_IBUF_BUFG_inst/O
                         net (fo=3, routed)           0.911     2.105    clk_IBUF_BUFG
    SLICE_X112Y52        FDCE                                         r  y_reg/C





