Copyright 1986-2022 Xilinx, Inc. All Rights Reserved. Copyright 2022-2025 Advanced Micro Devices, Inc. All Rights Reserved.
---------------------------------------------------------------------------------------------------------------------------------------------
| Tool Version : Vivado v.2025.2 (win64) Build 6299465 Fri Nov 14 19:35:11 GMT 2025
| Date         : Wed Jun 17 16:00:02 2026
| Host         : Saksham running 64-bit major release  (build 9200)
| Command      : report_control_sets -verbose -file FPM_control_sets_placed.rpt
| Design       : FPM
| Device       : xc7z020
---------------------------------------------------------------------------------------------------------------------------------------------

Control Set Information

Table of Contents
-----------------
1. Summary
2. Histogram
3. Flip-Flop Distribution
4. Detailed Control Set Information

1. Summary
----------

+----------------------------------------------------------+-------+
|                          Status                          | Count |
+----------------------------------------------------------+-------+
| Total control sets                                       |    75 |
|    Minimum number of control sets                        |    75 |
|    Addition due to synthesis replication                 |     0 |
|    Addition due to physical synthesis replication        |     0 |
| Unused register locations in slices containing registers |   521 |
+----------------------------------------------------------+-------+
* Control sets can be merged at opt_design using control_set_merge or merge_equivalent_drivers
** Run report_qor_suggestions for automated merging and remapping suggestions


2. Histogram
------------

+--------------------+-------+
|       Fanout       | Count |
+--------------------+-------+
| Total control sets |    75 |
| >= 0 to < 4        |    73 |
| >= 4 to < 6        |     0 |
| >= 6 to < 8        |     0 |
| >= 8 to < 10       |     0 |
| >= 10 to < 12      |     0 |
| >= 12 to < 14      |     0 |
| >= 14 to < 16      |     0 |
| >= 16              |     2 |
+--------------------+-------+
* Control sets can be remapped at either synth_design or opt_design


3. Flip-Flop Distribution
-------------------------

+--------------+-----------------------+------------------------+-----------------+--------------+
| Clock Enable | Synchronous Set/Reset | Asynchronous Set/Reset | Total Registers | Total Slices |
+--------------+-----------------------+------------------------+-----------------+--------------+
| No           | No                    | No                     |               0 |            0 |
| No           | No                    | Yes                    |              25 |           25 |
| No           | Yes                   | No                     |              24 |           24 |
| Yes          | No                    | No                     |               0 |            0 |
| Yes          | No                    | Yes                    |             110 |           44 |
| Yes          | Yes                   | No                     |               0 |            0 |
+--------------+-----------------------+------------------------+-----------------+--------------+


4. Detailed Control Set Information
-----------------------------------

+---------------------------+------------------+--------------------------+------------------+----------------+--------------+
|        Clock Signal       |   Enable Signal  |     Set/Reset Signal     | Slice Load Count | Bel Load Count | Bels / Slice |
+---------------------------+------------------+--------------------------+------------------+----------------+--------------+
|  m1/Q_reg[10]_LDC_i_1_n_0 |                  | m1/Q_reg[10]_LDC_i_2_n_0 |                1 |              1 |         1.00 |
|  m1/Q_reg[13]_LDC_i_1_n_0 |                  | m1/Q_reg[13]_LDC_i_2_n_0 |                1 |              1 |         1.00 |
|  m1/Q_reg[11]_LDC_i_1_n_0 |                  | m1/Q_reg[11]_LDC_i_2_n_0 |                1 |              1 |         1.00 |
|  m1/Q_reg[0]_LDC_i_1_n_0  |                  | m1/Q_reg[0]_LDC_i_2_n_0  |                1 |              1 |         1.00 |
|  m1/Q_reg[12]_LDC_i_1_n_0 |                  | m1/Q_reg[12]_LDC_i_2_n_0 |                1 |              1 |         1.00 |
|  m1/Q_reg[21]_LDC_i_1_n_0 |                  | m1/Q_reg[21]_LDC_i_2_n_0 |                1 |              1 |         1.00 |
|  m1/Q_reg[15]_LDC_i_1_n_0 |                  | m1/Q_reg[15]_LDC_i_2_n_0 |                1 |              1 |         1.00 |
|  m1/Q_reg[17]_LDC_i_1_n_0 |                  | m1/Q_reg[17]_LDC_i_2_n_0 |                1 |              1 |         1.00 |
|  m1/Q_reg[22]_LDC_i_1_n_0 |                  | m1/Q_reg[22]_LDC_i_2_n_0 |                1 |              1 |         1.00 |
|  m1/Q_reg[23]_LDC_i_1_n_0 |                  | m1/Q_reg[23]_LDC_i_2_n_0 |                1 |              1 |         1.00 |
|  m1/Q_reg[1]_LDC_i_1_n_0  |                  | m1/Q_reg[1]_LDC_i_2_n_0  |                1 |              1 |         1.00 |
|  m1/Q_reg[14]_LDC_i_1_n_0 |                  | m1/Q_reg[14]_LDC_i_2_n_0 |                1 |              1 |         1.00 |
|  m1/Q_reg[19]_LDC_i_1_n_0 |                  | m1/Q_reg[19]_LDC_i_2_n_0 |                1 |              1 |         1.00 |
|  m1/Q_reg[18]_LDC_i_1_n_0 |                  | m1/Q_reg[18]_LDC_i_2_n_0 |                1 |              1 |         1.00 |
|  m1/Q_reg[16]_LDC_i_1_n_0 |                  | m1/Q_reg[16]_LDC_i_2_n_0 |                1 |              1 |         1.00 |
|  m1/Q_reg[20]_LDC_i_1_n_0 |                  | m1/Q_reg[20]_LDC_i_2_n_0 |                1 |              1 |         1.00 |
|  m1/Q_reg[5]_LDC_i_1_n_0  |                  | m1/Q_reg[5]_LDC_i_2_n_0  |                1 |              1 |         1.00 |
|  m1/Q_reg[7]_LDC_i_1_n_0  |                  | m1/Q_reg[7]_LDC_i_2_n_0  |                1 |              1 |         1.00 |
|  m1/Q_reg[4]_LDC_i_1_n_0  |                  | m1/Q_reg[4]_LDC_i_2_n_0  |                1 |              1 |         1.00 |
|  m1/Q_reg[9]_LDC_i_1_n_0  |                  | m1/Q_reg[9]_LDC_i_2_n_0  |                1 |              1 |         1.00 |
|  m1/Q_reg[2]_LDC_i_1_n_0  |                  | m1/Q_reg[2]_LDC_i_2_n_0  |                1 |              1 |         1.00 |
|  m1/Q_reg[8]_LDC_i_1_n_0  |                  | m1/Q_reg[8]_LDC_i_2_n_0  |                1 |              1 |         1.00 |
|  m1/Q_reg[6]_LDC_i_1_n_0  |                  | m1/Q_reg[6]_LDC_i_2_n_0  |                1 |              1 |         1.00 |
|  m1/Q_reg[3]_LDC_i_1_n_0  |                  | m1/Q_reg[3]_LDC_i_2_n_0  |                1 |              1 |         1.00 |
|  clk_IBUF_BUFG            |                  | m1/Q_reg[13]_LDC_i_2_n_0 |                1 |              1 |         1.00 |
|  clk_IBUF_BUFG            |                  | m1/Q_reg[10]_LDC_i_2_n_0 |                1 |              1 |         1.00 |
|  clk_IBUF_BUFG            |                  | m1/Q_reg[0]_LDC_i_2_n_0  |                1 |              1 |         1.00 |
|  clk_IBUF_BUFG            |                  | m1/Q_reg[11]_LDC_i_2_n_0 |                1 |              1 |         1.00 |
|  clk_IBUF_BUFG            |                  | m1/Q_reg[12]_LDC_i_2_n_0 |                1 |              1 |         1.00 |
|  clk_IBUF_BUFG            |                  | m1/Q_reg[15]_LDC_i_2_n_0 |                1 |              1 |         1.00 |
|  clk_IBUF_BUFG            |                  | m1/Q_reg[19]_LDC_i_2_n_0 |                1 |              1 |         1.00 |
|  clk_IBUF_BUFG            |                  | m1/Q_reg[20]_LDC_i_2_n_0 |                1 |              1 |         1.00 |
|  clk_IBUF_BUFG            |                  | m1/Q_reg[23]_LDC_i_2_n_0 |                1 |              1 |         1.00 |
|  clk_IBUF_BUFG            |                  | m1/Q_reg[16]_LDC_i_2_n_0 |                1 |              1 |         1.00 |
|  clk_IBUF_BUFG            |                  | m1/Q_reg[21]_LDC_i_2_n_0 |                1 |              1 |         1.00 |
|  clk_IBUF_BUFG            |                  | m1/Q_reg[14]_LDC_i_2_n_0 |                1 |              1 |         1.00 |
|  clk_IBUF_BUFG            |                  | m1/Q_reg[17]_LDC_i_2_n_0 |                1 |              1 |         1.00 |
|  clk_IBUF_BUFG            |                  | m1/Q_reg[18]_LDC_i_2_n_0 |                1 |              1 |         1.00 |
|  clk_IBUF_BUFG            |                  | m1/Q_reg[22]_LDC_i_2_n_0 |                1 |              1 |         1.00 |
|  clk_IBUF_BUFG            |                  | m1/Q_reg[1]_LDC_i_2_n_0  |                1 |              1 |         1.00 |
|  clk_IBUF_BUFG            |                  | m1/Q_reg[2]_LDC_i_2_n_0  |                1 |              1 |         1.00 |
|  clk_IBUF_BUFG            |                  | m1/Q_reg[4]_LDC_i_2_n_0  |                1 |              1 |         1.00 |
|  clk_IBUF_BUFG            |                  | m1/Q_reg[8]_LDC_i_2_n_0  |                1 |              1 |         1.00 |
|  clk_IBUF_BUFG            |                  | m1/Q_reg[9]_LDC_i_2_n_0  |                1 |              1 |         1.00 |
|  clk_IBUF_BUFG            |                  | m1/Q_reg[5]_LDC_i_2_n_0  |                1 |              1 |         1.00 |
|  clk_IBUF_BUFG            |                  | m1/Q_reg[7]_LDC_i_2_n_0  |                1 |              1 |         1.00 |
|  clk_IBUF_BUFG            |                  | m1/Q_reg[3]_LDC_i_2_n_0  |                1 |              1 |         1.00 |
|  clk_IBUF_BUFG            |                  | m1/Q_reg[6]_LDC_i_2_n_0  |                1 |              1 |         1.00 |
|  clk_IBUF_BUFG            |                  | rst_IBUF                 |                1 |              1 |         1.00 |
|  clk_IBUF_BUFG            | m1/a[23]_i_1_n_0 | m1/Q_reg[10]_LDC_i_1_n_0 |                1 |              1 |         1.00 |
|  clk_IBUF_BUFG            | m1/a[23]_i_1_n_0 | m1/Q_reg[13]_LDC_i_1_n_0 |                1 |              1 |         1.00 |
|  clk_IBUF_BUFG            | m1/a[23]_i_1_n_0 | m1/Q_reg[11]_LDC_i_1_n_0 |                1 |              1 |         1.00 |
|  clk_IBUF_BUFG            | m1/a[23]_i_1_n_0 | m1/Q_reg[0]_LDC_i_1_n_0  |                1 |              1 |         1.00 |
|  clk_IBUF_BUFG            | m1/a[23]_i_1_n_0 | m1/Q_reg[12]_LDC_i_1_n_0 |                1 |              1 |         1.00 |
|  clk_IBUF_BUFG            | m1/a[23]_i_1_n_0 | m1/Q_reg[21]_LDC_i_1_n_0 |                1 |              1 |         1.00 |
|  clk_IBUF_BUFG            | m1/a[23]_i_1_n_0 | m1/Q_reg[15]_LDC_i_1_n_0 |                1 |              1 |         1.00 |
|  clk_IBUF_BUFG            | m1/a[23]_i_1_n_0 | m1/Q_reg[17]_LDC_i_1_n_0 |                1 |              1 |         1.00 |
|  clk_IBUF_BUFG            | m1/a[23]_i_1_n_0 | m1/Q_reg[22]_LDC_i_1_n_0 |                1 |              1 |         1.00 |
|  clk_IBUF_BUFG            | m1/a[23]_i_1_n_0 | m1/Q_reg[23]_LDC_i_1_n_0 |                1 |              1 |         1.00 |
|  clk_IBUF_BUFG            | m1/a[23]_i_1_n_0 | m1/Q_reg[1]_LDC_i_1_n_0  |                1 |              1 |         1.00 |
|  clk_IBUF_BUFG            | m1/a[23]_i_1_n_0 | m1/Q_reg[14]_LDC_i_1_n_0 |                1 |              1 |         1.00 |
|  clk_IBUF_BUFG            | m1/a[23]_i_1_n_0 | m1/Q_reg[19]_LDC_i_1_n_0 |                1 |              1 |         1.00 |
|  clk_IBUF_BUFG            | m1/a[23]_i_1_n_0 | m1/Q_reg[18]_LDC_i_1_n_0 |                1 |              1 |         1.00 |
|  clk_IBUF_BUFG            | m1/a[23]_i_1_n_0 | m1/Q_reg[16]_LDC_i_1_n_0 |                1 |              1 |         1.00 |
|  clk_IBUF_BUFG            | m1/a[23]_i_1_n_0 | m1/Q_reg[20]_LDC_i_1_n_0 |                1 |              1 |         1.00 |
|  clk_IBUF_BUFG            | m1/a[23]_i_1_n_0 | m1/Q_reg[5]_LDC_i_1_n_0  |                1 |              1 |         1.00 |
|  clk_IBUF_BUFG            | m1/a[23]_i_1_n_0 | m1/Q_reg[7]_LDC_i_1_n_0  |                1 |              1 |         1.00 |
|  clk_IBUF_BUFG            | m1/a[23]_i_1_n_0 | m1/Q_reg[4]_LDC_i_1_n_0  |                1 |              1 |         1.00 |
|  clk_IBUF_BUFG            | m1/a[23]_i_1_n_0 | m1/Q_reg[9]_LDC_i_1_n_0  |                1 |              1 |         1.00 |
|  clk_IBUF_BUFG            | m1/a[23]_i_1_n_0 | m1/Q_reg[2]_LDC_i_1_n_0  |                1 |              1 |         1.00 |
|  clk_IBUF_BUFG            | m1/a[23]_i_1_n_0 | m1/Q_reg[8]_LDC_i_1_n_0  |                1 |              1 |         1.00 |
|  clk_IBUF_BUFG            | m1/a[23]_i_1_n_0 | m1/Q_reg[6]_LDC_i_1_n_0  |                1 |              1 |         1.00 |
|  clk_IBUF_BUFG            | m1/a[23]_i_1_n_0 | m1/Q_reg[3]_LDC_i_1_n_0  |                1 |              1 |         1.00 |
|  clk_IBUF_BUFG            | m1/a[23]_i_1_n_0 | rst_IBUF                 |                8 |             29 |         3.62 |
|  clk_IBUF_BUFG            | m1/E[0]          | rst_IBUF                 |               12 |             57 |         4.75 |
+---------------------------+------------------+--------------------------+------------------+----------------+--------------+


