Copyright 1986-2022 Xilinx, Inc. All Rights Reserved. Copyright 2022-2025 Advanced Micro Devices, Inc. All Rights Reserved.
---------------------------------------------------------------------------------------------------------------------------------------------------------------------------------------------------------------------
| Tool Version : Vivado v.2025.2 (win64) Build 6299465 Fri Nov 14 19:35:11 GMT 2025
| Date         : Wed Jun 17 16:00:58 2026
| Host         : Saksham running 64-bit major release  (build 9200)
| Command      : report_timing_summary -max_paths 10 -routable_nets -report_unconstrained -file FPM_timing_summary_routed.rpt -pb FPM_timing_summary_routed.pb -rpx FPM_timing_summary_routed.rpx -warn_on_violation
| Design       : FPM
| Device       : 7z020-clg484
| Speed File   : -1  PRODUCTION 1.12 2019-11-22
| Design State : Routed
---------------------------------------------------------------------------------------------------------------------------------------------------------------------------------------------------------------------

Timing Summary Report

------------------------------------------------------------------------------------------------
| Timer Settings
| --------------
------------------------------------------------------------------------------------------------

  Enable Multi Corner Analysis               :  Yes
  Enable Pessimism Removal                   :  Yes
  Pessimism Removal Resolution               :  Nearest Common Node
  Enable Input Delay Default Clock           :  No
  Enable Preset / Clear Arcs                 :  No
  Disable Flight Delays                      :  No
  Ignore I/O Paths                           :  No
  Timing Early Launch at Borrowing Latches   :  No
  Borrow Time for Max Delay Exceptions       :  Yes
  Merge Timing Exceptions                    :  Yes
  Inter-SLR Compensation                     :  Conservative

  Corner  Analyze    Analyze    
  Name    Max Paths  Min Paths  
  ------  ---------  ---------  
  Slow    Yes        Yes        
  Fast    Yes        Yes        


------------------------------------------------------------------------------------------------
| Report Methodology
| ------------------
------------------------------------------------------------------------------------------------

Rule       Severity          Description                     Violations  
---------  ----------------  ------------------------------  ----------  
TIMING-17  Critical Warning  Non-clocked sequential cell     135         
LUTAR-1    Warning           LUT drives async reset alert    48          
TIMING-20  Warning           Non-clocked latch               24          
LATCH-1    Advisory          Existing latches in the design  1           

Note: This report is based on the most recent report_methodology run and may not be up-to-date. Run report_methodology on the current design for the latest report.



check_timing report

Table of Contents
-----------------
1. checking no_clock (903)
2. checking constant_clock (0)
3. checking pulse_width_clock (0)
4. checking unconstrained_internal_endpoints (404)
5. checking no_input_delay (65)
6. checking no_output_delay (58)
7. checking multiple_clock (0)
8. checking generated_clocks (0)
9. checking loops (0)
10. checking partial_input_delay (0)
11. checking partial_output_delay (0)
12. checking latch_loops (0)

1. checking no_clock (903)
--------------------------
 There are 24 register/latch pins with no clock driven by root clock pin: B[0] (HIGH)

 There are 24 register/latch pins with no clock driven by root clock pin: B[10] (HIGH)

 There are 24 register/latch pins with no clock driven by root clock pin: B[11] (HIGH)

 There are 24 register/latch pins with no clock driven by root clock pin: B[12] (HIGH)

 There are 24 register/latch pins with no clock driven by root clock pin: B[13] (HIGH)

 There are 24 register/latch pins with no clock driven by root clock pin: B[14] (HIGH)

 There are 24 register/latch pins with no clock driven by root clock pin: B[15] (HIGH)

 There are 24 register/latch pins with no clock driven by root clock pin: B[16] (HIGH)

 There are 24 register/latch pins with no clock driven by root clock pin: B[17] (HIGH)

 There are 24 register/latch pins with no clock driven by root clock pin: B[18] (HIGH)

 There are 24 register/latch pins with no clock driven by root clock pin: B[19] (HIGH)

 There are 24 register/latch pins with no clock driven by root clock pin: B[1] (HIGH)

 There are 24 register/latch pins with no clock driven by root clock pin: B[20] (HIGH)

 There are 24 register/latch pins with no clock driven by root clock pin: B[21] (HIGH)

 There are 24 register/latch pins with no clock driven by root clock pin: B[22] (HIGH)

 There are 24 register/latch pins with no clock driven by root clock pin: B[23] (HIGH)

 There are 24 register/latch pins with no clock driven by root clock pin: B[24] (HIGH)

 There are 24 register/latch pins with no clock driven by root clock pin: B[25] (HIGH)

 There are 24 register/latch pins with no clock driven by root clock pin: B[26] (HIGH)

 There are 24 register/latch pins with no clock driven by root clock pin: B[27] (HIGH)

 There are 24 register/latch pins with no clock driven by root clock pin: B[28] (HIGH)

 There are 24 register/latch pins with no clock driven by root clock pin: B[29] (HIGH)

 There are 24 register/latch pins with no clock driven by root clock pin: B[2] (HIGH)

 There are 24 register/latch pins with no clock driven by root clock pin: B[30] (HIGH)

 There are 24 register/latch pins with no clock driven by root clock pin: B[3] (HIGH)

 There are 24 register/latch pins with no clock driven by root clock pin: B[4] (HIGH)

 There are 24 register/latch pins with no clock driven by root clock pin: B[5] (HIGH)

 There are 24 register/latch pins with no clock driven by root clock pin: B[6] (HIGH)

 There are 24 register/latch pins with no clock driven by root clock pin: B[7] (HIGH)

 There are 24 register/latch pins with no clock driven by root clock pin: B[8] (HIGH)

 There are 24 register/latch pins with no clock driven by root clock pin: B[9] (HIGH)

 There are 135 register/latch pins with no clock driven by root clock pin: clk (HIGH)

 There are 24 register/latch pins with no clock driven by root clock pin: rst (HIGH)


2. checking constant_clock (0)
------------------------------
 There are 0 register/latch pins with constant_clock.


3. checking pulse_width_clock (0)
---------------------------------
 There are 0 register/latch pins which need pulse_width check


4. checking unconstrained_internal_endpoints (404)
--------------------------------------------------
 There are 404 pins that are not constrained for maximum delay. (HIGH)

 There are 0 pins that are not constrained for maximum delay due to constant clock.


5. checking no_input_delay (65)
-------------------------------
 There are 65 input ports with no input delay specified. (HIGH)

 There are 0 input ports with no input delay but user has a false path constraint.


6. checking no_output_delay (58)
--------------------------------
 There are 58 ports with no output delay specified. (HIGH)

 There are 0 ports with no output delay but user has a false path constraint

 There are 0 ports with no output delay but with a timing clock defined on it or propagating through it


7. checking multiple_clock (0)
------------------------------
 There are 0 register/latch pins with multiple clocks.


8. checking generated_clocks (0)
--------------------------------
 There are 0 generated clocks that are not connected to a clock source.


9. checking loops (0)
---------------------
 There are 0 combinational loops in the design.


10. checking partial_input_delay (0)
------------------------------------
 There are 0 input ports with partial input delay specified.


11. checking partial_output_delay (0)
-------------------------------------
 There are 0 ports with partial output delay specified.


12. checking latch_loops (0)
----------------------------
 There are 0 combinational latch loops in the design through latch input



------------------------------------------------------------------------------------------------
| Design Timing Summary
| ---------------------
------------------------------------------------------------------------------------------------

    WNS(ns)      TNS(ns)  TNS Failing Endpoints  TNS Total Endpoints      WHS(ns)      THS(ns)  THS Failing Endpoints  THS Total Endpoints     WPWS(ns)     TPWS(ns)  TPWS Failing Endpoints  TPWS Total Endpoints  
    -------      -------  ---------------------  -------------------      -------      -------  ---------------------  -------------------     --------     --------  ----------------------  --------------------  
        inf        0.000                      0                  462          inf        0.000                      0                  462           NA           NA                      NA                    NA  


There are no user specified timing constraints.


------------------------------------------------------------------------------------------------
| Clock Summary
| -------------
------------------------------------------------------------------------------------------------


------------------------------------------------------------------------------------------------
| Intra Clock Table
| -----------------
------------------------------------------------------------------------------------------------

Clock             WNS(ns)      TNS(ns)  TNS Failing Endpoints  TNS Total Endpoints      WHS(ns)      THS(ns)  THS Failing Endpoints  THS Total Endpoints     WPWS(ns)     TPWS(ns)  TPWS Failing Endpoints  TPWS Total Endpoints  
-----             -------      -------  ---------------------  -------------------      -------      -------  ---------------------  -------------------     --------     --------  ----------------------  --------------------  


------------------------------------------------------------------------------------------------
| Inter Clock Table
| -----------------
------------------------------------------------------------------------------------------------

From Clock    To Clock          WNS(ns)      TNS(ns)  TNS Failing Endpoints  TNS Total Endpoints      WHS(ns)      THS(ns)  THS Failing Endpoints  THS Total Endpoints  
----------    --------          -------      -------  ---------------------  -------------------      -------      -------  ---------------------  -------------------  


------------------------------------------------------------------------------------------------
| Other Path Groups Table
| -----------------------
------------------------------------------------------------------------------------------------

Path Group    From Clock    To Clock          WNS(ns)      TNS(ns)  TNS Failing Endpoints  TNS Total Endpoints      WHS(ns)      THS(ns)  THS Failing Endpoints  THS Total Endpoints  
----------    ----------    --------          -------      -------  ---------------------  -------------------      -------      -------  ---------------------  -------------------  


------------------------------------------------------------------------------------------------
| User Ignored Path Table
| -----------------------
------------------------------------------------------------------------------------------------

Path Group    From Clock    To Clock    
----------    ----------    --------    


------------------------------------------------------------------------------------------------
| Unconstrained Path Table
| ------------------------
------------------------------------------------------------------------------------------------

Path Group    From Clock    To Clock    
----------    ----------    --------    
(none)                                    


------------------------------------------------------------------------------------------------
| Timing Details
| --------------
------------------------------------------------------------------------------------------------


--------------------------------------------------------------------------------------
Path Group:  (none)
From Clock:  
  To Clock:  

Max Delay           462 Endpoints
Min Delay           462 Endpoints
--------------------------------------------------------------------------------------


Max Delay Paths
--------------------------------------------------------------------------------------
Slack:                    inf
  Source:                 A[13]
                            (input port)
  Destination:            m1/a_reg[22]/D
  Path Group:             (none)
  Path Type:              Max at Slow Process Corner
  Data Path Delay:        11.453ns  (logic 2.986ns (26.070%)  route 8.467ns (73.930%))
  Logic Levels:           11  (CARRY4=6 IBUF=1 LUT4=2 LUT5=1 LUT6=1)

    Location             Delay type                Incr(ns)  Path(ns)    Netlist Resource(s)
  -------------------------------------------------------------------    -------------------
    AA4                                               0.000     0.000 r  A[13] (IN)
                         net (fo=0)                   0.000     0.000    A[13]
    AA4                  IBUF (Prop_ibuf_I_O)         0.964     0.964 r  A_IBUF[13]_inst/O
                         net (fo=2, routed)           4.793     5.757    m1/A_IBUF[13]
    SLICE_X92Y25         LUT6 (Prop_lut6_I2_O)        0.124     5.881 r  m1/a[22]_i_13/O
                         net (fo=1, routed)           0.821     6.702    m1/a[22]_i_13_n_0
    SLICE_X91Y25         LUT4 (Prop_lut4_I2_O)        0.124     6.826 r  m1/a[22]_i_8/O
                         net (fo=24, routed)          1.843     8.669    m1/outman1
    SLICE_X106Y27        LUT4 (Prop_lut4_I2_O)        0.124     8.793 r  m1/a[2]_i_5/O
                         net (fo=1, routed)           0.000     8.793    m1/a[2]_i_5_n_0
    SLICE_X106Y27        CARRY4 (Prop_carry4_S[1]_CO[3])
                                                      0.550     9.343 r  m1/a_reg[2]_i_2/CO[3]
                         net (fo=1, routed)           0.000     9.343    m1/a_reg[2]_i_2_n_0
    SLICE_X106Y28        CARRY4 (Prop_carry4_CI_CO[3])
                                                      0.114     9.457 r  m1/a_reg[6]_i_2/CO[3]
                         net (fo=1, routed)           0.000     9.457    m1/a_reg[6]_i_2_n_0
    SLICE_X106Y29        CARRY4 (Prop_carry4_CI_CO[3])
                                                      0.114     9.571 r  m1/a_reg[10]_i_2/CO[3]
                         net (fo=1, routed)           0.000     9.571    m1/a_reg[10]_i_2_n_0
    SLICE_X106Y30        CARRY4 (Prop_carry4_CI_CO[3])
                                                      0.114     9.685 r  m1/a_reg[14]_i_2/CO[3]
                         net (fo=1, routed)           0.000     9.685    m1/a_reg[14]_i_2_n_0
    SLICE_X106Y31        CARRY4 (Prop_carry4_CI_CO[3])
                                                      0.114     9.799 r  m1/a_reg[18]_i_2/CO[3]
                         net (fo=1, routed)           0.000     9.799    m1/a_reg[18]_i_2_n_0
    SLICE_X106Y32        CARRY4 (Prop_carry4_CI_O[3])
                                                      0.313    10.112 r  m1/a_reg[22]_i_2/O[3]
                         net (fo=1, routed)           0.628    10.740    m1/temp0[23]
    SLICE_X107Y32        LUT5 (Prop_lut5_I0_O)        0.331    11.071 r  m1/a[22]_i_1/O
                         net (fo=1, routed)           0.382    11.453    m1/p_1_in[22]
    SLICE_X107Y32        FDCE                                         r  m1/a_reg[22]/D
  -------------------------------------------------------------------    -------------------

Slack:                    inf
  Source:                 A[13]
                            (input port)
  Destination:            m1/a_reg[20]/D
  Path Group:             (none)
  Path Type:              Max at Slow Process Corner
  Data Path Delay:        11.240ns  (logic 2.979ns (26.501%)  route 8.261ns (73.499%))
  Logic Levels:           11  (CARRY4=6 IBUF=1 LUT4=2 LUT5=1 LUT6=1)

    Location             Delay type                Incr(ns)  Path(ns)    Netlist Resource(s)
  -------------------------------------------------------------------    -------------------
    AA4                                               0.000     0.000 r  A[13] (IN)
                         net (fo=0)                   0.000     0.000    A[13]
    AA4                  IBUF (Prop_ibuf_I_O)         0.964     0.964 r  A_IBUF[13]_inst/O
                         net (fo=2, routed)           4.793     5.757    m1/A_IBUF[13]
    SLICE_X92Y25         LUT6 (Prop_lut6_I2_O)        0.124     5.881 r  m1/a[22]_i_13/O
                         net (fo=1, routed)           0.821     6.702    m1/a[22]_i_13_n_0
    SLICE_X91Y25         LUT4 (Prop_lut4_I2_O)        0.124     6.826 r  m1/a[22]_i_8/O
                         net (fo=24, routed)          1.843     8.669    m1/outman1
    SLICE_X106Y27        LUT4 (Prop_lut4_I2_O)        0.124     8.793 r  m1/a[2]_i_5/O
                         net (fo=1, routed)           0.000     8.793    m1/a[2]_i_5_n_0
    SLICE_X106Y27        CARRY4 (Prop_carry4_S[1]_CO[3])
                                                      0.550     9.343 r  m1/a_reg[2]_i_2/CO[3]
                         net (fo=1, routed)           0.000     9.343    m1/a_reg[2]_i_2_n_0
    SLICE_X106Y28        CARRY4 (Prop_carry4_CI_CO[3])
                                                      0.114     9.457 r  m1/a_reg[6]_i_2/CO[3]
                         net (fo=1, routed)           0.000     9.457    m1/a_reg[6]_i_2_n_0
    SLICE_X106Y29        CARRY4 (Prop_carry4_CI_CO[3])
                                                      0.114     9.571 r  m1/a_reg[10]_i_2/CO[3]
                         net (fo=1, routed)           0.000     9.571    m1/a_reg[10]_i_2_n_0
    SLICE_X106Y30        CARRY4 (Prop_carry4_CI_CO[3])
                                                      0.114     9.685 r  m1/a_reg[14]_i_2/CO[3]
                         net (fo=1, routed)           0.000     9.685    m1/a_reg[14]_i_2_n_0
    SLICE_X106Y31        CARRY4 (Prop_carry4_CI_CO[3])
                                                      0.114     9.799 r  m1/a_reg[18]_i_2/CO[3]
                         net (fo=1, routed)           0.000     9.799    m1/a_reg[18]_i_2_n_0
    SLICE_X106Y32        CARRY4 (Prop_carry4_CI_O[1])
                                                      0.334    10.133 r  m1/a_reg[22]_i_2/O[1]
                         net (fo=1, routed)           0.804    10.937    m1/temp0[21]
    SLICE_X107Y33        LUT5 (Prop_lut5_I0_O)        0.303    11.240 r  m1/a[20]_i_1/O
                         net (fo=1, routed)           0.000    11.240    m1/p_1_in[20]
    SLICE_X107Y33        FDCE                                         r  m1/a_reg[20]/D
  -------------------------------------------------------------------    -------------------

Slack:                    inf
  Source:                 A[13]
                            (input port)
  Destination:            m1/a_reg[23]/D
  Path Group:             (none)
  Path Type:              Max at Slow Process Corner
  Data Path Delay:        11.218ns  (logic 3.100ns (27.632%)  route 8.118ns (72.368%))
  Logic Levels:           12  (CARRY4=7 IBUF=1 LUT4=3 LUT6=1)

    Location             Delay type                Incr(ns)  Path(ns)    Netlist Resource(s)
  -------------------------------------------------------------------    -------------------
    AA4                                               0.000     0.000 r  A[13] (IN)
                         net (fo=0)                   0.000     0.000    A[13]
    AA4                  IBUF (Prop_ibuf_I_O)         0.964     0.964 r  A_IBUF[13]_inst/O
                         net (fo=2, routed)           4.793     5.757    m1/A_IBUF[13]
    SLICE_X92Y25         LUT6 (Prop_lut6_I2_O)        0.124     5.881 r  m1/a[22]_i_13/O
                         net (fo=1, routed)           0.821     6.702    m1/a[22]_i_13_n_0
    SLICE_X91Y25         LUT4 (Prop_lut4_I2_O)        0.124     6.826 r  m1/a[22]_i_8/O
                         net (fo=24, routed)          1.843     8.669    m1/outman1
    SLICE_X106Y27        LUT4 (Prop_lut4_I2_O)        0.124     8.793 r  m1/a[2]_i_5/O
                         net (fo=1, routed)           0.000     8.793    m1/a[2]_i_5_n_0
    SLICE_X106Y27        CARRY4 (Prop_carry4_S[1]_CO[3])
                                                      0.550     9.343 r  m1/a_reg[2]_i_2/CO[3]
                         net (fo=1, routed)           0.000     9.343    m1/a_reg[2]_i_2_n_0
    SLICE_X106Y28        CARRY4 (Prop_carry4_CI_CO[3])
                                                      0.114     9.457 r  m1/a_reg[6]_i_2/CO[3]
                         net (fo=1, routed)           0.000     9.457    m1/a_reg[6]_i_2_n_0
    SLICE_X106Y29        CARRY4 (Prop_carry4_CI_CO[3])
                                                      0.114     9.571 r  m1/a_reg[10]_i_2/CO[3]
                         net (fo=1, routed)           0.000     9.571    m1/a_reg[10]_i_2_n_0
    SLICE_X106Y30        CARRY4 (Prop_carry4_CI_CO[3])
                                                      0.114     9.685 r  m1/a_reg[14]_i_2/CO[3]
                         net (fo=1, routed)           0.000     9.685    m1/a_reg[14]_i_2_n_0
    SLICE_X106Y31        CARRY4 (Prop_carry4_CI_CO[3])
                                                      0.114     9.799 r  m1/a_reg[18]_i_2/CO[3]
                         net (fo=1, routed)           0.000     9.799    m1/a_reg[18]_i_2_n_0
    SLICE_X106Y32        CARRY4 (Prop_carry4_CI_CO[3])
                                                      0.114     9.913 r  m1/a_reg[22]_i_2/CO[3]
                         net (fo=1, routed)           0.000     9.913    m1/a_reg[22]_i_2_n_0
    SLICE_X106Y33        CARRY4 (Prop_carry4_CI_CO[0])
                                                      0.271    10.184 r  m1/a_reg[23]_i_3/CO[0]
                         net (fo=1, routed)           0.661    10.845    m1/temp0[24]
    SLICE_X107Y33        LUT4 (Prop_lut4_I3_O)        0.373    11.218 r  m1/a[23]_i_2/O
                         net (fo=1, routed)           0.000    11.218    m1/p_1_in[23]
    SLICE_X107Y33        FDCE                                         r  m1/a_reg[23]/D
  -------------------------------------------------------------------    -------------------

Slack:                    inf
  Source:                 A[13]
                            (input port)
  Destination:            m1/a_reg[19]/D
  Path Group:             (none)
  Path Type:              Max at Slow Process Corner
  Data Path Delay:        11.179ns  (logic 2.863ns (25.608%)  route 8.317ns (74.392%))
  Logic Levels:           11  (CARRY4=6 IBUF=1 LUT4=2 LUT5=1 LUT6=1)

    Location             Delay type                Incr(ns)  Path(ns)    Netlist Resource(s)
  -------------------------------------------------------------------    -------------------
    AA4                                               0.000     0.000 r  A[13] (IN)
                         net (fo=0)                   0.000     0.000    A[13]
    AA4                  IBUF (Prop_ibuf_I_O)         0.964     0.964 r  A_IBUF[13]_inst/O
                         net (fo=2, routed)           4.793     5.757    m1/A_IBUF[13]
    SLICE_X92Y25         LUT6 (Prop_lut6_I2_O)        0.124     5.881 r  m1/a[22]_i_13/O
                         net (fo=1, routed)           0.821     6.702    m1/a[22]_i_13_n_0
    SLICE_X91Y25         LUT4 (Prop_lut4_I2_O)        0.124     6.826 r  m1/a[22]_i_8/O
                         net (fo=24, routed)          1.843     8.669    m1/outman1
    SLICE_X106Y27        LUT4 (Prop_lut4_I2_O)        0.124     8.793 r  m1/a[2]_i_5/O
                         net (fo=1, routed)           0.000     8.793    m1/a[2]_i_5_n_0
    SLICE_X106Y27        CARRY4 (Prop_carry4_S[1]_CO[3])
                                                      0.550     9.343 r  m1/a_reg[2]_i_2/CO[3]
                         net (fo=1, routed)           0.000     9.343    m1/a_reg[2]_i_2_n_0
    SLICE_X106Y28        CARRY4 (Prop_carry4_CI_CO[3])
                                                      0.114     9.457 r  m1/a_reg[6]_i_2/CO[3]
                         net (fo=1, routed)           0.000     9.457    m1/a_reg[6]_i_2_n_0
    SLICE_X106Y29        CARRY4 (Prop_carry4_CI_CO[3])
                                                      0.114     9.571 r  m1/a_reg[10]_i_2/CO[3]
                         net (fo=1, routed)           0.000     9.571    m1/a_reg[10]_i_2_n_0
    SLICE_X106Y30        CARRY4 (Prop_carry4_CI_CO[3])
                                                      0.114     9.685 r  m1/a_reg[14]_i_2/CO[3]
                         net (fo=1, routed)           0.000     9.685    m1/a_reg[14]_i_2_n_0
    SLICE_X106Y31        CARRY4 (Prop_carry4_CI_CO[3])
                                                      0.114     9.799 r  m1/a_reg[18]_i_2/CO[3]
                         net (fo=1, routed)           0.000     9.799    m1/a_reg[18]_i_2_n_0
    SLICE_X106Y32        CARRY4 (Prop_carry4_CI_O[0])
                                                      0.222    10.021 r  m1/a_reg[22]_i_2/O[0]
                         net (fo=1, routed)           0.860    10.880    m1/temp0[20]
    SLICE_X107Y32        LUT5 (Prop_lut5_I0_O)        0.299    11.179 r  m1/a[19]_i_1/O
                         net (fo=1, routed)           0.000    11.179    m1/p_1_in[19]
    SLICE_X107Y32        FDCE                                         r  m1/a_reg[19]/D
  -------------------------------------------------------------------    -------------------

Slack:                    inf
  Source:                 A[13]
                            (input port)
  Destination:            m1/a_reg[8]/D
  Path Group:             (none)
  Path Type:              Max at Slow Process Corner
  Data Path Delay:        11.042ns  (logic 2.637ns (23.879%)  route 8.406ns (76.121%))
  Logic Levels:           8  (CARRY4=3 IBUF=1 LUT4=2 LUT5=1 LUT6=1)

    Location             Delay type                Incr(ns)  Path(ns)    Netlist Resource(s)
  -------------------------------------------------------------------    -------------------
    AA4                                               0.000     0.000 r  A[13] (IN)
                         net (fo=0)                   0.000     0.000    A[13]
    AA4                  IBUF (Prop_ibuf_I_O)         0.964     0.964 r  A_IBUF[13]_inst/O
                         net (fo=2, routed)           4.793     5.757    m1/A_IBUF[13]
    SLICE_X92Y25         LUT6 (Prop_lut6_I2_O)        0.124     5.881 r  m1/a[22]_i_13/O
                         net (fo=1, routed)           0.821     6.702    m1/a[22]_i_13_n_0
    SLICE_X91Y25         LUT4 (Prop_lut4_I2_O)        0.124     6.826 r  m1/a[22]_i_8/O
                         net (fo=24, routed)          1.843     8.669    m1/outman1
    SLICE_X106Y27        LUT4 (Prop_lut4_I2_O)        0.124     8.793 r  m1/a[2]_i_5/O
                         net (fo=1, routed)           0.000     8.793    m1/a[2]_i_5_n_0
    SLICE_X106Y27        CARRY4 (Prop_carry4_S[1]_CO[3])
                                                      0.550     9.343 r  m1/a_reg[2]_i_2/CO[3]
                         net (fo=1, routed)           0.000     9.343    m1/a_reg[2]_i_2_n_0
    SLICE_X106Y28        CARRY4 (Prop_carry4_CI_CO[3])
                                                      0.114     9.457 r  m1/a_reg[6]_i_2/CO[3]
                         net (fo=1, routed)           0.000     9.457    m1/a_reg[6]_i_2_n_0
    SLICE_X106Y29        CARRY4 (Prop_carry4_CI_O[1])
                                                      0.334     9.791 r  m1/a_reg[10]_i_2/O[1]
                         net (fo=1, routed)           0.949    10.739    m1/temp0[9]
    SLICE_X107Y32        LUT5 (Prop_lut5_I0_O)        0.303    11.042 r  m1/a[8]_i_1/O
                         net (fo=1, routed)           0.000    11.042    m1/p_1_in[8]
    SLICE_X107Y32        FDCE                                         r  m1/a_reg[8]/D
  -------------------------------------------------------------------    -------------------

Slack:                    inf
  Source:                 A[13]
                            (input port)
  Destination:            m1/a_reg[12]/D
  Path Group:             (none)
  Path Type:              Max at Slow Process Corner
  Data Path Delay:        11.025ns  (logic 2.751ns (24.952%)  route 8.274ns (75.048%))
  Logic Levels:           9  (CARRY4=4 IBUF=1 LUT4=2 LUT5=1 LUT6=1)

    Location             Delay type                Incr(ns)  Path(ns)    Netlist Resource(s)
  -------------------------------------------------------------------    -------------------
    AA4                                               0.000     0.000 r  A[13] (IN)
                         net (fo=0)                   0.000     0.000    A[13]
    AA4                  IBUF (Prop_ibuf_I_O)         0.964     0.964 r  A_IBUF[13]_inst/O
                         net (fo=2, routed)           4.793     5.757    m1/A_IBUF[13]
    SLICE_X92Y25         LUT6 (Prop_lut6_I2_O)        0.124     5.881 r  m1/a[22]_i_13/O
                         net (fo=1, routed)           0.821     6.702    m1/a[22]_i_13_n_0
    SLICE_X91Y25         LUT4 (Prop_lut4_I2_O)        0.124     6.826 r  m1/a[22]_i_8/O
                         net (fo=24, routed)          1.843     8.669    m1/outman1
    SLICE_X106Y27        LUT4 (Prop_lut4_I2_O)        0.124     8.793 r  m1/a[2]_i_5/O
                         net (fo=1, routed)           0.000     8.793    m1/a[2]_i_5_n_0
    SLICE_X106Y27        CARRY4 (Prop_carry4_S[1]_CO[3])
                                                      0.550     9.343 r  m1/a_reg[2]_i_2/CO[3]
                         net (fo=1, routed)           0.000     9.343    m1/a_reg[2]_i_2_n_0
    SLICE_X106Y28        CARRY4 (Prop_carry4_CI_CO[3])
                                                      0.114     9.457 r  m1/a_reg[6]_i_2/CO[3]
                         net (fo=1, routed)           0.000     9.457    m1/a_reg[6]_i_2_n_0
    SLICE_X106Y29        CARRY4 (Prop_carry4_CI_CO[3])
                                                      0.114     9.571 r  m1/a_reg[10]_i_2/CO[3]
                         net (fo=1, routed)           0.000     9.571    m1/a_reg[10]_i_2_n_0
    SLICE_X106Y30        CARRY4 (Prop_carry4_CI_O[1])
                                                      0.334     9.905 r  m1/a_reg[14]_i_2/O[1]
                         net (fo=1, routed)           0.817    10.722    m1/temp0[13]
    SLICE_X107Y32        LUT5 (Prop_lut5_I0_O)        0.303    11.025 r  m1/a[12]_i_1/O
                         net (fo=1, routed)           0.000    11.025    m1/p_1_in[12]
    SLICE_X107Y32        FDCE                                         r  m1/a_reg[12]/D
  -------------------------------------------------------------------    -------------------

Slack:                    inf
  Source:                 A[13]
                            (input port)
  Destination:            m1/a_reg[18]/D
  Path Group:             (none)
  Path Type:              Max at Slow Process Corner
  Data Path Delay:        10.932ns  (logic 2.847ns (26.042%)  route 8.085ns (73.958%))
  Logic Levels:           10  (CARRY4=5 IBUF=1 LUT4=2 LUT5=1 LUT6=1)

    Location             Delay type                Incr(ns)  Path(ns)    Netlist Resource(s)
  -------------------------------------------------------------------    -------------------
    AA4                                               0.000     0.000 r  A[13] (IN)
                         net (fo=0)                   0.000     0.000    A[13]
    AA4                  IBUF (Prop_ibuf_I_O)         0.964     0.964 r  A_IBUF[13]_inst/O
                         net (fo=2, routed)           4.793     5.757    m1/A_IBUF[13]
    SLICE_X92Y25         LUT6 (Prop_lut6_I2_O)        0.124     5.881 r  m1/a[22]_i_13/O
                         net (fo=1, routed)           0.821     6.702    m1/a[22]_i_13_n_0
    SLICE_X91Y25         LUT4 (Prop_lut4_I2_O)        0.124     6.826 r  m1/a[22]_i_8/O
                         net (fo=24, routed)          1.843     8.669    m1/outman1
    SLICE_X106Y27        LUT4 (Prop_lut4_I2_O)        0.124     8.793 r  m1/a[2]_i_5/O
                         net (fo=1, routed)           0.000     8.793    m1/a[2]_i_5_n_0
    SLICE_X106Y27        CARRY4 (Prop_carry4_S[1]_CO[3])
                                                      0.550     9.343 r  m1/a_reg[2]_i_2/CO[3]
                         net (fo=1, routed)           0.000     9.343    m1/a_reg[2]_i_2_n_0
    SLICE_X106Y28        CARRY4 (Prop_carry4_CI_CO[3])
                                                      0.114     9.457 r  m1/a_reg[6]_i_2/CO[3]
                         net (fo=1, routed)           0.000     9.457    m1/a_reg[6]_i_2_n_0
    SLICE_X106Y29        CARRY4 (Prop_carry4_CI_CO[3])
                                                      0.114     9.571 r  m1/a_reg[10]_i_2/CO[3]
                         net (fo=1, routed)           0.000     9.571    m1/a_reg[10]_i_2_n_0
    SLICE_X106Y30        CARRY4 (Prop_carry4_CI_CO[3])
                                                      0.114     9.685 r  m1/a_reg[14]_i_2/CO[3]
                         net (fo=1, routed)           0.000     9.685    m1/a_reg[14]_i_2_n_0
    SLICE_X106Y31        CARRY4 (Prop_carry4_CI_O[3])
                                                      0.313     9.998 r  m1/a_reg[18]_i_2/O[3]
                         net (fo=1, routed)           0.628    10.626    m1/temp0[19]
    SLICE_X107Y31        LUT5 (Prop_lut5_I0_O)        0.306    10.932 r  m1/a[18]_i_1/O
                         net (fo=1, routed)           0.000    10.932    m1/p_1_in[18]
    SLICE_X107Y31        FDCE                                         r  m1/a_reg[18]/D
  -------------------------------------------------------------------    -------------------

Slack:                    inf
  Source:                 A[13]
                            (input port)
  Destination:            m1/a_reg[16]/D
  Path Group:             (none)
  Path Type:              Max at Slow Process Corner
  Data Path Delay:        10.903ns  (logic 2.865ns (26.275%)  route 8.038ns (73.725%))
  Logic Levels:           10  (CARRY4=5 IBUF=1 LUT4=2 LUT5=1 LUT6=1)

    Location             Delay type                Incr(ns)  Path(ns)    Netlist Resource(s)
  -------------------------------------------------------------------    -------------------
    AA4                                               0.000     0.000 r  A[13] (IN)
                         net (fo=0)                   0.000     0.000    A[13]
    AA4                  IBUF (Prop_ibuf_I_O)         0.964     0.964 r  A_IBUF[13]_inst/O
                         net (fo=2, routed)           4.793     5.757    m1/A_IBUF[13]
    SLICE_X92Y25         LUT6 (Prop_lut6_I2_O)        0.124     5.881 r  m1/a[22]_i_13/O
                         net (fo=1, routed)           0.821     6.702    m1/a[22]_i_13_n_0
    SLICE_X91Y25         LUT4 (Prop_lut4_I2_O)        0.124     6.826 r  m1/a[22]_i_8/O
                         net (fo=24, routed)          1.843     8.669    m1/outman1
    SLICE_X106Y27        LUT4 (Prop_lut4_I2_O)        0.124     8.793 r  m1/a[2]_i_5/O
                         net (fo=1, routed)           0.000     8.793    m1/a[2]_i_5_n_0
    SLICE_X106Y27        CARRY4 (Prop_carry4_S[1]_CO[3])
                                                      0.550     9.343 r  m1/a_reg[2]_i_2/CO[3]
                         net (fo=1, routed)           0.000     9.343    m1/a_reg[2]_i_2_n_0
    SLICE_X106Y28        CARRY4 (Prop_carry4_CI_CO[3])
                                                      0.114     9.457 r  m1/a_reg[6]_i_2/CO[3]
                         net (fo=1, routed)           0.000     9.457    m1/a_reg[6]_i_2_n_0
    SLICE_X106Y29        CARRY4 (Prop_carry4_CI_CO[3])
                                                      0.114     9.571 r  m1/a_reg[10]_i_2/CO[3]
                         net (fo=1, routed)           0.000     9.571    m1/a_reg[10]_i_2_n_0
    SLICE_X106Y30        CARRY4 (Prop_carry4_CI_CO[3])
                                                      0.114     9.685 r  m1/a_reg[14]_i_2/CO[3]
                         net (fo=1, routed)           0.000     9.685    m1/a_reg[14]_i_2_n_0
    SLICE_X106Y31        CARRY4 (Prop_carry4_CI_O[1])
                                                      0.334    10.019 r  m1/a_reg[18]_i_2/O[1]
                         net (fo=1, routed)           0.581    10.600    m1/temp0[17]
    SLICE_X107Y31        LUT5 (Prop_lut5_I0_O)        0.303    10.903 r  m1/a[16]_i_1/O
                         net (fo=1, routed)           0.000    10.903    m1/p_1_in[16]
    SLICE_X107Y31        FDCE                                         r  m1/a_reg[16]/D
  -------------------------------------------------------------------    -------------------

Slack:                    inf
  Source:                 A[13]
                            (input port)
  Destination:            m1/a_reg[21]/D
  Path Group:             (none)
  Path Type:              Max at Slow Process Corner
  Data Path Delay:        10.771ns  (logic 2.883ns (26.766%)  route 7.888ns (73.234%))
  Logic Levels:           11  (CARRY4=6 IBUF=1 LUT4=2 LUT5=1 LUT6=1)

    Location             Delay type                Incr(ns)  Path(ns)    Netlist Resource(s)
  -------------------------------------------------------------------    -------------------
    AA4                                               0.000     0.000 r  A[13] (IN)
                         net (fo=0)                   0.000     0.000    A[13]
    AA4                  IBUF (Prop_ibuf_I_O)         0.964     0.964 r  A_IBUF[13]_inst/O
                         net (fo=2, routed)           4.793     5.757    m1/A_IBUF[13]
    SLICE_X92Y25         LUT6 (Prop_lut6_I2_O)        0.124     5.881 r  m1/a[22]_i_13/O
                         net (fo=1, routed)           0.821     6.702    m1/a[22]_i_13_n_0
    SLICE_X91Y25         LUT4 (Prop_lut4_I2_O)        0.124     6.826 r  m1/a[22]_i_8/O
                         net (fo=24, routed)          1.843     8.669    m1/outman1
    SLICE_X106Y27        LUT4 (Prop_lut4_I2_O)        0.124     8.793 r  m1/a[2]_i_5/O
                         net (fo=1, routed)           0.000     8.793    m1/a[2]_i_5_n_0
    SLICE_X106Y27        CARRY4 (Prop_carry4_S[1]_CO[3])
                                                      0.550     9.343 r  m1/a_reg[2]_i_2/CO[3]
                         net (fo=1, routed)           0.000     9.343    m1/a_reg[2]_i_2_n_0
    SLICE_X106Y28        CARRY4 (Prop_carry4_CI_CO[3])
                                                      0.114     9.457 r  m1/a_reg[6]_i_2/CO[3]
                         net (fo=1, routed)           0.000     9.457    m1/a_reg[6]_i_2_n_0
    SLICE_X106Y29        CARRY4 (Prop_carry4_CI_CO[3])
                                                      0.114     9.571 r  m1/a_reg[10]_i_2/CO[3]
                         net (fo=1, routed)           0.000     9.571    m1/a_reg[10]_i_2_n_0
    SLICE_X106Y30        CARRY4 (Prop_carry4_CI_CO[3])
                                                      0.114     9.685 r  m1/a_reg[14]_i_2/CO[3]
                         net (fo=1, routed)           0.000     9.685    m1/a_reg[14]_i_2_n_0
    SLICE_X106Y31        CARRY4 (Prop_carry4_CI_CO[3])
                                                      0.114     9.799 r  m1/a_reg[18]_i_2/CO[3]
                         net (fo=1, routed)           0.000     9.799    m1/a_reg[18]_i_2_n_0
    SLICE_X106Y32        CARRY4 (Prop_carry4_CI_O[2])
                                                      0.239    10.038 r  m1/a_reg[22]_i_2/O[2]
                         net (fo=1, routed)           0.431    10.469    m1/temp0[22]
    SLICE_X107Y33        LUT5 (Prop_lut5_I0_O)        0.302    10.771 r  m1/a[21]_i_1/O
                         net (fo=1, routed)           0.000    10.771    m1/p_1_in[21]
    SLICE_X107Y33        FDCE                                         r  m1/a_reg[21]/D
  -------------------------------------------------------------------    -------------------

Slack:                    inf
  Source:                 A[13]
                            (input port)
  Destination:            m1/a_reg[11]/D
  Path Group:             (none)
  Path Type:              Max at Slow Process Corner
  Data Path Delay:        10.744ns  (logic 2.635ns (24.525%)  route 8.109ns (75.475%))
  Logic Levels:           9  (CARRY4=4 IBUF=1 LUT4=2 LUT5=1 LUT6=1)

    Location             Delay type                Incr(ns)  Path(ns)    Netlist Resource(s)
  -------------------------------------------------------------------    -------------------
    AA4                                               0.000     0.000 r  A[13] (IN)
                         net (fo=0)                   0.000     0.000    A[13]
    AA4                  IBUF (Prop_ibuf_I_O)         0.964     0.964 r  A_IBUF[13]_inst/O
                         net (fo=2, routed)           4.793     5.757    m1/A_IBUF[13]
    SLICE_X92Y25         LUT6 (Prop_lut6_I2_O)        0.124     5.881 r  m1/a[22]_i_13/O
                         net (fo=1, routed)           0.821     6.702    m1/a[22]_i_13_n_0
    SLICE_X91Y25         LUT4 (Prop_lut4_I2_O)        0.124     6.826 r  m1/a[22]_i_8/O
                         net (fo=24, routed)          1.843     8.669    m1/outman1
    SLICE_X106Y27        LUT4 (Prop_lut4_I2_O)        0.124     8.793 r  m1/a[2]_i_5/O
                         net (fo=1, routed)           0.000     8.793    m1/a[2]_i_5_n_0
    SLICE_X106Y27        CARRY4 (Prop_carry4_S[1]_CO[3])
                                                      0.550     9.343 r  m1/a_reg[2]_i_2/CO[3]
                         net (fo=1, routed)           0.000     9.343    m1/a_reg[2]_i_2_n_0
    SLICE_X106Y28        CARRY4 (Prop_carry4_CI_CO[3])
                                                      0.114     9.457 r  m1/a_reg[6]_i_2/CO[3]
                         net (fo=1, routed)           0.000     9.457    m1/a_reg[6]_i_2_n_0
    SLICE_X106Y29        CARRY4 (Prop_carry4_CI_CO[3])
                                                      0.114     9.571 r  m1/a_reg[10]_i_2/CO[3]
                         net (fo=1, routed)           0.000     9.571    m1/a_reg[10]_i_2_n_0
    SLICE_X106Y30        CARRY4 (Prop_carry4_CI_O[0])
                                                      0.222     9.793 r  m1/a_reg[14]_i_2/O[0]
                         net (fo=1, routed)           0.652    10.445    m1/temp0[12]
    SLICE_X107Y30        LUT5 (Prop_lut5_I0_O)        0.299    10.744 r  m1/a[11]_i_1/O
                         net (fo=1, routed)           0.000    10.744    m1/p_1_in[11]
    SLICE_X107Y30        FDCE                                         r  m1/a_reg[11]/D
  -------------------------------------------------------------------    -------------------





Min Delay Paths
--------------------------------------------------------------------------------------
Slack:                    inf
  Source:                 m1/Q_reg[9]_P/C
                            (rising edge-triggered cell FDPE)
  Destination:            m1/Q_reg[8]_C/D
  Path Group:             (none)
  Path Type:              Min at Fast Process Corner
  Data Path Delay:        0.283ns  (logic 0.186ns (65.775%)  route 0.097ns (34.225%))
  Logic Levels:           2  (FDPE=1 LUT6=1)

    Location             Delay type                Incr(ns)  Path(ns)    Netlist Resource(s)
  -------------------------------------------------------------------    -------------------
    SLICE_X106Y34        FDPE                         0.000     0.000 r  m1/Q_reg[9]_P/C
    SLICE_X106Y34        FDPE (Prop_fdpe_C_Q)         0.141     0.141 r  m1/Q_reg[9]_P/Q
                         net (fo=2, routed)           0.097     0.238    m1/Q_reg[9]_P_n_0
    SLICE_X107Y34        LUT6 (Prop_lut6_I0_O)        0.045     0.283 r  m1/Q[8]_C_i_1/O
                         net (fo=1, routed)           0.000     0.283    m1/Q[8]_C_i_1_n_0
    SLICE_X107Y34        FDCE                                         r  m1/Q_reg[8]_C/D
  -------------------------------------------------------------------    -------------------

Slack:                    inf
  Source:                 m1/Q_reg[4]_P/C
                            (rising edge-triggered cell FDPE)
  Destination:            m1/Q_reg[3]_C/D
  Path Group:             (none)
  Path Type:              Min at Fast Process Corner
  Data Path Delay:        0.285ns  (logic 0.186ns (65.209%)  route 0.099ns (34.791%))
  Logic Levels:           2  (FDPE=1 LUT6=1)

    Location             Delay type                Incr(ns)  Path(ns)    Netlist Resource(s)
  -------------------------------------------------------------------    -------------------
    SLICE_X113Y28        FDPE                         0.000     0.000 r  m1/Q_reg[4]_P/C
    SLICE_X113Y28        FDPE (Prop_fdpe_C_Q)         0.141     0.141 r  m1/Q_reg[4]_P/Q
                         net (fo=2, routed)           0.099     0.240    m1/Q_reg[4]_P_n_0
    SLICE_X112Y28        LUT6 (Prop_lut6_I0_O)        0.045     0.285 r  m1/Q[3]_C_i_1/O
                         net (fo=1, routed)           0.000     0.285    m1/Q[3]_C_i_1_n_0
    SLICE_X112Y28        FDCE                                         r  m1/Q_reg[3]_C/D
  -------------------------------------------------------------------    -------------------

Slack:                    inf
  Source:                 m1/Q_reg[0]_P/C
                            (rising edge-triggered cell FDPE)
  Destination:            m1/a_reg[12]/D
  Path Group:             (none)
  Path Type:              Min at Fast Process Corner
  Data Path Delay:        0.295ns  (logic 0.186ns (63.068%)  route 0.109ns (36.932%))
  Logic Levels:           2  (FDPE=1 LUT5=1)

    Location             Delay type                Incr(ns)  Path(ns)    Netlist Resource(s)
  -------------------------------------------------------------------    -------------------
    SLICE_X106Y32        FDPE                         0.000     0.000 r  m1/Q_reg[0]_P/C
    SLICE_X106Y32        FDPE (Prop_fdpe_C_Q)         0.141     0.141 r  m1/Q_reg[0]_P/Q
                         net (fo=26, routed)          0.109     0.250    m1/Q_reg[0]_P_n_0
    SLICE_X107Y32        LUT5 (Prop_lut5_I1_O)        0.045     0.295 r  m1/a[12]_i_1/O
                         net (fo=1, routed)           0.000     0.295    m1/p_1_in[12]
    SLICE_X107Y32        FDCE                                         r  m1/a_reg[12]/D
  -------------------------------------------------------------------    -------------------

Slack:                    inf
  Source:                 m1/Q_reg[18]_C/C
                            (rising edge-triggered cell FDCE)
  Destination:            m1/Q_reg[17]_C/D
  Path Group:             (none)
  Path Type:              Min at Fast Process Corner
  Data Path Delay:        0.295ns  (logic 0.186ns (62.984%)  route 0.109ns (37.016%))
  Logic Levels:           2  (FDCE=1 LUT6=1)

    Location             Delay type                Incr(ns)  Path(ns)    Netlist Resource(s)
  -------------------------------------------------------------------    -------------------
    SLICE_X113Y31        FDCE                         0.000     0.000 r  m1/Q_reg[18]_C/C
    SLICE_X113Y31        FDCE (Prop_fdce_C_Q)         0.141     0.141 r  m1/Q_reg[18]_C/Q
                         net (fo=3, routed)           0.109     0.250    m1/Q_reg[18]_C_n_0
    SLICE_X112Y31        LUT6 (Prop_lut6_I2_O)        0.045     0.295 r  m1/Q[17]_C_i_1/O
                         net (fo=1, routed)           0.000     0.295    m1/Q[17]_C_i_1_n_0
    SLICE_X112Y31        FDCE                                         r  m1/Q_reg[17]_C/D
  -------------------------------------------------------------------    -------------------

Slack:                    inf
  Source:                 m1/Q_reg[0]_P/C
                            (rising edge-triggered cell FDPE)
  Destination:            m1/a_reg[19]/D
  Path Group:             (none)
  Path Type:              Min at Fast Process Corner
  Data Path Delay:        0.296ns  (logic 0.186ns (62.855%)  route 0.110ns (37.145%))
  Logic Levels:           2  (FDPE=1 LUT5=1)

    Location             Delay type                Incr(ns)  Path(ns)    Netlist Resource(s)
  -------------------------------------------------------------------    -------------------
    SLICE_X106Y32        FDPE                         0.000     0.000 r  m1/Q_reg[0]_P/C
    SLICE_X106Y32        FDPE (Prop_fdpe_C_Q)         0.141     0.141 r  m1/Q_reg[0]_P/Q
                         net (fo=26, routed)          0.110     0.251    m1/Q_reg[0]_P_n_0
    SLICE_X107Y32        LUT5 (Prop_lut5_I1_O)        0.045     0.296 r  m1/a[19]_i_1/O
                         net (fo=1, routed)           0.000     0.296    m1/p_1_in[19]
    SLICE_X107Y32        FDCE                                         r  m1/a_reg[19]/D
  -------------------------------------------------------------------    -------------------

Slack:                    inf
  Source:                 m1/Q_reg[16]_C/C
                            (rising edge-triggered cell FDCE)
  Destination:            m1/Q_reg[15]_C/D
  Path Group:             (none)
  Path Type:              Min at Fast Process Corner
  Data Path Delay:        0.296ns  (logic 0.186ns (62.765%)  route 0.110ns (37.235%))
  Logic Levels:           2  (FDCE=1 LUT6=1)

    Location             Delay type                Incr(ns)  Path(ns)    Netlist Resource(s)
  -------------------------------------------------------------------    -------------------
    SLICE_X113Y34        FDCE                         0.000     0.000 r  m1/Q_reg[16]_C/C
    SLICE_X113Y34        FDCE (Prop_fdce_C_Q)         0.141     0.141 r  m1/Q_reg[16]_C/Q
                         net (fo=3, routed)           0.110     0.251    m1/Q_reg[16]_C_n_0
    SLICE_X112Y34        LUT6 (Prop_lut6_I2_O)        0.045     0.296 r  m1/Q[15]_C_i_1/O
                         net (fo=1, routed)           0.000     0.296    m1/Q[15]_C_i_1_n_0
    SLICE_X112Y34        FDCE                                         r  m1/Q_reg[15]_C/D
  -------------------------------------------------------------------    -------------------

Slack:                    inf
  Source:                 m1/Q_reg[22]_LDC/G
                            (positive level-sensitive latch)
  Destination:            m1/Q_reg[21]_C/D
  Path Group:             (none)
  Path Type:              Min at Fast Process Corner
  Data Path Delay:        0.300ns  (logic 0.203ns (67.715%)  route 0.097ns (32.285%))
  Logic Levels:           2  (LDCE=1 LUT6=1)

    Location             Delay type                Incr(ns)  Path(ns)    Netlist Resource(s)
  -------------------------------------------------------------------    -------------------
    SLICE_X106Y29        LDCE                         0.000     0.000 r  m1/Q_reg[22]_LDC/G
    SLICE_X106Y29        LDCE (EnToQ_ldce_G_Q)        0.158     0.158 r  m1/Q_reg[22]_LDC/Q
                         net (fo=2, routed)           0.097     0.255    m1/Q_reg[22]_LDC_n_0
    SLICE_X107Y29        LUT6 (Prop_lut6_I1_O)        0.045     0.300 r  m1/Q[21]_C_i_1/O
                         net (fo=1, routed)           0.000     0.300    m1/Q[21]_C_i_1_n_0
    SLICE_X107Y29        FDCE                                         r  m1/Q_reg[21]_C/D
  -------------------------------------------------------------------    -------------------

Slack:                    inf
  Source:                 m1/Q_reg[10]_LDC/G
                            (positive level-sensitive latch)
  Destination:            m1/Q_reg[9]_C/D
  Path Group:             (none)
  Path Type:              Min at Fast Process Corner
  Data Path Delay:        0.300ns  (logic 0.203ns (67.715%)  route 0.097ns (32.285%))
  Logic Levels:           2  (LDCE=1 LUT6=1)

    Location             Delay type                Incr(ns)  Path(ns)    Netlist Resource(s)
  -------------------------------------------------------------------    -------------------
    SLICE_X106Y35        LDCE                         0.000     0.000 r  m1/Q_reg[10]_LDC/G
    SLICE_X106Y35        LDCE (EnToQ_ldce_G_Q)        0.158     0.158 r  m1/Q_reg[10]_LDC/Q
                         net (fo=2, routed)           0.097     0.255    m1/Q_reg[10]_LDC_n_0
    SLICE_X107Y35        LUT6 (Prop_lut6_I1_O)        0.045     0.300 r  m1/Q[9]_C_i_1/O
                         net (fo=1, routed)           0.000     0.300    m1/Q[9]_C_i_1_n_0
    SLICE_X107Y35        FDCE                                         r  m1/Q_reg[9]_C/D
  -------------------------------------------------------------------    -------------------

Slack:                    inf
  Source:                 m1/Q_reg[5]_P/C
                            (rising edge-triggered cell FDPE)
  Destination:            m1/Q_reg[4]_C/D
  Path Group:             (none)
  Path Type:              Min at Fast Process Corner
  Data Path Delay:        0.301ns  (logic 0.186ns (61.838%)  route 0.115ns (38.162%))
  Logic Levels:           2  (FDPE=1 LUT6=1)

    Location             Delay type                Incr(ns)  Path(ns)    Netlist Resource(s)
  -------------------------------------------------------------------    -------------------
    SLICE_X110Y26        FDPE                         0.000     0.000 r  m1/Q_reg[5]_P/C
    SLICE_X110Y26        FDPE (Prop_fdpe_C_Q)         0.141     0.141 r  m1/Q_reg[5]_P/Q
                         net (fo=2, routed)           0.115     0.256    m1/Q_reg[5]_P_n_0
    SLICE_X112Y26        LUT6 (Prop_lut6_I0_O)        0.045     0.301 r  m1/Q[4]_C_i_1/O
                         net (fo=1, routed)           0.000     0.301    m1/Q[4]_C_i_1_n_0
    SLICE_X112Y26        FDCE                                         r  m1/Q_reg[4]_C/D
  -------------------------------------------------------------------    -------------------

Slack:                    inf
  Source:                 m1/Q_reg[6]_C/C
                            (rising edge-triggered cell FDCE)
  Destination:            m1/Q_reg[6]_C/D
  Path Group:             (none)
  Path Type:              Min at Fast Process Corner
  Data Path Delay:        0.303ns  (logic 0.186ns (61.311%)  route 0.117ns (38.689%))
  Logic Levels:           2  (FDCE=1 LUT6=1)

    Location             Delay type                Incr(ns)  Path(ns)    Netlist Resource(s)
  -------------------------------------------------------------------    -------------------
    SLICE_X109Y26        FDCE                         0.000     0.000 r  m1/Q_reg[6]_C/C
    SLICE_X109Y26        FDCE (Prop_fdce_C_Q)         0.141     0.141 r  m1/Q_reg[6]_C/Q
                         net (fo=3, routed)           0.117     0.258    m1/Q_reg[6]_C_n_0
    SLICE_X109Y26        LUT6 (Prop_lut6_I5_O)        0.045     0.303 r  m1/Q[6]_C_i_1/O
                         net (fo=1, routed)           0.000     0.303    m1/Q[6]_C_i_1_n_0
    SLICE_X109Y26        FDCE                                         r  m1/Q_reg[6]_C/D
  -------------------------------------------------------------------    -------------------





