Copyright 1986-2022 Xilinx, Inc. All Rights Reserved. Copyright 2022-2025 Advanced Micro Devices, Inc. All Rights Reserved.
------------------------------------------------------------------------------------------------------------------------------------------------------------------------------------------------------------------------------------------------------
| Tool Version : Vivado v.2025.2 (win64) Build 6299465 Fri Nov 14 19:35:11 GMT 2025
| Date         : Fri Jun 19 22:07:35 2026
| Host         : Saksham running 64-bit major release  (build 9200)
| Command      : report_timing_summary -max_paths 10 -routable_nets -report_unconstrained -file multiplier_4x4_timing_summary_routed.rpt -pb multiplier_4x4_timing_summary_routed.pb -rpx multiplier_4x4_timing_summary_routed.rpx -warn_on_violation
| Design       : multiplier_4x4
| Device       : 7z020-clg484
| Speed File   : -1  PRODUCTION 1.12 2019-11-22
| Design State : Routed
------------------------------------------------------------------------------------------------------------------------------------------------------------------------------------------------------------------------------------------------------

Timing Summary Report

------------------------------------------------------------------------------------------------
| Timer Settings
| --------------
------------------------------------------------------------------------------------------------

  Enable Multi Corner Analysis               :  Yes
  Enable Pessimism Removal                   :  Yes
  Pessimism Removal Resolution               :  Nearest Common Node
  Enable Input Delay Default Clock           :  No
  Enable Preset / Clear Arcs                 :  No
  Disable Flight Delays                      :  No
  Ignore I/O Paths                           :  No
  Timing Early Launch at Borrowing Latches   :  No
  Borrow Time for Max Delay Exceptions       :  Yes
  Merge Timing Exceptions                    :  Yes
  Inter-SLR Compensation                     :  Conservative

  Corner  Analyze    Analyze    
  Name    Max Paths  Min Paths  
  ------  ---------  ---------  
  Slow    Yes        Yes        
  Fast    Yes        Yes        


------------------------------------------------------------------------------------------------
| Report Methodology
| ------------------
------------------------------------------------------------------------------------------------

No report available as report_methodology has not been run prior. Run report_methodology on the current design for the summary of methodology violations.



check_timing report

Table of Contents
-----------------
1. checking no_clock (0)
2. checking constant_clock (0)
3. checking pulse_width_clock (0)
4. checking unconstrained_internal_endpoints (0)
5. checking no_input_delay (0)
6. checking no_output_delay (0)
7. checking multiple_clock (0)
8. checking generated_clocks (0)
9. checking loops (0)
10. checking partial_input_delay (0)
11. checking partial_output_delay (0)
12. checking latch_loops (0)

1. checking no_clock (0)
------------------------
 There are 0 register/latch pins with no clock.


2. checking constant_clock (0)
------------------------------
 There are 0 register/latch pins with constant_clock.


3. checking pulse_width_clock (0)
---------------------------------
 There are 0 register/latch pins which need pulse_width check


4. checking unconstrained_internal_endpoints (0)
------------------------------------------------
 There are 0 pins that are not constrained for maximum delay.

 There are 0 pins that are not constrained for maximum delay due to constant clock.


5. checking no_input_delay (0)
------------------------------
 There are 0 input ports with no input delay specified.

 There are 0 input ports with no input delay but user has a false path constraint.


6. checking no_output_delay (0)
-------------------------------
 There are 0 ports with no output delay specified.

 There are 0 ports with no output delay but user has a false path constraint

 There are 0 ports with no output delay but with a timing clock defined on it or propagating through it


7. checking multiple_clock (0)
------------------------------
 There are 0 register/latch pins with multiple clocks.


8. checking generated_clocks (0)
--------------------------------
 There are 0 generated clocks that are not connected to a clock source.


9. checking loops (0)
---------------------
 There are 0 combinational loops in the design.


10. checking partial_input_delay (0)
------------------------------------
 There are 0 input ports with partial input delay specified.


11. checking partial_output_delay (0)
-------------------------------------
 There are 0 ports with partial output delay specified.


12. checking latch_loops (0)
----------------------------
 There are 0 combinational latch loops in the design through latch input



------------------------------------------------------------------------------------------------
| Design Timing Summary
| ---------------------
------------------------------------------------------------------------------------------------

    WNS(ns)      TNS(ns)  TNS Failing Endpoints  TNS Total Endpoints      WHS(ns)      THS(ns)  THS Failing Endpoints  THS Total Endpoints     WPWS(ns)     TPWS(ns)  TPWS Failing Endpoints  TPWS Total Endpoints  
    -------      -------  ---------------------  -------------------      -------      -------  ---------------------  -------------------     --------     --------  ----------------------  --------------------  
      2.102        0.000                      0                    8        3.747        0.000                      0                    8           NA           NA                      NA                    NA  


All user specified timing constraints are met.


------------------------------------------------------------------------------------------------
| Clock Summary
| -------------
------------------------------------------------------------------------------------------------

Clock     Waveform(ns)       Period(ns)      Frequency(MHz)
-----     ------------       ----------      --------------
virt_clk  {0.000 10.000}     20.000          50.000          


------------------------------------------------------------------------------------------------
| Intra Clock Table
| -----------------
------------------------------------------------------------------------------------------------

Clock             WNS(ns)      TNS(ns)  TNS Failing Endpoints  TNS Total Endpoints      WHS(ns)      THS(ns)  THS Failing Endpoints  THS Total Endpoints     WPWS(ns)     TPWS(ns)  TPWS Failing Endpoints  TPWS Total Endpoints  
-----             -------      -------  ---------------------  -------------------      -------      -------  ---------------------  -------------------     --------     --------  ----------------------  --------------------  
virt_clk            2.102        0.000                      0                    8        3.747        0.000                      0                    8                                                                          


------------------------------------------------------------------------------------------------
| Inter Clock Table
| -----------------
------------------------------------------------------------------------------------------------

From Clock    To Clock          WNS(ns)      TNS(ns)  TNS Failing Endpoints  TNS Total Endpoints      WHS(ns)      THS(ns)  THS Failing Endpoints  THS Total Endpoints  
----------    --------          -------      -------  ---------------------  -------------------      -------      -------  ---------------------  -------------------  


------------------------------------------------------------------------------------------------
| Other Path Groups Table
| -----------------------
------------------------------------------------------------------------------------------------

Path Group    From Clock    To Clock          WNS(ns)      TNS(ns)  TNS Failing Endpoints  TNS Total Endpoints      WHS(ns)      THS(ns)  THS Failing Endpoints  THS Total Endpoints  
----------    ----------    --------          -------      -------  ---------------------  -------------------      -------      -------  ---------------------  -------------------  


------------------------------------------------------------------------------------------------
| User Ignored Path Table
| -----------------------
------------------------------------------------------------------------------------------------

Path Group    From Clock    To Clock    
----------    ----------    --------    


------------------------------------------------------------------------------------------------
| Unconstrained Path Table
| ------------------------
------------------------------------------------------------------------------------------------

Path Group    From Clock    To Clock    
----------    ----------    --------    


------------------------------------------------------------------------------------------------
| Timing Details
| --------------
------------------------------------------------------------------------------------------------


---------------------------------------------------------------------------------------------------
From Clock:  virt_clk
  To Clock:  virt_clk

Setup :            0  Failing Endpoints,  Worst Slack        2.102ns,  Total Violation        0.000ns
Hold  :            0  Failing Endpoints,  Worst Slack        3.747ns,  Total Violation        0.000ns
PW    :           NA  Failing Endpoints,  Worst Slack           NA  ,  Total Violation           NA
---------------------------------------------------------------------------------------------------


Max Delay Paths
--------------------------------------------------------------------------------------
Slack (MET) :             2.102ns  (required time - arrival time)
  Source:                 B[2]
                            (input port clocked by virt_clk  {rise@0.000ns fall@10.000ns period=20.000ns})
  Destination:            P[6]
                            (output port clocked by virt_clk  {rise@0.000ns fall@10.000ns period=20.000ns})
  Path Group:             virt_clk
  Path Type:              Max at Slow Process Corner
  Requirement:            20.000ns  (virt_clk rise@20.000ns - virt_clk rise@0.000ns)
  Data Path Delay:        13.873ns  (logic 5.681ns (40.952%)  route 8.192ns (59.047%))
  Logic Levels:           6  (IBUF=1 LUT4=1 LUT6=3 OBUF=1)
  Input Delay:            2.000ns
  Output Delay:           2.000ns
  Clock Uncertainty:      0.025ns

    Location             Delay type                Incr(ns)  Path(ns)    Netlist Resource(s)
  -------------------------------------------------------------------    -------------------
                         (clock virt_clk rise edge)
                                                      0.000     0.000 r  
                         ideal clock network latency
                                                      0.000     0.000    
                         input delay                  2.000     2.000    
    H17                                               0.000     2.000 r  B[2] (IN)
                         net (fo=0)                   0.000     2.000    B[2]
    H17                  IBUF (Prop_ibuf_I_O)         1.454     3.454 r  B_IBUF[2]_inst/O
                         net (fo=8, routed)           2.860     6.315    B_IBUF[2]
    SLICE_X112Y97        LUT6 (Prop_lut6_I4_O)        0.124     6.439 r  P_OBUF[3]_inst_i_2/O
                         net (fo=4, routed)           0.425     6.864    c2_0
    SLICE_X113Y97        LUT6 (Prop_lut6_I3_O)        0.124     6.988 r  P_OBUF[7]_inst_i_6/O
                         net (fo=2, routed)           0.403     7.391    c2_2
    SLICE_X113Y97        LUT4 (Prop_lut4_I3_O)        0.118     7.509 r  P_OBUF[7]_inst_i_4/O
                         net (fo=3, routed)           0.826     8.334    s2_3
    SLICE_X113Y96        LUT6 (Prop_lut6_I2_O)        0.326     8.660 r  P_OBUF[6]_inst_i_1/O
                         net (fo=1, routed)           3.678    12.338    P_OBUF[6]
    W21                  OBUF (Prop_obuf_I_O)         3.535    15.873 r  P_OBUF[6]_inst/O
                         net (fo=0)                   0.000    15.873    P[6]
    W21                                                               r  P[6] (OUT)
  -------------------------------------------------------------------    -------------------

                         (clock virt_clk rise edge)
                                                     20.000    20.000 r  
                         ideal clock network latency
                                                      0.000    20.000    
                         clock pessimism              0.000    20.000    
                         clock uncertainty           -0.025    19.975    
                         output delay                -2.000    17.975    
  -------------------------------------------------------------------
                         required time                         17.975    
                         arrival time                         -15.873    
  -------------------------------------------------------------------
                         slack                                  2.102    

Slack (MET) :             2.193ns  (required time - arrival time)
  Source:                 B[2]
                            (input port clocked by virt_clk  {rise@0.000ns fall@10.000ns period=20.000ns})
  Destination:            P[5]
                            (output port clocked by virt_clk  {rise@0.000ns fall@10.000ns period=20.000ns})
  Path Group:             virt_clk
  Path Type:              Max at Slow Process Corner
  Requirement:            20.000ns  (virt_clk rise@20.000ns - virt_clk rise@0.000ns)
  Data Path Delay:        13.782ns  (logic 5.481ns (39.771%)  route 8.301ns (60.229%))
  Logic Levels:           6  (IBUF=1 LUT4=2 LUT6=2 OBUF=1)
  Input Delay:            2.000ns
  Output Delay:           2.000ns
  Clock Uncertainty:      0.025ns

    Location             Delay type                Incr(ns)  Path(ns)    Netlist Resource(s)
  -------------------------------------------------------------------    -------------------
                         (clock virt_clk rise edge)
                                                      0.000     0.000 r  
                         ideal clock network latency
                                                      0.000     0.000    
                         input delay                  2.000     2.000    
    H17                                               0.000     2.000 r  B[2] (IN)
                         net (fo=0)                   0.000     2.000    B[2]
    H17                  IBUF (Prop_ibuf_I_O)         1.454     3.454 r  B_IBUF[2]_inst/O
                         net (fo=8, routed)           2.860     6.315    B_IBUF[2]
    SLICE_X112Y97        LUT6 (Prop_lut6_I4_O)        0.124     6.439 r  P_OBUF[3]_inst_i_2/O
                         net (fo=4, routed)           0.613     7.052    c2_0
    SLICE_X112Y96        LUT6 (Prop_lut6_I0_O)        0.124     7.176 r  P_OBUF[4]_inst_i_3/O
                         net (fo=2, routed)           0.620     7.796    c3_0
    SLICE_X113Y96        LUT4 (Prop_lut4_I1_O)        0.124     7.920 r  P_OBUF[7]_inst_i_3/O
                         net (fo=3, routed)           0.826     8.745    c3_1
    SLICE_X113Y95        LUT4 (Prop_lut4_I3_O)        0.124     8.869 r  P_OBUF[5]_inst_i_1/O
                         net (fo=1, routed)           3.382    12.251    P_OBUF[5]
    W22                  OBUF (Prop_obuf_I_O)         3.531    15.782 r  P_OBUF[5]_inst/O
                         net (fo=0)                   0.000    15.782    P[5]
    W22                                                               r  P[5] (OUT)
  -------------------------------------------------------------------    -------------------

                         (clock virt_clk rise edge)
                                                     20.000    20.000 r  
                         ideal clock network latency
                                                      0.000    20.000    
                         clock pessimism              0.000    20.000    
                         clock uncertainty           -0.025    19.975    
                         output delay                -2.000    17.975    
  -------------------------------------------------------------------
                         required time                         17.975    
                         arrival time                         -15.782    
  -------------------------------------------------------------------
                         slack                                  2.193    

Slack (MET) :             2.237ns  (required time - arrival time)
  Source:                 B[2]
                            (input port clocked by virt_clk  {rise@0.000ns fall@10.000ns period=20.000ns})
  Destination:            P[7]
                            (output port clocked by virt_clk  {rise@0.000ns fall@10.000ns period=20.000ns})
  Path Group:             virt_clk
  Path Type:              Max at Slow Process Corner
  Requirement:            20.000ns  (virt_clk rise@20.000ns - virt_clk rise@0.000ns)
  Data Path Delay:        13.738ns  (logic 5.695ns (41.451%)  route 8.043ns (58.549%))
  Logic Levels:           6  (IBUF=1 LUT4=1 LUT6=3 OBUF=1)
  Input Delay:            2.000ns
  Output Delay:           2.000ns
  Clock Uncertainty:      0.025ns

    Location             Delay type                Incr(ns)  Path(ns)    Netlist Resource(s)
  -------------------------------------------------------------------    -------------------
                         (clock virt_clk rise edge)
                                                      0.000     0.000 r  
                         ideal clock network latency
                                                      0.000     0.000    
                         input delay                  2.000     2.000    
    H17                                               0.000     2.000 r  B[2] (IN)
                         net (fo=0)                   0.000     2.000    B[2]
    H17                  IBUF (Prop_ibuf_I_O)         1.454     3.454 r  B_IBUF[2]_inst/O
                         net (fo=8, routed)           2.860     6.315    B_IBUF[2]
    SLICE_X112Y97        LUT6 (Prop_lut6_I4_O)        0.124     6.439 r  P_OBUF[3]_inst_i_2/O
                         net (fo=4, routed)           0.425     6.864    c2_0
    SLICE_X113Y97        LUT6 (Prop_lut6_I3_O)        0.124     6.988 r  P_OBUF[7]_inst_i_6/O
                         net (fo=2, routed)           0.403     7.391    c2_2
    SLICE_X113Y97        LUT4 (Prop_lut4_I3_O)        0.118     7.509 r  P_OBUF[7]_inst_i_4/O
                         net (fo=3, routed)           0.828     8.336    s2_3
    SLICE_X113Y96        LUT6 (Prop_lut6_I4_O)        0.326     8.662 r  P_OBUF[7]_inst_i_1/O
                         net (fo=1, routed)           3.528    12.190    P_OBUF[7]
    W20                  OBUF (Prop_obuf_I_O)         3.548    15.738 r  P_OBUF[7]_inst/O
                         net (fo=0)                   0.000    15.738    P[7]
    W20                                                               r  P[7] (OUT)
  -------------------------------------------------------------------    -------------------

                         (clock virt_clk rise edge)
                                                     20.000    20.000 r  
                         ideal clock network latency
                                                      0.000    20.000    
                         clock pessimism              0.000    20.000    
                         clock uncertainty           -0.025    19.975    
                         output delay                -2.000    17.975    
  -------------------------------------------------------------------
                         required time                         17.975    
                         arrival time                         -15.738    
  -------------------------------------------------------------------
                         slack                                  2.237    

Slack (MET) :             2.865ns  (required time - arrival time)
  Source:                 B[2]
                            (input port clocked by virt_clk  {rise@0.000ns fall@10.000ns period=20.000ns})
  Destination:            P[4]
                            (output port clocked by virt_clk  {rise@0.000ns fall@10.000ns period=20.000ns})
  Path Group:             virt_clk
  Path Type:              Max at Slow Process Corner
  Requirement:            20.000ns  (virt_clk rise@20.000ns - virt_clk rise@0.000ns)
  Data Path Delay:        13.110ns  (logic 5.597ns (42.692%)  route 7.513ns (57.308%))
  Logic Levels:           5  (IBUF=1 LUT4=1 LUT6=2 OBUF=1)
  Input Delay:            2.000ns
  Output Delay:           2.000ns
  Clock Uncertainty:      0.025ns

    Location             Delay type                Incr(ns)  Path(ns)    Netlist Resource(s)
  -------------------------------------------------------------------    -------------------
                         (clock virt_clk rise edge)
                                                      0.000     0.000 r  
                         ideal clock network latency
                                                      0.000     0.000    
                         input delay                  2.000     2.000    
    H17                                               0.000     2.000 r  B[2] (IN)
                         net (fo=0)                   0.000     2.000    B[2]
    H17                  IBUF (Prop_ibuf_I_O)         1.454     3.454 r  B_IBUF[2]_inst/O
                         net (fo=8, routed)           2.860     6.315    B_IBUF[2]
    SLICE_X112Y97        LUT6 (Prop_lut6_I4_O)        0.124     6.439 r  P_OBUF[3]_inst_i_2/O
                         net (fo=4, routed)           0.613     7.052    c2_0
    SLICE_X112Y96        LUT6 (Prop_lut6_I0_O)        0.124     7.176 r  P_OBUF[4]_inst_i_3/O
                         net (fo=2, routed)           0.620     7.796    c3_0
    SLICE_X113Y96        LUT4 (Prop_lut4_I3_O)        0.150     7.946 r  P_OBUF[4]_inst_i_1/O
                         net (fo=1, routed)           3.420    11.366    P_OBUF[4]
    V22                  OBUF (Prop_obuf_I_O)         3.745    15.110 r  P_OBUF[4]_inst/O
                         net (fo=0)                   0.000    15.110    P[4]
    V22                                                               r  P[4] (OUT)
  -------------------------------------------------------------------    -------------------

                         (clock virt_clk rise edge)
                                                     20.000    20.000 r  
                         ideal clock network latency
                                                      0.000    20.000    
                         clock pessimism              0.000    20.000    
                         clock uncertainty           -0.025    19.975    
                         output delay                -2.000    17.975    
  -------------------------------------------------------------------
                         required time                         17.975    
                         arrival time                         -15.110    
  -------------------------------------------------------------------
                         slack                                  2.865    

Slack (MET) :             4.220ns  (required time - arrival time)
  Source:                 B[2]
                            (input port clocked by virt_clk  {rise@0.000ns fall@10.000ns period=20.000ns})
  Destination:            P[3]
                            (output port clocked by virt_clk  {rise@0.000ns fall@10.000ns period=20.000ns})
  Path Group:             virt_clk
  Path Type:              Max at Slow Process Corner
  Requirement:            20.000ns  (virt_clk rise@20.000ns - virt_clk rise@0.000ns)
  Data Path Delay:        11.755ns  (logic 5.232ns (44.510%)  route 6.523ns (55.490%))
  Logic Levels:           4  (IBUF=1 LUT6=2 OBUF=1)
  Input Delay:            2.000ns
  Output Delay:           2.000ns
  Clock Uncertainty:      0.025ns

    Location             Delay type                Incr(ns)  Path(ns)    Netlist Resource(s)
  -------------------------------------------------------------------    -------------------
                         (clock virt_clk rise edge)
                                                      0.000     0.000 r  
                         ideal clock network latency
                                                      0.000     0.000    
                         input delay                  2.000     2.000    
    H17                                               0.000     2.000 r  B[2] (IN)
                         net (fo=0)                   0.000     2.000    B[2]
    H17                  IBUF (Prop_ibuf_I_O)         1.454     3.454 r  B_IBUF[2]_inst/O
                         net (fo=8, routed)           2.860     6.315    B_IBUF[2]
    SLICE_X112Y97        LUT6 (Prop_lut6_I4_O)        0.124     6.439 r  P_OBUF[3]_inst_i_2/O
                         net (fo=4, routed)           0.326     6.765    c2_0
    SLICE_X112Y96        LUT6 (Prop_lut6_I2_O)        0.124     6.889 r  P_OBUF[3]_inst_i_1/O
                         net (fo=1, routed)           3.336    10.225    P_OBUF[3]
    U21                  OBUF (Prop_obuf_I_O)         3.530    13.755 r  P_OBUF[3]_inst/O
                         net (fo=0)                   0.000    13.755    P[3]
    U21                                                               r  P[3] (OUT)
  -------------------------------------------------------------------    -------------------

                         (clock virt_clk rise edge)
                                                     20.000    20.000 r  
                         ideal clock network latency
                                                      0.000    20.000    
                         clock pessimism              0.000    20.000    
                         clock uncertainty           -0.025    19.975    
                         output delay                -2.000    17.975    
  -------------------------------------------------------------------
                         required time                         17.975    
                         arrival time                         -13.755    
  -------------------------------------------------------------------
                         slack                                  4.220    

Slack (MET) :             4.718ns  (required time - arrival time)
  Source:                 B[2]
                            (input port clocked by virt_clk  {rise@0.000ns fall@10.000ns period=20.000ns})
  Destination:            P[2]
                            (output port clocked by virt_clk  {rise@0.000ns fall@10.000ns period=20.000ns})
  Path Group:             virt_clk
  Path Type:              Max at Slow Process Corner
  Requirement:            20.000ns  (virt_clk rise@20.000ns - virt_clk rise@0.000ns)
  Data Path Delay:        11.257ns  (logic 5.109ns (45.386%)  route 6.148ns (54.614%))
  Logic Levels:           3  (IBUF=1 LUT6=1 OBUF=1)
  Input Delay:            2.000ns
  Output Delay:           2.000ns
  Clock Uncertainty:      0.025ns

    Location             Delay type                Incr(ns)  Path(ns)    Netlist Resource(s)
  -------------------------------------------------------------------    -------------------
                         (clock virt_clk rise edge)
                                                      0.000     0.000 r  
                         ideal clock network latency
                                                      0.000     0.000    
                         input delay                  2.000     2.000    
    H17                                               0.000     2.000 r  B[2] (IN)
                         net (fo=0)                   0.000     2.000    B[2]
    H17                  IBUF (Prop_ibuf_I_O)         1.454     3.454 r  B_IBUF[2]_inst/O
                         net (fo=8, routed)           3.163     6.617    B_IBUF[2]
    SLICE_X112Y96        LUT6 (Prop_lut6_I0_O)        0.124     6.741 r  P_OBUF[2]_inst_i_1/O
                         net (fo=1, routed)           2.985     9.726    P_OBUF[2]
    U22                  OBUF (Prop_obuf_I_O)         3.531    13.257 r  P_OBUF[2]_inst/O
                         net (fo=0)                   0.000    13.257    P[2]
    U22                                                               r  P[2] (OUT)
  -------------------------------------------------------------------    -------------------

                         (clock virt_clk rise edge)
                                                     20.000    20.000 r  
                         ideal clock network latency
                                                      0.000    20.000    
                         clock pessimism              0.000    20.000    
                         clock uncertainty           -0.025    19.975    
                         output delay                -2.000    17.975    
  -------------------------------------------------------------------
                         required time                         17.975    
                         arrival time                         -13.257    
  -------------------------------------------------------------------
                         slack                                  4.718    

Slack (MET) :             5.152ns  (required time - arrival time)
  Source:                 B[0]
                            (input port clocked by virt_clk  {rise@0.000ns fall@10.000ns period=20.000ns})
  Destination:            P[0]
                            (output port clocked by virt_clk  {rise@0.000ns fall@10.000ns period=20.000ns})
  Path Group:             virt_clk
  Path Type:              Max at Slow Process Corner
  Requirement:            20.000ns  (virt_clk rise@20.000ns - virt_clk rise@0.000ns)
  Data Path Delay:        10.823ns  (logic 5.310ns (49.062%)  route 5.513ns (50.938%))
  Logic Levels:           3  (IBUF=1 LUT2=1 OBUF=1)
  Input Delay:            2.000ns
  Output Delay:           2.000ns
  Clock Uncertainty:      0.025ns

    Location             Delay type                Incr(ns)  Path(ns)    Netlist Resource(s)
  -------------------------------------------------------------------    -------------------
                         (clock virt_clk rise edge)
                                                      0.000     0.000 r  
                         ideal clock network latency
                                                      0.000     0.000    
                         input delay                  2.000     2.000    
    H19                                               0.000     2.000 r  B[0] (IN)
                         net (fo=0)                   0.000     2.000    B[0]
    H19                  IBUF (Prop_ibuf_I_O)         1.434     3.434 r  B_IBUF[0]_inst/O
                         net (fo=7, routed)           2.038     5.472    B_IBUF[0]
    SLICE_X113Y96        LUT2 (Prop_lut2_I1_O)        0.152     5.624 r  P_OBUF[0]_inst_i_1/O
                         net (fo=1, routed)           3.475     9.099    P_OBUF[0]
    T22                  OBUF (Prop_obuf_I_O)         3.724    12.823 r  P_OBUF[0]_inst/O
                         net (fo=0)                   0.000    12.823    P[0]
    T22                                                               r  P[0] (OUT)
  -------------------------------------------------------------------    -------------------

                         (clock virt_clk rise edge)
                                                     20.000    20.000 r  
                         ideal clock network latency
                                                      0.000    20.000    
                         clock pessimism              0.000    20.000    
                         clock uncertainty           -0.025    19.975    
                         output delay                -2.000    17.975    
  -------------------------------------------------------------------
                         required time                         17.975    
                         arrival time                         -12.823    
  -------------------------------------------------------------------
                         slack                                  5.152    

Slack (MET) :             5.531ns  (required time - arrival time)
  Source:                 B[0]
                            (input port clocked by virt_clk  {rise@0.000ns fall@10.000ns period=20.000ns})
  Destination:            P[1]
                            (output port clocked by virt_clk  {rise@0.000ns fall@10.000ns period=20.000ns})
  Path Group:             virt_clk
  Path Type:              Max at Slow Process Corner
  Requirement:            20.000ns  (virt_clk rise@20.000ns - virt_clk rise@0.000ns)
  Data Path Delay:        10.444ns  (logic 5.071ns (48.559%)  route 5.372ns (51.441%))
  Logic Levels:           3  (IBUF=1 LUT4=1 OBUF=1)
  Input Delay:            2.000ns
  Output Delay:           2.000ns
  Clock Uncertainty:      0.025ns

    Location             Delay type                Incr(ns)  Path(ns)    Netlist Resource(s)
  -------------------------------------------------------------------    -------------------
                         (clock virt_clk rise edge)
                                                      0.000     0.000 r  
                         ideal clock network latency
                                                      0.000     0.000    
                         input delay                  2.000     2.000    
    H19                                               0.000     2.000 r  B[0] (IN)
                         net (fo=0)                   0.000     2.000    B[0]
    H19                  IBUF (Prop_ibuf_I_O)         1.434     3.434 r  B_IBUF[0]_inst/O
                         net (fo=7, routed)           2.038     5.472    B_IBUF[0]
    SLICE_X113Y96        LUT4 (Prop_lut4_I2_O)        0.124     5.596 r  P_OBUF[1]_inst_i_1/O
                         net (fo=1, routed)           3.334     8.930    P_OBUF[1]
    T21                  OBUF (Prop_obuf_I_O)         3.514    12.444 r  P_OBUF[1]_inst/O
                         net (fo=0)                   0.000    12.444    P[1]
    T21                                                               r  P[1] (OUT)
  -------------------------------------------------------------------    -------------------

                         (clock virt_clk rise edge)
                                                     20.000    20.000 r  
                         ideal clock network latency
                                                      0.000    20.000    
                         clock pessimism              0.000    20.000    
                         clock uncertainty           -0.025    19.975    
                         output delay                -2.000    17.975    
  -------------------------------------------------------------------
                         required time                         17.975    
                         arrival time                         -12.444    
  -------------------------------------------------------------------
                         slack                                  5.531    





Min Delay Paths
--------------------------------------------------------------------------------------
Slack (MET) :             3.747ns  (arrival time - required time)
  Source:                 B[1]
                            (input port clocked by virt_clk  {rise@0.000ns fall@10.000ns period=20.000ns})
  Destination:            P[2]
                            (output port clocked by virt_clk  {rise@0.000ns fall@10.000ns period=20.000ns})
  Path Group:             virt_clk
  Path Type:              Min at Fast Process Corner
  Requirement:            0.000ns  (virt_clk rise@0.000ns - virt_clk rise@0.000ns)
  Data Path Delay:        2.772ns  (logic 1.494ns (53.915%)  route 1.277ns (46.085%))
  Logic Levels:           3  (IBUF=1 LUT6=1 OBUF=1)
  Input Delay:            0.500ns
  Output Delay:           0.500ns
  Clock Uncertainty:      0.025ns

    Location             Delay type                Incr(ns)  Path(ns)    Netlist Resource(s)
  -------------------------------------------------------------------    -------------------
                         (clock virt_clk rise edge)
                                                      0.000     0.000 r  
                         ideal clock network latency
                                                      0.000     0.000    
                         input delay                  0.500     0.500    
    H18                                               0.000     0.500 r  B[1] (IN)
                         net (fo=0)                   0.000     0.500    B[1]
    H18                  IBUF (Prop_ibuf_I_O)         0.217     0.717 r  B_IBUF[1]_inst/O
                         net (fo=6, routed)           0.441     1.159    B_IBUF[1]
    SLICE_X112Y96        LUT6 (Prop_lut6_I2_O)        0.045     1.204 r  P_OBUF[2]_inst_i_1/O
                         net (fo=1, routed)           0.836     2.040    P_OBUF[2]
    U22                  OBUF (Prop_obuf_I_O)         1.232     3.272 r  P_OBUF[2]_inst/O
                         net (fo=0)                   0.000     3.272    P[2]
    U22                                                               r  P[2] (OUT)
  -------------------------------------------------------------------    -------------------

                         (clock virt_clk rise edge)
                                                      0.000     0.000 r  
                         ideal clock network latency
                                                      0.000     0.000    
                         clock pessimism              0.000     0.000    
                         clock uncertainty            0.025     0.025    
                         output delay                -0.500    -0.475    
  -------------------------------------------------------------------
                         required time                          0.475    
                         arrival time                           3.272    
  -------------------------------------------------------------------
                         slack                                  3.747    

Slack (MET) :             4.011ns  (arrival time - required time)
  Source:                 B[1]
                            (input port clocked by virt_clk  {rise@0.000ns fall@10.000ns period=20.000ns})
  Destination:            P[1]
                            (output port clocked by virt_clk  {rise@0.000ns fall@10.000ns period=20.000ns})
  Path Group:             virt_clk
  Path Type:              Min at Fast Process Corner
  Requirement:            0.000ns  (virt_clk rise@0.000ns - virt_clk rise@0.000ns)
  Data Path Delay:        3.036ns  (logic 1.477ns (48.650%)  route 1.559ns (51.350%))
  Logic Levels:           3  (IBUF=1 LUT4=1 OBUF=1)
  Input Delay:            0.500ns
  Output Delay:           0.500ns
  Clock Uncertainty:      0.025ns

    Location             Delay type                Incr(ns)  Path(ns)    Netlist Resource(s)
  -------------------------------------------------------------------    -------------------
                         (clock virt_clk rise edge)
                                                      0.000     0.000 r  
                         ideal clock network latency
                                                      0.000     0.000    
                         input delay                  0.500     0.500    
    H18                                               0.000     0.500 r  B[1] (IN)
                         net (fo=0)                   0.000     0.500    B[1]
    H18                  IBUF (Prop_ibuf_I_O)         0.217     0.717 r  B_IBUF[1]_inst/O
                         net (fo=6, routed)           0.510     1.228    B_IBUF[1]
    SLICE_X113Y96        LUT4 (Prop_lut4_I0_O)        0.045     1.273 r  P_OBUF[1]_inst_i_1/O
                         net (fo=1, routed)           1.049     2.322    P_OBUF[1]
    T21                  OBUF (Prop_obuf_I_O)         1.215     3.536 r  P_OBUF[1]_inst/O
                         net (fo=0)                   0.000     3.536    P[1]
    T21                                                               r  P[1] (OUT)
  -------------------------------------------------------------------    -------------------

                         (clock virt_clk rise edge)
                                                      0.000     0.000 r  
                         ideal clock network latency
                                                      0.000     0.000    
                         clock pessimism              0.000     0.000    
                         clock uncertainty            0.025     0.025    
                         output delay                -0.500    -0.475    
  -------------------------------------------------------------------
                         required time                          0.475    
                         arrival time                           3.536    
  -------------------------------------------------------------------
                         slack                                  4.011    

Slack (MET) :             4.076ns  (arrival time - required time)
  Source:                 B[3]
                            (input port clocked by virt_clk  {rise@0.000ns fall@10.000ns period=20.000ns})
  Destination:            P[3]
                            (output port clocked by virt_clk  {rise@0.000ns fall@10.000ns period=20.000ns})
  Path Group:             virt_clk
  Path Type:              Min at Fast Process Corner
  Requirement:            0.000ns  (virt_clk rise@0.000ns - virt_clk rise@0.000ns)
  Data Path Delay:        3.101ns  (logic 1.515ns (48.835%)  route 1.587ns (51.165%))
  Logic Levels:           3  (IBUF=1 LUT6=1 OBUF=1)
  Input Delay:            0.500ns
  Output Delay:           0.500ns
  Clock Uncertainty:      0.025ns

    Location             Delay type                Incr(ns)  Path(ns)    Netlist Resource(s)
  -------------------------------------------------------------------    -------------------
                         (clock virt_clk rise edge)
                                                      0.000     0.000 r  
                         ideal clock network latency
                                                      0.000     0.000    
                         input delay                  0.500     0.500    
    M15                                               0.000     0.500 r  B[3] (IN)
                         net (fo=0)                   0.000     0.500    B[3]
    M15                  IBUF (Prop_ibuf_I_O)         0.239     0.739 r  B_IBUF[3]_inst/O
                         net (fo=7, routed)           0.535     1.273    B_IBUF[3]
    SLICE_X112Y96        LUT6 (Prop_lut6_I0_O)        0.045     1.318 r  P_OBUF[3]_inst_i_1/O
                         net (fo=1, routed)           1.052     2.371    P_OBUF[3]
    U21                  OBUF (Prop_obuf_I_O)         1.231     3.601 r  P_OBUF[3]_inst/O
                         net (fo=0)                   0.000     3.601    P[3]
    U21                                                               r  P[3] (OUT)
  -------------------------------------------------------------------    -------------------

                         (clock virt_clk rise edge)
                                                      0.000     0.000 r  
                         ideal clock network latency
                                                      0.000     0.000    
                         clock pessimism              0.000     0.000    
                         clock uncertainty            0.025     0.025    
                         output delay                -0.500    -0.475    
  -------------------------------------------------------------------
                         required time                          0.475    
                         arrival time                           3.601    
  -------------------------------------------------------------------
                         slack                                  4.076    

Slack (MET) :             4.078ns  (arrival time - required time)
  Source:                 B[3]
                            (input port clocked by virt_clk  {rise@0.000ns fall@10.000ns period=20.000ns})
  Destination:            P[5]
                            (output port clocked by virt_clk  {rise@0.000ns fall@10.000ns period=20.000ns})
  Path Group:             virt_clk
  Path Type:              Min at Fast Process Corner
  Requirement:            0.000ns  (virt_clk rise@0.000ns - virt_clk rise@0.000ns)
  Data Path Delay:        3.103ns  (logic 1.516ns (48.847%)  route 1.587ns (51.153%))
  Logic Levels:           3  (IBUF=1 LUT4=1 OBUF=1)
  Input Delay:            0.500ns
  Output Delay:           0.500ns
  Clock Uncertainty:      0.025ns

    Location             Delay type                Incr(ns)  Path(ns)    Netlist Resource(s)
  -------------------------------------------------------------------    -------------------
                         (clock virt_clk rise edge)
                                                      0.000     0.000 r  
                         ideal clock network latency
                                                      0.000     0.000    
                         input delay                  0.500     0.500    
    M15                                               0.000     0.500 r  B[3] (IN)
                         net (fo=0)                   0.000     0.500    B[3]
    M15                  IBUF (Prop_ibuf_I_O)         0.239     0.739 r  B_IBUF[3]_inst/O
                         net (fo=7, routed)           0.516     1.254    B_IBUF[3]
    SLICE_X113Y95        LUT4 (Prop_lut4_I0_O)        0.045     1.299 r  P_OBUF[5]_inst_i_1/O
                         net (fo=1, routed)           1.072     2.371    P_OBUF[5]
    W22                  OBUF (Prop_obuf_I_O)         1.232     3.603 r  P_OBUF[5]_inst/O
                         net (fo=0)                   0.000     3.603    P[5]
    W22                                                               r  P[5] (OUT)
  -------------------------------------------------------------------    -------------------

                         (clock virt_clk rise edge)
                                                      0.000     0.000 r  
                         ideal clock network latency
                                                      0.000     0.000    
                         clock pessimism              0.000     0.000    
                         clock uncertainty            0.025     0.025    
                         output delay                -0.500    -0.475    
  -------------------------------------------------------------------
                         required time                          0.475    
                         arrival time                           3.603    
  -------------------------------------------------------------------
                         slack                                  4.078    

Slack (MET) :             4.229ns  (arrival time - required time)
  Source:                 A[3]
                            (input port clocked by virt_clk  {rise@0.000ns fall@10.000ns period=20.000ns})
  Destination:            P[7]
                            (output port clocked by virt_clk  {rise@0.000ns fall@10.000ns period=20.000ns})
  Path Group:             virt_clk
  Path Type:              Min at Fast Process Corner
  Requirement:            0.000ns  (virt_clk rise@0.000ns - virt_clk rise@0.000ns)
  Data Path Delay:        3.254ns  (logic 1.566ns (48.117%)  route 1.688ns (51.883%))
  Logic Levels:           3  (IBUF=1 LUT6=1 OBUF=1)
  Input Delay:            0.500ns
  Output Delay:           0.500ns
  Clock Uncertainty:      0.025ns

    Location             Delay type                Incr(ns)  Path(ns)    Netlist Resource(s)
  -------------------------------------------------------------------    -------------------
                         (clock virt_clk rise edge)
                                                      0.000     0.000 r  
                         ideal clock network latency
                                                      0.000     0.000    
                         input delay                  0.500     0.500    
    F21                                               0.000     0.500 r  A[3] (IN)
                         net (fo=0)                   0.000     0.500    A[3]
    F21                  IBUF (Prop_ibuf_I_O)         0.272     0.772 r  A_IBUF[3]_inst/O
                         net (fo=7, routed)           0.544     1.316    A_IBUF[3]
    SLICE_X113Y96        LUT6 (Prop_lut6_I5_O)        0.045     1.361 r  P_OBUF[7]_inst_i_1/O
                         net (fo=1, routed)           1.145     2.505    P_OBUF[7]
    W20                  OBUF (Prop_obuf_I_O)         1.249     3.754 r  P_OBUF[7]_inst/O
                         net (fo=0)                   0.000     3.754    P[7]
    W20                                                               r  P[7] (OUT)
  -------------------------------------------------------------------    -------------------

                         (clock virt_clk rise edge)
                                                      0.000     0.000 r  
                         ideal clock network latency
                                                      0.000     0.000    
                         clock pessimism              0.000     0.000    
                         clock uncertainty            0.025     0.025    
                         output delay                -0.500    -0.475    
  -------------------------------------------------------------------
                         required time                          0.475    
                         arrival time                           3.754    
  -------------------------------------------------------------------
                         slack                                  4.229    

Slack (MET) :             4.269ns  (arrival time - required time)
  Source:                 A[1]
                            (input port clocked by virt_clk  {rise@0.000ns fall@10.000ns period=20.000ns})
  Destination:            P[4]
                            (output port clocked by virt_clk  {rise@0.000ns fall@10.000ns period=20.000ns})
  Path Group:             virt_clk
  Path Type:              Min at Fast Process Corner
  Requirement:            0.000ns  (virt_clk rise@0.000ns - virt_clk rise@0.000ns)
  Data Path Delay:        3.294ns  (logic 1.585ns (48.114%)  route 1.709ns (51.886%))
  Logic Levels:           3  (IBUF=1 LUT4=1 OBUF=1)
  Input Delay:            0.500ns
  Output Delay:           0.500ns
  Clock Uncertainty:      0.025ns

    Location             Delay type                Incr(ns)  Path(ns)    Netlist Resource(s)
  -------------------------------------------------------------------    -------------------
                         (clock virt_clk rise edge)
                                                      0.000     0.000 r  
                         ideal clock network latency
                                                      0.000     0.000    
                         input delay                  0.500     0.500    
    G22                                               0.000     0.500 r  A[1] (IN)
                         net (fo=0)                   0.000     0.500    A[1]
    G22                  IBUF (Prop_ibuf_I_O)         0.237     0.737 r  A_IBUF[1]_inst/O
                         net (fo=12, routed)          0.590     1.328    A_IBUF[1]
    SLICE_X113Y96        LUT4 (Prop_lut4_I1_O)        0.043     1.371 r  P_OBUF[4]_inst_i_1/O
                         net (fo=1, routed)           1.119     2.490    P_OBUF[4]
    V22                  OBUF (Prop_obuf_I_O)         1.305     3.794 r  P_OBUF[4]_inst/O
                         net (fo=0)                   0.000     3.794    P[4]
    V22                                                               r  P[4] (OUT)
  -------------------------------------------------------------------    -------------------

                         (clock virt_clk rise edge)
                                                      0.000     0.000 r  
                         ideal clock network latency
                                                      0.000     0.000    
                         clock pessimism              0.000     0.000    
                         clock uncertainty            0.025     0.025    
                         output delay                -0.500    -0.475    
  -------------------------------------------------------------------
                         required time                          0.475    
                         arrival time                           3.794    
  -------------------------------------------------------------------
                         slack                                  4.269    

Slack (MET) :             4.274ns  (arrival time - required time)
  Source:                 A[3]
                            (input port clocked by virt_clk  {rise@0.000ns fall@10.000ns period=20.000ns})
  Destination:            P[6]
                            (output port clocked by virt_clk  {rise@0.000ns fall@10.000ns period=20.000ns})
  Path Group:             virt_clk
  Path Type:              Min at Fast Process Corner
  Requirement:            0.000ns  (virt_clk rise@0.000ns - virt_clk rise@0.000ns)
  Data Path Delay:        3.299ns  (logic 1.553ns (47.063%)  route 1.747ns (52.937%))
  Logic Levels:           3  (IBUF=1 LUT6=1 OBUF=1)
  Input Delay:            0.500ns
  Output Delay:           0.500ns
  Clock Uncertainty:      0.025ns

    Location             Delay type                Incr(ns)  Path(ns)    Netlist Resource(s)
  -------------------------------------------------------------------    -------------------
                         (clock virt_clk rise edge)
                                                      0.000     0.000 r  
                         ideal clock network latency
                                                      0.000     0.000    
                         input delay                  0.500     0.500    
    F21                                               0.000     0.500 r  A[3] (IN)
                         net (fo=0)                   0.000     0.500    A[3]
    F21                  IBUF (Prop_ibuf_I_O)         0.272     0.772 r  A_IBUF[3]_inst/O
                         net (fo=7, routed)           0.545     1.317    A_IBUF[3]
    SLICE_X113Y96        LUT6 (Prop_lut6_I0_O)        0.045     1.362 r  P_OBUF[6]_inst_i_1/O
                         net (fo=1, routed)           1.202     2.563    P_OBUF[6]
    W21                  OBUF (Prop_obuf_I_O)         1.236     3.799 r  P_OBUF[6]_inst/O
                         net (fo=0)                   0.000     3.799    P[6]
    W21                                                               r  P[6] (OUT)
  -------------------------------------------------------------------    -------------------

                         (clock virt_clk rise edge)
                                                      0.000     0.000 r  
                         ideal clock network latency
                                                      0.000     0.000    
                         clock pessimism              0.000     0.000    
                         clock uncertainty            0.025     0.025    
                         output delay                -0.500    -0.475    
  -------------------------------------------------------------------
                         required time                          0.475    
                         arrival time                           3.799    
  -------------------------------------------------------------------
                         slack                                  4.274    

Slack (MET) :             4.320ns  (arrival time - required time)
  Source:                 A[0]
                            (input port clocked by virt_clk  {rise@0.000ns fall@10.000ns period=20.000ns})
  Destination:            P[0]
                            (output port clocked by virt_clk  {rise@0.000ns fall@10.000ns period=20.000ns})
  Path Group:             virt_clk
  Path Type:              Min at Fast Process Corner
  Requirement:            0.000ns  (virt_clk rise@0.000ns - virt_clk rise@0.000ns)
  Data Path Delay:        3.345ns  (logic 1.584ns (47.355%)  route 1.761ns (52.645%))
  Logic Levels:           3  (IBUF=1 LUT2=1 OBUF=1)
  Input Delay:            0.500ns
  Output Delay:           0.500ns
  Clock Uncertainty:      0.025ns

    Location             Delay type                Incr(ns)  Path(ns)    Netlist Resource(s)
  -------------------------------------------------------------------    -------------------
                         (clock virt_clk rise edge)
                                                      0.000     0.000 r  
                         ideal clock network latency
                                                      0.000     0.000    
                         input delay                  0.500     0.500    
    F22                                               0.000     0.500 r  A[0] (IN)
                         net (fo=0)                   0.000     0.500    A[0]
    F22                  IBUF (Prop_ibuf_I_O)         0.255     0.755 r  A_IBUF[0]_inst/O
                         net (fo=9, routed)           0.641     1.396    A_IBUF[0]
    SLICE_X113Y96        LUT2 (Prop_lut2_I0_O)        0.044     1.440 r  P_OBUF[0]_inst_i_1/O
                         net (fo=1, routed)           1.120     2.559    P_OBUF[0]
    T22                  OBUF (Prop_obuf_I_O)         1.285     3.845 r  P_OBUF[0]_inst/O
                         net (fo=0)                   0.000     3.845    P[0]
    T22                                                               r  P[0] (OUT)
  -------------------------------------------------------------------    -------------------

                         (clock virt_clk rise edge)
                                                      0.000     0.000 r  
                         ideal clock network latency
                                                      0.000     0.000    
                         clock pessimism              0.000     0.000    
                         clock uncertainty            0.025     0.025    
                         output delay                -0.500    -0.475    
  -------------------------------------------------------------------
                         required time                          0.475    
                         arrival time                           3.845    
  -------------------------------------------------------------------
                         slack                                  4.320    






