Copyright 1986-2022 Xilinx, Inc. All Rights Reserved. Copyright 2022-2025 Advanced Micro Devices, Inc. All Rights Reserved.
------------------------------------------------------------------------------------------------------------------------------------------------------------------------------------------------------------------------------------
| Tool Version : Vivado v.2025.2 (win64) Build 6299465 Fri Nov 14 19:35:11 GMT 2025
| Date         : Fri Jun 19 14:55:27 2026
| Host         : Saksham running 64-bit major release  (build 9200)
| Command      : report_timing_summary -max_paths 10 -routable_nets -report_unconstrained -file cba_4bit_timing_summary_routed.rpt -pb cba_4bit_timing_summary_routed.pb -rpx cba_4bit_timing_summary_routed.rpx -warn_on_violation
| Design       : cba_4bit
| Device       : 7z020-clg484
| Speed File   : -1  PRODUCTION 1.12 2019-11-22
| Design State : Routed
------------------------------------------------------------------------------------------------------------------------------------------------------------------------------------------------------------------------------------

Timing Summary Report

------------------------------------------------------------------------------------------------
| Timer Settings
| --------------
------------------------------------------------------------------------------------------------

  Enable Multi Corner Analysis               :  Yes
  Enable Pessimism Removal                   :  Yes
  Pessimism Removal Resolution               :  Nearest Common Node
  Enable Input Delay Default Clock           :  No
  Enable Preset / Clear Arcs                 :  No
  Disable Flight Delays                      :  No
  Ignore I/O Paths                           :  No
  Timing Early Launch at Borrowing Latches   :  No
  Borrow Time for Max Delay Exceptions       :  Yes
  Merge Timing Exceptions                    :  Yes
  Inter-SLR Compensation                     :  Conservative

  Corner  Analyze    Analyze    
  Name    Max Paths  Min Paths  
  ------  ---------  ---------  
  Slow    Yes        Yes        
  Fast    Yes        Yes        


------------------------------------------------------------------------------------------------
| Report Methodology
| ------------------
------------------------------------------------------------------------------------------------

No report available as report_methodology has not been run prior. Run report_methodology on the current design for the summary of methodology violations.



check_timing report

Table of Contents
-----------------
1. checking no_clock (0)
2. checking constant_clock (0)
3. checking pulse_width_clock (0)
4. checking unconstrained_internal_endpoints (0)
5. checking no_input_delay (0)
6. checking no_output_delay (0)
7. checking multiple_clock (0)
8. checking generated_clocks (0)
9. checking loops (0)
10. checking partial_input_delay (0)
11. checking partial_output_delay (0)
12. checking latch_loops (0)

1. checking no_clock (0)
------------------------
 There are 0 register/latch pins with no clock.


2. checking constant_clock (0)
------------------------------
 There are 0 register/latch pins with constant_clock.


3. checking pulse_width_clock (0)
---------------------------------
 There are 0 register/latch pins which need pulse_width check


4. checking unconstrained_internal_endpoints (0)
------------------------------------------------
 There are 0 pins that are not constrained for maximum delay.

 There are 0 pins that are not constrained for maximum delay due to constant clock.


5. checking no_input_delay (0)
------------------------------
 There are 0 input ports with no input delay specified.

 There are 0 input ports with no input delay but user has a false path constraint.


6. checking no_output_delay (0)
-------------------------------
 There are 0 ports with no output delay specified.

 There are 0 ports with no output delay but user has a false path constraint

 There are 0 ports with no output delay but with a timing clock defined on it or propagating through it


7. checking multiple_clock (0)
------------------------------
 There are 0 register/latch pins with multiple clocks.


8. checking generated_clocks (0)
--------------------------------
 There are 0 generated clocks that are not connected to a clock source.


9. checking loops (0)
---------------------
 There are 0 combinational loops in the design.


10. checking partial_input_delay (0)
------------------------------------
 There are 0 input ports with partial input delay specified.


11. checking partial_output_delay (0)
-------------------------------------
 There are 0 ports with partial output delay specified.


12. checking latch_loops (0)
----------------------------
 There are 0 combinational latch loops in the design through latch input



------------------------------------------------------------------------------------------------
| Design Timing Summary
| ---------------------
------------------------------------------------------------------------------------------------

    WNS(ns)      TNS(ns)  TNS Failing Endpoints  TNS Total Endpoints      WHS(ns)      THS(ns)  THS Failing Endpoints  THS Total Endpoints     WPWS(ns)     TPWS(ns)  TPWS Failing Endpoints  TPWS Total Endpoints  
    -------      -------  ---------------------  -------------------      -------      -------  ---------------------  -------------------     --------     --------  ----------------------  --------------------  
      3.983        0.000                      0                    5        3.793        0.000                      0                    5           NA           NA                      NA                    NA  


All user specified timing constraints are met.


------------------------------------------------------------------------------------------------
| Clock Summary
| -------------
------------------------------------------------------------------------------------------------

Clock        Waveform(ns)       Period(ns)      Frequency(MHz)
-----        ------------       ----------      --------------
virtual_clk  {0.000 10.000}     20.000          50.000          


------------------------------------------------------------------------------------------------
| Intra Clock Table
| -----------------
------------------------------------------------------------------------------------------------

Clock             WNS(ns)      TNS(ns)  TNS Failing Endpoints  TNS Total Endpoints      WHS(ns)      THS(ns)  THS Failing Endpoints  THS Total Endpoints     WPWS(ns)     TPWS(ns)  TPWS Failing Endpoints  TPWS Total Endpoints  
-----             -------      -------  ---------------------  -------------------      -------      -------  ---------------------  -------------------     --------     --------  ----------------------  --------------------  
virtual_clk         3.983        0.000                      0                    5        3.793        0.000                      0                    5                                                                          


------------------------------------------------------------------------------------------------
| Inter Clock Table
| -----------------
------------------------------------------------------------------------------------------------

From Clock    To Clock          WNS(ns)      TNS(ns)  TNS Failing Endpoints  TNS Total Endpoints      WHS(ns)      THS(ns)  THS Failing Endpoints  THS Total Endpoints  
----------    --------          -------      -------  ---------------------  -------------------      -------      -------  ---------------------  -------------------  


------------------------------------------------------------------------------------------------
| Other Path Groups Table
| -----------------------
------------------------------------------------------------------------------------------------

Path Group    From Clock    To Clock          WNS(ns)      TNS(ns)  TNS Failing Endpoints  TNS Total Endpoints      WHS(ns)      THS(ns)  THS Failing Endpoints  THS Total Endpoints  
----------    ----------    --------          -------      -------  ---------------------  -------------------      -------      -------  ---------------------  -------------------  


------------------------------------------------------------------------------------------------
| User Ignored Path Table
| -----------------------
------------------------------------------------------------------------------------------------

Path Group    From Clock    To Clock    
----------    ----------    --------    


------------------------------------------------------------------------------------------------
| Unconstrained Path Table
| ------------------------
------------------------------------------------------------------------------------------------

Path Group    From Clock    To Clock    
----------    ----------    --------    


------------------------------------------------------------------------------------------------
| Timing Details
| --------------
------------------------------------------------------------------------------------------------


---------------------------------------------------------------------------------------------------
From Clock:  virtual_clk
  To Clock:  virtual_clk

Setup :            0  Failing Endpoints,  Worst Slack        3.983ns,  Total Violation        0.000ns
Hold  :            0  Failing Endpoints,  Worst Slack        3.793ns,  Total Violation        0.000ns
PW    :           NA  Failing Endpoints,  Worst Slack           NA  ,  Total Violation           NA
---------------------------------------------------------------------------------------------------


Max Delay Paths
--------------------------------------------------------------------------------------
Slack (MET) :             3.983ns  (required time - arrival time)
  Source:                 B[2]
                            (input port clocked by virtual_clk  {rise@0.000ns fall@10.000ns period=20.000ns})
  Destination:            Cout
                            (output port clocked by virtual_clk  {rise@0.000ns fall@10.000ns period=20.000ns})
  Path Group:             virtual_clk
  Path Type:              Max at Slow Process Corner
  Requirement:            20.000ns  (virtual_clk rise@20.000ns - virtual_clk rise@0.000ns)
  Data Path Delay:        11.992ns  (logic 4.836ns (40.329%)  route 7.156ns (59.671%))
  Logic Levels:           3  (IBUF=1 LUT5=1 OBUF=1)
  Input Delay:            2.000ns
  Output Delay:           2.000ns
  Clock Uncertainty:      0.025ns

    Location             Delay type                Incr(ns)  Path(ns)    Netlist Resource(s)
  -------------------------------------------------------------------    -------------------
                         (clock virtual_clk rise edge)
                                                      0.000     0.000 r  
                         ideal clock network latency
                                                      0.000     0.000    
                         input delay                  2.000     2.000    
    H17                                               0.000     2.000 r  B[2] (IN)
                         net (fo=0)                   0.000     2.000    B[2]
    H17                  IBUF (Prop_ibuf_I_O)         0.939     2.939 r  B_IBUF[2]_inst/O
                         net (fo=3, routed)           3.588     6.528    B_IBUF[2]
    SLICE_X113Y94        LUT5 (Prop_lut5_I1_O)        0.152     6.680 r  Cout_OBUF_inst_i_1/O
                         net (fo=1, routed)           3.567    10.247    Cout_OBUF
    V22                  OBUF (Prop_obuf_I_O)         3.745    13.992 r  Cout_OBUF_inst/O
                         net (fo=0)                   0.000    13.992    Cout
    V22                                                               r  Cout (OUT)
  -------------------------------------------------------------------    -------------------

                         (clock virtual_clk rise edge)
                                                     20.000    20.000 r  
                         ideal clock network latency
                                                      0.000    20.000    
                         clock pessimism              0.000    20.000    
                         clock uncertainty           -0.025    19.975    
                         output delay                -2.000    17.975    
  -------------------------------------------------------------------
                         required time                         17.975    
                         arrival time                         -13.992    
  -------------------------------------------------------------------
                         slack                                  3.983    

Slack (MET) :             4.615ns  (required time - arrival time)
  Source:                 B[2]
                            (input port clocked by virtual_clk  {rise@0.000ns fall@10.000ns period=20.000ns})
  Destination:            Sum[3]
                            (output port clocked by virtual_clk  {rise@0.000ns fall@10.000ns period=20.000ns})
  Path Group:             virtual_clk
  Path Type:              Max at Slow Process Corner
  Requirement:            20.000ns  (virtual_clk rise@20.000ns - virtual_clk rise@0.000ns)
  Data Path Delay:        11.360ns  (logic 4.593ns (40.430%)  route 6.767ns (59.570%))
  Logic Levels:           3  (IBUF=1 LUT5=1 OBUF=1)
  Input Delay:            2.000ns
  Output Delay:           2.000ns
  Clock Uncertainty:      0.025ns

    Location             Delay type                Incr(ns)  Path(ns)    Netlist Resource(s)
  -------------------------------------------------------------------    -------------------
                         (clock virtual_clk rise edge)
                                                      0.000     0.000 r  
                         ideal clock network latency
                                                      0.000     0.000    
                         input delay                  2.000     2.000    
    H17                                               0.000     2.000 r  B[2] (IN)
                         net (fo=0)                   0.000     2.000    B[2]
    H17                  IBUF (Prop_ibuf_I_O)         0.939     2.939 r  B_IBUF[2]_inst/O
                         net (fo=3, routed)           3.588     6.528    B_IBUF[2]
    SLICE_X113Y94        LUT5 (Prop_lut5_I0_O)        0.124     6.652 r  Sum_OBUF[3]_inst_i_1/O
                         net (fo=1, routed)           3.179     9.831    Sum_OBUF[3]
    U21                  OBUF (Prop_obuf_I_O)         3.530    13.360 r  Sum_OBUF[3]_inst/O
                         net (fo=0)                   0.000    13.360    Sum[3]
    U21                                                               r  Sum[3] (OUT)
  -------------------------------------------------------------------    -------------------

                         (clock virtual_clk rise edge)
                                                     20.000    20.000 r  
                         ideal clock network latency
                                                      0.000    20.000    
                         clock pessimism              0.000    20.000    
                         clock uncertainty           -0.025    19.975    
                         output delay                -2.000    17.975    
  -------------------------------------------------------------------
                         required time                         17.975    
                         arrival time                         -13.360    
  -------------------------------------------------------------------
                         slack                                  4.615    

Slack (MET) :             4.694ns  (required time - arrival time)
  Source:                 Cin
                            (input port clocked by virtual_clk  {rise@0.000ns fall@10.000ns period=20.000ns})
  Destination:            Sum[2]
                            (output port clocked by virtual_clk  {rise@0.000ns fall@10.000ns period=20.000ns})
  Path Group:             virtual_clk
  Path Type:              Max at Slow Process Corner
  Requirement:            20.000ns  (virtual_clk rise@20.000ns - virtual_clk rise@0.000ns)
  Data Path Delay:        11.281ns  (logic 4.942ns (43.808%)  route 6.339ns (56.192%))
  Logic Levels:           4  (IBUF=1 LUT3=1 LUT5=1 OBUF=1)
  Input Delay:            2.000ns
  Output Delay:           2.000ns
  Clock Uncertainty:      0.025ns

    Location             Delay type                Incr(ns)  Path(ns)    Netlist Resource(s)
  -------------------------------------------------------------------    -------------------
                         (clock virtual_clk rise edge)
                                                      0.000     0.000 r  
                         ideal clock network latency
                                                      0.000     0.000    
                         input delay                  2.000     2.000    
    P16                                               0.000     2.000 r  Cin (IN)
                         net (fo=0)                   0.000     2.000    Cin
    P16                  IBUF (Prop_ibuf_I_O)         0.933     2.933 r  Cin_IBUF_inst/O
                         net (fo=3, routed)           2.416     5.349    Cin_IBUF
    SLICE_X113Y94        LUT5 (Prop_lut5_I2_O)        0.152     5.501 r  Sum_OBUF[3]_inst_i_2/O
                         net (fo=3, routed)           0.451     5.951    Sum_OBUF[3]_inst_i_2_n_0
    SLICE_X113Y94        LUT3 (Prop_lut3_I0_O)        0.326     6.277 r  Sum_OBUF[2]_inst_i_1/O
                         net (fo=1, routed)           3.473     9.750    Sum_OBUF[2]
    U22                  OBUF (Prop_obuf_I_O)         3.531    13.281 r  Sum_OBUF[2]_inst/O
                         net (fo=0)                   0.000    13.281    Sum[2]
    U22                                                               r  Sum[2] (OUT)
  -------------------------------------------------------------------    -------------------

                         (clock virtual_clk rise edge)
                                                     20.000    20.000 r  
                         ideal clock network latency
                                                      0.000    20.000    
                         clock pessimism              0.000    20.000    
                         clock uncertainty           -0.025    19.975    
                         output delay                -2.000    17.975    
  -------------------------------------------------------------------
                         required time                         17.975    
                         arrival time                         -13.281    
  -------------------------------------------------------------------
                         slack                                  4.694    

Slack (MET) :             5.812ns  (required time - arrival time)
  Source:                 Cin
                            (input port clocked by virtual_clk  {rise@0.000ns fall@10.000ns period=20.000ns})
  Destination:            Sum[1]
                            (output port clocked by virtual_clk  {rise@0.000ns fall@10.000ns period=20.000ns})
  Path Group:             virtual_clk
  Path Type:              Max at Slow Process Corner
  Requirement:            20.000ns  (virtual_clk rise@20.000ns - virtual_clk rise@0.000ns)
  Data Path Delay:        10.163ns  (logic 4.571ns (44.973%)  route 5.592ns (55.027%))
  Logic Levels:           3  (IBUF=1 LUT5=1 OBUF=1)
  Input Delay:            2.000ns
  Output Delay:           2.000ns
  Clock Uncertainty:      0.025ns

    Location             Delay type                Incr(ns)  Path(ns)    Netlist Resource(s)
  -------------------------------------------------------------------    -------------------
                         (clock virtual_clk rise edge)
                                                      0.000     0.000 r  
                         ideal clock network latency
                                                      0.000     0.000    
                         input delay                  2.000     2.000    
    P16                                               0.000     2.000 r  Cin (IN)
                         net (fo=0)                   0.000     2.000    Cin
    P16                  IBUF (Prop_ibuf_I_O)         0.933     2.933 r  Cin_IBUF_inst/O
                         net (fo=3, routed)           2.416     5.349    Cin_IBUF
    SLICE_X113Y94        LUT5 (Prop_lut5_I0_O)        0.124     5.473 r  Sum_OBUF[1]_inst_i_1/O
                         net (fo=1, routed)           3.177     8.649    Sum_OBUF[1]
    T21                  OBUF (Prop_obuf_I_O)         3.514    12.163 r  Sum_OBUF[1]_inst/O
                         net (fo=0)                   0.000    12.163    Sum[1]
    T21                                                               r  Sum[1] (OUT)
  -------------------------------------------------------------------    -------------------

                         (clock virtual_clk rise edge)
                                                     20.000    20.000 r  
                         ideal clock network latency
                                                      0.000    20.000    
                         clock pessimism              0.000    20.000    
                         clock uncertainty           -0.025    19.975    
                         output delay                -2.000    17.975    
  -------------------------------------------------------------------
                         required time                         17.975    
                         arrival time                         -12.163    
  -------------------------------------------------------------------
                         slack                                  5.812    

Slack (MET) :             5.885ns  (required time - arrival time)
  Source:                 Cin
                            (input port clocked by virtual_clk  {rise@0.000ns fall@10.000ns period=20.000ns})
  Destination:            Sum[0]
                            (output port clocked by virtual_clk  {rise@0.000ns fall@10.000ns period=20.000ns})
  Path Group:             virtual_clk
  Path Type:              Max at Slow Process Corner
  Requirement:            20.000ns  (virtual_clk rise@20.000ns - virtual_clk rise@0.000ns)
  Data Path Delay:        10.090ns  (logic 4.579ns (45.384%)  route 5.511ns (54.616%))
  Logic Levels:           3  (IBUF=1 LUT3=1 OBUF=1)
  Input Delay:            2.000ns
  Output Delay:           2.000ns
  Clock Uncertainty:      0.025ns

    Location             Delay type                Incr(ns)  Path(ns)    Netlist Resource(s)
  -------------------------------------------------------------------    -------------------
                         (clock virtual_clk rise edge)
                                                      0.000     0.000 r  
                         ideal clock network latency
                                                      0.000     0.000    
                         input delay                  2.000     2.000    
    P16                                               0.000     2.000 r  Cin (IN)
                         net (fo=0)                   0.000     2.000    Cin
    P16                  IBUF (Prop_ibuf_I_O)         0.933     2.933 r  Cin_IBUF_inst/O
                         net (fo=3, routed)           2.181     5.114    Cin_IBUF
    SLICE_X113Y94        LUT3 (Prop_lut3_I0_O)        0.124     5.238 r  Sum_OBUF[0]_inst_i_1/O
                         net (fo=1, routed)           3.330     8.568    Sum_OBUF[0]
    T22                  OBUF (Prop_obuf_I_O)         3.522    12.090 r  Sum_OBUF[0]_inst/O
                         net (fo=0)                   0.000    12.090    Sum[0]
    T22                                                               r  Sum[0] (OUT)
  -------------------------------------------------------------------    -------------------

                         (clock virtual_clk rise edge)
                                                     20.000    20.000 r  
                         ideal clock network latency
                                                      0.000    20.000    
                         clock pessimism              0.000    20.000    
                         clock uncertainty           -0.025    19.975    
                         output delay                -2.000    17.975    
  -------------------------------------------------------------------
                         required time                         17.975    
                         arrival time                         -12.090    
  -------------------------------------------------------------------
                         slack                                  5.885    





Min Delay Paths
--------------------------------------------------------------------------------------
Slack (MET) :             3.793ns  (arrival time - required time)
  Source:                 B[1]
                            (input port clocked by virtual_clk  {rise@0.000ns fall@10.000ns period=20.000ns})
  Destination:            Sum[1]
                            (output port clocked by virtual_clk  {rise@0.000ns fall@10.000ns period=20.000ns})
  Path Group:             virtual_clk
  Path Type:              Min at Fast Process Corner
  Requirement:            0.000ns  (virtual_clk rise@0.000ns - virtual_clk rise@0.000ns)
  Data Path Delay:        2.818ns  (logic 1.423ns (50.501%)  route 1.395ns (49.499%))
  Logic Levels:           3  (IBUF=1 LUT5=1 OBUF=1)
  Input Delay:            0.500ns
  Output Delay:           0.500ns
  Clock Uncertainty:      0.025ns

    Location             Delay type                Incr(ns)  Path(ns)    Netlist Resource(s)
  -------------------------------------------------------------------    -------------------
                         (clock virtual_clk rise edge)
                                                      0.000     0.000 r  
                         ideal clock network latency
                                                      0.000     0.000    
                         input delay                  0.500     0.500    
    H18                                               0.000     0.500 r  B[1] (IN)
                         net (fo=0)                   0.000     0.500    B[1]
    H18                  IBUF (Prop_ibuf_I_O)         0.163     0.663 r  B_IBUF[1]_inst/O
                         net (fo=2, routed)           0.409     1.073    B_IBUF[1]
    SLICE_X113Y94        LUT5 (Prop_lut5_I3_O)        0.045     1.118 r  Sum_OBUF[1]_inst_i_1/O
                         net (fo=1, routed)           0.986     2.103    Sum_OBUF[1]
    T21                  OBUF (Prop_obuf_I_O)         1.215     3.318 r  Sum_OBUF[1]_inst/O
                         net (fo=0)                   0.000     3.318    Sum[1]
    T21                                                               r  Sum[1] (OUT)
  -------------------------------------------------------------------    -------------------

                         (clock virtual_clk rise edge)
                                                      0.000     0.000 r  
                         ideal clock network latency
                                                      0.000     0.000    
                         clock pessimism              0.000     0.000    
                         clock uncertainty            0.025     0.025    
                         output delay                -0.500    -0.475    
  -------------------------------------------------------------------
                         required time                          0.475    
                         arrival time                           3.318    
  -------------------------------------------------------------------
                         slack                                  3.793    

Slack (MET) :             3.902ns  (arrival time - required time)
  Source:                 B[3]
                            (input port clocked by virtual_clk  {rise@0.000ns fall@10.000ns period=20.000ns})
  Destination:            Sum[3]
                            (output port clocked by virtual_clk  {rise@0.000ns fall@10.000ns period=20.000ns})
  Path Group:             virtual_clk
  Path Type:              Min at Fast Process Corner
  Requirement:            0.000ns  (virtual_clk rise@0.000ns - virtual_clk rise@0.000ns)
  Data Path Delay:        2.927ns  (logic 1.461ns (49.902%)  route 1.466ns (50.098%))
  Logic Levels:           3  (IBUF=1 LUT5=1 OBUF=1)
  Input Delay:            0.500ns
  Output Delay:           0.500ns
  Clock Uncertainty:      0.025ns

    Location             Delay type                Incr(ns)  Path(ns)    Netlist Resource(s)
  -------------------------------------------------------------------    -------------------
                         (clock virtual_clk rise edge)
                                                      0.000     0.000 r  
                         ideal clock network latency
                                                      0.000     0.000    
                         input delay                  0.500     0.500    
    M15                                               0.000     0.500 r  B[3] (IN)
                         net (fo=0)                   0.000     0.500    B[3]
    M15                  IBUF (Prop_ibuf_I_O)         0.185     0.685 r  B_IBUF[3]_inst/O
                         net (fo=2, routed)           0.477     1.162    B_IBUF[3]
    SLICE_X113Y94        LUT5 (Prop_lut5_I3_O)        0.045     1.207 r  Sum_OBUF[3]_inst_i_1/O
                         net (fo=1, routed)           0.989     2.196    Sum_OBUF[3]
    U21                  OBUF (Prop_obuf_I_O)         1.231     3.427 r  Sum_OBUF[3]_inst/O
                         net (fo=0)                   0.000     3.427    Sum[3]
    U21                                                               r  Sum[3] (OUT)
  -------------------------------------------------------------------    -------------------

                         (clock virtual_clk rise edge)
                                                      0.000     0.000 r  
                         ideal clock network latency
                                                      0.000     0.000    
                         clock pessimism              0.000     0.000    
                         clock uncertainty            0.025     0.025    
                         output delay                -0.500    -0.475    
  -------------------------------------------------------------------
                         required time                          0.475    
                         arrival time                           3.427    
  -------------------------------------------------------------------
                         slack                                  3.902    

Slack (MET) :             4.049ns  (arrival time - required time)
  Source:                 A[0]
                            (input port clocked by virtual_clk  {rise@0.000ns fall@10.000ns period=20.000ns})
  Destination:            Sum[0]
                            (output port clocked by virtual_clk  {rise@0.000ns fall@10.000ns period=20.000ns})
  Path Group:             virtual_clk
  Path Type:              Min at Fast Process Corner
  Requirement:            0.000ns  (virtual_clk rise@0.000ns - virtual_clk rise@0.000ns)
  Data Path Delay:        3.074ns  (logic 1.469ns (47.791%)  route 1.605ns (52.209%))
  Logic Levels:           3  (IBUF=1 LUT3=1 OBUF=1)
  Input Delay:            0.500ns
  Output Delay:           0.500ns
  Clock Uncertainty:      0.025ns

    Location             Delay type                Incr(ns)  Path(ns)    Netlist Resource(s)
  -------------------------------------------------------------------    -------------------
                         (clock virtual_clk rise edge)
                                                      0.000     0.000 r  
                         ideal clock network latency
                                                      0.000     0.000    
                         input delay                  0.500     0.500    
    F22                                               0.000     0.500 r  A[0] (IN)
                         net (fo=0)                   0.000     0.500    A[0]
    F22                  IBUF (Prop_ibuf_I_O)         0.201     0.701 r  A_IBUF[0]_inst/O
                         net (fo=3, routed)           0.547     1.248    A_IBUF[0]
    SLICE_X113Y94        LUT3 (Prop_lut3_I2_O)        0.045     1.293 r  Sum_OBUF[0]_inst_i_1/O
                         net (fo=1, routed)           1.057     2.350    Sum_OBUF[0]
    T22                  OBUF (Prop_obuf_I_O)         1.223     3.574 r  Sum_OBUF[0]_inst/O
                         net (fo=0)                   0.000     3.574    Sum[0]
    T22                                                               r  Sum[0] (OUT)
  -------------------------------------------------------------------    -------------------

                         (clock virtual_clk rise edge)
                                                      0.000     0.000 r  
                         ideal clock network latency
                                                      0.000     0.000    
                         clock pessimism              0.000     0.000    
                         clock uncertainty            0.025     0.025    
                         output delay                -0.500    -0.475    
  -------------------------------------------------------------------
                         required time                          0.475    
                         arrival time                           3.574    
  -------------------------------------------------------------------
                         slack                                  4.049    

Slack (MET) :             4.153ns  (arrival time - required time)
  Source:                 A[2]
                            (input port clocked by virtual_clk  {rise@0.000ns fall@10.000ns period=20.000ns})
  Destination:            Sum[2]
                            (output port clocked by virtual_clk  {rise@0.000ns fall@10.000ns period=20.000ns})
  Path Group:             virtual_clk
  Path Type:              Min at Fast Process Corner
  Requirement:            0.000ns  (virtual_clk rise@0.000ns - virtual_clk rise@0.000ns)
  Data Path Delay:        3.178ns  (logic 1.447ns (45.530%)  route 1.731ns (54.470%))
  Logic Levels:           3  (IBUF=1 LUT3=1 OBUF=1)
  Input Delay:            0.500ns
  Output Delay:           0.500ns
  Clock Uncertainty:      0.025ns

    Location             Delay type                Incr(ns)  Path(ns)    Netlist Resource(s)
  -------------------------------------------------------------------    -------------------
                         (clock virtual_clk rise edge)
                                                      0.000     0.000 r  
                         ideal clock network latency
                                                      0.000     0.000    
                         input delay                  0.500     0.500    
    H22                                               0.000     0.500 r  A[2] (IN)
                         net (fo=0)                   0.000     0.500    A[2]
    H22                  IBUF (Prop_ibuf_I_O)         0.170     0.670 r  A_IBUF[2]_inst/O
                         net (fo=3, routed)           0.615     1.285    A_IBUF[2]
    SLICE_X113Y94        LUT3 (Prop_lut3_I2_O)        0.045     1.330 r  Sum_OBUF[2]_inst_i_1/O
                         net (fo=1, routed)           1.116     2.446    Sum_OBUF[2]
    U22                  OBUF (Prop_obuf_I_O)         1.232     3.678 r  Sum_OBUF[2]_inst/O
                         net (fo=0)                   0.000     3.678    Sum[2]
    U22                                                               r  Sum[2] (OUT)
  -------------------------------------------------------------------    -------------------

                         (clock virtual_clk rise edge)
                                                      0.000     0.000 r  
                         ideal clock network latency
                                                      0.000     0.000    
                         clock pessimism              0.000     0.000    
                         clock uncertainty            0.025     0.025    
                         output delay                -0.500    -0.475    
  -------------------------------------------------------------------
                         required time                          0.475    
                         arrival time                           3.678    
  -------------------------------------------------------------------
                         slack                                  4.153    

Slack (MET) :             4.170ns  (arrival time - required time)
  Source:                 B[3]
                            (input port clocked by virtual_clk  {rise@0.000ns fall@10.000ns period=20.000ns})
  Destination:            Cout
                            (output port clocked by virtual_clk  {rise@0.000ns fall@10.000ns period=20.000ns})
  Path Group:             virtual_clk
  Path Type:              Min at Fast Process Corner
  Requirement:            0.000ns  (virtual_clk rise@0.000ns - virtual_clk rise@0.000ns)
  Data Path Delay:        3.195ns  (logic 1.533ns (47.968%)  route 1.662ns (52.032%))
  Logic Levels:           3  (IBUF=1 LUT5=1 OBUF=1)
  Input Delay:            0.500ns
  Output Delay:           0.500ns
  Clock Uncertainty:      0.025ns

    Location             Delay type                Incr(ns)  Path(ns)    Netlist Resource(s)
  -------------------------------------------------------------------    -------------------
                         (clock virtual_clk rise edge)
                                                      0.000     0.000 r  
                         ideal clock network latency
                                                      0.000     0.000    
                         input delay                  0.500     0.500    
    M15                                               0.000     0.500 r  B[3] (IN)
                         net (fo=0)                   0.000     0.500    B[3]
    M15                  IBUF (Prop_ibuf_I_O)         0.185     0.685 r  B_IBUF[3]_inst/O
                         net (fo=2, routed)           0.477     1.162    B_IBUF[3]
    SLICE_X113Y94        LUT5 (Prop_lut5_I4_O)        0.043     1.205 r  Cout_OBUF_inst_i_1/O
                         net (fo=1, routed)           1.185     2.390    Cout_OBUF
    V22                  OBUF (Prop_obuf_I_O)         1.305     3.695 r  Cout_OBUF_inst/O
                         net (fo=0)                   0.000     3.695    Cout
    V22                                                               r  Cout (OUT)
  -------------------------------------------------------------------    -------------------

                         (clock virtual_clk rise edge)
                                                      0.000     0.000 r  
                         ideal clock network latency
                                                      0.000     0.000    
                         clock pessimism              0.000     0.000    
                         clock uncertainty            0.025     0.025    
                         output delay                -0.500    -0.475    
  -------------------------------------------------------------------
                         required time                          0.475    
                         arrival time                           3.695    
  -------------------------------------------------------------------
                         slack                                  4.170    






