Copyright 1986-2022 Xilinx, Inc. All Rights Reserved. Copyright 2022-2025 Advanced Micro Devices, Inc. All Rights Reserved.
------------------------------------------------------------------------------------------------------------------------------------------------------------------------------------------------------------------------
| Tool Version : Vivado v.2025.2 (win64) Build 6299465 Fri Nov 14 19:35:11 GMT 2025
| Date         : Wed Jun 17 00:16:58 2026
| Host         : Saksham running 64-bit major release  (build 9200)
| Command      : report_timing_summary -max_paths 10 -routable_nets -report_unconstrained -file norm_timing_summary_routed.rpt -pb norm_timing_summary_routed.pb -rpx norm_timing_summary_routed.rpx -warn_on_violation
| Design       : norm
| Device       : 7k70t-fbv676
| Speed File   : -1  PRODUCTION 1.12 2017-02-17
| Design State : Routed
------------------------------------------------------------------------------------------------------------------------------------------------------------------------------------------------------------------------

Timing Summary Report

------------------------------------------------------------------------------------------------
| Timer Settings
| --------------
------------------------------------------------------------------------------------------------

  Enable Multi Corner Analysis               :  Yes
  Enable Pessimism Removal                   :  Yes
  Pessimism Removal Resolution               :  Nearest Common Node
  Enable Input Delay Default Clock           :  No
  Enable Preset / Clear Arcs                 :  No
  Disable Flight Delays                      :  No
  Ignore I/O Paths                           :  No
  Timing Early Launch at Borrowing Latches   :  No
  Borrow Time for Max Delay Exceptions       :  Yes
  Merge Timing Exceptions                    :  Yes
  Inter-SLR Compensation                     :  Conservative

  Corner  Analyze    Analyze    
  Name    Max Paths  Min Paths  
  ------  ---------  ---------  
  Slow    Yes        Yes        
  Fast    Yes        Yes        


------------------------------------------------------------------------------------------------
| Report Methodology
| ------------------
------------------------------------------------------------------------------------------------

Rule       Severity          Description                  Violations  
---------  ----------------  ---------------------------  ----------  
TIMING-17  Critical Warning  Non-clocked sequential cell  70          

Note: This report is based on the most recent report_methodology run and may not be up-to-date. Run report_methodology on the current design for the latest report.



check_timing report

Table of Contents
-----------------
1. checking no_clock (70)
2. checking constant_clock (0)
3. checking pulse_width_clock (0)
4. checking unconstrained_internal_endpoints (210)
5. checking no_input_delay (36)
6. checking no_output_delay (33)
7. checking multiple_clock (0)
8. checking generated_clocks (0)
9. checking loops (0)
10. checking partial_input_delay (0)
11. checking partial_output_delay (0)
12. checking latch_loops (0)

1. checking no_clock (70)
-------------------------
 There are 70 register/latch pins with no clock driven by root clock pin: clk (HIGH)


2. checking constant_clock (0)
------------------------------
 There are 0 register/latch pins with constant_clock.


3. checking pulse_width_clock (0)
---------------------------------
 There are 0 register/latch pins which need pulse_width check


4. checking unconstrained_internal_endpoints (210)
--------------------------------------------------
 There are 210 pins that are not constrained for maximum delay. (HIGH)

 There are 0 pins that are not constrained for maximum delay due to constant clock.


5. checking no_input_delay (36)
-------------------------------
 There are 36 input ports with no input delay specified. (HIGH)

 There are 0 input ports with no input delay but user has a false path constraint.


6. checking no_output_delay (33)
--------------------------------
 There are 33 ports with no output delay specified. (HIGH)

 There are 0 ports with no output delay but user has a false path constraint

 There are 0 ports with no output delay but with a timing clock defined on it or propagating through it


7. checking multiple_clock (0)
------------------------------
 There are 0 register/latch pins with multiple clocks.


8. checking generated_clocks (0)
--------------------------------
 There are 0 generated clocks that are not connected to a clock source.


9. checking loops (0)
---------------------
 There are 0 combinational loops in the design.


10. checking partial_input_delay (0)
------------------------------------
 There are 0 input ports with partial input delay specified.


11. checking partial_output_delay (0)
-------------------------------------
 There are 0 ports with partial output delay specified.


12. checking latch_loops (0)
----------------------------
 There are 0 combinational latch loops in the design through latch input



------------------------------------------------------------------------------------------------
| Design Timing Summary
| ---------------------
------------------------------------------------------------------------------------------------

    WNS(ns)      TNS(ns)  TNS Failing Endpoints  TNS Total Endpoints      WHS(ns)      THS(ns)  THS Failing Endpoints  THS Total Endpoints     WPWS(ns)     TPWS(ns)  TPWS Failing Endpoints  TPWS Total Endpoints  
    -------      -------  ---------------------  -------------------      -------      -------  ---------------------  -------------------     --------     --------  ----------------------  --------------------  
        inf        0.000                      0                  243          inf        0.000                      0                  243           NA           NA                      NA                    NA  


There are no user specified timing constraints.


------------------------------------------------------------------------------------------------
| Clock Summary
| -------------
------------------------------------------------------------------------------------------------


------------------------------------------------------------------------------------------------
| Intra Clock Table
| -----------------
------------------------------------------------------------------------------------------------

Clock             WNS(ns)      TNS(ns)  TNS Failing Endpoints  TNS Total Endpoints      WHS(ns)      THS(ns)  THS Failing Endpoints  THS Total Endpoints     WPWS(ns)     TPWS(ns)  TPWS Failing Endpoints  TPWS Total Endpoints  
-----             -------      -------  ---------------------  -------------------      -------      -------  ---------------------  -------------------     --------     --------  ----------------------  --------------------  


------------------------------------------------------------------------------------------------
| Inter Clock Table
| -----------------
------------------------------------------------------------------------------------------------

From Clock    To Clock          WNS(ns)      TNS(ns)  TNS Failing Endpoints  TNS Total Endpoints      WHS(ns)      THS(ns)  THS Failing Endpoints  THS Total Endpoints  
----------    --------          -------      -------  ---------------------  -------------------      -------      -------  ---------------------  -------------------  


------------------------------------------------------------------------------------------------
| Other Path Groups Table
| -----------------------
------------------------------------------------------------------------------------------------

Path Group    From Clock    To Clock          WNS(ns)      TNS(ns)  TNS Failing Endpoints  TNS Total Endpoints      WHS(ns)      THS(ns)  THS Failing Endpoints  THS Total Endpoints  
----------    ----------    --------          -------      -------  ---------------------  -------------------      -------      -------  ---------------------  -------------------  


------------------------------------------------------------------------------------------------
| User Ignored Path Table
| -----------------------
------------------------------------------------------------------------------------------------

Path Group    From Clock    To Clock    
----------    ----------    --------    


------------------------------------------------------------------------------------------------
| Unconstrained Path Table
| ------------------------
------------------------------------------------------------------------------------------------

Path Group    From Clock    To Clock    
----------    ----------    --------    
(none)                                    


------------------------------------------------------------------------------------------------
| Timing Details
| --------------
------------------------------------------------------------------------------------------------


--------------------------------------------------------------------------------------
Path Group:  (none)
From Clock:  
  To Clock:  

Max Delay           243 Endpoints
Min Delay           243 Endpoints
--------------------------------------------------------------------------------------


Max Delay Paths
--------------------------------------------------------------------------------------
Slack:                    inf
  Source:                 out_reg[0]/C
                            (rising edge-triggered cell FDCE)
  Destination:            out[0]
                            (output port)
  Path Group:             (none)
  Path Type:              Max at Slow Process Corner
  Data Path Delay:        4.874ns  (logic 2.703ns (55.444%)  route 2.172ns (44.556%))
  Logic Levels:           2  (FDCE=1 OBUF=1)

    Location             Delay type                Incr(ns)  Path(ns)    Netlist Resource(s)
  -------------------------------------------------------------------    -------------------
    SLICE_X1Y30          FDCE                         0.000     0.000 r  out_reg[0]/C
    SLICE_X1Y30          FDCE (Prop_fdce_C_Q)         0.269     0.269 r  out_reg[0]/Q
                         net (fo=1, routed)           2.172     2.441    out_OBUF[0]
    U16                  OBUF (Prop_obuf_I_O)         2.434     4.874 r  out_OBUF[0]_inst/O
                         net (fo=0)                   0.000     4.874    out[0]
    U16                                                               r  out[0] (OUT)
  -------------------------------------------------------------------    -------------------

Slack:                    inf
  Source:                 out_reg[7]/C
                            (rising edge-triggered cell FDCE)
  Destination:            out[7]
                            (output port)
  Path Group:             (none)
  Path Type:              Max at Slow Process Corner
  Data Path Delay:        4.798ns  (logic 2.787ns (58.079%)  route 2.011ns (41.921%))
  Logic Levels:           2  (FDCE=1 OBUF=1)

    Location             Delay type                Incr(ns)  Path(ns)    Netlist Resource(s)
  -------------------------------------------------------------------    -------------------
    SLICE_X1Y32          FDCE                         0.000     0.000 r  out_reg[7]/C
    SLICE_X1Y32          FDCE (Prop_fdce_C_Q)         0.246     0.246 r  out_reg[7]/Q
                         net (fo=1, routed)           2.011     2.257    out_OBUF[7]
    R17                  OBUF (Prop_obuf_I_O)         2.541     4.798 r  out_OBUF[7]_inst/O
                         net (fo=0)                   0.000     4.798    out[7]
    R17                                                               r  out[7] (OUT)
  -------------------------------------------------------------------    -------------------

Slack:                    inf
  Source:                 out_reg[1]/C
                            (rising edge-triggered cell FDCE)
  Destination:            out[1]
                            (output port)
  Path Group:             (none)
  Path Type:              Max at Slow Process Corner
  Data Path Delay:        4.770ns  (logic 2.720ns (57.019%)  route 2.050ns (42.981%))
  Logic Levels:           2  (FDCE=1 OBUF=1)

    Location             Delay type                Incr(ns)  Path(ns)    Netlist Resource(s)
  -------------------------------------------------------------------    -------------------
    SLICE_X1Y30          FDCE                         0.000     0.000 r  out_reg[1]/C
    SLICE_X1Y30          FDCE (Prop_fdce_C_Q)         0.269     0.269 r  out_reg[1]/Q
                         net (fo=1, routed)           2.050     2.319    out_OBUF[1]
    P18                  OBUF (Prop_obuf_I_O)         2.451     4.770 r  out_OBUF[1]_inst/O
                         net (fo=0)                   0.000     4.770    out[1]
    P18                                                               r  out[1] (OUT)
  -------------------------------------------------------------------    -------------------

Slack:                    inf
  Source:                 out_reg[5]/C
                            (rising edge-triggered cell FDCE)
  Destination:            out[5]
                            (output port)
  Path Group:             (none)
  Path Type:              Max at Slow Process Corner
  Data Path Delay:        4.744ns  (logic 2.730ns (57.546%)  route 2.014ns (42.454%))
  Logic Levels:           2  (FDCE=1 OBUF=1)

    Location             Delay type                Incr(ns)  Path(ns)    Netlist Resource(s)
  -------------------------------------------------------------------    -------------------
    SLICE_X0Y30          FDCE                         0.000     0.000 r  out_reg[5]/C
    SLICE_X0Y30          FDCE (Prop_fdce_C_Q)         0.269     0.269 r  out_reg[5]/Q
                         net (fo=1, routed)           2.014     2.283    out_OBUF[5]
    M19                  OBUF (Prop_obuf_I_O)         2.461     4.744 r  out_OBUF[5]_inst/O
                         net (fo=0)                   0.000     4.744    out[5]
    M19                                                               r  out[5] (OUT)
  -------------------------------------------------------------------    -------------------

Slack:                    inf
  Source:                 out_reg[6]/C
                            (rising edge-triggered cell FDCE)
  Destination:            out[6]
                            (output port)
  Path Group:             (none)
  Path Type:              Max at Slow Process Corner
  Data Path Delay:        4.705ns  (logic 2.811ns (59.754%)  route 1.893ns (40.246%))
  Logic Levels:           2  (FDCE=1 OBUF=1)

    Location             Delay type                Incr(ns)  Path(ns)    Netlist Resource(s)
  -------------------------------------------------------------------    -------------------
    SLICE_X0Y30          FDCE                         0.000     0.000 r  out_reg[6]/C
    SLICE_X0Y30          FDCE (Prop_fdce_C_Q)         0.246     0.246 r  out_reg[6]/Q
                         net (fo=1, routed)           1.893     2.139    out_OBUF[6]
    N18                  OBUF (Prop_obuf_I_O)         2.565     4.705 r  out_OBUF[6]_inst/O
                         net (fo=0)                   0.000     4.705    out[6]
    N18                                                               r  out[6] (OUT)
  -------------------------------------------------------------------    -------------------

Slack:                    inf
  Source:                 out_reg[4]/C
                            (rising edge-triggered cell FDCE)
  Destination:            out[4]
                            (output port)
  Path Group:             (none)
  Path Type:              Max at Slow Process Corner
  Data Path Delay:        4.693ns  (logic 2.686ns (57.240%)  route 2.007ns (42.760%))
  Logic Levels:           2  (FDCE=1 OBUF=1)

    Location             Delay type                Incr(ns)  Path(ns)    Netlist Resource(s)
  -------------------------------------------------------------------    -------------------
    SLICE_X0Y30          FDCE                         0.000     0.000 r  out_reg[4]/C
    SLICE_X0Y30          FDCE (Prop_fdce_C_Q)         0.269     0.269 r  out_reg[4]/Q
                         net (fo=1, routed)           2.007     2.276    out_OBUF[4]
    U17                  OBUF (Prop_obuf_I_O)         2.417     4.693 r  out_OBUF[4]_inst/O
                         net (fo=0)                   0.000     4.693    out[4]
    U17                                                               r  out[4] (OUT)
  -------------------------------------------------------------------    -------------------

Slack:                    inf
  Source:                 out_reg[2]/C
                            (rising edge-triggered cell FDCE)
  Destination:            out[2]
                            (output port)
  Path Group:             (none)
  Path Type:              Max at Slow Process Corner
  Data Path Delay:        4.676ns  (logic 2.715ns (58.062%)  route 1.961ns (41.938%))
  Logic Levels:           2  (FDCE=1 OBUF=1)

    Location             Delay type                Incr(ns)  Path(ns)    Netlist Resource(s)
  -------------------------------------------------------------------    -------------------
    SLICE_X1Y30          FDCE                         0.000     0.000 r  out_reg[2]/C
    SLICE_X1Y30          FDCE (Prop_fdce_C_Q)         0.269     0.269 r  out_reg[2]/Q
                         net (fo=1, routed)           1.961     2.230    out_OBUF[2]
    R18                  OBUF (Prop_obuf_I_O)         2.446     4.676 r  out_OBUF[2]_inst/O
                         net (fo=0)                   0.000     4.676    out[2]
    R18                                                               r  out[2] (OUT)
  -------------------------------------------------------------------    -------------------

Slack:                    inf
  Source:                 out_reg[9]/C
                            (rising edge-triggered cell FDCE)
  Destination:            out[9]
                            (output port)
  Path Group:             (none)
  Path Type:              Max at Slow Process Corner
  Data Path Delay:        4.643ns  (logic 2.793ns (60.164%)  route 1.850ns (39.836%))
  Logic Levels:           2  (FDCE=1 OBUF=1)

    Location             Delay type                Incr(ns)  Path(ns)    Netlist Resource(s)
  -------------------------------------------------------------------    -------------------
    SLICE_X0Y31          FDCE                         0.000     0.000 r  out_reg[9]/C
    SLICE_X0Y31          FDCE (Prop_fdce_C_Q)         0.246     0.246 r  out_reg[9]/Q
                         net (fo=1, routed)           1.850     2.096    out_OBUF[9]
    N17                  OBUF (Prop_obuf_I_O)         2.547     4.643 r  out_OBUF[9]_inst/O
                         net (fo=0)                   0.000     4.643    out[9]
    N17                                                               r  out[9] (OUT)
  -------------------------------------------------------------------    -------------------

Slack:                    inf
  Source:                 out_reg[3]/C
                            (rising edge-triggered cell FDCE)
  Destination:            out[3]
                            (output port)
  Path Group:             (none)
  Path Type:              Max at Slow Process Corner
  Data Path Delay:        4.621ns  (logic 2.688ns (58.181%)  route 1.932ns (41.819%))
  Logic Levels:           2  (FDCE=1 OBUF=1)

    Location             Delay type                Incr(ns)  Path(ns)    Netlist Resource(s)
  -------------------------------------------------------------------    -------------------
    SLICE_X0Y30          FDCE                         0.000     0.000 r  out_reg[3]/C
    SLICE_X0Y30          FDCE (Prop_fdce_C_Q)         0.269     0.269 r  out_reg[3]/Q
                         net (fo=1, routed)           1.932     2.201    out_OBUF[3]
    T17                  OBUF (Prop_obuf_I_O)         2.419     4.621 r  out_OBUF[3]_inst/O
                         net (fo=0)                   0.000     4.621    out[3]
    T17                                                               r  out[3] (OUT)
  -------------------------------------------------------------------    -------------------

Slack:                    inf
  Source:                 out_reg[8]/C
                            (rising edge-triggered cell FDCE)
  Destination:            out[8]
                            (output port)
  Path Group:             (none)
  Path Type:              Max at Slow Process Corner
  Data Path Delay:        4.577ns  (logic 2.790ns (60.956%)  route 1.787ns (39.044%))
  Logic Levels:           2  (FDCE=1 OBUF=1)

    Location             Delay type                Incr(ns)  Path(ns)    Netlist Resource(s)
  -------------------------------------------------------------------    -------------------
    SLICE_X0Y30          FDCE                         0.000     0.000 r  out_reg[8]/C
    SLICE_X0Y30          FDCE (Prop_fdce_C_Q)         0.246     0.246 r  out_reg[8]/Q
                         net (fo=1, routed)           1.787     2.033    out_OBUF[8]
    R16                  OBUF (Prop_obuf_I_O)         2.544     4.577 r  out_OBUF[8]_inst/O
                         net (fo=0)                   0.000     4.577    out[8]
    R16                                                               r  out[8] (OUT)
  -------------------------------------------------------------------    -------------------





Min Delay Paths
--------------------------------------------------------------------------------------
Slack:                    inf
  Source:                 outman_reg[14]/C
                            (rising edge-triggered cell FDCE)
  Destination:            outman_reg[15]/D
  Path Group:             (none)
  Path Type:              Min at Fast Process Corner
  Data Path Delay:        0.194ns  (logic 0.128ns (66.116%)  route 0.066ns (33.884%))
  Logic Levels:           2  (FDCE=1 LUT6=1)

    Location             Delay type                Incr(ns)  Path(ns)    Netlist Resource(s)
  -------------------------------------------------------------------    -------------------
    SLICE_X0Y34          FDCE                         0.000     0.000 r  outman_reg[14]/C
    SLICE_X0Y34          FDCE (Prop_fdce_C_Q)         0.100     0.100 r  outman_reg[14]/Q
                         net (fo=4, routed)           0.066     0.166    outman_reg_n_0_[14]
    SLICE_X1Y34          LUT6 (Prop_lut6_I2_O)        0.028     0.194 r  outman[15]_i_1/O
                         net (fo=1, routed)           0.000     0.194    outman[15]_i_1_n_0
    SLICE_X1Y34          FDCE                                         r  outman_reg[15]/D
  -------------------------------------------------------------------    -------------------

Slack:                    inf
  Source:                 outman_reg[15]/C
                            (rising edge-triggered cell FDCE)
  Destination:            outman_reg[14]/D
  Path Group:             (none)
  Path Type:              Min at Fast Process Corner
  Data Path Delay:        0.206ns  (logic 0.128ns (62.215%)  route 0.078ns (37.785%))
  Logic Levels:           2  (FDCE=1 LUT6=1)

    Location             Delay type                Incr(ns)  Path(ns)    Netlist Resource(s)
  -------------------------------------------------------------------    -------------------
    SLICE_X1Y34          FDCE                         0.000     0.000 r  outman_reg[15]/C
    SLICE_X1Y34          FDCE (Prop_fdce_C_Q)         0.100     0.100 r  outman_reg[15]/Q
                         net (fo=4, routed)           0.078     0.178    outman_reg_n_0_[15]
    SLICE_X0Y34          LUT6 (Prop_lut6_I3_O)        0.028     0.206 r  outman[14]_i_1/O
                         net (fo=1, routed)           0.000     0.206    outman[14]_i_1_n_0
    SLICE_X0Y34          FDCE                                         r  outman_reg[14]/D
  -------------------------------------------------------------------    -------------------

Slack:                    inf
  Source:                 outman_reg[7]/C
                            (rising edge-triggered cell FDCE)
  Destination:            out_reg[7]/D
  Path Group:             (none)
  Path Type:              Min at Fast Process Corner
  Data Path Delay:        0.216ns  (logic 0.100ns (46.226%)  route 0.116ns (53.774%))
  Logic Levels:           1  (FDCE=1)

    Location             Delay type                Incr(ns)  Path(ns)    Netlist Resource(s)
  -------------------------------------------------------------------    -------------------
    SLICE_X1Y33          FDCE                         0.000     0.000 r  outman_reg[7]/C
    SLICE_X1Y33          FDCE (Prop_fdce_C_Q)         0.100     0.100 r  outman_reg[7]/Q
                         net (fo=4, routed)           0.116     0.216    outman_reg_n_0_[7]
    SLICE_X1Y32          FDCE                                         r  out_reg[7]/D
  -------------------------------------------------------------------    -------------------

Slack:                    inf
  Source:                 outman_reg[21]/C
                            (rising edge-triggered cell FDCE)
  Destination:            outman_reg[20]/D
  Path Group:             (none)
  Path Type:              Min at Fast Process Corner
  Data Path Delay:        0.224ns  (logic 0.128ns (57.154%)  route 0.096ns (42.846%))
  Logic Levels:           2  (FDCE=1 LUT6=1)

    Location             Delay type                Incr(ns)  Path(ns)    Netlist Resource(s)
  -------------------------------------------------------------------    -------------------
    SLICE_X1Y34          FDCE                         0.000     0.000 r  outman_reg[21]/C
    SLICE_X1Y34          FDCE (Prop_fdce_C_Q)         0.100     0.100 r  outman_reg[21]/Q
                         net (fo=5, routed)           0.096     0.196    outman_reg_n_0_[21]
    SLICE_X0Y34          LUT6 (Prop_lut6_I3_O)        0.028     0.224 r  outman[20]_i_1/O
                         net (fo=1, routed)           0.000     0.224    outman[20]_i_1_n_0
    SLICE_X0Y34          FDCE                                         r  outman_reg[20]/D
  -------------------------------------------------------------------    -------------------

Slack:                    inf
  Source:                 outman_reg[11]/C
                            (rising edge-triggered cell FDCE)
  Destination:            outman_reg[12]/D
  Path Group:             (none)
  Path Type:              Min at Fast Process Corner
  Data Path Delay:        0.225ns  (logic 0.128ns (56.894%)  route 0.097ns (43.106%))
  Logic Levels:           2  (FDCE=1 LUT6=1)

    Location             Delay type                Incr(ns)  Path(ns)    Netlist Resource(s)
  -------------------------------------------------------------------    -------------------
    SLICE_X1Y34          FDCE                         0.000     0.000 r  outman_reg[11]/C
    SLICE_X1Y34          FDCE (Prop_fdce_C_Q)         0.100     0.100 r  outman_reg[11]/Q
                         net (fo=4, routed)           0.097     0.197    outman_reg_n_0_[11]
    SLICE_X0Y34          LUT6 (Prop_lut6_I2_O)        0.028     0.225 r  outman[12]_i_1/O
                         net (fo=1, routed)           0.000     0.225    outman[12]_i_1_n_0
    SLICE_X0Y34          FDCE                                         r  outman_reg[12]/D
  -------------------------------------------------------------------    -------------------

Slack:                    inf
  Source:                 outman_reg[12]/C
                            (rising edge-triggered cell FDCE)
  Destination:            outman_reg[11]/D
  Path Group:             (none)
  Path Type:              Min at Fast Process Corner
  Data Path Delay:        0.229ns  (logic 0.128ns (55.953%)  route 0.101ns (44.047%))
  Logic Levels:           2  (FDCE=1 LUT6=1)

    Location             Delay type                Incr(ns)  Path(ns)    Netlist Resource(s)
  -------------------------------------------------------------------    -------------------
    SLICE_X0Y34          FDCE                         0.000     0.000 r  outman_reg[12]/C
    SLICE_X0Y34          FDCE (Prop_fdce_C_Q)         0.100     0.100 r  outman_reg[12]/Q
                         net (fo=4, routed)           0.101     0.201    outman_reg_n_0_[12]
    SLICE_X1Y34          LUT6 (Prop_lut6_I3_O)        0.028     0.229 r  outman[11]_i_1/O
                         net (fo=1, routed)           0.000     0.229    outman[11]_i_1_n_0
    SLICE_X1Y34          FDCE                                         r  outman_reg[11]/D
  -------------------------------------------------------------------    -------------------

Slack:                    inf
  Source:                 outman_reg[20]/C
                            (rising edge-triggered cell FDCE)
  Destination:            outman_reg[21]/D
  Path Group:             (none)
  Path Type:              Min at Fast Process Corner
  Data Path Delay:        0.230ns  (logic 0.128ns (55.659%)  route 0.102ns (44.341%))
  Logic Levels:           2  (FDCE=1 LUT6=1)

    Location             Delay type                Incr(ns)  Path(ns)    Netlist Resource(s)
  -------------------------------------------------------------------    -------------------
    SLICE_X0Y34          FDCE                         0.000     0.000 r  outman_reg[20]/C
    SLICE_X0Y34          FDCE (Prop_fdce_C_Q)         0.100     0.100 r  outman_reg[20]/Q
                         net (fo=5, routed)           0.102     0.202    outman_reg_n_0_[20]
    SLICE_X1Y34          LUT6 (Prop_lut6_I2_O)        0.028     0.230 r  outman[21]_i_1/O
                         net (fo=1, routed)           0.000     0.230    outman[21]_i_1_n_0
    SLICE_X1Y34          FDCE                                         r  outman_reg[21]/D
  -------------------------------------------------------------------    -------------------

Slack:                    inf
  Source:                 outman_reg[6]/C
                            (rising edge-triggered cell FDCE)
  Destination:            outman_reg[5]/D
  Path Group:             (none)
  Path Type:              Min at Fast Process Corner
  Data Path Delay:        0.247ns  (logic 0.128ns (51.740%)  route 0.119ns (48.260%))
  Logic Levels:           2  (FDCE=1 LUT6=1)

    Location             Delay type                Incr(ns)  Path(ns)    Netlist Resource(s)
  -------------------------------------------------------------------    -------------------
    SLICE_X1Y33          FDCE                         0.000     0.000 r  outman_reg[6]/C
    SLICE_X1Y33          FDCE (Prop_fdce_C_Q)         0.100     0.100 r  outman_reg[6]/Q
                         net (fo=4, routed)           0.119     0.219    outman_reg_n_0_[6]
    SLICE_X0Y33          LUT6 (Prop_lut6_I3_O)        0.028     0.247 r  outman[5]_i_1/O
                         net (fo=1, routed)           0.000     0.247    outman[5]_i_1_n_0
    SLICE_X0Y33          FDCE                                         r  outman_reg[5]/D
  -------------------------------------------------------------------    -------------------

Slack:                    inf
  Source:                 outman_reg[0]/C
                            (rising edge-triggered cell FDCE)
  Destination:            outman_reg[1]/D
  Path Group:             (none)
  Path Type:              Min at Fast Process Corner
  Data Path Delay:        0.252ns  (logic 0.128ns (50.847%)  route 0.124ns (49.153%))
  Logic Levels:           2  (FDCE=1 LUT6=1)

    Location             Delay type                Incr(ns)  Path(ns)    Netlist Resource(s)
  -------------------------------------------------------------------    -------------------
    SLICE_X0Y32          FDCE                         0.000     0.000 r  outman_reg[0]/C
    SLICE_X0Y32          FDCE (Prop_fdce_C_Q)         0.100     0.100 r  outman_reg[0]/Q
                         net (fo=3, routed)           0.124     0.224    outman_reg_n_0_[0]
    SLICE_X0Y32          LUT6 (Prop_lut6_I2_O)        0.028     0.252 r  outman[1]_i_1/O
                         net (fo=1, routed)           0.000     0.252    outman[1]_i_1_n_0
    SLICE_X0Y32          FDCE                                         r  outman_reg[1]/D
  -------------------------------------------------------------------    -------------------

Slack:                    inf
  Source:                 outman_reg[20]/C
                            (rising edge-triggered cell FDCE)
  Destination:            outman_reg[19]/D
  Path Group:             (none)
  Path Type:              Min at Fast Process Corner
  Data Path Delay:        0.253ns  (logic 0.128ns (50.505%)  route 0.125ns (49.495%))
  Logic Levels:           2  (FDCE=1 LUT6=1)

    Location             Delay type                Incr(ns)  Path(ns)    Netlist Resource(s)
  -------------------------------------------------------------------    -------------------
    SLICE_X0Y34          FDCE                         0.000     0.000 r  outman_reg[20]/C
    SLICE_X0Y34          FDCE (Prop_fdce_C_Q)         0.100     0.100 r  outman_reg[20]/Q
                         net (fo=5, routed)           0.125     0.225    outman_reg_n_0_[20]
    SLICE_X0Y35          LUT6 (Prop_lut6_I3_O)        0.028     0.253 r  outman[19]_i_1/O
                         net (fo=1, routed)           0.000     0.253    outman[19]_i_1_n_0
    SLICE_X0Y35          FDCE                                         r  outman_reg[19]/D
  -------------------------------------------------------------------    -------------------





